{"C:\\my_projects\\benyamine-github\\optimum-solutions-group\\src\\App.tsx": {"path":"C:\\my_projects\\benyamine-github\\optimum-solutions-group\\src\\App.tsx","statementMap":{"0":{"start":{"line":1,"column":0},"end":{"line":1,"column":26}},"1":{"start":{"line":2,"column":0},"end":{"line":2,"column":50}},"2":{"start":{"line":3,"column":0},"end":{"line":3,"column":59}},"3":{"start":{"line":4,"column":0},"end":{"line":4,"column":58}},"4":{"start":{"line":5,"column":0},"end":{"line":5,"column":73}},"5":{"start":{"line":6,"column":0},"end":{"line":6,"column":64}},"6":{"start":{"line":7,"column":0},"end":{"line":7,"column":39}},"7":{"start":{"line":8,"column":0},"end":{"line":8,"column":51}},"8":{"start":{"line":9,"column":0},"end":{"line":9,"column":69}},"9":{"start":{"line":10,"column":0},"end":{"line":10,"column":65}},"10":{"start":{"line":11,"column":0},"end":{"line":11,"column":55}},"11":{"start":{"line":15,"column":0},"end":{"line":15,"column":55}},"12":{"start":{"line":18,"column":24},"end":{"line":18,"column":59}},"13":{"start":{"line":18,"column":34},"end":{"line":18,"column":58}},"14":{"start":{"line":19,"column":27},"end":{"line":19,"column":65}},"15":{"start":{"line":19,"column":37},"end":{"line":19,"column":64}},"16":{"start":{"line":22,"column":34},"end":{"line":25,"column":null}},"17":{"start":{"line":23,"column":2},"end":{"line":24,"column":null}},"18":{"start":{"line":28,"column":33},"end":{"line":28,"column":50}},"19":{"start":{"line":30,"column":22},"end":{"line":62,"column":1}},"20":{"start":{"line":31,"column":2},"end":{"line":61,"column":4}},"21":{"start":{"line":64,"column":0},"end":{"line":64,"column":19}}},"fnMap":{"0":{"name":"(anonymous_7)","decl":{"start":{"line":18,"column":29},"end":{"line":18,"column":32}},"loc":{"start":{"line":18,"column":34},"end":{"line":18,"column":58}}},"1":{"name":"(anonymous_8)","decl":{"start":{"line":18,"column":34},"end":{"line":18,"column":42}},"loc":{"start":{"line":18,"column":34},"end":{"line":18,"column":58}}},"2":{"name":"(anonymous_9)","decl":{"start":{"line":19,"column":32},"end":{"line":19,"column":35}},"loc":{"start":{"line":19,"column":37},"end":{"line":19,"column":64}}},"3":{"name":"(anonymous_10)","decl":{"start":{"line":19,"column":37},"end":{"line":19,"column":45}},"loc":{"start":{"line":19,"column":37},"end":{"line":19,"column":64}}},"4":{"name":"(anonymous_11)","decl":{"start":{"line":22,"column":34},"end":{"line":22,"column":37}},"loc":{"start":{"line":23,"column":2},"end":{"line":24,"column":null}}},"5":{"name":"(anonymous_12)","decl":{"start":{"line":30,"column":22},"end":{"line":30,"column":25}},"loc":{"start":{"line":30,"column":27},"end":{"line":62,"column":1}}}},"branchMap":{},"s":{"0":0,"1":0,"2":0,"3":0,"4":0,"5":0,"6":0,"7":0,"8":0,"9":0,"10":0,"11":0,"12":0,"13":0,"14":0,"15":0,"16":0,"17":0,"18":0,"19":0,"20":0,"21":0},"f":{"0":0,"1":0,"2":0,"3":0,"4":0,"5":0},"b":{}}
,"C:\\my_projects\\benyamine-github\\optimum-solutions-group\\src\\main-test.tsx": {"path":"C:\\my_projects\\benyamine-github\\optimum-solutions-group\\src\\main-test.tsx","statementMap":{"0":{"start":{"line":1,"column":0},"end":{"line":1,"column":25}},"1":{"start":{"line":2,"column":0},"end":{"line":2,"column":45}},"2":{"start":{"line":3,"column":0},"end":{"line":3,"column":20}},"3":{"start":{"line":6,"column":18},"end":{"line":13,"column":1}},"4":{"start":{"line":7,"column":2},"end":{"line":12,"column":4}},"5":{"start":{"line":15,"column":18},"end":{"line":15,"column":49}},"6":{"start":{"line":16,"column":0},"end":{"line":19,"column":1}},"7":{"start":{"line":17,"column":15},"end":{"line":17,"column":36}},"8":{"start":{"line":18,"column":2},"end":{"line":18,"column":29}}},"fnMap":{"0":{"name":"(anonymous_1)","decl":{"start":{"line":6,"column":18},"end":{"line":6,"column":21}},"loc":{"start":{"line":6,"column":23},"end":{"line":13,"column":1}}}},"branchMap":{"0":{"loc":{"start":{"line":16,"column":0},"end":{"line":19,"column":1}},"type":"if","locations":[{"start":{"line":16,"column":0},"end":{"line":19,"column":1}},{"start":{},"end":{}}]}},"s":{"0":0,"1":0,"2":0,"3":0,"4":0,"5":0,"6":0,"7":0,"8":0},"f":{"0":0},"b":{"0":[0,0]}}
,"C:\\my_projects\\benyamine-github\\optimum-solutions-group\\src\\components\\AboutSection.tsx": {"path":"C:\\my_projects\\benyamine-github\\optimum-solutions-group\\src\\components\\AboutSection.tsx","statementMap":{"0":{"start":{"line":1,"column":0},"end":{"line":1,"column":63}},"1":{"start":{"line":3,"column":21},"end":{"line":97,"column":1}},"2":{"start":{"line":4,"column":19},"end":{"line":20,"column":4}},"3":{"start":{"line":22,"column":19},"end":{"line":29,"column":4}},"4":{"start":{"line":31,"column":2},"end":{"line":96,"column":4}},"5":{"start":{"line":51,"column":16},"end":{"line":51,"column":33}},"6":{"start":{"line":70,"column":18},"end":{"line":70,"column":35}},"7":{"start":{"line":99,"column":0},"end":{"line":99,"column":28}}},"fnMap":{"0":{"name":"(anonymous_0)","decl":{"start":{"line":3,"column":21},"end":{"line":3,"column":24}},"loc":{"start":{"line":3,"column":26},"end":{"line":97,"column":1}}},"1":{"name":"(anonymous_1)","decl":{"start":{"line":50,"column":28},"end":{"line":50,"column":29}},"loc":{"start":{"line":51,"column":16},"end":{"line":51,"column":33}}},"2":{"name":"(anonymous_2)","decl":{"start":{"line":69,"column":30},"end":{"line":69,"column":31}},"loc":{"start":{"line":70,"column":18},"end":{"line":70,"column":35}}}},"branchMap":{},"s":{"0":0,"1":0,"2":0,"3":0,"4":0,"5":0,"6":0,"7":0},"f":{"0":0,"1":0,"2":0},"b":{}}
,"C:\\my_projects\\benyamine-github\\optimum-solutions-group\\src\\components\\BackToTop.tsx": {"path":"C:\\my_projects\\benyamine-github\\optimum-solutions-group\\src\\components\\BackToTop.tsx","statementMap":{"0":{"start":{"line":2,"column":0},"end":{"line":2,"column":41}},"1":{"start":{"line":3,"column":0},"end":{"line":3,"column":48}},"2":{"start":{"line":5,"column":18},"end":{"line":22,"column":1}},"3":{"start":{"line":6,"column":22},"end":{"line":11,"column":3}},"4":{"start":{"line":7,"column":4},"end":{"line":10,"column":7}},"5":{"start":{"line":13,"column":2},"end":{"line":21,"column":4}},"6":{"start":{"line":24,"column":0},"end":{"line":24,"column":25}}},"fnMap":{"0":{"name":"(anonymous_0)","decl":{"start":{"line":5,"column":18},"end":{"line":5,"column":21}},"loc":{"start":{"line":5,"column":23},"end":{"line":22,"column":1}}},"1":{"name":"(anonymous_1)","decl":{"start":{"line":6,"column":22},"end":{"line":6,"column":25}},"loc":{"start":{"line":6,"column":27},"end":{"line":11,"column":3}}}},"branchMap":{},"s":{"0":0,"1":0,"2":0,"3":0,"4":0,"5":0,"6":0},"f":{"0":0,"1":0},"b":{}}
,"C:\\my_projects\\benyamine-github\\optimum-solutions-group\\src\\components\\ContactSection.tsx": {"path":"C:\\my_projects\\benyamine-github\\optimum-solutions-group\\src\\components\\ContactSection.tsx","statementMap":{"0":{"start":{"line":1,"column":0},"end":{"line":1,"column":40}},"1":{"start":{"line":2,"column":0},"end":{"line":2,"column":48}},"2":{"start":{"line":3,"column":0},"end":{"line":3,"column":46}},"3":{"start":{"line":4,"column":0},"end":{"line":4,"column":52}},"4":{"start":{"line":5,"column":0},"end":{"line":5,"column":45}},"5":{"start":{"line":6,"column":0},"end":{"line":6,"column":74}},"6":{"start":{"line":8,"column":23},"end":{"line":317,"column":1}},"7":{"start":{"line":9,"column":20},"end":{"line":9,"column":30}},"8":{"start":{"line":10,"column":34},"end":{"line":19,"column":4}},"9":{"start":{"line":20,"column":42},"end":{"line":20,"column":57}},"10":{"start":{"line":22,"column":28},"end":{"line":27,"column":3}},"11":{"start":{"line":23,"column":4},"end":{"line":26,"column":7}},"12":{"start":{"line":29,"column":23},"end":{"line":62,"column":3}},"13":{"start":{"line":30,"column":4},"end":{"line":30,"column":23}},"14":{"start":{"line":31,"column":4},"end":{"line":31,"column":26}},"15":{"start":{"line":34,"column":4},"end":{"line":61,"column":5}},"16":{"start":{"line":35,"column":6},"end":{"line":35,"column":62}},"17":{"start":{"line":35,"column":35},"end":{"line":35,"column":60}},"18":{"start":{"line":37,"column":6},"end":{"line":40,"column":9}},"19":{"start":{"line":43,"column":6},"end":{"line":52,"column":9}},"20":{"start":{"line":54,"column":6},"end":{"line":58,"column":9}},"21":{"start":{"line":60,"column":6},"end":{"line":60,"column":29}},"22":{"start":{"line":64,"column":22},"end":{"line":89,"column":4}},"23":{"start":{"line":91,"column":23},"end":{"line":112,"column":4}},"24":{"start":{"line":114,"column":2},"end":{"line":316,"column":4}},"25":{"start":{"line":262,"column":16},"end":{"line":262,"column":33}},"26":{"start":{"line":282,"column":18},"end":{"line":282,"column":35}},"27":{"start":{"line":305,"column":18},"end":{"line":305,"column":35}},"28":{"start":{"line":319,"column":0},"end":{"line":319,"column":30}}},"fnMap":{"0":{"name":"(anonymous_6)","decl":{"start":{"line":8,"column":23},"end":{"line":8,"column":26}},"loc":{"start":{"line":8,"column":28},"end":{"line":317,"column":1}}},"1":{"name":"(anonymous_7)","decl":{"start":{"line":22,"column":28},"end":{"line":22,"column":29}},"loc":{"start":{"line":22,"column":113},"end":{"line":27,"column":3}}},"2":{"name":"(anonymous_8)","decl":{"start":{"line":29,"column":23},"end":{"line":29,"column":28}},"loc":{"start":{"line":29,"column":52},"end":{"line":62,"column":3}}},"3":{"name":"(anonymous_9)","decl":{"start":{"line":35,"column":24},"end":{"line":35,"column":31}},"loc":{"start":{"line":35,"column":35},"end":{"line":35,"column":60}}},"4":{"name":"(anonymous_10)","decl":{"start":{"line":261,"column":31},"end":{"line":261,"column":32}},"loc":{"start":{"line":262,"column":16},"end":{"line":262,"column":33}}},"5":{"name":"(anonymous_11)","decl":{"start":{"line":281,"column":34},"end":{"line":281,"column":35}},"loc":{"start":{"line":282,"column":18},"end":{"line":282,"column":35}}},"6":{"name":"(anonymous_12)","decl":{"start":{"line":304,"column":22},"end":{"line":304,"column":23}},"loc":{"start":{"line":305,"column":18},"end":{"line":305,"column":35}}}},"branchMap":{"0":{"loc":{"start":{"line":248,"column":17},"end":{"line":248,"column":78}},"type":"cond-expr","locations":[{"start":{"line":248,"column":32},"end":{"line":248,"column":52}},{"start":{"line":248,"column":55},"end":{"line":248,"column":78}}]}},"s":{"0":0,"1":0,"2":0,"3":0,"4":0,"5":0,"6":0,"7":0,"8":0,"9":0,"10":0,"11":0,"12":0,"13":0,"14":0,"15":0,"16":0,"17":0,"18":0,"19":0,"20":0,"21":0,"22":0,"23":0,"24":0,"25":0,"26":0,"27":0,"28":0},"f":{"0":0,"1":0,"2":0,"3":0,"4":0,"5":0,"6":0},"b":{"0":[0,0]}}
,"C:\\my_projects\\benyamine-github\\optimum-solutions-group\\src\\components\\CriticalCSS.tsx": {"path":"C:\\my_projects\\benyamine-github\\optimum-solutions-group\\src\\components\\CriticalCSS.tsx","statementMap":{"0":{"start":{"line":2,"column":20},"end":{"line":4,"column":1}},"1":{"start":{"line":3,"column":2},"end":{"line":3,"column":14}},"2":{"start":{"line":6,"column":0},"end":{"line":6,"column":27}}},"fnMap":{"0":{"name":"(anonymous_0)","decl":{"start":{"line":2,"column":20},"end":{"line":2,"column":23}},"loc":{"start":{"line":2,"column":25},"end":{"line":4,"column":1}}}},"branchMap":{},"s":{"0":0,"1":0,"2":0},"f":{"0":0},"b":{}}
,"C:\\my_projects\\benyamine-github\\optimum-solutions-group\\src\\components\\CustomCursor.tsx": {"path":"C:\\my_projects\\benyamine-github\\optimum-solutions-group\\src\\components\\CustomCursor.tsx","statementMap":{"0":{"start":{"line":2,"column":21},"end":{"line":4,"column":1}},"1":{"start":{"line":3,"column":2},"end":{"line":3,"column":14}},"2":{"start":{"line":6,"column":0},"end":{"line":6,"column":28}}},"fnMap":{"0":{"name":"(anonymous_0)","decl":{"start":{"line":2,"column":21},"end":{"line":2,"column":24}},"loc":{"start":{"line":2,"column":26},"end":{"line":4,"column":1}}}},"branchMap":{},"s":{"0":0,"1":0,"2":0},"f":{"0":0},"b":{}}
,"C:\\my_projects\\benyamine-github\\optimum-solutions-group\\src\\components\\ErrorBoundary.tsx": {"path":"C:\\my_projects\\benyamine-github\\optimum-solutions-group\\src\\components\\ErrorBoundary.tsx","statementMap":{"0":{"start":{"line":1,"column":0},"end":{"line":1,"column":63}},"1":{"start":{"line":2,"column":0},"end":{"line":2,"column":48}},"2":{"start":{"line":3,"column":0},"end":{"line":3,"column":56}},"3":{"start":{"line":17,"column":4},"end":{"line":17,"column":17}},"4":{"start":{"line":33,"column":2},"end":{"line":35,"column":4}},"5":{"start":{"line":34,"column":4},"end":{"line":34,"column":57}},"6":{"start":{"line":18,"column":4},"end":{"line":18,"column":37}},"7":{"start":{"line":22,"column":4},"end":{"line":22,"column":37}},"8":{"start":{"line":27,"column":4},"end":{"line":27,"column":65}},"9":{"start":{"line":38,"column":4},"end":{"line":91,"column":5}},"10":{"start":{"line":39,"column":6},"end":{"line":41,"column":7}},"11":{"start":{"line":40,"column":8},"end":{"line":40,"column":35}},"12":{"start":{"line":43,"column":6},"end":{"line":90,"column":8}},"13":{"start":{"line":82,"column":31},"end":{"line":82,"column":55}},"14":{"start":{"line":93,"column":4},"end":{"line":93,"column":31}},"15":{"start":{"line":97,"column":0},"end":{"line":97,"column":29}}},"fnMap":{"0":{"name":"(anonymous_6)","decl":{"start":{"line":16,"column":2},"end":{"line":16,"column":14}},"loc":{"start":{"line":16,"column":26},"end":{"line":19,"column":3}}},"1":{"name":"(anonymous_7)","decl":{"start":{"line":33,"column":16},"end":{"line":33,"column":19}},"loc":{"start":{"line":33,"column":21},"end":{"line":35,"column":3}}},"2":{"name":"(anonymous_8)","decl":{"start":{"line":21,"column":2},"end":{"line":21,"column":8}},"loc":{"start":{"line":21,"column":46},"end":{"line":23,"column":3}}},"3":{"name":"(anonymous_9)","decl":{"start":{"line":25,"column":2},"end":{"line":25,"column":19}},"loc":{"start":{"line":25,"column":54},"end":{"line":31,"column":3}}},"4":{"name":"(anonymous_10)","decl":{"start":{"line":37,"column":2},"end":{"line":37,"column":8}},"loc":{"start":{"line":37,"column":8},"end":{"line":94,"column":3}}},"5":{"name":"(anonymous_11)","decl":{"start":{"line":82,"column":25},"end":{"line":82,"column":28}},"loc":{"start":{"line":82,"column":31},"end":{"line":82,"column":55}}}},"branchMap":{"0":{"loc":{"start":{"line":38,"column":4},"end":{"line":91,"column":5}},"type":"if","locations":[{"start":{"line":38,"column":4},"end":{"line":91,"column":5}},{"start":{},"end":{}}]},"1":{"loc":{"start":{"line":39,"column":6},"end":{"line":41,"column":7}},"type":"if","locations":[{"start":{"line":39,"column":6},"end":{"line":41,"column":7}},{"start":{},"end":{}}]},"2":{"loc":{"start":{"line":60,"column":13},"end":{"line":68,"column":null}},"type":"binary-expr","locations":[{"start":{"line":60,"column":13},"end":{"line":60,"column":51}},{"start":{"line":60,"column":55},"end":{"line":60,"column":71}},{"start":{"line":61,"column":14},"end":{"line":67,"column":null}}]}},"s":{"0":0,"1":0,"2":0,"3":0,"4":0,"5":0,"6":0,"7":0,"8":0,"9":0,"10":0,"11":0,"12":0,"13":0,"14":0,"15":0},"f":{"0":0,"1":0,"2":0,"3":0,"4":0,"5":0},"b":{"0":[0,0],"1":[0,0],"2":[0,0,0]}}
,"C:\\my_projects\\benyamine-github\\optimum-solutions-group\\src\\components\\FAQSection.tsx": {"path":"C:\\my_projects\\benyamine-github\\optimum-solutions-group\\src\\components\\FAQSection.tsx","statementMap":{"0":{"start":{"line":1,"column":0},"end":{"line":1,"column":40}},"1":{"start":{"line":2,"column":0},"end":{"line":2,"column":97}},"2":{"start":{"line":3,"column":0},"end":{"line":3,"column":105}},"3":{"start":{"line":4,"column":0},"end":{"line":4,"column":48}},"4":{"start":{"line":5,"column":0},"end":{"line":5,"column":81}},"5":{"start":{"line":7,"column":19},"end":{"line":201,"column":1}},"6":{"start":{"line":8,"column":46},"end":{"line":8,"column":65}},"7":{"start":{"line":10,"column":21},"end":{"line":17,"column":4}},"8":{"start":{"line":19,"column":15},"end":{"line":104,"column":4}},"9":{"start":{"line":106,"column":26},"end":{"line":111,"column":3}},"10":{"start":{"line":107,"column":20},"end":{"line":107,"column":54}},"11":{"start":{"line":108,"column":4},"end":{"line":110,"column":5}},"12":{"start":{"line":109,"column":6},"end":{"line":109,"column":53}},"13":{"start":{"line":113,"column":2},"end":{"line":200,"column":4}},"14":{"start":{"line":129,"column":12},"end":{"line":130,"column":null}},"15":{"start":{"line":132,"column":29},"end":{"line":132,"column":59}},"16":{"start":{"line":145,"column":36},"end":{"line":145,"column":59}},"17":{"start":{"line":147,"column":60},"end":{"line":147,"column":83}},"18":{"start":{"line":150,"column":36},"end":{"line":150,"column":59}},"19":{"start":{"line":153,"column":70},"end":{"line":153,"column":93}},"20":{"start":{"line":159,"column":16},"end":{"line":159,"column":43}},"21":{"start":{"line":192,"column":29},"end":{"line":192,"column":87}},"22":{"start":{"line":203,"column":0},"end":{"line":203,"column":26}}},"fnMap":{"0":{"name":"(anonymous_6)","decl":{"start":{"line":7,"column":19},"end":{"line":7,"column":22}},"loc":{"start":{"line":7,"column":24},"end":{"line":201,"column":1}}},"1":{"name":"(anonymous_7)","decl":{"start":{"line":106,"column":26},"end":{"line":106,"column":29}},"loc":{"start":{"line":106,"column":31},"end":{"line":111,"column":3}}},"2":{"name":"(anonymous_8)","decl":{"start":{"line":128,"column":26},"end":{"line":128,"column":27}},"loc":{"start":{"line":129,"column":12},"end":{"line":130,"column":null}}},"3":{"name":"(anonymous_9)","decl":{"start":{"line":132,"column":23},"end":{"line":132,"column":26}},"loc":{"start":{"line":132,"column":29},"end":{"line":132,"column":59}}},"4":{"name":"(anonymous_10)","decl":{"start":{"line":145,"column":31},"end":{"line":145,"column":32}},"loc":{"start":{"line":145,"column":36},"end":{"line":145,"column":59}}},"5":{"name":"(anonymous_11)","decl":{"start":{"line":147,"column":55},"end":{"line":147,"column":56}},"loc":{"start":{"line":147,"column":60},"end":{"line":147,"column":83}}},"6":{"name":"(anonymous_12)","decl":{"start":{"line":150,"column":31},"end":{"line":150,"column":32}},"loc":{"start":{"line":150,"column":36},"end":{"line":150,"column":59}}},"7":{"name":"(anonymous_13)","decl":{"start":{"line":153,"column":65},"end":{"line":153,"column":66}},"loc":{"start":{"line":153,"column":70},"end":{"line":153,"column":93}}},"8":{"name":"(anonymous_14)","decl":{"start":{"line":158,"column":61},"end":{"line":158,"column":62}},"loc":{"start":{"line":159,"column":16},"end":{"line":159,"column":43}}},"9":{"name":"(anonymous_15)","decl":{"start":{"line":192,"column":23},"end":{"line":192,"column":26}},"loc":{"start":{"line":192,"column":29},"end":{"line":192,"column":87}}}},"branchMap":{"0":{"loc":{"start":{"line":108,"column":4},"end":{"line":110,"column":5}},"type":"if","locations":[{"start":{"line":108,"column":4},"end":{"line":110,"column":5}},{"start":{},"end":{}}]},"1":{"loc":{"start":{"line":131,"column":23},"end":{"line":131,"column":77}},"type":"cond-expr","locations":[{"start":{"line":131,"column":56},"end":{"line":131,"column":65}},{"start":{"line":131,"column":68},"end":{"line":131,"column":77}}]},"2":{"loc":{"start":{"line":145,"column":15},"end":{"line":148,"column":null}},"type":"binary-expr","locations":[{"start":{"line":145,"column":15},"end":{"line":145,"column":66}},{"start":{"line":146,"column":16},"end":{"line":147,"column":null}}]},"3":{"loc":{"start":{"line":145,"column":15},"end":{"line":145,"column":66}},"type":"cond-expr","locations":[{"start":{"line":145,"column":60},"end":{"line":145,"column":62}},{"start":{"line":145,"column":60},"end":{"line":145,"column":66}}]},"4":{"loc":{"start":{"line":145,"column":15},"end":{"line":145,"column":62}},"type":"binary-expr","locations":[{"start":{"line":145,"column":15},"end":{"line":145,"column":62}},{"start":{"line":145,"column":60},"end":{"line":145,"column":62}}]},"5":{"loc":{"start":{"line":150,"column":15},"end":{"line":150,"column":67}},"type":"cond-expr","locations":[{"start":{"line":150,"column":60},"end":{"line":150,"column":62}},{"start":{"line":150,"column":60},"end":{"line":150,"column":67}}]},"6":{"loc":{"start":{"line":150,"column":15},"end":{"line":150,"column":62}},"type":"binary-expr","locations":[{"start":{"line":150,"column":15},"end":{"line":150,"column":62}},{"start":{"line":150,"column":60},"end":{"line":150,"column":62}}]},"7":{"loc":{"start":{"line":153,"column":49},"end":{"line":153,"column":115}},"type":"cond-expr","locations":[{"start":{"line":153,"column":94},"end":{"line":153,"column":96}},{"start":{"line":153,"column":94},"end":{"line":153,"column":115}}]},"8":{"loc":{"start":{"line":153,"column":49},"end":{"line":153,"column":96}},"type":"binary-expr","locations":[{"start":{"line":153,"column":49},"end":{"line":153,"column":96}},{"start":{"line":153,"column":94},"end":{"line":153,"column":96}}]}},"s":{"0":0,"1":0,"2":0,"3":0,"4":0,"5":0,"6":0,"7":0,"8":0,"9":0,"10":0,"11":0,"12":0,"13":0,"14":0,"15":0,"16":0,"17":0,"18":0,"19":0,"20":0,"21":0,"22":0},"f":{"0":0,"1":0,"2":0,"3":0,"4":0,"5":0,"6":0,"7":0,"8":0,"9":0},"b":{"0":[0,0],"1":[0,0],"2":[0,0],"3":[0,0],"4":[0,0],"5":[0,0],"6":[0,0],"7":[0,0],"8":[0,0]}}
,"C:\\my_projects\\benyamine-github\\optimum-solutions-group\\src\\components\\Footer.tsx": {"path":"C:\\my_projects\\benyamine-github\\optimum-solutions-group\\src\\components\\Footer.tsx","statementMap":{"0":{"start":{"line":1,"column":0},"end":{"line":1,"column":90}},"1":{"start":{"line":2,"column":0},"end":{"line":2,"column":37}},"2":{"start":{"line":3,"column":0},"end":{"line":3,"column":47}},"3":{"start":{"line":5,"column":15},"end":{"line":193,"column":1}},"4":{"start":{"line":6,"column":22},"end":{"line":6,"column":46}},"5":{"start":{"line":8,"column":22},"end":{"line":30,"column":4}},"6":{"start":{"line":32,"column":26},"end":{"line":37,"column":3}},"7":{"start":{"line":33,"column":20},"end":{"line":33,"column":48}},"8":{"start":{"line":34,"column":4},"end":{"line":36,"column":5}},"9":{"start":{"line":35,"column":6},"end":{"line":35,"column":53}},"10":{"start":{"line":39,"column":2},"end":{"line":192,"column":4}},"11":{"start":{"line":108,"column":16},"end":{"line":108,"column":null}},"12":{"start":{"line":110,"column":35},"end":{"line":110,"column":61}},"13":{"start":{"line":125,"column":16},"end":{"line":125,"column":null}},"14":{"start":{"line":127,"column":35},"end":{"line":127,"column":61}},"15":{"start":{"line":142,"column":16},"end":{"line":142,"column":null}},"16":{"start":{"line":144,"column":35},"end":{"line":144,"column":61}},"17":{"start":{"line":159,"column":31},"end":{"line":159,"column":58}},"18":{"start":{"line":195,"column":0},"end":{"line":195,"column":22}}},"fnMap":{"0":{"name":"(anonymous_1)","decl":{"start":{"line":5,"column":15},"end":{"line":5,"column":18}},"loc":{"start":{"line":5,"column":20},"end":{"line":193,"column":1}}},"1":{"name":"(anonymous_2)","decl":{"start":{"line":32,"column":26},"end":{"line":32,"column":27}},"loc":{"start":{"line":32,"column":43},"end":{"line":37,"column":3}}},"2":{"name":"(anonymous_3)","decl":{"start":{"line":107,"column":40},"end":{"line":107,"column":41}},"loc":{"start":{"line":108,"column":16},"end":{"line":108,"column":null}}},"3":{"name":"(anonymous_4)","decl":{"start":{"line":110,"column":29},"end":{"line":110,"column":32}},"loc":{"start":{"line":110,"column":35},"end":{"line":110,"column":61}}},"4":{"name":"(anonymous_5)","decl":{"start":{"line":124,"column":39},"end":{"line":124,"column":40}},"loc":{"start":{"line":125,"column":16},"end":{"line":125,"column":null}}},"5":{"name":"(anonymous_6)","decl":{"start":{"line":127,"column":29},"end":{"line":127,"column":32}},"loc":{"start":{"line":127,"column":35},"end":{"line":127,"column":61}}},"6":{"name":"(anonymous_7)","decl":{"start":{"line":141,"column":41},"end":{"line":141,"column":42}},"loc":{"start":{"line":142,"column":16},"end":{"line":142,"column":null}}},"7":{"name":"(anonymous_8)","decl":{"start":{"line":144,"column":29},"end":{"line":144,"column":32}},"loc":{"start":{"line":144,"column":35},"end":{"line":144,"column":61}}},"8":{"name":"(anonymous_9)","decl":{"start":{"line":159,"column":25},"end":{"line":159,"column":28}},"loc":{"start":{"line":159,"column":31},"end":{"line":159,"column":58}}}},"branchMap":{"0":{"loc":{"start":{"line":34,"column":4},"end":{"line":36,"column":5}},"type":"if","locations":[{"start":{"line":34,"column":4},"end":{"line":36,"column":5}},{"start":{},"end":{}}]}},"s":{"0":0,"1":0,"2":0,"3":0,"4":0,"5":0,"6":0,"7":0,"8":0,"9":0,"10":0,"11":0,"12":0,"13":0,"14":0,"15":0,"16":0,"17":0,"18":0},"f":{"0":0,"1":0,"2":0,"3":0,"4":0,"5":0,"6":0,"7":0,"8":0},"b":{"0":[0,0]}}
,"C:\\my_projects\\benyamine-github\\optimum-solutions-group\\src\\components\\HeroSection.tsx": {"path":"C:\\my_projects\\benyamine-github\\optimum-solutions-group\\src\\components\\HeroSection.tsx","statementMap":{"0":{"start":{"line":1,"column":0},"end":{"line":1,"column":48}},"1":{"start":{"line":3,"column":0},"end":{"line":3,"column":58}},"2":{"start":{"line":4,"column":0},"end":{"line":4,"column":57}},"3":{"start":{"line":5,"column":0},"end":{"line":5,"column":67}},"4":{"start":{"line":7,"column":20},"end":{"line":111,"column":1}},"5":{"start":{"line":8,"column":26},"end":{"line":13,"column":3}},"6":{"start":{"line":9,"column":40},"end":{"line":9,"column":74}},"7":{"start":{"line":10,"column":4},"end":{"line":12,"column":5}},"8":{"start":{"line":11,"column":6},"end":{"line":11,"column":53}},"9":{"start":{"line":15,"column":27},"end":{"line":20,"column":3}},"10":{"start":{"line":16,"column":40},"end":{"line":16,"column":75}},"11":{"start":{"line":17,"column":4},"end":{"line":19,"column":5}},"12":{"start":{"line":18,"column":6},"end":{"line":18,"column":53}},"13":{"start":{"line":22,"column":2},"end":{"line":110,"column":4}},"14":{"start":{"line":113,"column":0},"end":{"line":113,"column":27}}},"fnMap":{"0":{"name":"(anonymous_1)","decl":{"start":{"line":7,"column":20},"end":{"line":7,"column":23}},"loc":{"start":{"line":7,"column":25},"end":{"line":111,"column":1}}},"1":{"name":"(anonymous_2)","decl":{"start":{"line":8,"column":26},"end":{"line":8,"column":29}},"loc":{"start":{"line":8,"column":31},"end":{"line":13,"column":3}}},"2":{"name":"(anonymous_3)","decl":{"start":{"line":15,"column":27},"end":{"line":15,"column":30}},"loc":{"start":{"line":15,"column":32},"end":{"line":20,"column":3}}}},"branchMap":{"0":{"loc":{"start":{"line":10,"column":4},"end":{"line":12,"column":5}},"type":"if","locations":[{"start":{"line":10,"column":4},"end":{"line":12,"column":5}},{"start":{},"end":{}}]},"1":{"loc":{"start":{"line":17,"column":4},"end":{"line":19,"column":5}},"type":"if","locations":[{"start":{"line":17,"column":4},"end":{"line":19,"column":5}},{"start":{},"end":{}}]}},"s":{"0":0,"1":0,"2":0,"3":0,"4":0,"5":0,"6":0,"7":0,"8":0,"9":0,"10":0,"11":0,"12":0,"13":0,"14":0},"f":{"0":0,"1":0,"2":0},"b":{"0":[0,0],"1":[0,0]}}
,"C:\\my_projects\\benyamine-github\\optimum-solutions-group\\src\\components\\IoTSection.tsx": {"path":"C:\\my_projects\\benyamine-github\\optimum-solutions-group\\src\\components\\IoTSection.tsx","statementMap":{"0":{"start":{"line":1,"column":0},"end":{"line":1,"column":40}},"1":{"start":{"line":2,"column":0},"end":{"line":2,"column":48}},"2":{"start":{"line":3,"column":0},"end":{"line":3,"column":97}},"3":{"start":{"line":4,"column":0},"end":{"line":4,"column":null}},"4":{"start":{"line":18,"column":0},"end":{"line":18,"column":60}},"5":{"start":{"line":20,"column":19},"end":{"line":246,"column":1}},"6":{"start":{"line":21,"column":20},"end":{"line":21,"column":40}},"7":{"start":{"line":22,"column":21},"end":{"line":22,"column":41}},"8":{"start":{"line":23,"column":22},"end":{"line":23,"column":42}},"9":{"start":{"line":24,"column":40},"end":{"line":24,"column":69}},"10":{"start":{"line":26,"column":20},"end":{"line":72,"column":4}},"11":{"start":{"line":74,"column":22},"end":{"line":99,"column":4}},"12":{"start":{"line":101,"column":26},"end":{"line":106,"column":3}},"13":{"start":{"line":102,"column":20},"end":{"line":102,"column":54}},"14":{"start":{"line":103,"column":4},"end":{"line":105,"column":5}},"15":{"start":{"line":104,"column":6},"end":{"line":104,"column":53}},"16":{"start":{"line":108,"column":2},"end":{"line":245,"column":4}},"17":{"start":{"line":131,"column":14},"end":{"line":132,"column":null}},"18":{"start":{"line":136,"column":36},"end":{"line":136,"column":60}},"19":{"start":{"line":137,"column":36},"end":{"line":137,"column":56}},"20":{"start":{"line":151,"column":22},"end":{"line":151,"column":43}},"21":{"start":{"line":190,"column":14},"end":{"line":190,"column":32}},"22":{"start":{"line":205,"column":22},"end":{"line":205,"column":46}},"23":{"start":{"line":233,"column":31},"end":{"line":233,"column":null}},"24":{"start":{"line":248,"column":0},"end":{"line":248,"column":26}}},"fnMap":{"0":{"name":"(anonymous_7)","decl":{"start":{"line":20,"column":19},"end":{"line":20,"column":22}},"loc":{"start":{"line":20,"column":24},"end":{"line":246,"column":1}}},"1":{"name":"(anonymous_8)","decl":{"start":{"line":101,"column":26},"end":{"line":101,"column":29}},"loc":{"start":{"line":101,"column":31},"end":{"line":106,"column":3}}},"2":{"name":"(anonymous_9)","decl":{"start":{"line":130,"column":27},"end":{"line":130,"column":28}},"loc":{"start":{"line":131,"column":14},"end":{"line":132,"column":null}}},"3":{"name":"(anonymous_10)","decl":{"start":{"line":136,"column":30},"end":{"line":136,"column":33}},"loc":{"start":{"line":136,"column":36},"end":{"line":136,"column":60}}},"4":{"name":"(anonymous_11)","decl":{"start":{"line":137,"column":30},"end":{"line":137,"column":33}},"loc":{"start":{"line":137,"column":36},"end":{"line":137,"column":56}}},"5":{"name":"(anonymous_12)","decl":{"start":{"line":150,"column":37},"end":{"line":150,"column":38}},"loc":{"start":{"line":151,"column":22},"end":{"line":151,"column":43}}},"6":{"name":"(anonymous_13)","decl":{"start":{"line":189,"column":29},"end":{"line":189,"column":30}},"loc":{"start":{"line":190,"column":14},"end":{"line":190,"column":32}}},"7":{"name":"(anonymous_14)","decl":{"start":{"line":204,"column":42},"end":{"line":204,"column":43}},"loc":{"start":{"line":205,"column":22},"end":{"line":205,"column":46}}},"8":{"name":"(anonymous_15)","decl":{"start":{"line":233,"column":25},"end":{"line":233,"column":28}},"loc":{"start":{"line":233,"column":30},"end":{"line":233,"column":null}}}},"branchMap":{"0":{"loc":{"start":{"line":103,"column":4},"end":{"line":105,"column":5}},"type":"if","locations":[{"start":{"line":103,"column":4},"end":{"line":105,"column":5}},{"start":{},"end":{}}]},"1":{"loc":{"start":{"line":134,"column":18},"end":{"line":134,"column":null}},"type":"cond-expr","locations":[{"start":{"line":134,"column":45},"end":{"line":134,"column":79}},{"start":{"line":134,"column":82},"end":{"line":134,"column":null}}]},"2":{"loc":{"start":{"line":233,"column":31},"end":{"line":233,"column":107}},"type":"cond-expr","locations":[{"start":{"line":233,"column":67},"end":{"line":233,"column":69}},{"start":{"line":233,"column":67},"end":{"line":233,"column":107}}]},"3":{"loc":{"start":{"line":233,"column":31},"end":{"line":233,"column":69}},"type":"binary-expr","locations":[{"start":{"line":233,"column":31},"end":{"line":233,"column":69}},{"start":{"line":233,"column":67},"end":{"line":233,"column":69}}]}},"s":{"0":0,"1":0,"2":0,"3":0,"4":0,"5":0,"6":0,"7":0,"8":0,"9":0,"10":0,"11":0,"12":0,"13":0,"14":0,"15":0,"16":0,"17":0,"18":0,"19":0,"20":0,"21":0,"22":0,"23":0,"24":0},"f":{"0":0,"1":0,"2":0,"3":0,"4":0,"5":0,"6":0,"7":0,"8":0},"b":{"0":[0,0],"1":[0,0],"2":[0,0],"3":[0,0]}}
,"C:\\my_projects\\benyamine-github\\optimum-solutions-group\\src\\components\\LazyImage.tsx": {"path":"C:\\my_projects\\benyamine-github\\optimum-solutions-group\\src\\components\\LazyImage.tsx","statementMap":{"0":{"start":{"line":1,"column":0},"end":{"line":1,"column":52}},"1":{"start":{"line":14,"column":18},"end":{"line":71,"column":1}},"2":{"start":{"line":24,"column":34},"end":{"line":24,"column":55}},"3":{"start":{"line":25,"column":34},"end":{"line":25,"column":73}},"4":{"start":{"line":26,"column":34},"end":{"line":26,"column":49}},"5":{"start":{"line":28,"column":2},"end":{"line":51,"column":31}},"6":{"start":{"line":31,"column":4},"end":{"line":44,"column":5}},"7":{"start":{"line":32,"column":6},"end":{"line":40,"column":8}},"8":{"start":{"line":34,"column":10},"end":{"line":37,"column":11}},"9":{"start":{"line":35,"column":12},"end":{"line":35,"column":29}},"10":{"start":{"line":36,"column":12},"end":{"line":36,"column":41}},"11":{"start":{"line":41,"column":6},"end":{"line":41,"column":33}},"12":{"start":{"line":42,"column":11},"end":{"line":44,"column":5}},"13":{"start":{"line":43,"column":6},"end":{"line":43,"column":23}},"14":{"start":{"line":46,"column":4},"end":{"line":50,"column":6}},"15":{"start":{"line":47,"column":6},"end":{"line":49,"column":7}},"16":{"start":{"line":48,"column":8},"end":{"line":48,"column":37}},"17":{"start":{"line":53,"column":21},"end":{"line":55,"column":3}},"18":{"start":{"line":54,"column":4},"end":{"line":54,"column":22}},"19":{"start":{"line":57,"column":2},"end":{"line":70,"column":4}},"20":{"start":{"line":73,"column":0},"end":{"line":73,"column":25}}},"fnMap":{"0":{"name":"(anonymous_0)","decl":{"start":{"line":14,"column":18},"end":{"line":14,"column":19}},"loc":{"start":{"line":23,"column":21},"end":{"line":71,"column":1}}},"1":{"name":"(anonymous_1)","decl":{"start":{"line":28,"column":12},"end":{"line":28,"column":15}},"loc":{"start":{"line":28,"column":17},"end":{"line":51,"column":3}}},"2":{"name":"(anonymous_2)","decl":{"start":{"line":33,"column":8},"end":{"line":33,"column":9}},"loc":{"start":{"line":33,"column":20},"end":{"line":38,"column":9}}},"3":{"name":"(anonymous_3)","decl":{"start":{"line":46,"column":11},"end":{"line":46,"column":14}},"loc":{"start":{"line":46,"column":16},"end":{"line":50,"column":5}}},"4":{"name":"(anonymous_4)","decl":{"start":{"line":53,"column":21},"end":{"line":53,"column":24}},"loc":{"start":{"line":53,"column":26},"end":{"line":55,"column":3}}}},"branchMap":{"0":{"loc":{"start":{"line":17,"column":2},"end":{"line":17,"column":16}},"type":"default-arg","locations":[{"start":{"line":17,"column":14},"end":{"line":17,"column":16}}]},"1":{"loc":{"start":{"line":20,"column":2},"end":{"line":20,"column":18}},"type":"default-arg","locations":[{"start":{"line":20,"column":12},"end":{"line":20,"column":18}}]},"2":{"loc":{"start":{"line":21,"column":2},"end":{"line":21,"column":24}},"type":"default-arg","locations":[{"start":{"line":21,"column":18},"end":{"line":21,"column":24}}]},"3":{"loc":{"start":{"line":22,"column":2},"end":{"line":22,"column":240}},"type":"default-arg","locations":[{"start":{"line":22,"column":16},"end":{"line":22,"column":240}}]},"4":{"loc":{"start":{"line":31,"column":4},"end":{"line":44,"column":5}},"type":"if","locations":[{"start":{"line":31,"column":4},"end":{"line":44,"column":5}},{"start":{"line":42,"column":11},"end":{"line":44,"column":5}}]},"5":{"loc":{"start":{"line":31,"column":8},"end":{"line":31,"column":38}},"type":"binary-expr","locations":[{"start":{"line":31,"column":8},"end":{"line":31,"column":16}},{"start":{"line":31,"column":20},"end":{"line":31,"column":38}}]},"6":{"loc":{"start":{"line":34,"column":10},"end":{"line":37,"column":11}},"type":"if","locations":[{"start":{"line":34,"column":10},"end":{"line":37,"column":11}},{"start":{},"end":{}}]},"7":{"loc":{"start":{"line":42,"column":11},"end":{"line":44,"column":5}},"type":"if","locations":[{"start":{"line":42,"column":11},"end":{"line":44,"column":5}},{"start":{},"end":{}}]},"8":{"loc":{"start":{"line":47,"column":6},"end":{"line":49,"column":7}},"type":"if","locations":[{"start":{"line":47,"column":6},"end":{"line":49,"column":7}},{"start":{},"end":{}}]},"9":{"loc":{"start":{"line":47,"column":10},"end":{"line":47,"column":30}},"type":"binary-expr","locations":[{"start":{"line":47,"column":10},"end":{"line":47,"column":18}},{"start":{"line":47,"column":22},"end":{"line":47,"column":30}}]},"10":{"loc":{"start":{"line":62,"column":33},"end":{"line":62,"column":72}},"type":"cond-expr","locations":[{"start":{"line":62,"column":45},"end":{"line":62,"column":56}},{"start":{"line":62,"column":59},"end":{"line":62,"column":72}}]}},"s":{"0":0,"1":0,"2":0,"3":0,"4":0,"5":0,"6":0,"7":0,"8":0,"9":0,"10":0,"11":0,"12":0,"13":0,"14":0,"15":0,"16":0,"17":0,"18":0,"19":0,"20":0},"f":{"0":0,"1":0,"2":0,"3":0,"4":0},"b":{"0":[0],"1":[0],"2":[0],"3":[0],"4":[0,0],"5":[0,0],"6":[0,0],"7":[0,0],"8":[0,0],"9":[0,0],"10":[0,0]}}
,"C:\\my_projects\\benyamine-github\\optimum-solutions-group\\src\\components\\LoadingScreen.tsx": {"path":"C:\\my_projects\\benyamine-github\\optimum-solutions-group\\src\\components\\LoadingScreen.tsx","statementMap":{"0":{"start":{"line":2,"column":22},"end":{"line":30,"column":1}},"1":{"start":{"line":3,"column":2},"end":{"line":29,"column":4}},"2":{"start":{"line":37,"column":9},"end":{"line":37,"column":22}},"3":{"start":{"line":33,"column":20},"end":{"line":35,"column":1}},"4":{"start":{"line":34,"column":2},"end":{"line":34,"column":15}},"5":{"start":{"line":37,"column":24},"end":{"line":37,"column":35}}},"fnMap":{"0":{"name":"(anonymous_0)","decl":{"start":{"line":2,"column":22},"end":{"line":2,"column":25}},"loc":{"start":{"line":2,"column":27},"end":{"line":30,"column":1}}},"1":{"name":"(anonymous_1)","decl":{"start":{"line":33,"column":20},"end":{"line":33,"column":23}},"loc":{"start":{"line":33,"column":25},"end":{"line":35,"column":1}}}},"branchMap":{},"s":{"0":0,"1":0,"2":0,"3":0,"4":0,"5":0},"f":{"0":0,"1":0},"b":{}}
,"C:\\my_projects\\benyamine-github\\optimum-solutions-group\\src\\components\\Navigation.tsx": {"path":"C:\\my_projects\\benyamine-github\\optimum-solutions-group\\src\\components\\Navigation.tsx","statementMap":{"0":{"start":{"line":1,"column":0},"end":{"line":1,"column":51}},"1":{"start":{"line":2,"column":0},"end":{"line":2,"column":48}},"2":{"start":{"line":3,"column":0},"end":{"line":3,"column":39}},"3":{"start":{"line":4,"column":0},"end":{"line":4,"column":45}},"4":{"start":{"line":6,"column":19},"end":{"line":125,"column":1}},"5":{"start":{"line":7,"column":38},"end":{"line":7,"column":53}},"6":{"start":{"line":8,"column":38},"end":{"line":8,"column":53}},"7":{"start":{"line":10,"column":2},"end":{"line":17,"column":9}},"8":{"start":{"line":11,"column":25},"end":{"line":13,"column":5}},"9":{"start":{"line":12,"column":6},"end":{"line":12,"column":41}},"10":{"start":{"line":15,"column":4},"end":{"line":15,"column":52}},"11":{"start":{"line":16,"column":4},"end":{"line":16,"column":68}},"12":{"start":{"line":16,"column":17},"end":{"line":16,"column":67}},"13":{"start":{"line":19,"column":19},"end":{"line":26,"column":4}},"14":{"start":{"line":28,"column":26},"end":{"line":34,"column":3}},"15":{"start":{"line":29,"column":20},"end":{"line":29,"column":48}},"16":{"start":{"line":30,"column":4},"end":{"line":32,"column":5}},"17":{"start":{"line":31,"column":6},"end":{"line":31,"column":53}},"18":{"start":{"line":33,"column":4},"end":{"line":33,"column":25}},"19":{"start":{"line":36,"column":2},"end":{"line":124,"column":4}},"20":{"start":{"line":75,"column":14},"end":{"line":76,"column":null}},"21":{"start":{"line":77,"column":31},"end":{"line":77,"column":57}},"22":{"start":{"line":84,"column":29},"end":{"line":84,"column":56}},"23":{"start":{"line":94,"column":27},"end":{"line":94,"column":53}},"24":{"start":{"line":105,"column":16},"end":{"line":106,"column":null}},"25":{"start":{"line":107,"column":33},"end":{"line":107,"column":59}},"26":{"start":{"line":114,"column":31},"end":{"line":114,"column":58}},"27":{"start":{"line":127,"column":0},"end":{"line":127,"column":26}}},"fnMap":{"0":{"name":"(anonymous_7)","decl":{"start":{"line":6,"column":19},"end":{"line":6,"column":22}},"loc":{"start":{"line":6,"column":24},"end":{"line":125,"column":1}}},"1":{"name":"(anonymous_8)","decl":{"start":{"line":10,"column":12},"end":{"line":10,"column":15}},"loc":{"start":{"line":10,"column":17},"end":{"line":17,"column":3}}},"2":{"name":"(anonymous_9)","decl":{"start":{"line":11,"column":25},"end":{"line":11,"column":28}},"loc":{"start":{"line":11,"column":30},"end":{"line":13,"column":5}}},"3":{"name":"(anonymous_10)","decl":{"start":{"line":16,"column":11},"end":{"line":16,"column":14}},"loc":{"start":{"line":16,"column":17},"end":{"line":16,"column":67}}},"4":{"name":"(anonymous_11)","decl":{"start":{"line":28,"column":26},"end":{"line":28,"column":27}},"loc":{"start":{"line":28,"column":43},"end":{"line":34,"column":3}}},"5":{"name":"(anonymous_12)","decl":{"start":{"line":74,"column":26},"end":{"line":74,"column":27}},"loc":{"start":{"line":75,"column":14},"end":{"line":76,"column":null}}},"6":{"name":"(anonymous_13)","decl":{"start":{"line":77,"column":25},"end":{"line":77,"column":28}},"loc":{"start":{"line":77,"column":31},"end":{"line":77,"column":57}}},"7":{"name":"(anonymous_14)","decl":{"start":{"line":84,"column":23},"end":{"line":84,"column":26}},"loc":{"start":{"line":84,"column":29},"end":{"line":84,"column":56}}},"8":{"name":"(anonymous_15)","decl":{"start":{"line":94,"column":21},"end":{"line":94,"column":24}},"loc":{"start":{"line":94,"column":27},"end":{"line":94,"column":53}}},"9":{"name":"(anonymous_16)","decl":{"start":{"line":104,"column":28},"end":{"line":104,"column":29}},"loc":{"start":{"line":105,"column":16},"end":{"line":106,"column":null}}},"10":{"name":"(anonymous_17)","decl":{"start":{"line":107,"column":27},"end":{"line":107,"column":30}},"loc":{"start":{"line":107,"column":33},"end":{"line":107,"column":59}}},"11":{"name":"(anonymous_18)","decl":{"start":{"line":114,"column":25},"end":{"line":114,"column":28}},"loc":{"start":{"line":114,"column":31},"end":{"line":114,"column":58}}}},"branchMap":{"0":{"loc":{"start":{"line":30,"column":4},"end":{"line":32,"column":5}},"type":"if","locations":[{"start":{"line":30,"column":4},"end":{"line":32,"column":5}},{"start":{},"end":{}}]},"1":{"loc":{"start":{"line":38,"column":6},"end":{"line":38,"column":null}},"type":"cond-expr","locations":[{"start":{"line":38,"column":19},"end":{"line":38,"column":64}},{"start":{"line":38,"column":67},"end":{"line":38,"column":null}}]},"2":{"loc":{"start":{"line":96,"column":13},"end":{"line":96,"column":62}},"type":"cond-expr","locations":[{"start":{"line":96,"column":26},"end":{"line":96,"column":41}},{"start":{"line":96,"column":44},"end":{"line":96,"column":62}}]},"3":{"loc":{"start":{"line":101,"column":9},"end":{"line":120,"column":null}},"type":"binary-expr","locations":[{"start":{"line":101,"column":9},"end":{"line":101,"column":19}},{"start":{"line":102,"column":10},"end":{"line":119,"column":null}}]}},"s":{"0":0,"1":0,"2":0,"3":0,"4":0,"5":0,"6":0,"7":0,"8":0,"9":0,"10":0,"11":0,"12":0,"13":0,"14":0,"15":0,"16":0,"17":0,"18":0,"19":0,"20":0,"21":0,"22":0,"23":0,"24":0,"25":0,"26":0,"27":0},"f":{"0":0,"1":0,"2":0,"3":0,"4":0,"5":0,"6":0,"7":0,"8":0,"9":0,"10":0,"11":0},"b":{"0":[0,0],"1":[0,0],"2":[0,0],"3":[0,0]}}
,"C:\\my_projects\\benyamine-github\\optimum-solutions-group\\src\\components\\ParticleSystem.tsx": {"path":"C:\\my_projects\\benyamine-github\\optimum-solutions-group\\src\\components\\ParticleSystem.tsx","statementMap":{"0":{"start":{"line":1,"column":0},"end":{"line":1,"column":42}},"1":{"start":{"line":12,"column":23},"end":{"line":135,"column":1}},"2":{"start":{"line":13,"column":20},"end":{"line":13,"column":51}},"3":{"start":{"line":14,"column":23},"end":{"line":14,"column":45}},"4":{"start":{"line":15,"column":19},"end":{"line":15,"column":41}},"5":{"start":{"line":16,"column":23},"end":{"line":16,"column":39}},"6":{"start":{"line":18,"column":2},"end":{"line":126,"column":9}},"7":{"start":{"line":19,"column":19},"end":{"line":19,"column":36}},"8":{"start":{"line":20,"column":4},"end":{"line":20,"column":24}},"9":{"start":{"line":20,"column":17},"end":{"line":20,"column":24}},"10":{"start":{"line":22,"column":16},"end":{"line":22,"column":39}},"11":{"start":{"line":23,"column":4},"end":{"line":23,"column":21}},"12":{"start":{"line":23,"column":14},"end":{"line":23,"column":21}},"13":{"start":{"line":25,"column":25},"end":{"line":28,"column":5}},"14":{"start":{"line":26,"column":6},"end":{"line":26,"column":39}},"15":{"start":{"line":27,"column":6},"end":{"line":27,"column":41}},"16":{"start":{"line":30,"column":28},"end":{"line":45,"column":5}},"17":{"start":{"line":31,"column":36},"end":{"line":31,"column":38}},"18":{"start":{"line":32,"column":28},"end":{"line":32,"column":76}},"19":{"start":{"line":34,"column":6},"end":{"line":43,"column":7}},"20":{"start":{"line":34,"column":19},"end":{"line":34,"column":20}},"21":{"start":{"line":35,"column":8},"end":{"line":42,"column":11}},"22":{"start":{"line":44,"column":6},"end":{"line":44,"column":39}},"23":{"start":{"line":47,"column":20},"end":{"line":101,"column":5}},"24":{"start":{"line":48,"column":6},"end":{"line":48,"column":55}},"25":{"start":{"line":50,"column":6},"end":{"line":98,"column":9}},"26":{"start":{"line":52,"column":8},"end":{"line":52,"column":34}},"27":{"start":{"line":53,"column":8},"end":{"line":53,"column":34}},"28":{"start":{"line":56,"column":19},"end":{"line":56,"column":50}},"29":{"start":{"line":57,"column":19},"end":{"line":57,"column":50}},"30":{"start":{"line":58,"column":25},"end":{"line":58,"column":53}},"31":{"start":{"line":60,"column":8},"end":{"line":64,"column":9}},"32":{"start":{"line":61,"column":24},"end":{"line":61,"column":46}},"33":{"start":{"line":62,"column":10},"end":{"line":62,"column":45}},"34":{"start":{"line":63,"column":10},"end":{"line":63,"column":45}},"35":{"start":{"line":67,"column":8},"end":{"line":67,"column":54}},"36":{"start":{"line":67,"column":28},"end":{"line":67,"column":54}},"37":{"start":{"line":68,"column":8},"end":{"line":68,"column":54}},"38":{"start":{"line":68,"column":39},"end":{"line":68,"column":54}},"39":{"start":{"line":69,"column":8},"end":{"line":69,"column":55}},"40":{"start":{"line":69,"column":28},"end":{"line":69,"column":55}},"41":{"start":{"line":70,"column":8},"end":{"line":70,"column":55}},"42":{"start":{"line":70,"column":40},"end":{"line":70,"column":55}},"43":{"start":{"line":73,"column":8},"end":{"line":73,"column":28}},"44":{"start":{"line":74,"column":8},"end":{"line":74,"column":28}},"45":{"start":{"line":77,"column":8},"end":{"line":77,"column":24}},"46":{"start":{"line":78,"column":8},"end":{"line":78,"column":71}},"47":{"start":{"line":79,"column":8},"end":{"line":79,"column":65}},"48":{"start":{"line":80,"column":8},"end":{"line":80,"column":19}},"49":{"start":{"line":83,"column":8},"end":{"line":97,"column":9}},"50":{"start":{"line":83,"column":21},"end":{"line":83,"column":26}},"51":{"start":{"line":84,"column":24},"end":{"line":84,"column":47}},"52":{"start":{"line":85,"column":21},"end":{"line":85,"column":41}},"53":{"start":{"line":86,"column":21},"end":{"line":86,"column":41}},"54":{"start":{"line":87,"column":27},"end":{"line":87,"column":55}},"55":{"start":{"line":89,"column":10},"end":{"line":96,"column":11}},"56":{"start":{"line":90,"column":12},"end":{"line":90,"column":28}},"57":{"start":{"line":91,"column":12},"end":{"line":91,"column":47}},"58":{"start":{"line":92,"column":12},"end":{"line":92,"column":41}},"59":{"start":{"line":93,"column":12},"end":{"line":93,"column":83}},"60":{"start":{"line":94,"column":12},"end":{"line":94,"column":30}},"61":{"start":{"line":95,"column":12},"end":{"line":95,"column":25}},"62":{"start":{"line":100,"column":6},"end":{"line":100,"column":60}},"63":{"start":{"line":103,"column":28},"end":{"line":107,"column":5}},"64":{"start":{"line":104,"column":19},"end":{"line":104,"column":49}},"65":{"start":{"line":105,"column":6},"end":{"line":105,"column":49}},"66":{"start":{"line":106,"column":6},"end":{"line":106,"column":48}},"67":{"start":{"line":109,"column":4},"end":{"line":109,"column":19}},"68":{"start":{"line":110,"column":4},"end":{"line":110,"column":22}},"69":{"start":{"line":111,"column":4},"end":{"line":111,"column":14}},"70":{"start":{"line":113,"column":4},"end":{"line":116,"column":7}},"71":{"start":{"line":114,"column":6},"end":{"line":114,"column":21}},"72":{"start":{"line":115,"column":6},"end":{"line":115,"column":24}},"73":{"start":{"line":117,"column":4},"end":{"line":117,"column":58}},"74":{"start":{"line":119,"column":4},"end":{"line":125,"column":6}},"75":{"start":{"line":120,"column":6},"end":{"line":122,"column":7}},"76":{"start":{"line":121,"column":8},"end":{"line":121,"column":51}},"77":{"start":{"line":123,"column":6},"end":{"line":123,"column":57}},"78":{"start":{"line":124,"column":6},"end":{"line":124,"column":63}},"79":{"start":{"line":128,"column":2},"end":{"line":134,"column":4}},"80":{"start":{"line":137,"column":0},"end":{"line":137,"column":30}}},"fnMap":{"0":{"name":"(anonymous_0)","decl":{"start":{"line":12,"column":23},"end":{"line":12,"column":26}},"loc":{"start":{"line":12,"column":28},"end":{"line":135,"column":1}}},"1":{"name":"(anonymous_1)","decl":{"start":{"line":18,"column":12},"end":{"line":18,"column":15}},"loc":{"start":{"line":18,"column":17},"end":{"line":126,"column":3}}},"2":{"name":"(anonymous_2)","decl":{"start":{"line":25,"column":25},"end":{"line":25,"column":28}},"loc":{"start":{"line":25,"column":30},"end":{"line":28,"column":5}}},"3":{"name":"(anonymous_3)","decl":{"start":{"line":30,"column":28},"end":{"line":30,"column":31}},"loc":{"start":{"line":30,"column":33},"end":{"line":45,"column":5}}},"4":{"name":"(anonymous_4)","decl":{"start":{"line":47,"column":20},"end":{"line":47,"column":23}},"loc":{"start":{"line":47,"column":25},"end":{"line":101,"column":5}}},"5":{"name":"(anonymous_5)","decl":{"start":{"line":50,"column":35},"end":{"line":50,"column":36}},"loc":{"start":{"line":50,"column":51},"end":{"line":98,"column":7}}},"6":{"name":"(anonymous_6)","decl":{"start":{"line":103,"column":28},"end":{"line":103,"column":29}},"loc":{"start":{"line":103,"column":46},"end":{"line":107,"column":5}}},"7":{"name":"(anonymous_7)","decl":{"start":{"line":113,"column":38},"end":{"line":113,"column":41}},"loc":{"start":{"line":113,"column":43},"end":{"line":116,"column":5}}},"8":{"name":"(anonymous_8)","decl":{"start":{"line":119,"column":11},"end":{"line":119,"column":14}},"loc":{"start":{"line":119,"column":16},"end":{"line":125,"column":5}}}},"branchMap":{"0":{"loc":{"start":{"line":20,"column":4},"end":{"line":20,"column":24}},"type":"if","locations":[{"start":{"line":20,"column":4},"end":{"line":20,"column":24}},{"start":{},"end":{}}]},"1":{"loc":{"start":{"line":23,"column":4},"end":{"line":23,"column":21}},"type":"if","locations":[{"start":{"line":23,"column":4},"end":{"line":23,"column":21}},{"start":{},"end":{}}]},"2":{"loc":{"start":{"line":60,"column":8},"end":{"line":64,"column":9}},"type":"if","locations":[{"start":{"line":60,"column":8},"end":{"line":64,"column":9}},{"start":{},"end":{}}]},"3":{"loc":{"start":{"line":67,"column":8},"end":{"line":67,"column":54}},"type":"if","locations":[{"start":{"line":67,"column":8},"end":{"line":67,"column":54}},{"start":{},"end":{}}]},"4":{"loc":{"start":{"line":68,"column":8},"end":{"line":68,"column":54}},"type":"if","locations":[{"start":{"line":68,"column":8},"end":{"line":68,"column":54}},{"start":{},"end":{}}]},"5":{"loc":{"start":{"line":69,"column":8},"end":{"line":69,"column":55}},"type":"if","locations":[{"start":{"line":69,"column":8},"end":{"line":69,"column":55}},{"start":{},"end":{}}]},"6":{"loc":{"start":{"line":70,"column":8},"end":{"line":70,"column":55}},"type":"if","locations":[{"start":{"line":70,"column":8},"end":{"line":70,"column":55}},{"start":{},"end":{}}]},"7":{"loc":{"start":{"line":89,"column":10},"end":{"line":96,"column":11}},"type":"if","locations":[{"start":{"line":89,"column":10},"end":{"line":96,"column":11}},{"start":{},"end":{}}]},"8":{"loc":{"start":{"line":120,"column":6},"end":{"line":122,"column":7}},"type":"if","locations":[{"start":{"line":120,"column":6},"end":{"line":122,"column":7}},{"start":{},"end":{}}]}},"s":{"0":0,"1":0,"2":0,"3":0,"4":0,"5":0,"6":0,"7":0,"8":0,"9":0,"10":0,"11":0,"12":0,"13":0,"14":0,"15":0,"16":0,"17":0,"18":0,"19":0,"20":0,"21":0,"22":0,"23":0,"24":0,"25":0,"26":0,"27":0,"28":0,"29":0,"30":0,"31":0,"32":0,"33":0,"34":0,"35":0,"36":0,"37":0,"38":0,"39":0,"40":0,"41":0,"42":0,"43":0,"44":0,"45":0,"46":0,"47":0,"48":0,"49":0,"50":0,"51":0,"52":0,"53":0,"54":0,"55":0,"56":0,"57":0,"58":0,"59":0,"60":0,"61":0,"62":0,"63":0,"64":0,"65":0,"66":0,"67":0,"68":0,"69":0,"70":0,"71":0,"72":0,"73":0,"74":0,"75":0,"76":0,"77":0,"78":0,"79":0,"80":0},"f":{"0":0,"1":0,"2":0,"3":0,"4":0,"5":0,"6":0,"7":0,"8":0},"b":{"0":[0,0],"1":[0,0],"2":[0,0],"3":[0,0],"4":[0,0],"5":[0,0],"6":[0,0],"7":[0,0],"8":[0,0]}}
,"C:\\my_projects\\benyamine-github\\optimum-solutions-group\\src\\components\\PerformanceOptimizer.tsx": {"path":"C:\\my_projects\\benyamine-github\\optimum-solutions-group\\src\\components\\PerformanceOptimizer.tsx","statementMap":{"0":{"start":{"line":1,"column":0},"end":{"line":1,"column":34}},"1":{"start":{"line":2,"column":0},"end":{"line":2,"column":70}},"2":{"start":{"line":4,"column":29},"end":{"line":33,"column":1}},"3":{"start":{"line":5,"column":2},"end":{"line":5,"column":26}},"4":{"start":{"line":7,"column":2},"end":{"line":30,"column":9}},"5":{"start":{"line":9,"column":19},"end":{"line":9,"column":99}},"6":{"start":{"line":10,"column":4},"end":{"line":14,"column":7}},"7":{"start":{"line":11,"column":6},"end":{"line":13,"column":7}},"8":{"start":{"line":12,"column":8},"end":{"line":12,"column":36}},"9":{"start":{"line":17,"column":24},"end":{"line":17,"column":54}},"10":{"start":{"line":18,"column":4},"end":{"line":18,"column":32}},"11":{"start":{"line":19,"column":4},"end":{"line":19,"column":28}},"12":{"start":{"line":20,"column":4},"end":{"line":20,"column":48}},"13":{"start":{"line":21,"column":4},"end":{"line":21,"column":42}},"14":{"start":{"line":22,"column":4},"end":{"line":22,"column":43}},"15":{"start":{"line":25,"column":4},"end":{"line":29,"column":6}},"16":{"start":{"line":26,"column":6},"end":{"line":28,"column":7}},"17":{"start":{"line":27,"column":8},"end":{"line":27,"column":47}},"18":{"start":{"line":32,"column":2},"end":{"line":32,"column":14}},"19":{"start":{"line":35,"column":0},"end":{"line":35,"column":36}}},"fnMap":{"0":{"name":"(anonymous_0)","decl":{"start":{"line":4,"column":29},"end":{"line":4,"column":32}},"loc":{"start":{"line":4,"column":34},"end":{"line":33,"column":1}}},"1":{"name":"(anonymous_1)","decl":{"start":{"line":7,"column":12},"end":{"line":7,"column":15}},"loc":{"start":{"line":7,"column":17},"end":{"line":30,"column":3}}},"2":{"name":"(anonymous_2)","decl":{"start":{"line":10,"column":19},"end":{"line":10,"column":22}},"loc":{"start":{"line":10,"column":25},"end":{"line":14,"column":5}}},"3":{"name":"(anonymous_3)","decl":{"start":{"line":25,"column":11},"end":{"line":25,"column":14}},"loc":{"start":{"line":25,"column":16},"end":{"line":29,"column":5}}}},"branchMap":{"0":{"loc":{"start":{"line":11,"column":6},"end":{"line":13,"column":7}},"type":"if","locations":[{"start":{"line":11,"column":6},"end":{"line":13,"column":7}},{"start":{},"end":{}}]},"1":{"loc":{"start":{"line":26,"column":6},"end":{"line":28,"column":7}},"type":"if","locations":[{"start":{"line":26,"column":6},"end":{"line":28,"column":7}},{"start":{},"end":{}}]}},"s":{"0":0,"1":0,"2":0,"3":0,"4":0,"5":0,"6":0,"7":0,"8":0,"9":0,"10":0,"11":0,"12":0,"13":0,"14":0,"15":0,"16":0,"17":0,"18":0,"19":0},"f":{"0":0,"1":0,"2":0,"3":0},"b":{"0":[0,0],"1":[0,0]}}
,"C:\\my_projects\\benyamine-github\\optimum-solutions-group\\src\\components\\PortfolioSection.tsx": {"path":"C:\\my_projects\\benyamine-github\\optimum-solutions-group\\src\\components\\PortfolioSection.tsx","statementMap":{"0":{"start":{"line":1,"column":0},"end":{"line":1,"column":48}},"1":{"start":{"line":2,"column":0},"end":{"line":2,"column":82}},"2":{"start":{"line":3,"column":0},"end":{"line":3,"column":62}},"3":{"start":{"line":4,"column":0},"end":{"line":4,"column":47}},"4":{"start":{"line":6,"column":25},"end":{"line":181,"column":1}},"5":{"start":{"line":7,"column":19},"end":{"line":35,"column":4}},"6":{"start":{"line":37,"column":26},"end":{"line":42,"column":3}},"7":{"start":{"line":38,"column":20},"end":{"line":38,"column":54}},"8":{"start":{"line":39,"column":4},"end":{"line":41,"column":5}},"9":{"start":{"line":40,"column":6},"end":{"line":40,"column":53}},"10":{"start":{"line":44,"column":2},"end":{"line":180,"column":4}},"11":{"start":{"line":108,"column":12},"end":{"line":108,"column":29}},"12":{"start":{"line":132,"column":22},"end":{"line":132,"column":45}},"13":{"start":{"line":147,"column":22},"end":{"line":147,"column":44}},"14":{"start":{"line":183,"column":0},"end":{"line":183,"column":32}}},"fnMap":{"0":{"name":"(anonymous_1)","decl":{"start":{"line":6,"column":25},"end":{"line":6,"column":28}},"loc":{"start":{"line":6,"column":30},"end":{"line":181,"column":1}}},"1":{"name":"(anonymous_2)","decl":{"start":{"line":37,"column":26},"end":{"line":37,"column":29}},"loc":{"start":{"line":37,"column":31},"end":{"line":42,"column":3}}},"2":{"name":"(anonymous_3)","decl":{"start":{"line":107,"column":24},"end":{"line":107,"column":25}},"loc":{"start":{"line":108,"column":12},"end":{"line":108,"column":29}}},"3":{"name":"(anonymous_4)","decl":{"start":{"line":131,"column":41},"end":{"line":131,"column":42}},"loc":{"start":{"line":132,"column":22},"end":{"line":132,"column":45}}},"4":{"name":"(anonymous_5)","decl":{"start":{"line":146,"column":46},"end":{"line":146,"column":47}},"loc":{"start":{"line":147,"column":22},"end":{"line":147,"column":44}}}},"branchMap":{"0":{"loc":{"start":{"line":39,"column":4},"end":{"line":41,"column":5}},"type":"if","locations":[{"start":{"line":39,"column":4},"end":{"line":41,"column":5}},{"start":{},"end":{}}]}},"s":{"0":0,"1":0,"2":0,"3":0,"4":0,"5":0,"6":0,"7":0,"8":0,"9":0,"10":0,"11":0,"12":0,"13":0,"14":0},"f":{"0":0,"1":0,"2":0,"3":0,"4":0},"b":{"0":[0,0]}}
,"C:\\my_projects\\benyamine-github\\optimum-solutions-group\\src\\components\\ProjectEstimator.tsx": {"path":"C:\\my_projects\\benyamine-github\\optimum-solutions-group\\src\\components\\ProjectEstimator.tsx","statementMap":{"0":{"start":{"line":1,"column":0},"end":{"line":1,"column":40}},"1":{"start":{"line":2,"column":0},"end":{"line":2,"column":48}},"2":{"start":{"line":3,"column":0},"end":{"line":3,"column":97}},"3":{"start":{"line":4,"column":0},"end":{"line":4,"column":103}},"4":{"start":{"line":5,"column":0},"end":{"line":5,"column":52}},"5":{"start":{"line":6,"column":0},"end":{"line":6,"column":67}},"6":{"start":{"line":7,"column":0},"end":{"line":7,"column":45}},"7":{"start":{"line":9,"column":25},"end":{"line":226,"column":1}},"8":{"start":{"line":10,"column":20},"end":{"line":10,"column":30}},"9":{"start":{"line":11,"column":40},"end":{"line":11,"column":52}},"10":{"start":{"line":12,"column":30},"end":{"line":12,"column":42}},"11":{"start":{"line":13,"column":40},"end":{"line":13,"column":52}},"12":{"start":{"line":14,"column":34},"end":{"line":14,"column":56}},"13":{"start":{"line":16,"column":25},"end":{"line":25,"column":4}},"14":{"start":{"line":27,"column":23},"end":{"line":33,"column":4}},"15":{"start":{"line":35,"column":22},"end":{"line":39,"column":4}},"16":{"start":{"line":41,"column":27},"end":{"line":45,"column":4}},"17":{"start":{"line":47,"column":30},"end":{"line":53,"column":3}},"18":{"start":{"line":48,"column":4},"end":{"line":52,"column":5}},"19":{"start":{"line":49,"column":6},"end":{"line":49,"column":44}},"20":{"start":{"line":51,"column":6},"end":{"line":51,"column":57}},"21":{"start":{"line":51,"column":39},"end":{"line":51,"column":54}},"22":{"start":{"line":55,"column":28},"end":{"line":73,"column":3}},"23":{"start":{"line":56,"column":4},"end":{"line":56,"column":75}},"24":{"start":{"line":56,"column":49},"end":{"line":56,"column":75}},"25":{"start":{"line":58,"column":22},"end":{"line":58,"column":92}},"26":{"start":{"line":59,"column":29},"end":{"line":59,"column":93}},"27":{"start":{"line":60,"column":26},"end":{"line":60,"column":105}},"28":{"start":{"line":62,"column":26},"end":{"line":65,"column":9}},"29":{"start":{"line":63,"column":22},"end":{"line":63,"column":66}},"30":{"start":{"line":63,"column":47},"end":{"line":63,"column":65}},"31":{"start":{"line":64,"column":6},"end":{"line":64,"column":47}},"32":{"start":{"line":67,"column":22},"end":{"line":67,"column":84}},"33":{"start":{"line":69,"column":4},"end":{"line":72,"column":6}},"34":{"start":{"line":75,"column":19},"end":{"line":75,"column":38}},"35":{"start":{"line":77,"column":23},"end":{"line":91,"column":3}},"36":{"start":{"line":78,"column":4},"end":{"line":85,"column":5}},"37":{"start":{"line":79,"column":6},"end":{"line":83,"column":9}},"38":{"start":{"line":84,"column":6},"end":{"line":84,"column":13}},"39":{"start":{"line":87,"column":4},"end":{"line":90,"column":7}},"40":{"start":{"line":93,"column":2},"end":{"line":225,"column":4}},"41":{"start":{"line":125,"column":22},"end":{"line":125,"column":44}},"42":{"start":{"line":139,"column":22},"end":{"line":139,"column":44}},"43":{"start":{"line":150,"column":18},"end":{"line":150,"column":40}},"44":{"start":{"line":155,"column":24},"end":{"line":155,"column":75}},"45":{"start":{"line":177,"column":20},"end":{"line":177,"column":42}},"46":{"start":{"line":228,"column":0},"end":{"line":228,"column":32}}},"fnMap":{"0":{"name":"(anonymous_6)","decl":{"start":{"line":9,"column":25},"end":{"line":9,"column":28}},"loc":{"start":{"line":9,"column":30},"end":{"line":226,"column":1}}},"1":{"name":"(anonymous_7)","decl":{"start":{"line":47,"column":30},"end":{"line":47,"column":31}},"loc":{"start":{"line":47,"column":70},"end":{"line":53,"column":3}}},"2":{"name":"(anonymous_8)","decl":{"start":{"line":51,"column":34},"end":{"line":51,"column":35}},"loc":{"start":{"line":51,"column":39},"end":{"line":51,"column":54}}},"3":{"name":"(anonymous_9)","decl":{"start":{"line":55,"column":28},"end":{"line":55,"column":31}},"loc":{"start":{"line":55,"column":33},"end":{"line":73,"column":3}}},"4":{"name":"(anonymous_10)","decl":{"start":{"line":62,"column":42},"end":{"line":62,"column":43}},"loc":{"start":{"line":62,"column":63},"end":{"line":65,"column":5}}},"5":{"name":"(anonymous_11)","decl":{"start":{"line":63,"column":42},"end":{"line":63,"column":43}},"loc":{"start":{"line":63,"column":47},"end":{"line":63,"column":65}}},"6":{"name":"(anonymous_12)","decl":{"start":{"line":77,"column":23},"end":{"line":77,"column":26}},"loc":{"start":{"line":77,"column":28},"end":{"line":91,"column":3}}},"7":{"name":"(anonymous_13)","decl":{"start":{"line":124,"column":54},"end":{"line":124,"column":55}},"loc":{"start":{"line":125,"column":22},"end":{"line":125,"column":44}}},"8":{"name":"(anonymous_14)","decl":{"start":{"line":138,"column":53},"end":{"line":138,"column":54}},"loc":{"start":{"line":139,"column":22},"end":{"line":139,"column":44}}},"9":{"name":"(anonymous_15)","decl":{"start":{"line":149,"column":36},"end":{"line":149,"column":37}},"loc":{"start":{"line":150,"column":18},"end":{"line":150,"column":40}}},"10":{"name":"(anonymous_16)","decl":{"start":{"line":154,"column":39},"end":{"line":154,"column":40}},"loc":{"start":{"line":155,"column":24},"end":{"line":155,"column":75}}},"11":{"name":"(anonymous_17)","decl":{"start":{"line":176,"column":56},"end":{"line":176,"column":57}},"loc":{"start":{"line":177,"column":20},"end":{"line":177,"column":42}}}},"branchMap":{"0":{"loc":{"start":{"line":48,"column":4},"end":{"line":52,"column":5}},"type":"if","locations":[{"start":{"line":48,"column":4},"end":{"line":52,"column":5}},{"start":{"line":50,"column":11},"end":{"line":52,"column":5}}]},"1":{"loc":{"start":{"line":56,"column":4},"end":{"line":56,"column":75}},"type":"if","locations":[{"start":{"line":56,"column":4},"end":{"line":56,"column":75}},{"start":{},"end":{}}]},"2":{"loc":{"start":{"line":56,"column":8},"end":{"line":56,"column":47}},"type":"binary-expr","locations":[{"start":{"line":56,"column":8},"end":{"line":56,"column":20}},{"start":{"line":56,"column":24},"end":{"line":56,"column":31}},{"start":{"line":56,"column":35},"end":{"line":56,"column":47}}]},"3":{"loc":{"start":{"line":58,"column":22},"end":{"line":58,"column":92}},"type":"binary-expr","locations":[{"start":{"line":58,"column":22},"end":{"line":58,"column":87}},{"start":{"line":58,"column":91},"end":{"line":58,"column":92}}]},"4":{"loc":{"start":{"line":58,"column":22},"end":{"line":58,"column":87}},"type":"cond-expr","locations":[{"start":{"line":58,"column":76},"end":{"line":58,"column":78}},{"start":{"line":58,"column":76},"end":{"line":58,"column":87}}]},"5":{"loc":{"start":{"line":58,"column":22},"end":{"line":58,"column":78}},"type":"binary-expr","locations":[{"start":{"line":58,"column":22},"end":{"line":58,"column":78}},{"start":{"line":58,"column":76},"end":{"line":58,"column":78}}]},"6":{"loc":{"start":{"line":59,"column":29},"end":{"line":59,"column":93}},"type":"binary-expr","locations":[{"start":{"line":59,"column":29},"end":{"line":59,"column":88}},{"start":{"line":59,"column":92},"end":{"line":59,"column":93}}]},"7":{"loc":{"start":{"line":59,"column":29},"end":{"line":59,"column":88}},"type":"cond-expr","locations":[{"start":{"line":59,"column":76},"end":{"line":59,"column":78}},{"start":{"line":59,"column":76},"end":{"line":59,"column":88}}]},"8":{"loc":{"start":{"line":59,"column":29},"end":{"line":59,"column":78}},"type":"binary-expr","locations":[{"start":{"line":59,"column":29},"end":{"line":59,"column":78}},{"start":{"line":59,"column":76},"end":{"line":59,"column":78}}]},"9":{"loc":{"start":{"line":60,"column":26},"end":{"line":60,"column":105}},"type":"binary-expr","locations":[{"start":{"line":60,"column":26},"end":{"line":60,"column":100}},{"start":{"line":60,"column":104},"end":{"line":60,"column":105}}]},"10":{"loc":{"start":{"line":60,"column":26},"end":{"line":60,"column":100}},"type":"cond-expr","locations":[{"start":{"line":60,"column":88},"end":{"line":60,"column":90}},{"start":{"line":60,"column":88},"end":{"line":60,"column":100}}]},"11":{"loc":{"start":{"line":60,"column":26},"end":{"line":60,"column":90}},"type":"binary-expr","locations":[{"start":{"line":60,"column":26},"end":{"line":60,"column":90}},{"start":{"line":60,"column":88},"end":{"line":60,"column":90}}]},"12":{"loc":{"start":{"line":64,"column":22},"end":{"line":64,"column":45}},"type":"binary-expr","locations":[{"start":{"line":64,"column":22},"end":{"line":64,"column":40}},{"start":{"line":64,"column":44},"end":{"line":64,"column":45}}]},"13":{"loc":{"start":{"line":64,"column":22},"end":{"line":64,"column":40}},"type":"cond-expr","locations":[{"start":{"line":64,"column":29},"end":{"line":64,"column":31}},{"start":{"line":64,"column":22},"end":{"line":64,"column":40}}]},"14":{"loc":{"start":{"line":64,"column":22},"end":{"line":64,"column":31}},"type":"binary-expr","locations":[{"start":{"line":64,"column":22},"end":{"line":64,"column":31}},{"start":{"line":64,"column":22},"end":{"line":64,"column":31}}]},"15":{"loc":{"start":{"line":78,"column":4},"end":{"line":85,"column":5}},"type":"if","locations":[{"start":{"line":78,"column":4},"end":{"line":85,"column":5}},{"start":{},"end":{}}]},"16":{"loc":{"start":{"line":78,"column":8},"end":{"line":78,"column":47}},"type":"binary-expr","locations":[{"start":{"line":78,"column":8},"end":{"line":78,"column":20}},{"start":{"line":78,"column":24},"end":{"line":78,"column":31}},{"start":{"line":78,"column":35},"end":{"line":78,"column":47}}]},"17":{"loc":{"start":{"line":183,"column":13},"end":{"line":189,"column":null}},"type":"binary-expr","locations":[{"start":{"line":183,"column":13},"end":{"line":183,"column":29}},{"start":{"line":184,"column":14},"end":{"line":188,"column":null}}]},"18":{"loc":{"start":{"line":195,"column":24},"end":{"line":195,"column":63}},"type":"binary-expr","locations":[{"start":{"line":195,"column":24},"end":{"line":195,"column":36}},{"start":{"line":195,"column":40},"end":{"line":195,"column":47}},{"start":{"line":195,"column":51},"end":{"line":195,"column":63}}]}},"s":{"0":0,"1":0,"2":0,"3":0,"4":0,"5":0,"6":0,"7":0,"8":0,"9":0,"10":0,"11":0,"12":0,"13":0,"14":0,"15":0,"16":0,"17":0,"18":0,"19":0,"20":0,"21":0,"22":0,"23":0,"24":0,"25":0,"26":0,"27":0,"28":0,"29":0,"30":0,"31":0,"32":0,"33":0,"34":0,"35":0,"36":0,"37":0,"38":0,"39":0,"40":0,"41":0,"42":0,"43":0,"44":0,"45":0,"46":0},"f":{"0":0,"1":0,"2":0,"3":0,"4":0,"5":0,"6":0,"7":0,"8":0,"9":0,"10":0,"11":0},"b":{"0":[0,0],"1":[0,0],"2":[0,0,0],"3":[0,0],"4":[0,0],"5":[0,0],"6":[0,0],"7":[0,0],"8":[0,0],"9":[0,0],"10":[0,0],"11":[0,0],"12":[0,0],"13":[0,0],"14":[0,0],"15":[0,0],"16":[0,0,0],"17":[0,0],"18":[0,0,0]}}
,"C:\\my_projects\\benyamine-github\\optimum-solutions-group\\src\\components\\ResourcePrefetcher.tsx": {"path":"C:\\my_projects\\benyamine-github\\optimum-solutions-group\\src\\components\\ResourcePrefetcher.tsx","statementMap":{"0":{"start":{"line":2,"column":27},"end":{"line":4,"column":1}},"1":{"start":{"line":3,"column":2},"end":{"line":3,"column":14}},"2":{"start":{"line":6,"column":0},"end":{"line":6,"column":34}}},"fnMap":{"0":{"name":"(anonymous_0)","decl":{"start":{"line":2,"column":27},"end":{"line":2,"column":30}},"loc":{"start":{"line":2,"column":32},"end":{"line":4,"column":1}}}},"branchMap":{},"s":{"0":0,"1":0,"2":0},"f":{"0":0},"b":{}}
,"C:\\my_projects\\benyamine-github\\optimum-solutions-group\\src\\components\\ServicesSection.tsx": {"path":"C:\\my_projects\\benyamine-github\\optimum-solutions-group\\src\\components\\ServicesSection.tsx","statementMap":{"0":{"start":{"line":1,"column":0},"end":{"line":1,"column":125}},"1":{"start":{"line":2,"column":0},"end":{"line":2,"column":48}},"2":{"start":{"line":3,"column":0},"end":{"line":3,"column":60}},"3":{"start":{"line":5,"column":24},"end":{"line":167,"column":1}},"4":{"start":{"line":6,"column":20},"end":{"line":6,"column":40}},"5":{"start":{"line":7,"column":18},"end":{"line":7,"column":38}},"6":{"start":{"line":9,"column":19},"end":{"line":90,"column":4}},"7":{"start":{"line":92,"column":26},"end":{"line":97,"column":3}},"8":{"start":{"line":93,"column":20},"end":{"line":93,"column":54}},"9":{"start":{"line":94,"column":4},"end":{"line":96,"column":5}},"10":{"start":{"line":95,"column":6},"end":{"line":95,"column":53}},"11":{"start":{"line":99,"column":2},"end":{"line":166,"column":4}},"12":{"start":{"line":114,"column":12},"end":{"line":114,"column":29}},"13":{"start":{"line":127,"column":20},"end":{"line":127,"column":44}},"14":{"start":{"line":169,"column":0},"end":{"line":169,"column":31}}},"fnMap":{"0":{"name":"(anonymous_1)","decl":{"start":{"line":5,"column":24},"end":{"line":5,"column":27}},"loc":{"start":{"line":5,"column":29},"end":{"line":167,"column":1}}},"1":{"name":"(anonymous_2)","decl":{"start":{"line":92,"column":26},"end":{"line":92,"column":29}},"loc":{"start":{"line":92,"column":31},"end":{"line":97,"column":3}}},"2":{"name":"(anonymous_3)","decl":{"start":{"line":113,"column":24},"end":{"line":113,"column":25}},"loc":{"start":{"line":114,"column":12},"end":{"line":114,"column":29}}},"3":{"name":"(anonymous_4)","decl":{"start":{"line":126,"column":40},"end":{"line":126,"column":41}},"loc":{"start":{"line":127,"column":20},"end":{"line":127,"column":44}}}},"branchMap":{"0":{"loc":{"start":{"line":94,"column":4},"end":{"line":96,"column":5}},"type":"if","locations":[{"start":{"line":94,"column":4},"end":{"line":96,"column":5}},{"start":{},"end":{}}]}},"s":{"0":0,"1":0,"2":0,"3":0,"4":0,"5":0,"6":0,"7":0,"8":0,"9":0,"10":0,"11":0,"12":0,"13":0,"14":0},"f":{"0":0,"1":0,"2":0,"3":0},"b":{"0":[0,0]}}
,"C:\\my_projects\\benyamine-github\\optimum-solutions-group\\src\\components\\TestimonialsSection.tsx": {"path":"C:\\my_projects\\benyamine-github\\optimum-solutions-group\\src\\components\\TestimonialsSection.tsx","statementMap":{"0":{"start":{"line":1,"column":0},"end":{"line":1,"column":43}},"1":{"start":{"line":3,"column":28},"end":{"line":125,"column":1}},"2":{"start":{"line":4,"column":23},"end":{"line":53,"column":4}},"3":{"start":{"line":55,"column":2},"end":{"line":124,"column":4}},"4":{"start":{"line":70,"column":12},"end":{"line":70,"column":29}},"5":{"start":{"line":73,"column":18},"end":{"line":73,"column":32}},"6":{"start":{"line":111,"column":18},"end":{"line":111,"column":31}},"7":{"start":{"line":127,"column":0},"end":{"line":127,"column":35}}},"fnMap":{"0":{"name":"(anonymous_0)","decl":{"start":{"line":3,"column":28},"end":{"line":3,"column":31}},"loc":{"start":{"line":3,"column":33},"end":{"line":125,"column":1}}},"1":{"name":"(anonymous_1)","decl":{"start":{"line":69,"column":28},"end":{"line":69,"column":29}},"loc":{"start":{"line":70,"column":12},"end":{"line":70,"column":29}}},"2":{"name":"(anonymous_2)","decl":{"start":{"line":72,"column":52},"end":{"line":72,"column":53}},"loc":{"start":{"line":73,"column":18},"end":{"line":73,"column":32}}},"3":{"name":"(anonymous_3)","decl":{"start":{"line":110,"column":35},"end":{"line":110,"column":36}},"loc":{"start":{"line":111,"column":18},"end":{"line":111,"column":31}}}},"branchMap":{},"s":{"0":0,"1":0,"2":0,"3":0,"4":0,"5":0,"6":0,"7":0},"f":{"0":0,"1":0,"2":0,"3":0},"b":{}}
,"C:\\my_projects\\benyamine-github\\optimum-solutions-group\\src\\components\\index.ts": {"path":"C:\\my_projects\\benyamine-github\\optimum-solutions-group\\src\\components\\index.ts","statementMap":{"0":{"start":{"line":2,"column":0},"end":{"line":2,"column":9}},"1":{"start":{"line":2,"column":9},"end":{"line":2,"column":30}},"2":{"start":{"line":3,"column":0},"end":{"line":3,"column":9}},"3":{"start":{"line":3,"column":9},"end":{"line":3,"column":31}},"4":{"start":{"line":4,"column":0},"end":{"line":4,"column":9}},"5":{"start":{"line":4,"column":9},"end":{"line":4,"column":32}},"6":{"start":{"line":5,"column":0},"end":{"line":5,"column":9}},"7":{"start":{"line":5,"column":9},"end":{"line":5,"column":35}},"8":{"start":{"line":6,"column":0},"end":{"line":6,"column":9}},"9":{"start":{"line":6,"column":9},"end":{"line":6,"column":30}},"10":{"start":{"line":7,"column":0},"end":{"line":7,"column":9}},"11":{"start":{"line":7,"column":9},"end":{"line":7,"column":36}},"12":{"start":{"line":8,"column":0},"end":{"line":8,"column":9}},"13":{"start":{"line":8,"column":9},"end":{"line":8,"column":39}},"14":{"start":{"line":9,"column":0},"end":{"line":9,"column":9}},"15":{"start":{"line":9,"column":9},"end":{"line":9,"column":36}},"16":{"start":{"line":10,"column":0},"end":{"line":10,"column":9}},"17":{"start":{"line":10,"column":9},"end":{"line":10,"column":30}},"18":{"start":{"line":11,"column":0},"end":{"line":11,"column":9}},"19":{"start":{"line":11,"column":9},"end":{"line":11,"column":34}},"20":{"start":{"line":12,"column":0},"end":{"line":12,"column":9}},"21":{"start":{"line":12,"column":9},"end":{"line":12,"column":26}},"22":{"start":{"line":13,"column":0},"end":{"line":13,"column":9}},"23":{"start":{"line":13,"column":9},"end":{"line":13,"column":29}},"24":{"start":{"line":14,"column":0},"end":{"line":14,"column":9}},"25":{"start":{"line":14,"column":9},"end":{"line":14,"column":32}},"26":{"start":{"line":15,"column":0},"end":{"line":15,"column":9}},"27":{"start":{"line":15,"column":9},"end":{"line":15,"column":48}},"28":{"start":{"line":16,"column":0},"end":{"line":16,"column":9}},"29":{"start":{"line":16,"column":9},"end":{"line":16,"column":29}},"30":{"start":{"line":17,"column":0},"end":{"line":17,"column":9}},"31":{"start":{"line":17,"column":9},"end":{"line":17,"column":34}},"32":{"start":{"line":18,"column":0},"end":{"line":18,"column":9}},"33":{"start":{"line":18,"column":9},"end":{"line":18,"column":33}},"34":{"start":{"line":21,"column":0},"end":{"line":21,"column":9}},"35":{"start":{"line":21,"column":9},"end":{"line":21,"column":31}},"36":{"start":{"line":22,"column":0},"end":{"line":22,"column":9}},"37":{"start":{"line":22,"column":9},"end":{"line":22,"column":32}}},"fnMap":{"0":{"name":"(anonymous_1)","decl":{"start":{"line":2,"column":9},"end":{"line":2,"column":16}},"loc":{"start":{"line":2,"column":9},"end":{"line":2,"column":30}}},"1":{"name":"(anonymous_2)","decl":{"start":{"line":3,"column":9},"end":{"line":3,"column":16}},"loc":{"start":{"line":3,"column":9},"end":{"line":3,"column":31}}},"2":{"name":"(anonymous_3)","decl":{"start":{"line":4,"column":9},"end":{"line":4,"column":16}},"loc":{"start":{"line":4,"column":9},"end":{"line":4,"column":32}}},"3":{"name":"(anonymous_4)","decl":{"start":{"line":5,"column":9},"end":{"line":5,"column":16}},"loc":{"start":{"line":5,"column":9},"end":{"line":5,"column":35}}},"4":{"name":"(anonymous_5)","decl":{"start":{"line":6,"column":9},"end":{"line":6,"column":16}},"loc":{"start":{"line":6,"column":9},"end":{"line":6,"column":30}}},"5":{"name":"(anonymous_6)","decl":{"start":{"line":7,"column":9},"end":{"line":7,"column":16}},"loc":{"start":{"line":7,"column":9},"end":{"line":7,"column":36}}},"6":{"name":"(anonymous_7)","decl":{"start":{"line":8,"column":9},"end":{"line":8,"column":16}},"loc":{"start":{"line":8,"column":9},"end":{"line":8,"column":39}}},"7":{"name":"(anonymous_8)","decl":{"start":{"line":9,"column":9},"end":{"line":9,"column":16}},"loc":{"start":{"line":9,"column":9},"end":{"line":9,"column":36}}},"8":{"name":"(anonymous_9)","decl":{"start":{"line":10,"column":9},"end":{"line":10,"column":16}},"loc":{"start":{"line":10,"column":9},"end":{"line":10,"column":30}}},"9":{"name":"(anonymous_10)","decl":{"start":{"line":11,"column":9},"end":{"line":11,"column":16}},"loc":{"start":{"line":11,"column":9},"end":{"line":11,"column":34}}},"10":{"name":"(anonymous_11)","decl":{"start":{"line":12,"column":9},"end":{"line":12,"column":16}},"loc":{"start":{"line":12,"column":9},"end":{"line":12,"column":26}}},"11":{"name":"(anonymous_12)","decl":{"start":{"line":13,"column":9},"end":{"line":13,"column":16}},"loc":{"start":{"line":13,"column":9},"end":{"line":13,"column":29}}},"12":{"name":"(anonymous_13)","decl":{"start":{"line":14,"column":9},"end":{"line":14,"column":16}},"loc":{"start":{"line":14,"column":9},"end":{"line":14,"column":32}}},"13":{"name":"(anonymous_14)","decl":{"start":{"line":15,"column":9},"end":{"line":15,"column":22}},"loc":{"start":{"line":15,"column":9},"end":{"line":15,"column":48}}},"14":{"name":"(anonymous_15)","decl":{"start":{"line":16,"column":9},"end":{"line":16,"column":16}},"loc":{"start":{"line":16,"column":9},"end":{"line":16,"column":29}}},"15":{"name":"(anonymous_16)","decl":{"start":{"line":17,"column":9},"end":{"line":17,"column":16}},"loc":{"start":{"line":17,"column":9},"end":{"line":17,"column":34}}},"16":{"name":"(anonymous_17)","decl":{"start":{"line":18,"column":9},"end":{"line":18,"column":16}},"loc":{"start":{"line":18,"column":9},"end":{"line":18,"column":33}}},"17":{"name":"(anonymous_18)","decl":{"start":{"line":21,"column":9},"end":{"line":21,"column":16}},"loc":{"start":{"line":21,"column":9},"end":{"line":21,"column":31}}},"18":{"name":"(anonymous_19)","decl":{"start":{"line":22,"column":9},"end":{"line":22,"column":16}},"loc":{"start":{"line":22,"column":9},"end":{"line":22,"column":32}}}},"branchMap":{},"s":{"0":0,"1":0,"2":0,"3":0,"4":0,"5":0,"6":0,"7":0,"8":0,"9":0,"10":0,"11":0,"12":0,"13":0,"14":0,"15":0,"16":0,"17":0,"18":0,"19":0,"20":0,"21":0,"22":0,"23":0,"24":0,"25":0,"26":0,"27":0,"28":0,"29":0,"30":0,"31":0,"32":0,"33":0,"34":0,"35":0,"36":0,"37":0},"f":{"0":0,"1":0,"2":0,"3":0,"4":0,"5":0,"6":0,"7":0,"8":0,"9":0,"10":0,"11":0,"12":0,"13":0,"14":0,"15":0,"16":0,"17":0,"18":0},"b":{}}
[...]
},"18":{"start":{"line":38,"column":0},"end":{"line":38,"column":32}}},"fnMap":{"0":{"name":"(anonymous_0)","decl":{"start":{"line":3,"column":32},"end":{"line":3,"column":35}},"loc":{"start":{"line":3,"column":37},"end":{"line":36,"column":1}}},"1":{"name":"(anonymous_1)","decl":{"start":{"line":4,"column":12},"end":{"line":4,"column":15}},"loc":{"start":{"line":4,"column":17},"end":{"line":35,"column":3}}},"2":{"name":"(anonymous_2)","decl":{"start":{"line":6,"column":38},"end":{"line":6,"column":41}},"loc":{"start":{"line":6,"column":43},"end":{"line":33,"column":7}}},"3":{"name":"(anonymous_3)","decl":{"start":{"line":8,"column":16},"end":{"line":8,"column":17}},"loc":{"start":{"line":8,"column":33},"end":{"line":27,"column":11}}},"4":{"name":"(anonymous_4)","decl":{"start":{"line":14,"column":57},"end":{"line":14,"column":60}},"loc":{"start":{"line":14,"column":62},"end":{"line":26,"column":13}}},"5":{"name":"(anonymous_5)","decl":{"start":{"line":17,"column":58},"end":{"line":17,"column":61}},"loc":{"start":{"line":17,"column":63},"end":{"line":24,"column":17}}},"6":{"name":"(anonymous_6)","decl":{"start":{"line":28,"column":17},"end":{"line":28,"column":18}},"loc":{"start":{"line":28,"column":39},"end":{"line":32,"column":11}}}},"branchMap":{"0":{"loc":{"start":{"line":5,"column":4},"end":{"line":34,"column":5}},"type":"if","locations":[{"start":{"line":5,"column":4},"end":{"line":34,"column":5}},{"start":{},"end":{}}]},"1":{"loc":{"start":{"line":9,"column":12},"end":{"line":11,"column":13}},"type":"if","locations":[{"start":{"line":9,"column":12},"end":{"line":11,"column":13}},{"start":{},"end":{}}]},"2":{"loc":{"start":{"line":16,"column":14},"end":{"line":25,"column":15}},"type":"if","locations":[{"start":{"line":16,"column":14},"end":{"line":25,"column":15}},{"start":{},"end":{}}]},"3":{"loc":{"start":{"line":18,"column":18},"end":{"line":23,"column":19}},"type":"if","locations":[{"start":{"line":18,"column":18},"end":{"line":23,"column":19}},{"start":{},"end":{}}]},"4":{"loc":{"start":{"line":18,"column":22},"end":{"line":18,"column":91}},"type":"binary-expr","locations":[{"start":{"line":18,"column":22},"end":{"line":18,"column":53}},{"start":{"line":18,"column":57},"end":{"line":18,"column":91}}]},"5":{"loc":{"start":{"line":20,"column":20},"end":{"line":22,"column":21}},"type":"if","locations":[{"start":{"line":20,"column":20},"end":{"line":22,"column":21}},{"start":{},"end":{}}]},"6":{"loc":{"start":{"line":29,"column":12},"end":{"line":31,"column":13}},"type":"if","locations":[{"start":{"line":29,"column":12},"end":{"line":31,"column":13}},{"start":{},"end":{}}]}},"s":{"0":0,"1":0,"2":0,"3":0,"4":0,"5":0,"6":0,"7":0,"8":0,"9":0,"10":0,"11":0,"12":0,"13":0,"14":0,"15":0,"16":0,"17":0,"18":0},"f":{"0":0,"1":0,"2":0,"3":0,"4":0,"5":0,"6":0},"b":{"0":[0,0],"1":[0,0],"2":[0,0],"3":[0,0],"4":[0,0],"5":[0,0],"6":[0,0]}}
,"C:\\my_projects\\benyamine-github\\optimum-solutions-group\\src\\lib\\utils.ts": {"path":"C:\\my_projects\\benyamine-github\\optimum-solutions-group\\src\\lib\\utils.ts","statementMap":{"0":{"start":{"line":4,"column":0},"end":{"line":4,"column":16}},"1":{"start":{"line":1,"column":0},"end":{"line":1,"column":44}},"2":{"start":{"line":2,"column":0},"end":{"line":2,"column":40}},"3":{"start":{"line":5,"column":2},"end":{"line":5,"column":null}}},"fnMap":{"0":{"name":"cn","decl":{"start":{"line":4,"column":16},"end":{"line":4,"column":18}},"loc":{"start":{"line":4,"column":42},"end":{"line":6,"column":1}}}},"branchMap":{},"s":{"0":1,"1":1,"2":1,"3":6},"f":{"0":6},"b":{}}
,"C:\\my_projects\\benyamine-github\\optimum-solutions-group\\src\\pages\\Index.tsx": {"path":"C:\\my_projects\\benyamine-github\\optimum-solutions-group\\src\\pages\\Index.tsx","statementMap":{"0":{"start":{"line":1,"column":0},"end":{"line":1,"column":26}},"1":{"start":{"line":2,"column":0},"end":{"line":2,"column":null}},"2":{"start":{"line":18,"column":0},"end":{"line":18,"column":57}},"3":{"start":{"line":19,"column":0},"end":{"line":19,"column":53}},"4":{"start":{"line":20,"column":0},"end":{"line":20,"column":53}},"5":{"start":{"line":22,"column":14},"end":{"line":54,"column":1}},"6":{"start":{"line":23,"column":20},"end":{"line":23,"column":33}},"7":{"start":{"line":25,"column":2},"end":{"line":27,"column":3}},"8":{"start":{"line":26,"column":4},"end":{"line":26,"column":29}},"9":{"start":{"line":29,"column":2},"end":{"line":53,"column":4}},"10":{"start":{"line":56,"column":0},"end":{"line":56,"column":21}}},"fnMap":{"0":{"name":"(anonymous_1)","decl":{"start":{"line":22,"column":14},"end":{"line":22,"column":17}},"loc":{"start":{"line":22,"column":19},"end":{"line":54,"column":1}}}},"branchMap":{"0":{"loc":{"start":{"line":25,"column":2},"end":{"line":27,"column":3}},"type":"if","locations":[{"start":{"line":25,"column":2},"end":{"line":27,"column":3}},{"start":{},"end":{}}]}},"s":{"0":0,"1":0,"2":0,"3":0,"4":0,"5":0,"6":0,"7":0,"8":0,"9":0,"10":0},"f":{"0":0},"b":{"0":[0,0]}}
,"C:\\my_projects\\benyamine-github\\optimum-solutions-group\\src\\pages\\NotFound.tsx": {"path":"C:\\my_projects\\benyamine-github\\optimum-solutions-group\\src\\pages\\NotFound.tsx","statementMap":{"0":{"start":{"line":1,"column":0},"end":{"line":1,"column":47}},"1":{"start":{"line":2,"column":0},"end":{"line":2,"column":34}},"2":{"start":{"line":3,"column":0},"end":{"line":3,"column":46}},"3":{"start":{"line":5,"column":17},"end":{"line":23,"column":1}},"4":{"start":{"line":6,"column":19},"end":{"line":6,"column":32}},"5":{"start":{"line":8,"column":2},"end":{"line":10,"column":26}},"6":{"start":{"line":9,"column":4},"end":{"line":9,"column":42}},"7":{"start":{"line":12,"column":2},"end":{"line":22,"column":4}},"8":{"start":{"line":25,"column":0},"end":{"line":25,"column":24}}},"fnMap":{"0":{"name":"(anonymous_0)","decl":{"start":{"line":5,"column":17},"end":{"line":5,"column":20}},"loc":{"start":{"line":5,"column":22},"end":{"line":23,"column":1}}},"1":{"name":"(anonymous_1)","decl":{"start":{"line":8,"column":12},"end":{"line":8,"column":15}},"loc":{"start":{"line":8,"column":17},"end":{"line":10,"column":3}}}},"branchMap":{},"s":{"0":0,"1":0,"2":0,"3":0,"4":0,"5":0,"6":0,"7":0,"8":0},"f":{"0":0,"1":0},"b":{}}
,"C:\\my_projects\\benyamine-github\\optimum-solutions-group\\src\\pages\\TestIndex.tsx": {"path":"C:\\my_projects\\benyamine-github\\optimum-solutions-group\\src\\pages\\TestIndex.tsx","statementMap":{"0":{"start":{"line":1,"column":0},"end":{"line":1,"column":31}},"1":{"start":{"line":3,"column":14},"end":{"line":10,"column":1}},"2":{"start":{"line":4,"column":2},"end":{"line":9,"column":4}},"3":{"start":{"line":12,"column":0},"end":{"line":12,"column":21}}},"fnMap":{"0":{"name":"(anonymous_6)","decl":{"start":{"line":3,"column":14},"end":{"line":3,"column":17}},"loc":{"start":{"line":3,"column":19},"end":{"line":10,"column":1}}}},"branchMap":{},"s":{"0":0,"1":0,"2":0,"3":0},"f":{"0":0},"b":{}}
,"C:\\my_projects\\benyamine-github\\optimum-solutions-group\\src\\utils\\analytics.ts": {"path":"C:\\my_projects\\benyamine-github\\optimum-solutions-group\\src\\utils\\analytics.ts","statementMap":{"0":{"start":{"line":15,"column":10},"end":{"line":15,"column":63}},"1":{"start":{"line":16,"column":10},"end":{"line":16,"column":39}},"2":{"start":{"line":19,"column":34},"end":{"line":23,"column":6}},"3":{"start":{"line":25,"column":4},"end":{"line":31,"column":5}},"4":{"start":{"line":27,"column":6},"end":{"line":27,"column":28}},"5":{"start":{"line":30,"column":6},"end":{"line":30,"column":45}},"6":{"start":{"line":35,"column":4},"end":{"line":35,"column":45}},"7":{"start":{"line":39,"column":4},"end":{"line":43,"column":7}},"8":{"start":{"line":47,"column":4},"end":{"line":47,"column":38}},"9":{"start":{"line":52,"column":4},"end":{"line":52,"column":27}},"10":{"start":{"line":55,"column":4},"end":{"line":59,"column":5}},"11":{"start":{"line":56,"column":6},"end":{"line":56,"column":19}},"12":{"start":{"line":58,"column":6},"end":{"line":58,"column":43}},"13":{"start":{"line":58,"column":23},"end":{"line":58,"column":35}},"14":{"start":{"line":63,"column":4},"end":{"line":63,"column":40}},"15":{"start":{"line":63,"column":33},"end":{"line":63,"column":40}},"16":{"start":{"line":68,"column":4},"end":{"line":68,"column":20}},"17":{"start":{"line":72,"column":13},"end":{"line":72,"column":41}},"18":{"start":{"line":73,"column":0},"end":{"line":73,"column":25}}},"fnMap":{"0":{"name":"(anonymous_0)","decl":{"start":{"line":14,"column":0},"end":{"line":14,"column":6}},"loc":{"start":{"line":14,"column":0},"end":{"line":70,"column":1}}},"1":{"name":"(anonymous_1)","decl":{"start":{"line":18,"column":2},"end":{"line":18,"column":7}},"loc":{"start":{"line":18,"column":59},"end":{"line":32,"column":3}}},"2":{"name":"(anonymous_2)","decl":{"start":{"line":34,"column":2},"end":{"line":34,"column":18}},"loc":{"start":{"line":34,"column":44},"end":{"line":36,"column":3}}},"3":{"name":"(anonymous_3)","decl":{"start":{"line":38,"column":2},"end":{"line":38,"column":12}},"loc":{"start":{"line":38,"column":56},"end":{"line":44,"column":3}}},"4":{"name":"(anonymous_4)","decl":{"start":{"line":46,"column":2},"end":{"line":46,"column":10}},"loc":{"start":{"line":46,"column":23},"end":{"line":48,"column":3}}},"5":{"name":"(anonymous_5)","decl":{"start":{"line":50,"column":10},"end":{"line":50,"column":19}},"loc":{"start":{"line":50,"column":41},"end":{"line":60,"column":3}}},"6":{"name":"(anonymous_6)","decl":{"start":{"line":58,"column":17},"end":{"line":58,"column":20}},"loc":{"start":{"line":58,"column":23},"end":{"line":58,"column":35}}},"7":{"name":"(anonymous_7)","decl":{"start":{"line":62,"column":10},"end":{"line":62,"column":15}},"loc":{"start":{"line":62,"column":15},"end":{"line":69,"column":3}}}},"branchMap":{"0":{"loc":{"start":{"line":25,"column":4},"end":{"line":31,"column":5}},"type":"if","locations":[{"start":{"line":25,"column":4},"end":{"line":31,"column":5}},{"start":{"line":28,"column":11},"end":{"line":31,"column":5}}]},"1":{"loc":{"start":{"line":55,"column":4},"end":{"line":59,"column":5}},"type":"if","locations":[{"start":{"line":55,"column":4},"end":{"line":59,"column":5}},{"start":{"line":57,"column":11},"end":{"line":59,"column":5}}]},"2":{"loc":{"start":{"line":63,"column":4},"end":{"line":63,"column":40}},"type":"if","locations":[{"start":{"line":63,"column":4},"end":{"line":63,"column":40}},{"start":{},"end":{}}]}},"s":{"0":0,"1":0,"2":0,"3":0,"4":0,"5":0,"6":0,"7":0,"8":0,"9":0,"10":0,"11":0,"12":0,"13":0,"14":0,"15":0,"16":0,"17":0,"18":0},"f":{"0":0,"1":0,"2":0,"3":0,"4":0,"5":0,"6":0,"7":0},"b":{"0":[0,0],"1":[0,0],"2":[0,0]}}
,"C:\\my_projects\\benyamine-github\\optimum-solutions-group\\src\\utils\\debounce.ts": {"path":"C:\\my_projects\\benyamine-github\\optimum-solutions-group\\src\\utils\\debounce.ts","statementMap":{"0":{"start":{"line":1,"column":0},"end":{"line":1,"column":16}},"1":{"start":{"line":26,"column":0},"end":{"line":26,"column":16}},"2":{"start":{"line":6,"column":39},"end":{"line":6,"column":43}},"3":{"start":{"line":8,"column":2},"end":{"line":23,"column":4}},"4":{"start":{"line":9,"column":18},"end":{"line":12,"column":5}},"5":{"start":{"line":10,"column":6},"end":{"line":10,"column":21}},"6":{"start":{"line":11,"column":6},"end":{"line":11,"column":36}},"7":{"start":{"line":11,"column":22},"end":{"line":11,"column":36}},"8":{"start":{"line":14,"column":20},"end":{"line":14,"column":41}},"9":{"start":{"line":16,"column":4},"end":{"line":18,"column":5}},"10":{"start":{"line":17,"column":6},"end":{"line":17,"column":28}},"11":{"start":{"line":20,"column":4},"end":{"line":20,"column":38}},"12":{"start":{"line":22,"column":4},"end":{"line":22,"column":31}},"13":{"start":{"line":22,"column":17},"end":{"line":22,"column":31}},"14":{"start":{"line":32,"column":2},"end":{"line":38,"column":4}},"15":{"start":{"line":33,"column":4},"end":{"line":37,"column":5}},"16":{"start":{"line":34,"column":6},"end":{"line":34,"column":29}},"17":{"start":{"line":35,"column":6},"end":{"line":35,"column":24}},"18":{"start":{"line":36,"column":6},"end":{"line":36,"column":50}},"19":{"start":{"line":36,"column":23},"end":{"line":36,"column":41}}},"fnMap":{"0":{"name":"debounce","decl":{"start":{"line":1,"column":16},"end":{"line":1,"column":24}},"loc":{"start":{"line":4,"column":19},"end":{"line":24,"column":1}}},"1":{"name":"executedFunction","decl":{"start":{"line":8,"column":18},"end":{"line":8,"column":34}},"loc":{"start":{"line":8,"column":57},"end":{"line":23,"column":3}}},"2":{"name":"(anonymous_2)","decl":{"start":{"line":9,"column":18},"end":{"line":9,"column":21}},"loc":{"start":{"line":9,"column":23},"end":{"line":12,"column":5}}},"3":{"name":"throttle","decl":{"start":{"line":26,"column":16},"end":{"line":26,"column":24}},"loc":{"start":{"line":28,"column":15},"end":{"line":39,"column":1}}},"4":{"name":"executedFunction","decl":{"start":{"line":32,"column":18},"end":{"line":32,"column":34}},"loc":{"start":{"line":32,"column":57},"end":{"line":38,"column":3}}},"5":{"name":"(anonymous_5)","decl":{"start":{"line":36,"column":17},"end":{"line":36,"column":20}},"loc":{"start":{"line":36,"column":23},"end":{"line":36,"column":41}}}},"branchMap":{"0":{"loc":{"start":{"line":4,"column":2},"end":{"line":4,"column":19}},"type":"default-arg","locations":[{"start":{"line":4,"column":14},"end":{"line":4,"column":19}}]},"1":{"loc":{"start":{"line":11,"column":6},"end":{"line":11,"column":36}},"type":"if","locations":[{"start":{"line":11,"column":6},"end":{"line":11,"column":36}},{"start":{},"end":{}}]},"2":{"loc":{"start":{"line":14,"column":20},"end":{"line":14,"column":41}},"type":"binary-expr","locations":[{"start":{"line":14,"column":20},"end":{"line":14,"column":29}},{"start":{"line":14,"column":33},"end":{"line":14,"column":41}}]},"3":{"loc":{"start":{"line":16,"column":4},"end":{"line":18,"column":5}},"type":"if","locations":[{"start":{"line":16,"column":4},"end":{"line":18,"column":5}},{"start":{},"end":{}}]},"4":{"loc":{"start":{"line":22,"column":4},"end":{"line":22,"column":31}},"type":"if","locations":[{"start":{"line":22,"column":4},"end":{"line":22,"column":31}},{"start":{},"end":{}}]},"5":{"loc":{"start":{"line":33,"column":4},"end":{"line":37,"column":5}},"type":"if","locations":[{"start":{"line":33,"column":4},"end":{"line":37,"column":5}},{"start":{},"end":{}}]}},"s":{"0":0,"1":0,"2":0,"3":0,"4":0,"5":0,"6":0,"7":0,"8":0,"9":0,"10":0,"11":0,"12":0,"13":0,"14":0,"15":0,"16":0,"17":0,"18":0,"19":0},"f":{"0":0,"1":0,"2":0,"3":0,"4":0,"5":0},"b":{"0":[0],"1":[0,0],"2":[0,0],"3":[0,0],"4":[0,0],"5":[0,0]}}
,"C:\\my_projects\\benyamine-github\\optimum-solutions-group\\src\\utils\\performanceBudget.ts": {"path":"C:\\my_projects\\benyamine-github\\optimum-solutions-group\\src\\utils\\performanceBudget.ts","statementMap":{"0":{"start":{"line":2,"column":13},"end":{"line":9,"column":2}},"1":{"start":{"line":11,"column":38},"end":{"line":26,"column":1}},"2":{"start":{"line":12,"column":86},"end":{"line":12,"column":88}},"3":{"start":{"line":15,"column":21},"end":{"line":15,"column":66}},"4":{"start":{"line":16,"column":2},"end":{"line":23,"column":3}},"5":{"start":{"line":17,"column":26},"end":{"line":17,"column":83}},"6":{"start":{"line":18,"column":4},"end":{"line":22,"column":6}},"7":{"start":{"line":25,"column":2},"end":{"line":25,"column":17}},"8":{"start":{"line":11,"column":13},"end":{"line":11,"column":38}},"9":{"start":{"line":28,"column":38},"end":{"line":48,"column":1}},"10":{"start":{"line":29,"column":24},"end":{"line":29,"column":48}},"11":{"start":{"line":31,"column":2},"end":{"line":47,"column":5}},"12":{"start":{"line":32,"column":4},"end":{"line":46,"column":5}},"13":{"start":{"line":33,"column":6},"end":{"line":38,"column":7}},"14":{"start":{"line":34,"column":8},"end":{"line":37,"column":10}},"15":{"start":{"line":41,"column":11},"end":{"line":46,"column":5}},"16":{"start":{"line":42,"column":6},"end":{"line":45,"column":8}},"17":{"start":{"line":28,"column":13},"end":{"line":28,"column":38}},"18":{"start":{"line":50,"column":0},"end":{"line":50,"column":87}}},"fnMap":{"0":{"name":"(anonymous_0)","decl":{"start":{"line":11,"column":38},"end":{"line":11,"column":41}},"loc":{"start":{"line":11,"column":43},"end":{"line":26,"column":1}}},"1":{"name":"(anonymous_1)","decl":{"start":{"line":28,"column":38},"end":{"line":28,"column":41}},"loc":{"start":{"line":28,"column":43},"end":{"line":48,"column":1}}},"2":{"name":"(anonymous_2)","decl":{"start":{"line":31,"column":40},"end":{"line":31,"column":41}},"loc":{"start":{"line":31,"column":61},"end":{"line":47,"column":3}}}},"branchMap":{"0":{"loc":{"start":{"line":16,"column":2},"end":{"line":23,"column":3}},"type":"if","locations":[{"start":{"line":16,"column":2},"end":{"line":23,"column":3}},{"start":{},"end":{}}]},"1":{"loc":{"start":{"line":16,"column":6},"end":{"line":16,"column":48}},"type":"binary-expr","locations":[{"start":{"line":16,"column":6},"end":{"line":16,"column":16}},{"start":{"line":16,"column":20},"end":{"line":16,"column":48}}]},"2":{"loc":{"start":{"line":17,"column":26},"end":{"line":17,"column":83}},"type":"binary-expr","locations":[{"start":{"line":17,"column":26},"end":{"line":17,"column":78}},{"start":{"line":17,"column":82},"end":{"line":17,"column":83}}]},"3":{"loc":{"start":{"line":32,"column":4},"end":{"line":46,"column":5}},"type":"if","locations":[{"start":{"line":32,"column":4},"end":{"line":46,"column":5}},{"start":{"line":41,"column":11},"end":{"line":46,"column":5}}]},"4":{"loc":{"start":{"line":33,"column":6},"end":{"line":38,"column":7}},"type":"if","locations":[{"start":{"line":33,"column":6},"end":{"line":38,"column":7}},{"start":{},"end":{}}]},"5":{"loc":{"start":{"line":41,"column":11},"end":{"line":46,"column":5}},"type":"if","locations":[{"start":{"line":41,"column":11},"end":{"line":46,"column":5}},{"start":{},"end":{}}]}},"s":{"0":0,"1":0,"2":0,"3":0,"4":0,"5":0,"6":0,"7":0,"8":0,"9":0,"10":0,"11":0,"12":0,"13":0,"14":0,"15":0,"16":0,"17":0,"18":0},"f":{"0":0,"1":0,"2":0},"b":{"0":[0,0],"1":[0,0],"2":[0,0],"3":[0,0],"4":[0,0],"5":[0,0]}}
,"C:\\my_projects\\benyamine-github\\optimum-solutions-group\\src\\utils\\seo.ts": {"path":"C:\\my_projects\\benyamine-github\\optimum-solutions-group\\src\\utils\\seo.ts","statementMap":{"0":{"start":{"line":1,"column":38},"end":{"line":34,"column":2}},"1":{"start":{"line":1,"column":45},"end":{"line":34,"column":2}},"2":{"start":{"line":1,"column":13},"end":{"line":1,"column":38}},"3":{"start":{"line":36,"column":35},"end":{"line":45,"column":2}},"4":{"start":{"line":36,"column":85},"end":{"line":45,"column":2}},"5":{"start":{"line":39,"column":49},"end":{"line":44,"column":4}},"6":{"start":{"line":36,"column":13},"end":{"line":36,"column":35}},"7":{"start":{"line":47,"column":41},"end":{"line":58,"column":2}},"8":{"start":{"line":47,"column":97},"end":{"line":58,"column":2}},"9":{"start":{"line":50,"column":33},"end":{"line":57,"column":4}},"10":{"start":{"line":47,"column":13},"end":{"line":47,"column":41}}},"fnMap":{"0":{"name":"(anonymous_0)","decl":{"start":{"line":1,"column":38},"end":{"line":1,"column":41}},"loc":{"start":{"line":1,"column":45},"end":{"line":34,"column":2}}},"1":{"name":"(anonymous_1)","decl":{"start":{"line":36,"column":35},"end":{"line":36,"column":36}},"loc":{"start":{"line":36,"column":85},"end":{"line":45,"column":2}}},"2":{"name":"(anonymous_2)","decl":{"start":{"line":39,"column":31},"end":{"line":39,"column":32}},"loc":{"start":{"line":39,"column":49},"end":{"line":44,"column":4}}},"3":{"name":"(anonymous_3)","decl":{"start":{"line":47,"column":41},"end":{"line":47,"column":42}},"loc":{"start":{"line":47,"column":97},"end":{"line":58,"column":2}}},"4":{"name":"(anonymous_4)","decl":{"start":{"line":50,"column":25},"end":{"line":50,"column":28}},"loc":{"start":{"line":50,"column":33},"end":{"line":57,"column":4}}}},"branchMap":{},"s":{"0":0,"1":0,"2":0,"3":0,"4":0,"5":0,"6":0,"7":0,"8":0,"9":0,"10":0},"f":{"0":0,"1":0,"2":0,"3":0,"4":0},"b":{}}
}
