{"C:\\my_projects\\benyamine-github\\optimum-solutions-group\\src\\App.tsx": {"path":"C:\\my_projects\\benyamine-github\\optimum-solutions-group\\src\\App.tsx","statementMap":{"0":{"start":{"line":1,"column":0},"end":{"line":1,"column":26}},"1":{"start":{"line":2,"column":0},"end":{"line":2,"column":46}},"2":{"start":{"line":3,"column":0},"end":{"line":3,"column":55}},"3":{"start":{"line":4,"column":0},"end":{"line":4,"column":54}},"4":{"start":{"line":5,"column":0},"end":{"line":5,"column":73}},"5":{"start":{"line":6,"column":0},"end":{"line":6,"column":64}},"6":{"start":{"line":7,"column":0},"end":{"line":7,"column":39}},"7":{"start":{"line":8,"column":0},"end":{"line":8,"column":58}},"8":{"start":{"line":9,"column":0},"end":{"line":9,"column":76}},"9":{"start":{"line":10,"column":0},"end":{"line":10,"column":72}},"10":{"start":{"line":11,"column":0},"end":{"line":11,"column":62}},"11":{"start":{"line":12,"column":0},"end":{"line":12,"column":82}},"12":{"start":{"line":13,"column":0},"end":{"line":13,"column":55}},"13":{"start":{"line":14,"column":0},"end":{"line":14,"column":75}},"14":{"start":{"line":16,"column":0},"end":{"line":16,"column":43}},"15":{"start":{"line":22,"column":0},"end":{"line":50,"column":1}},"16":{"start":{"line":23,"column":2},"end":{"line":34,"column":4}},"17":{"start":{"line":26,"column":6},"end":{"line":30,"column":25}},"18":{"start":{"line":31,"column":4},"end":{"line":31,"column":39}},"19":{"start":{"line":33,"column":4},"end":{"line":33,"column":17}},"20":{"start":{"line":37,"column":2},"end":{"line":49,"column":4}},"21":{"start":{"line":40,"column":6},"end":{"line":46,"column":39}},"22":{"start":{"line":47,"column":4},"end":{"line":47,"column":37}},"23":{"start":{"line":48,"column":4},"end":{"line":48,"column":17}},"24":{"start":{"line":53,"column":0},"end":{"line":53,"column":97}},"25":{"start":{"line":56,"column":14},"end":{"line":59,"column":2}},"26":{"start":{"line":57,"column":7},"end":{"line":57,"column":31}},"27":{"start":{"line":58,"column":8},"end":{"line":58,"column":12}},"28":{"start":{"line":61,"column":17},"end":{"line":65,"column":2}},"29":{"start":{"line":62,"column":7},"end":{"line":62,"column":34}},"30":{"start":{"line":68,"column":0},"end":{"line":94,"column":1}},"31":{"start":{"line":70,"column":2},"end":{"line":72,"column":3}},"32":{"start":{"line":71,"column":4},"end":{"line":71,"column":20}},"33":{"start":{"line":75,"column":2},"end":{"line":85,"column":3}},"34":{"start":{"line":76,"column":4},"end":{"line":84,"column":7}},"35":{"start":{"line":77,"column":6},"end":{"line":83,"column":9}},"36":{"start":{"line":78,"column":8},"end":{"line":80,"column":9}},"37":{"start":{"line":79,"column":10},"end":{"line":79,"column":66}},"38":{"start":{"line":82,"column":8},"end":{"line":82,"column":70}},"39":{"start":{"line":88,"column":2},"end":{"line":93,"column":11}},"40":{"start":{"line":90,"column":4},"end":{"line":92,"column":7}},"41":{"start":{"line":90,"column":4},"end":{"line":90,"column":31}},"42":{"start":{"line":97,"column":24},"end":{"line":104,"column":null}},"43":{"start":{"line":98,"column":2},"end":{"line":103,"column":null}},"44":{"start":{"line":107,"column":33},"end":{"line":107,"column":50}},"45":{"start":{"line":109,"column":22},"end":{"line":133,"column":1}},"46":{"start":{"line":110,"column":2},"end":{"line":132,"column":4}},"47":{"start":{"line":135,"column":0},"end":{"line":135,"column":19}}},"fnMap":{"0":{"name":"(anonymous_7)","decl":{"start":{"line":23,"column":19},"end":{"line":23,"column":29}},"loc":{"start":{"line":23,"column":66},"end":{"line":34,"column":3}}},"1":{"name":"(anonymous_8)","decl":{"start":{"line":37,"column":32},"end":{"line":37,"column":42}},"loc":{"start":{"line":37,"column":47},"end":{"line":49,"column":3}}},"2":{"name":"(anonymous_9)","decl":{"start":{"line":57,"column":2},"end":{"line":57,"column":5}},"loc":{"start":{"line":57,"column":7},"end":{"line":57,"column":31}}},"3":{"name":"(anonymous_10)","decl":{"start":{"line":57,"column":7},"end":{"line":57,"column":15}},"loc":{"start":{"line":57,"column":7},"end":{"line":57,"column":31}}},"4":{"name":"(anonymous_11)","decl":{"start":{"line":58,"column":2},"end":{"line":58,"column":5}},"loc":{"start":{"line":58,"column":8},"end":{"line":58,"column":12}}},"5":{"name":"(anonymous_12)","decl":{"start":{"line":62,"column":2},"end":{"line":62,"column":5}},"loc":{"start":{"line":62,"column":7},"end":{"line":62,"column":34}}},"6":{"name":"(anonymous_13)","decl":{"start":{"line":62,"column":7},"end":{"line":62,"column":15}},"loc":{"start":{"line":62,"column":7},"end":{"line":62,"column":34}}},"7":{"name":"(anonymous_14)","decl":{"start":{"line":76,"column":36},"end":{"line":76,"column":39}},"loc":{"start":{"line":76,"column":41},"end":{"line":84,"column":5}}},"8":{"name":"(anonymous_15)","decl":{"start":{"line":77,"column":43},"end":{"line":77,"column":44}},"loc":{"start":{"line":77,"column":54},"end":{"line":81,"column":7}}},"9":{"name":"(anonymous_16)","decl":{"start":{"line":81,"column":15},"end":{"line":81,"column":16}},"loc":{"start":{"line":81,"column":25},"end":{"line":83,"column":7}}},"10":{"name":"(anonymous_17)","decl":{"start":{"line":88,"column":13},"end":{"line":88,"column":16}},"loc":{"start":{"line":88,"column":18},"end":{"line":93,"column":3}}},"11":{"name":"(anonymous_18)","decl":{"start":{"line":90,"column":4},"end":{"line":90,"column":11}},"loc":{"start":{"line":90,"column":4},"end":{"line":90,"column":31}}},"12":{"name":"(anonymous_19)","decl":{"start":{"line":90,"column":37},"end":{"line":90,"column":40}},"loc":{"start":{"line":90,"column":42},"end":{"line":92,"column":5}}},"13":{"name":"(anonymous_20)","decl":{"start":{"line":97,"column":24},"end":{"line":97,"column":27}},"loc":{"start":{"line":98,"column":2},"end":{"line":103,"column":null}}},"14":{"name":"(anonymous_21)","decl":{"start":{"line":109,"column":22},"end":{"line":109,"column":25}},"loc":{"start":{"line":109,"column":27},"end":{"line":133,"column":1}}}},"branchMap":{"0":{"loc":{"start":{"line":22,"column":0},"end":{"line":50,"column":1}},"type":"if","locations":[{"start":{"line":22,"column":0},"end":{"line":50,"column":1}},{"start":{},"end":{}}]},"1":{"loc":{"start":{"line":22,"column":4},"end":{"line":22,"column":71}},"type":"binary-expr","locations":[{"start":{"line":22,"column":4},"end":{"line":22,"column":33}},{"start":{"line":22,"column":37},"end":{"line":22,"column":71}}]},"2":{"loc":{"start":{"line":26,"column":6},"end":{"line":30,"column":25}},"type":"cond-expr","locations":[{"start":{"line":27,"column":10},"end":{"line":27,"column":23}},{"start":{"line":28,"column":10},"end":{"line":30,"column":25}}]},"3":{"loc":{"start":{"line":28,"column":10},"end":{"line":30,"column":25}},"type":"cond-expr","locations":[{"start":{"line":29,"column":10},"end":{"line":29,"column":17}},{"start":{"line":30,"column":10},"end":{"line":30,"column":25}}]},"4":{"loc":{"start":{"line":40,"column":6},"end":{"line":46,"column":39}},"type":"cond-expr","locations":[{"start":{"line":41,"column":10},"end":{"line":45,"column":40}},{"start":{"line":46,"column":10},"end":{"line":46,"column":39}}]},"5":{"loc":{"start":{"line":40,"column":6},"end":{"line":40,"column":27}},"type":"binary-expr","locations":[{"start":{"line":40,"column":6},"end":{"line":40,"column":11}},{"start":{"line":40,"column":15},"end":{"line":40,"column":27}}]},"6":{"loc":{"start":{"line":41,"column":10},"end":{"line":45,"column":40}},"type":"cond-expr","locations":[{"start":{"line":42,"column":12},"end":{"line":42,"column":32}},{"start":{"line":43,"column":12},"end":{"line":45,"column":40}}]},"7":{"loc":{"start":{"line":43,"column":12},"end":{"line":45,"column":40}},"type":"cond-expr","locations":[{"start":{"line":44,"column":12},"end":{"line":44,"column":24}},{"start":{"line":45,"column":12},"end":{"line":45,"column":40}}]},"8":{"loc":{"start":{"line":68,"column":0},"end":{"line":94,"column":1}},"type":"if","locations":[{"start":{"line":68,"column":0},"end":{"line":94,"column":1}},{"start":{},"end":{}}]},"9":{"loc":{"start":{"line":70,"column":2},"end":{"line":72,"column":3}},"type":"if","locations":[{"start":{"line":70,"column":2},"end":{"line":72,"column":3}},{"start":{},"end":{}}]},"10":{"loc":{"start":{"line":70,"column":6},"end":{"line":70,"column":63}},"type":"binary-expr","locations":[{"start":{"line":70,"column":6},"end":{"line":70,"column":24}},{"start":{"line":70,"column":28},"end":{"line":70,"column":63}}]},"11":{"loc":{"start":{"line":75,"column":2},"end":{"line":85,"column":3}},"type":"if","locations":[{"start":{"line":75,"column":2},"end":{"line":85,"column":3}},{"start":{},"end":{}}]},"12":{"loc":{"start":{"line":78,"column":8},"end":{"line":80,"column":9}},"type":"if","locations":[{"start":{"line":78,"column":8},"end":{"line":80,"column":9}},{"start":{},"end":{}}]}},"s":{"0":0,"1":0,"2":0,"3":0,"4":0,"5":0,"6":0,"7":0,"8":0,"9":0,"10":0,"11":0,"12":0,"13":0,"14":0,"15":0,"16":0,"17":0,"18":0,"19":0,"20":0,"21":0,"22":0,"23":0,"24":0,"25":0,"26":0,"27":0,"28":0,"29":0,"30":0,"31":0,"32":0,"33":0,"34":0,"35":0,"36":0,"37":0,"38":0,"39":0,"40":0,"41":0,"42":0,"43":0,"44":0,"45":0,"46":0,"47":0},"f":{"0":0,"1":0,"2":0,"3":0,"4":0,"5":0,"6":0,"7":0,"8":0,"9":0,"10":0,"11":0,"12":0,"13":0,"14":0},"b":{"0":[0,0],"1":[0,0],"2":[0,0],"3":[0,0],"4":[0,0],"5":[0,0],"6":[0,0],"7":[0,0],"8":[0,0],"9":[0,0],"10":[0,0],"11":[0,0],"12":[0,0]}}
,"C:\\my_projects\\benyamine-github\\optimum-solutions-group\\src\\features\\about\\AboutSection.tsx": {"path":"C:\\my_projects\\benyamine-github\\optimum-solutions-group\\src\\features\\about\\AboutSection.tsx","statementMap":{"0":{"start":{"line":1,"column":0},"end":{"line":1,"column":63}},"1":{"start":{"line":3,"column":21},"end":{"line":97,"column":1}},"2":{"start":{"line":4,"column":19},"end":{"line":20,"column":4}},"3":{"start":{"line":22,"column":19},"end":{"line":29,"column":4}},"4":{"start":{"line":31,"column":2},"end":{"line":96,"column":4}},"5":{"start":{"line":51,"column":16},"end":{"line":51,"column":33}},"6":{"start":{"line":70,"column":18},"end":{"line":70,"column":35}},"7":{"start":{"line":99,"column":0},"end":{"line":99,"column":28}}},"fnMap":{"0":{"name":"(anonymous_0)","decl":{"start":{"line":3,"column":21},"end":{"line":3,"column":24}},"loc":{"start":{"line":3,"column":26},"end":{"line":97,"column":1}}},"1":{"name":"(anonymous_1)","decl":{"start":{"line":50,"column":28},"end":{"line":50,"column":29}},"loc":{"start":{"line":51,"column":16},"end":{"line":51,"column":33}}},"2":{"name":"(anonymous_2)","decl":{"start":{"line":69,"column":30},"end":{"line":69,"column":31}},"loc":{"start":{"line":70,"column":18},"end":{"line":70,"column":35}}}},"branchMap":{},"s":{"0":0,"1":0,"2":0,"3":0,"4":0,"5":0,"6":0,"7":0},"f":{"0":0,"1":0,"2":0},"b":{}}
,"C:\\my_projects\\benyamine-github\\optimum-solutions-group\\src\\features\\contact\\ContactSection.tsx": {"path":"C:\\my_projects\\benyamine-github\\optimum-solutions-group\\src\\features\\contact\\ContactSection.tsx","statementMap":{"0":{"start":{"line":1,"column":0},"end":{"line":1,"column":40}},"1":{"start":{"line":2,"column":0},"end":{"line":2,"column":44}},"2":{"start":{"line":3,"column":0},"end":{"line":3,"column":42}},"3":{"start":{"line":4,"column":0},"end":{"line":4,"column":48}},"4":{"start":{"line":5,"column":0},"end":{"line":5,"column":52}},"5":{"start":{"line":6,"column":0},"end":{"line":6,"column":74}},"6":{"start":{"line":8,"column":23},"end":{"line":317,"column":1}},"7":{"start":{"line":9,"column":20},"end":{"line":9,"column":30}},"8":{"start":{"line":10,"column":34},"end":{"line":19,"column":4}},"9":{"start":{"line":20,"column":42},"end":{"line":20,"column":57}},"10":{"start":{"line":22,"column":28},"end":{"line":27,"column":3}},"11":{"start":{"line":23,"column":4},"end":{"line":26,"column":7}},"12":{"start":{"line":29,"column":23},"end":{"line":62,"column":3}},"13":{"start":{"line":30,"column":4},"end":{"line":30,"column":23}},"14":{"start":{"line":31,"column":4},"end":{"line":31,"column":26}},"15":{"start":{"line":34,"column":4},"end":{"line":61,"column":5}},"16":{"start":{"line":35,"column":6},"end":{"line":35,"column":62}},"17":{"start":{"line":35,"column":35},"end":{"line":35,"column":60}},"18":{"start":{"line":37,"column":6},"end":{"line":40,"column":9}},"19":{"start":{"line":43,"column":6},"end":{"line":52,"column":9}},"20":{"start":{"line":54,"column":6},"end":{"line":58,"column":9}},"21":{"start":{"line":60,"column":6},"end":{"line":60,"column":29}},"22":{"start":{"line":64,"column":22},"end":{"line":89,"column":4}},"23":{"start":{"line":91,"column":23},"end":{"line":112,"column":4}},"24":{"start":{"line":114,"column":2},"end":{"line":316,"column":4}},"25":{"start":{"line":262,"column":16},"end":{"line":262,"column":33}},"26":{"start":{"line":282,"column":18},"end":{"line":282,"column":35}},"27":{"start":{"line":305,"column":18},"end":{"line":305,"column":35}},"28":{"start":{"line":319,"column":0},"end":{"line":319,"column":30}}},"fnMap":{"0":{"name":"(anonymous_6)","decl":{"start":{"line":8,"column":23},"end":{"line":8,"column":26}},"loc":{"start":{"line":8,"column":28},"end":{"line":317,"column":1}}},"1":{"name":"(anonymous_7)","decl":{"start":{"line":22,"column":28},"end":{"line":22,"column":29}},"loc":{"start":{"line":22,"column":113},"end":{"line":27,"column":3}}},"2":{"name":"(anonymous_8)","decl":{"start":{"line":29,"column":23},"end":{"line":29,"column":28}},"loc":{"start":{"line":29,"column":52},"end":{"line":62,"column":3}}},"3":{"name":"(anonymous_9)","decl":{"start":{"line":35,"column":24},"end":{"line":35,"column":31}},"loc":{"start":{"line":35,"column":35},"end":{"line":35,"column":60}}},"4":{"name":"(anonymous_10)","decl":{"start":{"line":261,"column":31},"end":{"line":261,"column":32}},"loc":{"start":{"line":262,"column":16},"end":{"line":262,"column":33}}},"5":{"name":"(anonymous_11)","decl":{"start":{"line":281,"column":34},"end":{"line":281,"column":35}},"loc":{"start":{"line":282,"column":18},"end":{"line":282,"column":35}}},"6":{"name":"(anonymous_12)","decl":{"start":{"line":304,"column":22},"end":{"line":304,"column":23}},"loc":{"start":{"line":305,"column":18},"end":{"line":305,"column":35}}}},"branchMap":{"0":{"loc":{"start":{"line":248,"column":17},"end":{"line":248,"column":78}},"type":"cond-expr","locations":[{"start":{"line":248,"column":32},"end":{"line":248,"column":52}},{"start":{"line":248,"column":55},"end":{"line":248,"column":78}}]}},"s":{"0":0,"1":0,"2":0,"3":0,"4":0,"5":0,"6":0,"7":0,"8":0,"9":0,"10":0,"11":0,"12":0,"13":0,"14":0,"15":0,"16":0,"17":0,"18":0,"19":0,"20":0,"21":0,"22":0,"23":0,"24":0,"25":0,"26":0,"27":0,"28":0},"f":{"0":0,"1":0,"2":0,"3":0,"4":0,"5":0,"6":0},"b":{"0":[0,0]}}
,"C:\\my_projects\\benyamine-github\\optimum-solutions-group\\src\\features\\hero\\HeroSection.tsx": {"path":"C:\\my_projects\\benyamine-github\\optimum-solutions-group\\src\\features\\hero\\HeroSection.tsx","statementMap":{"0":{"start":{"line":1,"column":0},"end":{"line":1,"column":70}},"1":{"start":{"line":2,"column":0},"end":{"line":2,"column":44}},"2":{"start":{"line":4,"column":0},"end":{"line":4,"column":68}},"3":{"start":{"line":5,"column":0},"end":{"line":5,"column":64}},"4":{"start":{"line":6,"column":0},"end":{"line":6,"column":74}},"5":{"start":{"line":7,"column":0},"end":{"line":7,"column":84}},"6":{"start":{"line":9,"column":30},"end":{"line":179,"column":2}},"7":{"start":{"line":10,"column":51},"end":{"line":10,"column":76}},"8":{"start":{"line":12,"column":26},"end":{"line":25,"column":44}},"9":{"start":{"line":13,"column":40},"end":{"line":13,"column":74}},"10":{"start":{"line":14,"column":4},"end":{"line":24,"column":5}},"11":{"start":{"line":15,"column":23},"end":{"line":15,"column":63}},"12":{"start":{"line":16,"column":6},"end":{"line":16,"column":43}},"13":{"start":{"line":19,"column":6},"end":{"line":21,"column":7}},"14":{"start":{"line":20,"column":8},"end":{"line":20,"column":30}},"15":{"start":{"line":22,"column":6},"end":{"line":22,"column":22}},"16":{"start":{"line":23,"column":6},"end":{"line":23,"column":53}},"17":{"start":{"line":27,"column":27},"end":{"line":40,"column":44}},"18":{"start":{"line":28,"column":40},"end":{"line":28,"column":75}},"19":{"start":{"line":29,"column":4},"end":{"line":39,"column":5}},"20":{"start":{"line":30,"column":23},"end":{"line":30,"column":63}},"21":{"start":{"line":31,"column":6},"end":{"line":31,"column":43}},"22":{"start":{"line":34,"column":6},"end":{"line":36,"column":7}},"23":{"start":{"line":35,"column":8},"end":{"line":35,"column":30}},"24":{"start":{"line":37,"column":6},"end":{"line":37,"column":22}},"25":{"start":{"line":38,"column":6},"end":{"line":38,"column":54}},"26":{"start":{"line":42,"column":2},"end":{"line":178,"column":4}},"27":{"start":{"line":182,"column":0},"end":{"line":182,"column":40}},"28":{"start":{"line":184,"column":0},"end":{"line":184,"column":27}}},"fnMap":{"0":{"name":"(anonymous_7)","decl":{"start":{"line":9,"column":35},"end":{"line":9,"column":38}},"loc":{"start":{"line":9,"column":40},"end":{"line":179,"column":1}}},"1":{"name":"(anonymous_8)","decl":{"start":{"line":12,"column":38},"end":{"line":12,"column":41}},"loc":{"start":{"line":12,"column":43},"end":{"line":25,"column":3}}},"2":{"name":"(anonymous_9)","decl":{"start":{"line":27,"column":39},"end":{"line":27,"column":42}},"loc":{"start":{"line":27,"column":44},"end":{"line":40,"column":3}}}},"branchMap":{"0":{"loc":{"start":{"line":14,"column":4},"end":{"line":24,"column":5}},"type":"if","locations":[{"start":{"line":14,"column":4},"end":{"line":24,"column":5}},{"start":{},"end":{}}]},"1":{"loc":{"start":{"line":15,"column":23},"end":{"line":15,"column":63}},"type":"cond-expr","locations":[{"start":{"line":15,"column":46},"end":{"line":15,"column":52}},{"start":{"line":15,"column":55},"end":{"line":15,"column":63}}]},"2":{"loc":{"start":{"line":19,"column":6},"end":{"line":21,"column":7}},"type":"if","locations":[{"start":{"line":19,"column":6},"end":{"line":21,"column":7}},{"start":{},"end":{}}]},"3":{"loc":{"start":{"line":29,"column":4},"end":{"line":39,"column":5}},"type":"if","locations":[{"start":{"line":29,"column":4},"end":{"line":39,"column":5}},{"start":{},"end":{}}]},"4":{"loc":{"start":{"line":30,"column":23},"end":{"line":30,"column":63}},"type":"cond-expr","locations":[{"start":{"line":30,"column":46},"end":{"line":30,"column":52}},{"start":{"line":30,"column":55},"end":{"line":30,"column":63}}]},"5":{"loc":{"start":{"line":34,"column":6},"end":{"line":36,"column":7}},"type":"if","locations":[{"start":{"line":34,"column":6},"end":{"line":36,"column":7}},{"start":{},"end":{}}]},"6":{"loc":{"start":{"line":70,"column":9},"end":{"line":70,"column":52}},"type":"binary-expr","locations":[{"start":{"line":70,"column":9},"end":{"line":70,"column":30}},{"start":{"line":70,"column":34},"end":{"line":70,"column":52}}]}},"s":{"0":0,"1":0,"2":0,"3":0,"4":0,"5":0,"6":0,"7":0,"8":0,"9":0,"10":0,"11":0,"12":0,"13":0,"14":0,"15":0,"16":0,"17":0,"18":0,"19":0,"20":0,"21":0,"22":0,"23":0,"24":0,"25":0,"26":0,"27":0,"28":0},"f":{"0":0,"1":0,"2":0},"b":{"0":[0,0],"1":[0,0],"2":[0,0],"3":[0,0],"4":[0,0],"5":[0,0],"6":[0,0]}}
,"C:\\my_projects\\benyamine-github\\optimum-solutions-group\\src\\features\\iot-solutions\\IoTSection.tsx": {"path":"C:\\my_projects\\benyamine-github\\optimum-solutions-group\\src\\features\\iot-solutions\\IoTSection.tsx","statementMap":{"0":{"start":{"line":1,"column":0},"end":{"line":1,"column":40}},"1":{"start":{"line":2,"column":0},"end":{"line":2,"column":44}},"2":{"start":{"line":3,"column":0},"end":{"line":3,"column":93}},"3":{"start":{"line":4,"column":0},"end":{"line":4,"column":null}},"4":{"start":{"line":18,"column":0},"end":{"line":18,"column":67}},"5":{"start":{"line":20,"column":19},"end":{"line":246,"column":1}},"6":{"start":{"line":21,"column":20},"end":{"line":21,"column":40}},"7":{"start":{"line":22,"column":21},"end":{"line":22,"column":41}},"8":{"start":{"line":23,"column":22},"end":{"line":23,"column":42}},"9":{"start":{"line":24,"column":40},"end":{"line":24,"column":69}},"10":{"start":{"line":26,"column":20},"end":{"line":72,"column":4}},"11":{"start":{"line":74,"column":22},"end":{"line":99,"column":4}},"12":{"start":{"line":101,"column":26},"end":{"line":106,"column":3}},"13":{"start":{"line":102,"column":20},"end":{"line":102,"column":54}},"14":{"start":{"line":103,"column":4},"end":{"line":105,"column":5}},"15":{"start":{"line":104,"column":6},"end":{"line":104,"column":53}},"16":{"start":{"line":108,"column":2},"end":{"line":245,"column":4}},"17":{"start":{"line":131,"column":14},"end":{"line":132,"column":null}},"18":{"start":{"line":136,"column":36},"end":{"line":136,"column":60}},"19":{"start":{"line":137,"column":36},"end":{"line":137,"column":56}},"20":{"start":{"line":151,"column":22},"end":{"line":151,"column":43}},"21":{"start":{"line":190,"column":14},"end":{"line":190,"column":32}},"22":{"start":{"line":205,"column":22},"end":{"line":205,"column":46}},"23":{"start":{"line":233,"column":31},"end":{"line":233,"column":null}},"24":{"start":{"line":248,"column":0},"end":{"line":248,"column":26}}},"fnMap":{"0":{"name":"(anonymous_7)","decl":{"start":{"line":20,"column":19},"end":{"line":20,"column":22}},"loc":{"start":{"line":20,"column":24},"end":{"line":246,"column":1}}},"1":{"name":"(anonymous_8)","decl":{"start":{"line":101,"column":26},"end":{"line":101,"column":29}},"loc":{"start":{"line":101,"column":31},"end":{"line":106,"column":3}}},"2":{"name":"(anonymous_9)","decl":{"start":{"line":130,"column":27},"end":{"line":130,"column":28}},"loc":{"start":{"line":131,"column":14},"end":{"line":132,"column":null}}},"3":{"name":"(anonymous_10)","decl":{"start":{"line":136,"column":30},"end":{"line":136,"column":33}},"loc":{"start":{"line":136,"column":36},"end":{"line":136,"column":60}}},"4":{"name":"(anonymous_11)","decl":{"start":{"line":137,"column":30},"end":{"line":137,"column":33}},"loc":{"start":{"line":137,"column":36},"end":{"line":137,"column":56}}},"5":{"name":"(anonymous_12)","decl":{"start":{"line":150,"column":37},"end":{"line":150,"column":38}},"loc":{"start":{"line":151,"column":22},"end":{"line":151,"column":43}}},"6":{"name":"(anonymous_13)","decl":{"start":{"line":189,"column":29},"end":{"line":189,"column":30}},"loc":{"start":{"line":190,"column":14},"end":{"line":190,"column":32}}},"7":{"name":"(anonymous_14)","decl":{"start":{"line":204,"column":42},"end":{"line":204,"column":43}},"loc":{"start":{"line":205,"column":22},"end":{"line":205,"column":46}}},"8":{"name":"(anonymous_15)","decl":{"start":{"line":233,"column":25},"end":{"line":233,"column":28}},"loc":{"start":{"line":233,"column":30},"end":{"line":233,"column":null}}}},"branchMap":{"0":{"loc":{"start":{"line":103,"column":4},"end":{"line":105,"column":5}},"type":"if","locations":[{"start":{"line":103,"column":4},"end":{"line":105,"column":5}},{"start":{},"end":{}}]},"1":{"loc":{"start":{"line":134,"column":18},"end":{"line":134,"column":null}},"type":"cond-expr","locations":[{"start":{"line":134,"column":45},"end":{"line":134,"column":79}},{"start":{"line":134,"column":82},"end":{"line":134,"column":null}}]},"2":{"loc":{"start":{"line":233,"column":31},"end":{"line":233,"column":107}},"type":"cond-expr","locations":[{"start":{"line":233,"column":67},"end":{"line":233,"column":69}},{"start":{"line":233,"column":67},"end":{"line":233,"column":107}}]},"3":{"loc":{"start":{"line":233,"column":31},"end":{"line":233,"column":69}},"type":"binary-expr","locations":[{"start":{"line":233,"column":31},"end":{"line":233,"column":69}},{"start":{"line":233,"column":67},"end":{"line":233,"column":69}}]}},"s":{"0":0,"1":0,"2":0,"3":0,"4":0,"5":0,"6":0,"7":0,"8":0,"9":0,"10":0,"11":0,"12":0,"13":0,"14":0,"15":0,"16":0,"17":0,"18":0,"19":0,"20":0,"21":0,"22":0,"23":0,"24":0},"f":{"0":0,"1":0,"2":0,"3":0,"4":0,"5":0,"6":0,"7":0,"8":0},"b":{"0":[0,0],"1":[0,0],"2":[0,0],"3":[0,0]}}
,"C:\\my_projects\\benyamine-github\\optimum-solutions-group\\src\\features\\navigation\\Navigation.tsx": {"path":"C:\\my_projects\\benyamine-github\\optimum-solutions-group\\src\\features\\navigation\\Navigation.tsx","statementMap":{"0":{"start":{"line":1,"column":0},"end":{"line":1,"column":87}},"1":{"start":{"line":2,"column":0},"end":{"line":2,"column":44}},"2":{"start":{"line":3,"column":0},"end":{"line":3,"column":39}},"3":{"start":{"line":4,"column":0},"end":{"line":4,"column":45}},"4":{"start":{"line":5,"column":0},"end":{"line":5,"column":86}},"5":{"start":{"line":6,"column":0},"end":{"line":6,"column":84}},"6":{"start":{"line":8,"column":19},"end":{"line":256,"column":2}},"7":{"start":{"line":9,"column":38},"end":{"line":9,"column":53}},"8":{"start":{"line":10,"column":38},"end":{"line":10,"column":53}},"9":{"start":{"line":11,"column":48},"end":{"line":11,"column":59}},"10":{"start":{"line":12,"column":17},"end":{"line":12,"column":42}},"11":{"start":{"line":13,"column":24},"end":{"line":13,"column":52}},"12":{"start":{"line":16,"column":74},"end":{"line":16,"column":99}},"13":{"start":{"line":25,"column":6},"end":{"line":28,"column":4}},"14":{"start":{"line":31,"column":23},"end":{"line":33,"column":8}},"15":{"start":{"line":32,"column":4},"end":{"line":32,"column":39}},"16":{"start":{"line":35,"column":2},"end":{"line":38,"column":21}},"17":{"start":{"line":36,"column":4},"end":{"line":36,"column":52}},"18":{"start":{"line":37,"column":4},"end":{"line":37,"column":68}},"19":{"start":{"line":37,"column":17},"end":{"line":37,"column":67}},"20":{"start":{"line":41,"column":19},"end":{"line":48,"column":8}},"21":{"start":{"line":41,"column":33},"end":{"line":48,"column":5}},"22":{"start":{"line":51,"column":26},"end":{"line":70,"column":44}},"23":{"start":{"line":52,"column":20},"end":{"line":52,"column":48}},"24":{"start":{"line":53,"column":4},"end":{"line":68,"column":5}},"25":{"start":{"line":54,"column":23},"end":{"line":54,"column":63}},"26":{"start":{"line":55,"column":6},"end":{"line":55,"column":43}},"27":{"start":{"line":58,"column":28},"end":{"line":58,"column":50}},"28":{"start":{"line":59,"column":6},"end":{"line":61,"column":7}},"29":{"start":{"line":60,"column":8},"end":{"line":60,"column":36}},"30":{"start":{"line":62,"column":6},"end":{"line":62,"column":28}},"31":{"start":{"line":65,"column":6},"end":{"line":67,"column":7}},"32":{"start":{"line":66,"column":8},"end":{"line":66,"column":62}},"33":{"start":{"line":69,"column":4},"end":{"line":69,"column":25}},"34":{"start":{"line":73,"column":21},"end":{"line":92,"column":34}},"35":{"start":{"line":74,"column":4},"end":{"line":91,"column":7}},"36":{"start":{"line":75,"column":23},"end":{"line":75,"column":28}},"37":{"start":{"line":78,"column":6},"end":{"line":78,"column":77}},"38":{"start":{"line":81,"column":6},"end":{"line":88,"column":7}},"39":{"start":{"line":83,"column":8},"end":{"line":87,"column":16}},"40":{"start":{"line":84,"column":10},"end":{"line":86,"column":11}},"41":{"start":{"line":85,"column":12},"end":{"line":85,"column":46}},"42":{"start":{"line":90,"column":6},"end":{"line":90,"column":22}},"43":{"start":{"line":95,"column":2},"end":{"line":103,"column":36}},"44":{"start":{"line":96,"column":4},"end":{"line":96,"column":61}},"45":{"start":{"line":97,"column":4},"end":{"line":97,"column":68}},"46":{"start":{"line":99,"column":4},"end":{"line":102,"column":6}},"47":{"start":{"line":100,"column":6},"end":{"line":100,"column":33}},"48":{"start":{"line":101,"column":6},"end":{"line":101,"column":33}},"49":{"start":{"line":106,"column":2},"end":{"line":119,"column":35}},"50":{"start":{"line":107,"column":25},"end":{"line":112,"column":5}},"51":{"start":{"line":108,"column":6},"end":{"line":111,"column":7}},"52":{"start":{"line":109,"column":8},"end":{"line":109,"column":29}},"53":{"start":{"line":110,"column":8},"end":{"line":110,"column":45}},"54":{"start":{"line":114,"column":4},"end":{"line":116,"column":5}},"55":{"start":{"line":115,"column":6},"end":{"line":115,"column":57}},"56":{"start":{"line":118,"column":4},"end":{"line":118,"column":71}},"57":{"start":{"line":118,"column":17},"end":{"line":118,"column":70}},"58":{"start":{"line":121,"column":2},"end":{"line":255,"column":4}},"59":{"start":{"line":135,"column":27},"end":{"line":135,"column":59}},"60":{"start":{"line":137,"column":14},"end":{"line":140,"column":15}},"61":{"start":{"line":138,"column":16},"end":{"line":138,"column":35}},"62":{"start":{"line":139,"column":16},"end":{"line":139,"column":49}},"63":{"start":{"line":183,"column":14},"end":{"line":184,"column":null}},"64":{"start":{"line":185,"column":31},"end":{"line":185,"column":69}},"65":{"start":{"line":195,"column":29},"end":{"line":195,"column":67}},"66":{"start":{"line":232,"column":16},"end":{"line":233,"column":null}},"67":{"start":{"line":234,"column":33},"end":{"line":234,"column":71}},"68":{"start":{"line":244,"column":31},"end":{"line":244,"column":69}},"69":{"start":{"line":259,"column":0},"end":{"line":259,"column":38}},"70":{"start":{"line":261,"column":0},"end":{"line":261,"column":26}}},"fnMap":{"0":{"name":"(anonymous_7)","decl":{"start":{"line":8,"column":24},"end":{"line":8,"column":27}},"loc":{"start":{"line":8,"column":29},"end":{"line":256,"column":1}}},"1":{"name":"(anonymous_8)","decl":{"start":{"line":31,"column":35},"end":{"line":31,"column":38}},"loc":{"start":{"line":31,"column":40},"end":{"line":33,"column":3}}},"2":{"name":"(anonymous_9)","decl":{"start":{"line":35,"column":12},"end":{"line":35,"column":15}},"loc":{"start":{"line":35,"column":17},"end":{"line":38,"column":3}}},"3":{"name":"(anonymous_10)","decl":{"start":{"line":37,"column":11},"end":{"line":37,"column":14}},"loc":{"start":{"line":37,"column":17},"end":{"line":37,"column":67}}},"4":{"name":"(anonymous_11)","decl":{"start":{"line":41,"column":27},"end":{"line":41,"column":30}},"loc":{"start":{"line":41,"column":33},"end":{"line":48,"column":5}}},"5":{"name":"(anonymous_12)","decl":{"start":{"line":51,"column":38},"end":{"line":51,"column":39}},"loc":{"start":{"line":51,"column":77},"end":{"line":70,"column":3}}},"6":{"name":"(anonymous_13)","decl":{"start":{"line":73,"column":33},"end":{"line":73,"column":36}},"loc":{"start":{"line":73,"column":38},"end":{"line":92,"column":3}}},"7":{"name":"(anonymous_14)","decl":{"start":{"line":74,"column":18},"end":{"line":74,"column":22}},"loc":{"start":{"line":74,"column":25},"end":{"line":91,"column":5}}},"8":{"name":"(anonymous_15)","decl":{"start":{"line":83,"column":19},"end":{"line":83,"column":22}},"loc":{"start":{"line":83,"column":24},"end":{"line":87,"column":9}}},"9":{"name":"(anonymous_16)","decl":{"start":{"line":95,"column":12},"end":{"line":95,"column":15}},"loc":{"start":{"line":95,"column":17},"end":{"line":103,"column":3}}},"10":{"name":"(anonymous_17)","decl":{"start":{"line":99,"column":11},"end":{"line":99,"column":14}},"loc":{"start":{"line":99,"column":16},"end":{"line":102,"column":5}}},"11":{"name":"(anonymous_18)","decl":{"start":{"line":106,"column":12},"end":{"line":106,"column":15}},"loc":{"start":{"line":106,"column":17},"end":{"line":119,"column":3}}},"12":{"name":"(anonymous_19)","decl":{"start":{"line":107,"column":25},"end":{"line":107,"column":26}},"loc":{"start":{"line":107,"column":50},"end":{"line":112,"column":5}}},"13":{"name":"(anonymous_20)","decl":{"start":{"line":118,"column":11},"end":{"line":118,"column":14}},"loc":{"start":{"line":118,"column":17},"end":{"line":118,"column":70}}},"14":{"name":"(anonymous_21)","decl":{"start":{"line":135,"column":21},"end":{"line":135,"column":24}},"loc":{"start":{"line":135,"column":27},"end":{"line":135,"column":59}}},"15":{"name":"(anonymous_22)","decl":{"start":{"line":136,"column":23},"end":{"line":136,"column":24}},"loc":{"start":{"line":136,"column":29},"end":{"line":141,"column":13}}},"16":{"name":"(anonymous_23)","decl":{"start":{"line":182,"column":26},"end":{"line":182,"column":27}},"loc":{"start":{"line":183,"column":14},"end":{"line":184,"column":null}}},"17":{"name":"(anonymous_24)","decl":{"start":{"line":185,"column":25},"end":{"line":185,"column":28}},"loc":{"start":{"line":185,"column":31},"end":{"line":185,"column":69}}},"18":{"name":"(anonymous_25)","decl":{"start":{"line":195,"column":23},"end":{"line":195,"column":26}},"loc":{"start":{"line":195,"column":29},"end":{"line":195,"column":67}}},"19":{"name":"(anonymous_26)","decl":{"start":{"line":231,"column":28},"end":{"line":231,"column":29}},"loc":{"start":{"line":232,"column":16},"end":{"line":233,"column":null}}},"20":{"name":"(anonymous_27)","decl":{"start":{"line":234,"column":27},"end":{"line":234,"column":30}},"loc":{"start":{"line":234,"column":33},"end":{"line":234,"column":71}}},"21":{"name":"(anonymous_28)","decl":{"start":{"line":244,"column":25},"end":{"line":244,"column":28}},"loc":{"start":{"line":244,"column":31},"end":{"line":244,"column":69}}}},"branchMap":{"0":{"loc":{"start":{"line":53,"column":4},"end":{"line":68,"column":5}},"type":"if","locations":[{"start":{"line":53,"column":4},"end":{"line":68,"column":5}},{"start":{},"end":{}}]},"1":{"loc":{"start":{"line":54,"column":23},"end":{"line":54,"column":63}},"type":"cond-expr","locations":[{"start":{"line":54,"column":46},"end":{"line":54,"column":52}},{"start":{"line":54,"column":55},"end":{"line":54,"column":63}}]},"2":{"loc":{"start":{"line":59,"column":6},"end":{"line":61,"column":7}},"type":"if","locations":[{"start":{"line":59,"column":6},"end":{"line":61,"column":7}},{"start":{},"end":{}}]},"3":{"loc":{"start":{"line":65,"column":6},"end":{"line":67,"column":7}},"type":"if","locations":[{"start":{"line":65,"column":6},"end":{"line":67,"column":7}},{"start":{},"end":{}}]},"4":{"loc":{"start":{"line":78,"column":21},"end":{"line":78,"column":75}},"type":"cond-expr","locations":[{"start":{"line":78,"column":32},"end":{"line":78,"column":52}},{"start":{"line":78,"column":55},"end":{"line":78,"column":75}}]},"5":{"loc":{"start":{"line":81,"column":6},"end":{"line":88,"column":7}},"type":"if","locations":[{"start":{"line":81,"column":6},"end":{"line":88,"column":7}},{"start":{},"end":{}}]},"6":{"loc":{"start":{"line":84,"column":10},"end":{"line":86,"column":11}},"type":"if","locations":[{"start":{"line":84,"column":10},"end":{"line":86,"column":11}},{"start":{},"end":{}}]},"7":{"loc":{"start":{"line":108,"column":6},"end":{"line":111,"column":7}},"type":"if","locations":[{"start":{"line":108,"column":6},"end":{"line":111,"column":7}},{"start":{},"end":{}}]},"8":{"loc":{"start":{"line":108,"column":10},"end":{"line":108,"column":46}},"type":"binary-expr","locations":[{"start":{"line":108,"column":10},"end":{"line":108,"column":32}},{"start":{"line":108,"column":36},"end":{"line":108,"column":46}}]},"9":{"loc":{"start":{"line":114,"column":4},"end":{"line":116,"column":5}},"type":"if","locations":[{"start":{"line":114,"column":4},"end":{"line":116,"column":5}},{"start":{},"end":{}}]},"10":{"loc":{"start":{"line":125,"column":8},"end":{"line":125,"column":null}},"type":"cond-expr","locations":[{"start":{"line":125,"column":21},"end":{"line":125,"column":66}},{"start":{"line":125,"column":69},"end":{"line":125,"column":null}}]},"11":{"loc":{"start":{"line":137,"column":14},"end":{"line":140,"column":15}},"type":"if","locations":[{"start":{"line":137,"column":14},"end":{"line":140,"column":15}},{"start":{},"end":{}}]},"12":{"loc":{"start":{"line":137,"column":18},"end":{"line":137,"column":52}},"type":"binary-expr","locations":[{"start":{"line":137,"column":18},"end":{"line":137,"column":35}},{"start":{"line":137,"column":39},"end":{"line":137,"column":52}}]},"13":{"loc":{"start":{"line":209,"column":24},"end":{"line":209,"column":85}},"type":"cond-expr","locations":[{"start":{"line":209,"column":37},"end":{"line":209,"column":60}},{"start":{"line":209,"column":63},"end":{"line":209,"column":85}}]},"14":{"loc":{"start":{"line":212,"column":15},"end":{"line":212,"column":54}},"type":"cond-expr","locations":[{"start":{"line":212,"column":28},"end":{"line":212,"column":40}},{"start":{"line":212,"column":43},"end":{"line":212,"column":54}}]},"15":{"loc":{"start":{"line":214,"column":13},"end":{"line":216,"column":51}},"type":"cond-expr","locations":[{"start":{"line":215,"column":14},"end":{"line":215,"column":48}},{"start":{"line":216,"column":14},"end":{"line":216,"column":51}}]},"16":{"loc":{"start":{"line":222,"column":9},"end":{"line":251,"column":null}},"type":"binary-expr","locations":[{"start":{"line":222,"column":9},"end":{"line":222,"column":19}},{"start":{"line":223,"column":10},"end":{"line":250,"column":null}}]}},"s":{"0":0,"1":0,"2":0,"3":0,"4":0,"5":0,"6":0,"7":0,"8":0,"9":0,"10":0,"11":0,"12":0,"13":0,"14":0,"15":0,"16":0,"17":0,"18":0,"19":0,"20":0,"21":0,"22":0,"23":0,"24":0,"25":0,"26":0,"27":0,"28":0,"29":0,"30":0,"31":0,"32":0,"33":0,"34":0,"35":0,"36":0,"37":0,"38":0,"39":0,"40":0,"41":0,"42":0,"43":0,"44":0,"45":0,"46":0,"47":0,"48":0,"49":0,"50":0,"51":0,"52":0,"53":0,"54":0,"55":0,"56":0,"57":0,"58":0,"59":0,"60":0,"61":0,"62":0,"63":0,"64":0,"65":0,"66":0,"67":0,"68":0,"69":0,"70":0},"f":{"0":0,"1":0,"2":0,"3":0,"4":0,"5":0,"6":0,"7":0,"8":0,"9":0,"10":0,"11":0,"12":0,"13":0,"14":0,"15":0,"16":0,"17":0,"18":0,"19":0,"20":0,"21":0},"b":{"0":[0,0],"1":[0,0],"2":[0,0],"3":[0,0],"4":[0,0],"5":[0,0],"6":[0,0],"7":[0,0],"8":[0,0],"9":[0,0],"10":[0,0],"11":[0,0],"12":[0,0],"13":[0,0],"14":[0,0],"15":[0,0],"16":[0,0]}}
,"C:\\my_projects\\benyamine-github\\optimum-solutions-group\\src\\features\\portfolio\\PortfolioSection.tsx": {"path":"C:\\my_projects\\benyamine-github\\optimum-solutions-group\\src\\features\\portfolio\\PortfolioSection.tsx","statementMap":{"0":{"start":{"line":1,"column":0},"end":{"line":1,"column":44}},"1":{"start":{"line":2,"column":0},"end":{"line":2,"column":82}},"2":{"start":{"line":3,"column":0},"end":{"line":3,"column":62}},"3":{"start":{"line":4,"column":0},"end":{"line":4,"column":54}},"4":{"start":{"line":6,"column":25},"end":{"line":181,"column":1}},"5":{"start":{"line":7,"column":19},"end":{"line":35,"column":4}},"6":{"start":{"line":37,"column":26},"end":{"line":42,"column":3}},"7":{"start":{"line":38,"column":20},"end":{"line":38,"column":54}},"8":{"start":{"line":39,"column":4},"end":{"line":41,"column":5}},"9":{"start":{"line":40,"column":6},"end":{"line":40,"column":53}},"10":{"start":{"line":44,"column":2},"end":{"line":180,"column":4}},"11":{"start":{"line":108,"column":12},"end":{"line":108,"column":29}},"12":{"start":{"line":132,"column":22},"end":{"line":132,"column":45}},"13":{"start":{"line":147,"column":22},"end":{"line":147,"column":44}},"14":{"start":{"line":183,"column":0},"end":{"line":183,"column":32}}},"fnMap":{"0":{"name":"(anonymous_1)","decl":{"start":{"line":6,"column":25},"end":{"line":6,"column":28}},"loc":{"start":{"line":6,"column":30},"end":{"line":181,"column":1}}},"1":{"name":"(anonymous_2)","decl":{"start":{"line":37,"column":26},"end":{"line":37,"column":29}},"loc":{"start":{"line":37,"column":31},"end":{"line":42,"column":3}}},"2":{"name":"(anonymous_3)","decl":{"start":{"line":107,"column":24},"end":{"line":107,"column":25}},"loc":{"start":{"line":108,"column":12},"end":{"line":108,"column":29}}},"3":{"name":"(anonymous_4)","decl":{"start":{"line":131,"column":41},"end":{"line":131,"column":42}},"loc":{"start":{"line":132,"column":22},"end":{"line":132,"column":45}}},"4":{"name":"(anonymous_5)","decl":{"start":{"line":146,"column":46},"end":{"line":146,"column":47}},"loc":{"start":{"line":147,"column":22},"end":{"line":147,"column":44}}}},"branchMap":{"0":{"loc":{"start":{"line":39,"column":4},"end":{"line":41,"column":5}},"type":"if","locations":[{"start":{"line":39,"column":4},"end":{"line":41,"column":5}},{"start":{},"end":{}}]}},"s":{"0":0,"1":0,"2":0,"3":0,"4":0,"5":0,"6":0,"7":0,"8":0,"9":0,"10":0,"11":0,"12":0,"13":0,"14":0},"f":{"0":0,"1":0,"2":0,"3":0,"4":0},"b":{"0":[0,0]}}
,"C:\\my_projects\\benyamine-github\\optimum-solutions-group\\src\\features\\services\\ServicesSection.tsx": {"path":"C:\\my_projects\\benyamine-github\\optimum-solutions-group\\src\\features\\services\\ServicesSection.tsx","statementMap":{"0":{"start":{"line":1,"column":0},"end":{"line":1,"column":125}},"1":{"start":{"line":2,"column":0},"end":{"line":2,"column":44}},"2":{"start":{"line":3,"column":0},"end":{"line":3,"column":67}},"3":{"start":{"line":5,"column":24},"end":{"line":167,"column":1}},"4":{"start":{"line":6,"column":20},"end":{"line":6,"column":40}},"5":{"start":{"line":7,"column":18},"end":{"line":7,"column":38}},"6":{"start":{"line":9,"column":19},"end":{"line":90,"column":4}},"7":{"start":{"line":92,"column":26},"end":{"line":97,"column":3}},"8":{"start":{"line":93,"column":20},"end":{"line":93,"column":54}},"9":{"start":{"line":94,"column":4},"end":{"line":96,"column":5}},"10":{"start":{"line":95,"column":6},"end":{"line":95,"column":53}},"11":{"start":{"line":99,"column":2},"end":{"line":166,"column":4}},"12":{"start":{"line":114,"column":12},"end":{"line":114,"column":29}},"13":{"start":{"line":127,"column":20},"end":{"line":127,"column":44}},"14":{"start":{"line":169,"column":0},"end":{"line":169,"column":31}}},"fnMap":{"0":{"name":"(anonymous_1)","decl":{"start":{"line":5,"column":24},"end":{"line":5,"column":27}},"loc":{"start":{"line":5,"column":29},"end":{"line":167,"column":1}}},"1":{"name":"(anonymous_2)","decl":{"start":{"line":92,"column":26},"end":{"line":92,"column":29}},"loc":{"start":{"line":92,"column":31},"end":{"line":97,"column":3}}},"2":{"name":"(anonymous_3)","decl":{"start":{"line":113,"column":24},"end":{"line":113,"column":25}},"loc":{"start":{"line":114,"column":12},"end":{"line":114,"column":29}}},"3":{"name":"(anonymous_4)","decl":{"start":{"line":126,"column":40},"end":{"line":126,"column":41}},"loc":{"start":{"line":127,"column":20},"end":{"line":127,"column":44}}}},"branchMap":{"0":{"loc":{"start":{"line":94,"column":4},"end":{"line":96,"column":5}},"type":"if","locations":[{"start":{"line":94,"column":4},"end":{"line":96,"column":5}},{"start":{},"end":{}}]}},"s":{"0":0,"1":0,"2":0,"3":0,"4":0,"5":0,"6":0,"7":0,"8":0,"9":0,"10":0,"11":0,"12":0,"13":0,"14":0},"f":{"0":0,"1":0,"2":0,"3":0},"b":{"0":[0,0]}}
,"C:\\my_projects\\benyamine-github\\optimum-solutions-group\\src\\features\\testimonials\\TestimonialsSection.tsx": {"path":"C:\\my_projects\\benyamine-github\\optimum-solutions-group\\src\\features\\testimonials\\TestimonialsSection.tsx","statementMap":{"0":{"start":{"line":1,"column":0},"end":{"line":1,"column":43}},"1":{"start":{"line":3,"column":28},"end":{"line":125,"column":1}},"2":{"start":{"line":4,"column":23},"end":{"line":53,"column":4}},"3":{"start":{"line":55,"column":2},"end":{"line":124,"column":4}},"4":{"start":{"line":70,"column":12},"end":{"line":70,"column":29}},"5":{"start":{"line":73,"column":18},"end":{"line":73,"column":32}},"6":{"start":{"line":111,"column":18},"end":{"line":111,"column":31}},"7":{"start":{"line":127,"column":0},"end":{"line":127,"column":35}}},"fnMap":{"0":{"name":"(anonymous_0)","decl":{"start":{"line":3,"column":28},"end":{"line":3,"column":31}},"loc":{"start":{"line":3,"column":33},"end":{"line":125,"column":1}}},"1":{"name":"(anonymous_1)","decl":{"start":{"line":69,"column":28},"end":{"line":69,"column":29}},"loc":{"start":{"line":70,"column":12},"end":{"line":70,"column":29}}},"2":{"name":"(anonymous_2)","decl":{"start":{"line":72,"column":52},"end":{"line":72,"column":53}},"loc":{"start":{"line":73,"column":18},"end":{"line":73,"column":32}}},"3":{"name":"(anonymous_3)","decl":{"start":{"line":110,"column":35},"end":{"line":110,"column":36}},"loc":{"start":{"line":111,"column":18},"end":{"line":111,"column":31}}}},"branchMap":{},"s":{"0":0,"1":0,"2":0,"3":0,"4":0,"5":0,"6":0,"7":0},"f":{"0":0,"1":0,"2":0,"3":0},"b":{}}
,"C:\\my_projects\\benyamine-github\\optimum-solutions-group\\src\\pages\\Index.tsx": {"path":"C:\\my_projects\\benyamine-github\\optimum-solutions-group\\src\\pages\\Index.tsx","statementMap":{"0":{"start":{"line":1,"column":0},"end":{"line":1,"column":46}},"1":{"start":{"line":2,"column":0},"end":{"line":2,"column":58}},"2":{"start":{"line":3,"column":0},"end":{"line":3,"column":54}},"3":{"start":{"line":4,"column":0},"end":{"line":4,"column":60}},"4":{"start":{"line":5,"column":0},"end":{"line":5,"column":66}},"5":{"start":{"line":6,"column":0},"end":{"line":6,"column":64}},"6":{"start":{"line":7,"column":0},"end":{"line":7,"column":60}},"7":{"start":{"line":8,"column":0},"end":{"line":8,"column":60}},"8":{"start":{"line":9,"column":0},"end":{"line":9,"column":79}},"9":{"start":{"line":15,"column":0},"end":{"line":15,"column":81}},"10":{"start":{"line":18,"column":21},"end":{"line":21,"column":2}},"11":{"start":{"line":19,"column":7},"end":{"line":19,"column":47}},"12":{"start":{"line":20,"column":8},"end":{"line":20,"column":32}},"13":{"start":{"line":23,"column":24},"end":{"line":25,"column":null}},"14":{"start":{"line":24,"column":7},"end":{"line":24,"column":53}},"15":{"start":{"line":28,"column":19},"end":{"line":30,"column":null}},"16":{"start":{"line":29,"column":7},"end":{"line":29,"column":53}},"17":{"start":{"line":33,"column":25},"end":{"line":35,"column":null}},"18":{"start":{"line":34,"column":7},"end":{"line":34,"column":54}},"19":{"start":{"line":38,"column":28},"end":{"line":40,"column":null}},"20":{"start":{"line":39,"column":7},"end":{"line":39,"column":61}},"21":{"start":{"line":43,"column":25},"end":{"line":45,"column":null}},"22":{"start":{"line":44,"column":7},"end":{"line":44,"column":55}},"23":{"start":{"line":48,"column":19},"end":{"line":50,"column":null}},"24":{"start":{"line":49,"column":7},"end":{"line":49,"column":48}},"25":{"start":{"line":53,"column":23},"end":{"line":55,"column":null}},"26":{"start":{"line":54,"column":7},"end":{"line":54,"column":51}},"27":{"start":{"line":58,"column":15},"end":{"line":60,"column":null}},"28":{"start":{"line":59,"column":7},"end":{"line":59,"column":44}},"29":{"start":{"line":63,"column":18},"end":{"line":65,"column":null}},"30":{"start":{"line":64,"column":7},"end":{"line":64,"column":47}},"31":{"start":{"line":69,"column":24},"end":{"line":77,"column":null}},"32":{"start":{"line":70,"column":2},"end":{"line":76,"column":null}},"33":{"start":{"line":80,"column":14},"end":{"line":148,"column":1}},"34":{"start":{"line":81,"column":20},"end":{"line":81,"column":33}},"35":{"start":{"line":83,"column":2},"end":{"line":85,"column":3}},"36":{"start":{"line":84,"column":4},"end":{"line":84,"column":29}},"37":{"start":{"line":87,"column":2},"end":{"line":147,"column":4}},"38":{"start":{"line":150,"column":0},"end":{"line":150,"column":21}}},"fnMap":{"0":{"name":"(anonymous_7)","decl":{"start":{"line":19,"column":2},"end":{"line":19,"column":5}},"loc":{"start":{"line":19,"column":7},"end":{"line":19,"column":47}}},"1":{"name":"(anonymous_8)","decl":{"start":{"line":19,"column":7},"end":{"line":19,"column":15}},"loc":{"start":{"line":19,"column":7},"end":{"line":19,"column":47}}},"2":{"name":"(anonymous_9)","decl":{"start":{"line":20,"column":2},"end":{"line":20,"column":5}},"loc":{"start":{"line":20,"column":8},"end":{"line":20,"column":32}}},"3":{"name":"(anonymous_10)","decl":{"start":{"line":24,"column":2},"end":{"line":24,"column":5}},"loc":{"start":{"line":24,"column":7},"end":{"line":24,"column":53}}},"4":{"name":"(anonymous_11)","decl":{"start":{"line":24,"column":7},"end":{"line":24,"column":15}},"loc":{"start":{"line":24,"column":7},"end":{"line":24,"column":53}}},"5":{"name":"(anonymous_12)","decl":{"start":{"line":29,"column":2},"end":{"line":29,"column":5}},"loc":{"start":{"line":29,"column":7},"end":{"line":29,"column":53}}},"6":{"name":"(anonymous_13)","decl":{"start":{"line":29,"column":7},"end":{"line":29,"column":15}},"loc":{"start":{"line":29,"column":7},"end":{"line":29,"column":53}}},"7":{"name":"(anonymous_14)","decl":{"start":{"line":34,"column":2},"end":{"line":34,"column":5}},"loc":{"start":{"line":34,"column":7},"end":{"line":34,"column":54}}},"8":{"name":"(anonymous_15)","decl":{"start":{"line":34,"column":7},"end":{"line":34,"column":15}},"loc":{"start":{"line":34,"column":7},"end":{"line":34,"column":54}}},"9":{"name":"(anonymous_16)","decl":{"start":{"line":39,"column":2},"end":{"line":39,"column":5}},"loc":{"start":{"line":39,"column":7},"end":{"line":39,"column":61}}},"10":{"name":"(anonymous_17)","decl":{"start":{"line":39,"column":7},"end":{"line":39,"column":15}},"loc":{"start":{"line":39,"column":7},"end":{"line":39,"column":61}}},"11":{"name":"(anonymous_18)","decl":{"start":{"line":44,"column":2},"end":{"line":44,"column":5}},"loc":{"start":{"line":44,"column":7},"end":{"line":44,"column":55}}},"12":{"name":"(anonymous_19)","decl":{"start":{"line":44,"column":7},"end":{"line":44,"column":15}},"loc":{"start":{"line":44,"column":7},"end":{"line":44,"column":55}}},"13":{"name":"(anonymous_20)","decl":{"start":{"line":49,"column":2},"end":{"line":49,"column":5}},"loc":{"start":{"line":49,"column":7},"end":{"line":49,"column":48}}},"14":{"name":"(anonymous_21)","decl":{"start":{"line":49,"column":7},"end":{"line":49,"column":15}},"loc":{"start":{"line":49,"column":7},"end":{"line":49,"column":48}}},"15":{"name":"(anonymous_22)","decl":{"start":{"line":54,"column":2},"end":{"line":54,"column":5}},"loc":{"start":{"line":54,"column":7},"end":{"line":54,"column":51}}},"16":{"name":"(anonymous_23)","decl":{"start":{"line":54,"column":7},"end":{"line":54,"column":15}},"loc":{"start":{"line":54,"column":7},"end":{"line":54,"column":51}}},"17":{"name":"(anonymous_24)","decl":{"start":{"line":59,"column":2},"end":{"line":59,"column":5}},"loc":{"start":{"line":59,"column":7},"end":{"line":59,"column":44}}},"18":{"name":"(anonymous_25)","decl":{"start":{"line":59,"column":7},"end":{"line":59,"column":15}},"loc":{"start":{"line":59,"column":7},"end":{"line":59,"column":44}}},"19":{"name":"(anonymous_26)","decl":{"start":{"line":64,"column":2},"end":{"line":64,"column":5}},"loc":{"start":{"line":64,"column":7},"end":{"line":64,"column":47}}},"20":{"name":"(anonymous_27)","decl":{"start":{"line":64,"column":7},"end":{"line":64,"column":15}},"loc":{"start":{"line":64,"column":7},"end":{"line":64,"column":47}}},"21":{"name":"(anonymous_28)","decl":{"start":{"line":69,"column":24},"end":{"line":69,"column":27}},"loc":{"start":{"line":70,"column":2},"end":{"line":76,"column":null}}},"22":{"name":"(anonymous_29)","decl":{"start":{"line":80,"column":14},"end":{"line":80,"column":17}},"loc":{"start":{"line":80,"column":19},"end":{"line":148,"column":1}}}},"branchMap":{"0":{"loc":{"start":{"line":83,"column":2},"end":{"line":85,"column":3}},"type":"if","locations":[{"start":{"line":83,"column":2},"end":{"line":85,"column":3}},{"start":{},"end":{}}]}},"s":{"0":0,"1":0,"2":0,"3":0,"4":0,"5":0,"6":0,"7":0,"8":0,"9":0,"10":0,"11":0,"12":0,"13":0,"14":0,"15":0,"16":0,"17":0,"18":0,"19":0,"20":0,"21":0,"22":0,"23":0,"24":0,"25":0,"26":0,"27":0,"28":0,"29":0,"30":0,"31":0,"32":0,"33":0,"34":0,"35":0,"36":0,"37":0,"38":0},"f":{"0":0,"1":0,"2":0,"3":0,"4":0,"5":0,"6":0,"7":0,"8":0,"9":0,"10":0,"11":0,"12":0,"13":0,"14":0,"15":0,"16":0,"17":0,"18":0,"19":0,"20":0,"21":0,"22":0},"b":{"0":[0,0]}}
,"C:\\my_projects\\benyamine-github\\optimum-solutions-group\\src\\pages\\NotFound.tsx": {"path":"C:\\my_projects\\benyamine-github\\optimum-solutions-group\\src\\pages\\NotFound.tsx","statementMap":{"0":{"start":{"line":1,"column":0},"end":{"line":1,"column":47}},"1":{"start":{"line":2,"column":0},"end":{"line":2,"column":34}},"2":{"start":{"line":3,"column":0},"end":{"line":3,"column":53}},"3":{"start":{"line":5,"column":17},"end":{"line":23,"column":1}},"4":{"start":{"line":6,"column":19},"end":{"line":6,"column":32}},"5":{"start":{"line":8,"column":2},"end":{"line":10,"column":26}},"6":{"start":{"line":9,"column":4},"end":{"line":9,"column":42}},"7":{"start":{"line":12,"column":2},"end":{"line":22,"column":4}},"8":{"start":{"line":25,"column":0},"end":{"line":25,"column":24}}},"fnMap":{"0":{"name":"(anonymous_0)","decl":{"start":{"line":5,"column":17},"end":{"line":5,"column":20}},"loc":{"start":{"line":5,"column":22},"end":{"line":23,"column":1}}},"1":{"name":"(anonymous_1)","decl":{"start":{"line":8,"column":12},"end":{"line":8,"column":15}},"loc":{"start":{"line":8,"column":17},"end":{"line":10,"column":3}}}},"branchMap":{},"s":{"0":0,"1":0,"2":0,"3":0,"4":0,"5":0,"6":0,"7":0,"8":0},"f":{"0":0,"1":0},"b":{}}
,"C:\\my_projects\\benyamine-github\\optimum-solutions-group\\src\\pages\\TestIndex.tsx": {"path":"C:\\my_projects\\benyamine-github\\optimum-solutions-group\\src\\pages\\TestIndex.tsx","statementMap":{"0":{"start":{"line":1,"column":0},"end":{"line":1,"column":31}},"1":{"start":{"line":3,"column":14},"end":{"line":10,"column":1}},"2":{"start":{"line":4,"column":2},"end":{"line":9,"column":4}},"3":{"start":{"line":12,"column":0},"end":{"line":12,"column":21}}},"fnMap":{"0":{"name":"(anonymous_6)","decl":{"start":{"line":3,"column":14},"end":{"line":3,"column":17}},"loc":{"start":{"line":3,"column":19},"end":{"line":10,"column":1}}}},"branchMap":{},"s":{"0":0,"1":0,"2":0,"3":0},"f":{"0":0},"b":{}}
,"C:\\my_projects\\benyamine-github\\optimum-solutions-group\\src\\shared\\components\\AccessibilityProvider.tsx": {"path":"C:\\my_projects\\benyamine-github\\optimum-solutions-group\\src\\shared\\components\\AccessibilityProvider.tsx","statementMap":{"0":{"start":{"line":1,"column":0},"end":{"line":1,"column":97}},"1":{"start":{"line":2,"column":0},"end":{"line":2,"column":null}},"2":{"start":{"line":8,"column":0},"end":{"line":8,"column":63}},"3":{"start":{"line":38,"column":29},"end":{"line":38,"column":91}},"4":{"start":{"line":47,"column":75},"end":{"line":145,"column":1}},"5":{"start":{"line":51,"column":56},"end":{"line":51,"column":76}},"6":{"start":{"line":52,"column":50},"end":{"line":52,"column":82}},"7":{"start":{"line":53,"column":36},"end":{"line":53,"column":102}},"8":{"start":{"line":55,"column":21},"end":{"line":60,"column":5}},"9":{"start":{"line":55,"column":75},"end":{"line":60,"column":4}},"10":{"start":{"line":63,"column":22},"end":{"line":63,"column":92}},"11":{"start":{"line":64,"column":25},"end":{"line":64,"column":86}},"12":{"start":{"line":65,"column":28},"end":{"line":65,"column":58}},"13":{"start":{"line":66,"column":28},"end":{"line":66,"column":103}},"14":{"start":{"line":69,"column":2},"end":{"line":73,"column":3}},"15":{"start":{"line":70,"column":4},"end":{"line":72,"column":6}},"16":{"start":{"line":71,"column":6},"end":{"line":71,"column":58}},"17":{"start":{"line":75,"column":2},"end":{"line":82,"column":3}},"18":{"start":{"line":76,"column":4},"end":{"line":81,"column":6}},"19":{"start":{"line":77,"column":6},"end":{"line":80,"column":9}},"20":{"start":{"line":78,"column":25},"end":{"line":78,"column":60}},"21":{"start":{"line":78,"column":45},"end":{"line":78,"column":59}},"22":{"start":{"line":79,"column":8},"end":{"line":79,"column":52}},"23":{"start":{"line":84,"column":2},"end":{"line":88,"column":3}},"24":{"start":{"line":85,"column":4},"end":{"line":87,"column":6}},"25":{"start":{"line":86,"column":6},"end":{"line":86,"column":64}},"26":{"start":{"line":86,"column":27},"end":{"line":86,"column":62}},"27":{"start":{"line":86,"column":47},"end":{"line":86,"column":61}},"28":{"start":{"line":90,"column":2},"end":{"line":95,"column":3}},"29":{"start":{"line":91,"column":4},"end":{"line":94,"column":6}},"30":{"start":{"line":93,"column":6},"end":{"line":93,"column":83}},"31":{"start":{"line":98,"column":23},"end":{"line":98,"column":57}},"32":{"start":{"line":99,"column":2},"end":{"line":118,"column":3}},"33":{"start":{"line":100,"column":4},"end":{"line":111,"column":6}},"34":{"start":{"line":114,"column":4},"end":{"line":114,"column":69}},"35":{"start":{"line":115,"column":4},"end":{"line":115,"column":67}},"36":{"start":{"line":116,"column":4},"end":{"line":116,"column":61}},"37":{"start":{"line":117,"column":4},"end":{"line":117,"column":47}},"38":{"start":{"line":121,"column":2},"end":{"line":125,"column":50}},"39":{"start":{"line":123,"column":4},"end":{"line":123,"column":94}},"40":{"start":{"line":124,"column":4},"end":{"line":124,"column":92}},"41":{"start":{"line":128,"column":2},"end":{"line":137,"column":37}},"42":{"start":{"line":129,"column":4},"end":{"line":136,"column":5}},"43":{"start":{"line":130,"column":20},"end":{"line":134,"column":14}},"44":{"start":{"line":131,"column":8},"end":{"line":133,"column":9}},"45":{"start":{"line":132,"column":10},"end":{"line":132,"column":55}},"46":{"start":{"line":135,"column":6},"end":{"line":135,"column":39}},"47":{"start":{"line":135,"column":19},"end":{"line":135,"column":38}},"48":{"start":{"line":139,"column":2},"end":{"line":144,"column":4}},"49":{"start":{"line":47,"column":13},"end":{"line":47,"column":75}},"50":{"start":{"line":153,"column":44},"end":{"line":198,"column":1}},"51":{"start":{"line":154,"column":26},"end":{"line":174,"column":3}},"52":{"start":{"line":155,"column":4},"end":{"line":155,"column":27}},"53":{"start":{"line":157,"column":26},"end":{"line":157,"column":71}},"54":{"start":{"line":158,"column":4},"end":{"line":173,"column":5}},"55":{"start":{"line":160,"column":6},"end":{"line":162,"column":7}},"56":{"start":{"line":161,"column":8},"end":{"line":161,"column":36}},"57":{"start":{"line":164,"column":6},"end":{"line":164,"column":52}},"58":{"start":{"line":165,"column":6},"end":{"line":165,"column":75}},"59":{"start":{"line":168,"column":6},"end":{"line":172,"column":14}},"60":{"start":{"line":169,"column":8},"end":{"line":171,"column":9}},"61":{"start":{"line":170,"column":10},"end":{"line":170,"column":52}},"62":{"start":{"line":176,"column":2},"end":{"line":176,"column":42}},"63":{"start":{"line":176,"column":30},"end":{"line":176,"column":42}},"64":{"start":{"line":178,"column":2},"end":{"line":197,"column":4}},"65":{"start":{"line":181,"column":8},"end":{"line":182,"column":null}},"66":{"start":{"line":185,"column":26},"end":{"line":185,"column":52}},"67":{"start":{"line":187,"column":12},"end":{"line":190,"column":13}},"68":{"start":{"line":188,"column":14},"end":{"line":188,"column":33}},"69":{"start":{"line":189,"column":14},"end":{"line":189,"column":80}},"70":{"start":{"line":202,"column":39},"end":{"line":210,"column":1}},"71":{"start":{"line":203,"column":18},"end":{"line":203,"column":50}},"72":{"start":{"line":205,"column":2},"end":{"line":207,"column":3}},"73":{"start":{"line":206,"column":4},"end":{"line":206,"column":92}},"74":{"start":{"line":209,"column":2},"end":{"line":209,"column":17}},"75":{"start":{"line":202,"column":13},"end":{"line":202,"column":39}},"76":{"start":{"line":220,"column":57},"end":{"line":236,"column":1}},"77":{"start":{"line":225,"column":23},"end":{"line":225,"column":48}},"78":{"start":{"line":227,"column":2},"end":{"line":233,"column":43}},"79":{"start":{"line":228,"column":18},"end":{"line":230,"column":13}},"80":{"start":{"line":229,"column":6},"end":{"line":229,"column":34}},"81":{"start":{"line":232,"column":4},"end":{"line":232,"column":37}},"82":{"start":{"line":232,"column":17},"end":{"line":232,"column":36}},"83":{"start":{"line":235,"column":2},"end":{"line":235,"column":14}},"84":{"start":{"line":220,"column":13},"end":{"line":220,"column":57}},"85":{"start":{"line":245,"column":69},"end":{"line":262,"column":1}},"86":{"start":{"line":249,"column":33},"end":{"line":249,"column":58}},"87":{"start":{"line":251,"column":2},"end":{"line":259,"column":70}},"88":{"start":{"line":253,"column":4},"end":{"line":253,"column":27}},"89":{"start":{"line":256,"column":4},"end":{"line":258,"column":5}},"90":{"start":{"line":257,"column":6},"end":{"line":257,"column":53}},"91":{"start":{"line":261,"column":2},"end":{"line":261,"column":14}},"92":{"start":{"line":245,"column":13},"end":{"line":245,"column":69}}},"fnMap":{"0":{"name":"(anonymous_6)","decl":{"start":{"line":47,"column":75},"end":{"line":47,"column":76}},"loc":{"start":{"line":50,"column":5},"end":{"line":145,"column":1}}},"1":{"name":"(anonymous_7)","decl":{"start":{"line":55,"column":68},"end":{"line":55,"column":71}},"loc":{"start":{"line":55,"column":75},"end":{"line":60,"column":4}}},"2":{"name":"(anonymous_8)","decl":{"start":{"line":70,"column":26},"end":{"line":70,"column":27}},"loc":{"start":{"line":70,"column":91},"end":{"line":72,"column":5}}},"3":{"name":"(anonymous_9)","decl":{"start":{"line":76,"column":29},"end":{"line":76,"column":30}},"loc":{"start":{"line":76,"column":75},"end":{"line":81,"column":5}}},"4":{"name":"(anonymous_10)","decl":{"start":{"line":77,"column":19},"end":{"line":77,"column":23}},"loc":{"start":{"line":77,"column":26},"end":{"line":80,"column":7}}},"5":{"name":"(anonymous_11)","decl":{"start":{"line":78,"column":37},"end":{"line":78,"column":41}},"loc":{"start":{"line":78,"column":45},"end":{"line":78,"column":59}}},"6":{"name":"(anonymous_12)","decl":{"start":{"line":85,"column":32},"end":{"line":85,"column":33}},"loc":{"start":{"line":85,"column":47},"end":{"line":87,"column":5}}},"7":{"name":"(anonymous_13)","decl":{"start":{"line":86,"column":19},"end":{"line":86,"column":23}},"loc":{"start":{"line":86,"column":27},"end":{"line":86,"column":62}}},"8":{"name":"(anonymous_14)","decl":{"start":{"line":86,"column":39},"end":{"line":86,"column":43}},"loc":{"start":{"line":86,"column":47},"end":{"line":86,"column":61}}},"9":{"name":"(anonymous_15)","decl":{"start":{"line":91,"column":32},"end":{"line":91,"column":35}},"loc":{"start":{"line":91,"column":37},"end":{"line":94,"column":5}}},"10":{"name":"(anonymous_16)","decl":{"start":{"line":121,"column":12},"end":{"line":121,"column":15}},"loc":{"start":{"line":121,"column":17},"end":{"line":125,"column":3}}},"11":{"name":"(anonymous_17)","decl":{"start":{"line":128,"column":12},"end":{"line":128,"column":15}},"loc":{"start":{"line":128,"column":17},"end":{"line":137,"column":3}}},"12":{"name":"(anonymous_18)","decl":{"start":{"line":130,"column":31},"end":{"line":130,"column":34}},"loc":{"start":{"line":130,"column":36},"end":{"line":134,"column":7}}},"13":{"name":"(anonymous_19)","decl":{"start":{"line":135,"column":13},"end":{"line":135,"column":16}},"loc":{"start":{"line":135,"column":19},"end":{"line":135,"column":38}}},"14":{"name":"(anonymous_20)","decl":{"start":{"line":153,"column":44},"end":{"line":153,"column":45}},"loc":{"start":{"line":153,"column":62},"end":{"line":198,"column":1}}},"15":{"name":"(anonymous_21)","decl":{"start":{"line":154,"column":26},"end":{"line":154,"column":27}},"loc":{"start":{"line":154,"column":89},"end":{"line":174,"column":3}}},"16":{"name":"(anonymous_22)","decl":{"start":{"line":168,"column":17},"end":{"line":168,"column":20}},"loc":{"start":{"line":168,"column":22},"end":{"line":172,"column":7}}},"17":{"name":"(anonymous_23)","decl":{"start":{"line":180,"column":21},"end":{"line":180,"column":22}},"loc":{"start":{"line":181,"column":8},"end":{"line":182,"column":null}}},"18":{"name":"(anonymous_24)","decl":{"start":{"line":185,"column":19},"end":{"line":185,"column":20}},"loc":{"start":{"line":185,"column":26},"end":{"line":185,"column":52}}},"19":{"name":"(anonymous_25)","decl":{"start":{"line":186,"column":21},"end":{"line":186,"column":22}},"loc":{"start":{"line":186,"column":27},"end":{"line":191,"column":11}}},"20":{"name":"(anonymous_26)","decl":{"start":{"line":202,"column":39},"end":{"line":202,"column":68}},"loc":{"start":{"line":202,"column":70},"end":{"line":210,"column":1}}},"21":{"name":"(anonymous_27)","decl":{"start":{"line":220,"column":57},"end":{"line":220,"column":58}},"loc":{"start":{"line":224,"column":5},"end":{"line":236,"column":1}}},"22":{"name":"(anonymous_28)","decl":{"start":{"line":227,"column":12},"end":{"line":227,"column":15}},"loc":{"start":{"line":227,"column":17},"end":{"line":233,"column":3}}},"23":{"name":"(anonymous_29)","decl":{"start":{"line":228,"column":29},"end":{"line":228,"column":32}},"loc":{"start":{"line":228,"column":34},"end":{"line":230,"column":5}}},"24":{"name":"(anonymous_30)","decl":{"start":{"line":232,"column":11},"end":{"line":232,"column":14}},"loc":{"start":{"line":232,"column":17},"end":{"line":232,"column":36}}},"25":{"name":"(anonymous_31)","decl":{"start":{"line":245,"column":69},"end":{"line":245,"column":70}},"loc":{"start":{"line":248,"column":5},"end":{"line":262,"column":1}}},"26":{"name":"(anonymous_32)","decl":{"start":{"line":251,"column":12},"end":{"line":251,"column":15}},"loc":{"start":{"line":251,"column":17},"end":{"line":259,"column":3}}}},"branchMap":{"0":{"loc":{"start":{"line":49,"column":12},"end":{"line":49,"column":32}},"type":"default-arg","locations":[{"start":{"line":49,"column":30},"end":{"line":49,"column":32}}]},"1":{"loc":{"start":{"line":69,"column":2},"end":{"line":73,"column":3}},"type":"if","locations":[{"start":{"line":69,"column":2},"end":{"line":73,"column":3}},{"start":{},"end":{}}]},"2":{"loc":{"start":{"line":70,"column":44},"end":{"line":70,"column":87}},"type":"default-arg","locations":[{"start":{"line":70,"column":79},"end":{"line":70,"column":87}}]},"3":{"loc":{"start":{"line":75,"column":2},"end":{"line":82,"column":3}},"type":"if","locations":[{"start":{"line":75,"column":2},"end":{"line":82,"column":3}},{"start":{},"end":{}}]},"4":{"loc":{"start":{"line":84,"column":2},"end":{"line":88,"column":3}},"type":"if","locations":[{"start":{"line":84,"column":2},"end":{"line":88,"column":3}},{"start":{},"end":{}}]},"5":{"loc":{"start":{"line":90,"column":2},"end":{"line":95,"column":3}},"type":"if","locations":[{"start":{"line":90,"column":2},"end":{"line":95,"column":3}},{"start":{},"end":{}}]},"6":{"loc":{"start":{"line":99,"column":2},"end":{"line":118,"column":3}},"type":"if","locations":[{"start":{"line":99,"column":2},"end":{"line":118,"column":3}},{"start":{"line":112,"column":9},"end":{"line":118,"column":3}}]},"7":{"loc":{"start":{"line":129,"column":4},"end":{"line":136,"column":5}},"type":"if","locations":[{"start":{"line":129,"column":4},"end":{"line":136,"column":5}},{"start":{},"end":{}}]},"8":{"loc":{"start":{"line":131,"column":8},"end":{"line":133,"column":9}},"type":"if","locations":[{"start":{"line":131,"column":8},"end":{"line":133,"column":9}},{"start":{},"end":{}}]},"9":{"loc":{"start":{"line":158,"column":4},"end":{"line":173,"column":5}},"type":"if","locations":[{"start":{"line":158,"column":4},"end":{"line":173,"column":5}},{"start":{},"end":{}}]},"10":{"loc":{"start":{"line":160,"column":6},"end":{"line":162,"column":7}},"type":"if","locations":[{"start":{"line":160,"column":6},"end":{"line":162,"column":7}},{"start":{},"end":{}}]},"11":{"loc":{"start":{"line":169,"column":8},"end":{"line":171,"column":9}},"type":"if","locations":[{"start":{"line":169,"column":8},"end":{"line":171,"column":9}},{"start":{},"end":{}}]},"12":{"loc":{"start":{"line":176,"column":2},"end":{"line":176,"column":42}},"type":"if","locations":[{"start":{"line":176,"column":2},"end":{"line":176,"column":42}},{"start":{},"end":{}}]},"13":{"loc":{"start":{"line":187,"column":12},"end":{"line":190,"column":13}},"type":"if","locations":[{"start":{"line":187,"column":12},"end":{"line":190,"column":13}},{"start":{},"end":{}}]},"14":{"loc":{"start":{"line":187,"column":16},"end":{"line":187,"column":50}},"type":"binary-expr","locations":[{"start":{"line":187,"column":16},"end":{"line":187,"column":33}},{"start":{"line":187,"column":37},"end":{"line":187,"column":50}}]},"15":{"loc":{"start":{"line":205,"column":2},"end":{"line":207,"column":3}},"type":"if","locations":[{"start":{"line":205,"column":2},"end":{"line":207,"column":3}},{"start":{},"end":{}}]},"16":{"loc":{"start":{"line":222,"column":2},"end":{"line":222,"column":21}},"type":"default-arg","locations":[{"start":{"line":222,"column":13},"end":{"line":222,"column":21}}]},"17":{"loc":{"start":{"line":223,"column":2},"end":{"line":223,"column":11}},"type":"default-arg","locations":[{"start":{"line":223,"column":10},"end":{"line":223,"column":11}}]},"18":{"loc":{"start":{"line":247,"column":12},"end":{"line":247,"column":33}},"type":"default-arg","locations":[{"start":{"line":247,"column":29},"end":{"line":247,"column":33}}]},"19":{"loc":{"start":{"line":256,"column":4},"end":{"line":258,"column":5}},"type":"if","locations":[{"start":{"line":256,"column":4},"end":{"line":258,"column":5}},{"start":{},"end":{}}]},"20":{"loc":{"start":{"line":256,"column":8},"end":{"line":256,"column":54}},"type":"binary-expr","locations":[{"start":{"line":256,"column":8},"end":{"line":256,"column":22}},{"start":{"line":256,"column":26},"end":{"line":256,"column":54}}]}},"s":{"0":0,"1":0,"2":0,"3":0,"4":0,"5":0,"6":0,"7":0,"8":0,"9":0,"10":0,"11":0,"12":0,"13":0,"14":0,"15":0,"16":0,"17":0,"18":0,"19":0,"20":0,"21":0,"22":0,"23":0,"24":0,"25":0,"26":0,"27":0,"28":0,"29":0,"30":0,"31":0,"32":0,"33":0,"34":0,"35":0,"36":0,"37":0,"38":0,"39":0,"40":0,"41":0,"42":0,"43":0,"44":0,"45":0,"46":0,"47":0,"48":0,"49":0,"50":0,"51":0,"52":0,"53":0,"54":0,"55":0,"56":0,"57":0,"58":0,"59":0,"60":0,"61":0,"62":0,"63":0,"64":0,"65":0,"66":0,"67":0,"68":0,"69":0,"70":0,"71":0,"72":0,"73":0,"74":0,"75":0,"76":0,"77":0,"78":0,"79":0,"80":0,"81":0,"82":0,"83":0,"84":0,"85":0,"86":0,"87":0,"88":0,"89":0,"90":0,"91":0,"92":0},"f":{"0":0,"1":0,"2":0,"3":0,"4":0,"5":0,"6":0,"7":0,"8":0,"9":0,"10":0,"11":0,"12":0,"13":0,"14":0,"15":0,"16":0,"17":0,"18":0,"19":0,"20":0,"21":0,"22":0,"23":0,"24":0,"25":0,"26":0},"b":{"0":[0],"1":[0,0],"2":[0],"3":[0,0],"4":[0,0],"5":[0,0],"6":[0,0],"7":[0,0],"8":[0,0],"9":[0,0],"10":[0,0],"11":[0,0],"12":[0,0],"13":[0,0],"14":[0,0],"15":[0,0],"16":[0],"17":[0],"18":[0],"19":[0,0],"20":[0,0]}}
,"C:\\my_projects\\benyamine-github\\optimum-solutions-group\\src\\shared\\components\\BackToTop.tsx": {"path":"C:\\my_projects\\benyamine-github\\optimum-solutions-group\\src\\shared\\components\\BackToTop.tsx","statementMap":{"0":{"start":{"line":2,"column":0},"end":{"line":2,"column":41}},"1":{"start":{"line":3,"column":0},"end":{"line":3,"column":44}},"2":{"start":{"line":5,"column":18},"end":{"line":22,"column":1}},"3":{"start":{"line":6,"column":22},"end":{"line":11,"column":3}},"4":{"start":{"line":7,"column":4},"end":{"line":10,"column":7}},"5":{"start":{"line":13,"column":2},"end":{"line":21,"column":4}},"6":{"start":{"line":24,"column":0},"end":{"line":24,"column":25}}},"fnMap":{"0":{"name":"(anonymous_0)","decl":{"start":{"line":5,"column":18},"end":{"line":5,"column":21}},"loc":{"start":{"line":5,"column":23},"end":{"line":22,"column":1}}},"1":{"name":"(anonymous_1)","decl":{"start":{"line":6,"column":22},"end":{"line":6,"column":25}},"loc":{"start":{"line":6,"column":27},"end":{"line":11,"column":3}}}},"branchMap":{},"s":{"0":0,"1":0,"2":0,"3":0,"4":0,"5":0,"6":0},"f":{"0":0,"1":0},"b":{}}
,"C:\\my_projects\\benyamine-github\\optimum-solutions-group\\src\\shared\\components\\CriticalCSS.tsx": {"path":"C:\\my_projects\\benyamine-github\\optimum-solutions-group\\src\\shared\\components\\CriticalCSS.tsx","statementMap":{"0":{"start":{"line":2,"column":20},"end":{"line":4,"column":1}},"1":{"start":{"line":3,"column":2},"end":{"line":3,"column":14}},"2":{"start":{"line":6,"column":0},"end":{"line":6,"column":27}}},"fnMap":{"0":{"name":"(anonymous_0)","decl":{"start":{"line":2,"column":20},"end":{"line":2,"column":23}},"loc":{"start":{"line":2,"column":25},"end":{"line":4,"column":1}}}},"branchMap":{},"s":{"0":0,"1":0,"2":0},"f":{"0":0},"b":{}}
,"C:\\my_projects\\benyamine-github\\optimum-solutions-group\\src\\shared\\components\\CustomCursor.tsx": {"path":"C:\\my_projects\\benyamine-github\\optimum-solutions-group\\src\\shared\\components\\CustomCursor.tsx","statementMap":{"0":{"start":{"line":2,"column":21},"end":{"line":4,"column":1}},"1":{"start":{"line":3,"column":2},"end":{"line":3,"column":14}},"2":{"start":{"line":6,"column":0},"end":{"line":6,"column":28}}},"fnMap":{"0":{"name":"(anonymous_0)","decl":{"start":{"line":2,"column":21},"end":{"line":2,"column":24}},"loc":{"start":{"line":2,"column":26},"end":{"line":4,"column":1}}}},"branchMap":{},"s":{"0":0,"1":0,"2":0},"f":{"0":0},"b":{}}
,"C:\\my_projects\\benyamine-github\\optimum-solutions-group\\src\\shared\\components\\ErrorBoundary.tsx": {"path":"C:\\my_projects\\benyamine-github\\optimum-solutions-group\\src\\shared\\components\\ErrorBoundary.tsx","statementMap":{"0":{"start":{"line":1,"column":0},"end":{"line":1,"column":63}},"1":{"start":{"line":2,"column":0},"end":{"line":2,"column":44}},"2":{"start":{"line":3,"column":0},"end":{"line":3,"column":82}},"3":{"start":{"line":4,"column":0},"end":{"line":4,"column":59}},"4":{"start":{"line":29,"column":4},"end":{"line":29,"column":17}},"5":{"start":{"line":100,"column":2},"end":{"line":114,"column":4}},"6":{"start":{"line":101,"column":4},"end":{"line":107,"column":7}},"7":{"start":{"line":110,"column":4},"end":{"line":113,"column":5}},"8":{"start":{"line":111,"column":6},"end":{"line":111,"column":47}},"9":{"start":{"line":112,"column":6},"end":{"line":112,"column":38}},"10":{"start":{"line":116,"column":2},"end":{"line":128,"column":4}},"11":{"start":{"line":117,"column":26},"end":{"line":117,"column":51}},"12":{"start":{"line":119,"column":4},"end":{"line":122,"column":7}},"13":{"start":{"line":125,"column":4},"end":{"line":127,"column":12}},"14":{"start":{"line":126,"column":6},"end":{"line":126,"column":25}},"15":{"start":{"line":130,"column":2},"end":{"line":156,"column":4}},"16":{"start":{"line":131,"column":4},"end":{"line":131,"column":59}},"17":{"start":{"line":131,"column":52},"end":{"line":131,"column":59}},"18":{"start":{"line":133,"column":25},"end":{"line":142,"column":6}},"19":{"start":{"line":144,"column":4},"end":{"line":155,"column":5}},"20":{"start":{"line":145,"column":6},"end":{"line":145,"column":81}},"21":{"start":{"line":149,"column":23},"end":{"line":149,"column":57}},"22":{"start":{"line":150,"column":6},"end":{"line":150,"column":61}},"23":{"start":{"line":151,"column":6},"end":{"line":151,"column":42}},"24":{"start":{"line":152,"column":6},"end":{"line":152,"column":24}},"25":{"start":{"line":153,"column":6},"end":{"line":153,"column":35}},"26":{"start":{"line":154,"column":6},"end":{"line":154,"column":42}},"27":{"start":{"line":30,"column":4},"end":{"line":34,"column":6}},"28":{"start":{"line":38,"column":4},"end":{"line":42,"column":6}},"29":{"start":{"line":47,"column":4},"end":{"line":53,"column":5}},"30":{"start":{"line":48,"column":6},"end":{"line":52,"column":7}},"31":{"start":{"line":48,"column":48},"end":{"line":48,"column":79}},"32":{"start":{"line":49,"column":8},"end":{"line":51,"column":9}},"33":{"start":{"line":50,"column":10},"end":{"line":50,"column":29}},"34":{"start":{"line":56,"column":4},"end":{"line":60,"column":5}},"35":{"start":{"line":57,"column":6},"end":{"line":59,"column":7}},"36":{"start":{"line":58,"column":8},"end":{"line":58,"column":27}},"37":{"start":{"line":65,"column":20},"end":{"line":65,"column":84}},"38":{"start":{"line":67,"column":4},"end":{"line":70,"column":7}},"39":{"start":{"line":73,"column":4},"end":{"line":88,"column":7}},"40":{"start":{"line":91,"column":4},"end":{"line":91,"column":43}},"41":{"start":{"line":159,"column":4},"end":{"line":161,"column":5}},"42":{"start":{"line":160,"column":6},"end":{"line":160,"column":47}},"43":{"start":{"line":165,"column":4},"end":{"line":347,"column":5}},"44":{"start":{"line":166,"column":6},"end":{"line":168,"column":7}},"45":{"start":{"line":167,"column":8},"end":{"line":167,"column":35}},"46":{"start":{"line":171,"column":6},"end":{"line":209,"column":7}},"47":{"start":{"line":172,"column":8},"end":{"line":208,"column":10}},"48":{"start":{"line":212,"column":25},"end":{"line":216,"column":32}},"49":{"start":{"line":218,"column":6},"end":{"line":346,"column":8}},"50":{"start":{"line":301,"column":31},"end":{"line":301,"column":55}},"51":{"start":{"line":310,"column":31},"end":{"line":310,"column":57}},"52":{"start":{"line":335,"column":35},"end":{"line":335,"column":107}},"53":{"start":{"line":349,"column":4},"end":{"line":349,"column":31}},"54":{"start":{"line":353,"column":0},"end":{"line":353,"column":29}}},"fnMap":{"0":{"name":"(anonymous_6)","decl":{"start":{"line":28,"column":2},"end":{"line":28,"column":14}},"loc":{"start":{"line":28,"column":26},"end":{"line":35,"column":3}}},"1":{"name":"(anonymous_7)","decl":{"start":{"line":100,"column":16},"end":{"line":100,"column":19}},"loc":{"start":{"line":100,"column":21},"end":{"line":114,"column":3}}},"2":{"name":"(anonymous_8)","decl":{"start":{"line":116,"column":16},"end":{"line":116,"column":19}},"loc":{"start":{"line":116,"column":21},"end":{"line":128,"column":3}}},"3":{"name":"(anonymous_9)","decl":{"start":{"line":125,"column":44},"end":{"line":125,"column":47}},"loc":{"start":{"line":125,"column":49},"end":{"line":127,"column":5}}},"4":{"name":"(anonymous_10)","decl":{"start":{"line":130,"column":21},"end":{"line":130,"column":26}},"loc":{"start":{"line":130,"column":32},"end":{"line":156,"column":3}}},"5":{"name":"(anonymous_11)","decl":{"start":{"line":37,"column":2},"end":{"line":37,"column":8}},"loc":{"start":{"line":37,"column":46},"end":{"line":43,"column":3}}},"6":{"name":"(anonymous_12)","decl":{"start":{"line":45,"column":2},"end":{"line":45,"column":20}},"loc":{"start":{"line":45,"column":37},"end":{"line":61,"column":3}}},"7":{"name":"(anonymous_13)","decl":{"start":{"line":48,"column":36},"end":{"line":48,"column":37}},"loc":{"start":{"line":48,"column":48},"end":{"line":48,"column":79}}},"8":{"name":"(anonymous_14)","decl":{"start":{"line":63,"column":2},"end":{"line":63,"column":19}},"loc":{"start":{"line":63,"column":54},"end":{"line":98,"column":3}}},"9":{"name":"(anonymous_15)","decl":{"start":{"line":158,"column":2},"end":{"line":158,"column":22}},"loc":{"start":{"line":158,"column":22},"end":{"line":162,"column":3}}},"10":{"name":"(anonymous_16)","decl":{"start":{"line":164,"column":2},"end":{"line":164,"column":8}},"loc":{"start":{"line":164,"column":8},"end":{"line":350,"column":3}}},"11":{"name":"(anonymous_17)","decl":{"start":{"line":301,"column":25},"end":{"line":301,"column":28}},"loc":{"start":{"line":301,"column":31},"end":{"line":301,"column":55}}},"12":{"name":"(anonymous_18)","decl":{"start":{"line":310,"column":25},"end":{"line":310,"column":28}},"loc":{"start":{"line":310,"column":31},"end":{"line":310,"column":57}}},"13":{"name":"(anonymous_19)","decl":{"start":{"line":335,"column":29},"end":{"line":335,"column":32}},"loc":{"start":{"line":335,"column":35},"end":{"line":335,"column":107}}}},"branchMap":{"0":{"loc":{"start":{"line":110,"column":4},"end":{"line":113,"column":5}},"type":"if","locations":[{"start":{"line":110,"column":4},"end":{"line":113,"column":5}},{"start":{},"end":{}}]},"1":{"loc":{"start":{"line":131,"column":4},"end":{"line":131,"column":59}},"type":"if","locations":[{"start":{"line":131,"column":4},"end":{"line":131,"column":59}},{"start":{},"end":{}}]},"2":{"loc":{"start":{"line":131,"column":8},"end":{"line":131,"column":50}},"type":"binary-expr","locations":[{"start":{"line":131,"column":8},"end":{"line":131,"column":25}},{"start":{"line":131,"column":29},"end":{"line":131,"column":50}}]},"3":{"loc":{"start":{"line":47,"column":4},"end":{"line":53,"column":5}},"type":"if","locations":[{"start":{"line":47,"column":4},"end":{"line":53,"column":5}},{"start":{},"end":{}}]},"4":{"loc":{"start":{"line":47,"column":8},"end":{"line":47,"column":51}},"type":"binary-expr","locations":[{"start":{"line":47,"column":8},"end":{"line":47,"column":28}},{"start":{"line":47,"column":32},"end":{"line":47,"column":51}}]},"5":{"loc":{"start":{"line":48,"column":6},"end":{"line":52,"column":7}},"type":"if","locations":[{"start":{"line":48,"column":6},"end":{"line":52,"column":7}},{"start":{},"end":{}}]},"6":{"loc":{"start":{"line":49,"column":8},"end":{"line":51,"column":9}},"type":"if","locations":[{"start":{"line":49,"column":8},"end":{"line":51,"column":9}},{"start":{},"end":{}}]},"7":{"loc":{"start":{"line":56,"column":4},"end":{"line":60,"column":5}},"type":"if","locations":[{"start":{"line":56,"column":
[...]
loc":{"start":{"line":96,"column":14},"end":{"line":108,"column":3}}},"4":{"name":"(anonymous_4)","decl":{"start":{"line":113,"column":2},"end":{"line":113,"column":7}},"loc":{"start":{"line":113,"column":19},"end":{"line":127,"column":3}}},"5":{"name":"(anonymous_5)","decl":{"start":{"line":122,"column":29},"end":{"line":122,"column":30}},"loc":{"start":{"line":122,"column":41},"end":{"line":126,"column":5}}},"6":{"name":"(anonymous_6)","decl":{"start":{"line":123,"column":67},"end":{"line":123,"column":70}},"loc":{"start":{"line":123,"column":72},"end":{"line":125,"column":7}}},"7":{"name":"(anonymous_7)","decl":{"start":{"line":132,"column":2},"end":{"line":132,"column":7}},"loc":{"start":{"line":132,"column":23},"end":{"line":142,"column":3}}},"8":{"name":"(anonymous_8)","decl":{"start":{"line":147,"column":2},"end":{"line":147,"column":13}},"loc":{"start":{"line":147,"column":46},"end":{"line":151,"column":3}}},"9":{"name":"(anonymous_9)","decl":{"start":{"line":156,"column":2},"end":{"line":156,"column":7}},"loc":{"start":{"line":156,"column":37},"end":{"line":169,"column":3}}},"10":{"name":"(anonymous_10)","decl":{"start":{"line":174,"column":2},"end":{"line":174,"column":7}},"loc":{"start":{"line":174,"column":46},"end":{"line":191,"column":3}}},"11":{"name":"(anonymous_11)","decl":{"start":{"line":196,"column":2},"end":{"line":196,"column":11}},"loc":{"start":{"line":196,"column":11},"end":{"line":204,"column":3}}},"12":{"name":"(anonymous_12)","decl":{"start":{"line":209,"column":2},"end":{"line":209,"column":13}},"loc":{"start":{"line":209,"column":13},"end":{"line":211,"column":3}}},"13":{"name":"(anonymous_13)","decl":{"start":{"line":216,"column":2},"end":{"line":216,"column":4}},"loc":{"start":{"line":216,"column":58},"end":{"line":221,"column":3}}},"14":{"name":"(anonymous_14)","decl":{"start":{"line":226,"column":2},"end":{"line":226,"column":5}},"loc":{"start":{"line":226,"column":59},"end":{"line":234,"column":3}}},"15":{"name":"(anonymous_15)","decl":{"start":{"line":239,"column":10},"end":{"line":239,"column":14}},"loc":{"start":{"line":239,"column":48},"end":{"line":244,"column":3}}},"16":{"name":"(anonymous_16)","decl":{"start":{"line":242,"column":29},"end":{"line":242,"column":37}},"loc":{"start":{"line":242,"column":41},"end":{"line":242,"column":58}}},"17":{"name":"(anonymous_17)","decl":{"start":{"line":249,"column":10},"end":{"line":249,"column":29}},"loc":{"start":{"line":249,"column":29},"end":{"line":281,"column":3}}},"18":{"name":"(anonymous_18)","decl":{"start":{"line":253,"column":54},"end":{"line":253,"column":57}},"loc":{"start":{"line":253,"column":59},"end":{"line":268,"column":5}}},"19":{"name":"(anonymous_19)","decl":{"start":{"line":259,"column":50},"end":{"line":259,"column":53}},"loc":{"start":{"line":259,"column":55},"end":{"line":266,"column":9}}},"20":{"name":"(anonymous_20)","decl":{"start":{"line":271,"column":56},"end":{"line":271,"column":57}},"loc":{"start":{"line":271,"column":66},"end":{"line":274,"column":5}}},"21":{"name":"(anonymous_21)","decl":{"start":{"line":277,"column":65},"end":{"line":277,"column":68}},"loc":{"start":{"line":277,"column":70},"end":{"line":280,"column":5}}},"22":{"name":"(anonymous_22)","decl":{"start":{"line":286,"column":10},"end":{"line":286,"column":27}},"loc":{"start":{"line":286,"column":27},"end":{"line":292,"column":3}}},"23":{"name":"(anonymous_23)","decl":{"start":{"line":289,"column":50},"end":{"line":289,"column":53}},"loc":{"start":{"line":289,"column":55},"end":{"line":291,"column":5}}},"24":{"name":"(anonymous_24)","decl":{"start":{"line":297,"column":10},"end":{"line":297,"column":26}},"loc":{"start":{"line":297,"column":26},"end":{"line":302,"column":3}}},"25":{"name":"(anonymous_25)","decl":{"start":{"line":307,"column":10},"end":{"line":307,"column":28}},"loc":{"start":{"line":307,"column":49},"end":{"line":320,"column":3}}},"26":{"name":"(anonymous_26)","decl":{"start":{"line":328,"column":34},"end":{"line":328,"column":37}},"loc":{"start":{"line":328,"column":39},"end":{"line":334,"column":3}}},"27":{"name":"(anonymous_27)","decl":{"start":{"line":329,"column":41},"end":{"line":329,"column":42}},"loc":{"start":{"line":329,"column":52},"end":{"line":333,"column":5}}}},"branchMap":{"0":{"loc":{"start":{"line":28,"column":14},"end":{"line":28,"column":55}},"type":"default-arg","locations":[{"start":{"line":28,"column":53},"end":{"line":28,"column":55}}]},"1":{"loc":{"start":{"line":43,"column":4},"end":{"line":45,"column":5}},"type":"if","locations":[{"start":{"line":43,"column":4},"end":{"line":45,"column":5}},{"start":{},"end":{}}]},"2":{"loc":{"start":{"line":76,"column":4},"end":{"line":76,"column":41}},"type":"if","locations":[{"start":{"line":76,"column":4},"end":{"line":76,"column":41}},{"start":{},"end":{}}]},"3":{"loc":{"start":{"line":97,"column":4},"end":{"line":99,"column":5}},"type":"if","locations":[{"start":{"line":97,"column":4},"end":{"line":99,"column":5}},{"start":{},"end":{}}]},"4":{"loc":{"start":{"line":114,"column":4},"end":{"line":116,"column":5}},"type":"if","locations":[{"start":{"line":114,"column":4},"end":{"line":116,"column":5}},{"start":{},"end":{}}]},"5":{"loc":{"start":{"line":114,"column":9},"end":{"line":114,"column":35}},"type":"cond-expr","locations":[{"start":{"line":114,"column":26},"end":{"line":114,"column":28}},{"start":{"line":114,"column":26},"end":{"line":114,"column":35}}]},"6":{"loc":{"start":{"line":114,"column":9},"end":{"line":114,"column":28}},"type":"binary-expr","locations":[{"start":{"line":114,"column":9},"end":{"line":114,"column":28}},{"start":{"line":114,"column":26},"end":{"line":114,"column":28}}]},"7":{"loc":{"start":{"line":133,"column":4},"end":{"line":133,"column":41}},"type":"if","locations":[{"start":{"line":133,"column":4},"end":{"line":133,"column":41}},{"start":{},"end":{}}]},"8":{"loc":{"start":{"line":148,"column":4},"end":{"line":150,"column":5}},"type":"if","locations":[{"start":{"line":148,"column":4},"end":{"line":150,"column":5}},{"start":{},"end":{}}]},"9":{"loc":{"start":{"line":157,"column":4},"end":{"line":159,"column":5}},"type":"if","locations":[{"start":{"line":157,"column":4},"end":{"line":159,"column":5}},{"start":{},"end":{}}]},"10":{"loc":{"start":{"line":161,"column":4},"end":{"line":163,"column":5}},"type":"if","locations":[{"start":{"line":161,"column":4},"end":{"line":163,"column":5}},{"start":{},"end":{}}]},"11":{"loc":{"start":{"line":175,"column":4},"end":{"line":177,"column":5}},"type":"if","locations":[{"start":{"line":175,"column":4},"end":{"line":177,"column":5}},{"start":{},"end":{}}]},"12":{"loc":{"start":{"line":200,"column":20},"end":{"line":200,"column":49}},"type":"cond-expr","locations":[{"start":{"line":200,"column":37},"end":{"line":200,"column":39}},{"start":{"line":200,"column":37},"end":{"line":200,"column":49}}]},"13":{"loc":{"start":{"line":200,"column":20},"end":{"line":200,"column":39}},"type":"binary-expr","locations":[{"start":{"line":200,"column":20},"end":{"line":200,"column":39}},{"start":{"line":200,"column":37},"end":{"line":200,"column":39}}]},"14":{"loc":{"start":{"line":201,"column":19},"end":{"line":201,"column":45}},"type":"cond-expr","locations":[{"start":{"line":201,"column":36},"end":{"line":201,"column":38}},{"start":{"line":201,"column":36},"end":{"line":201,"column":45}}]},"15":{"loc":{"start":{"line":201,"column":19},"end":{"line":201,"column":38}},"type":"binary-expr","locations":[{"start":{"line":201,"column":19},"end":{"line":201,"column":38}},{"start":{"line":201,"column":36},"end":{"line":201,"column":38}}]},"16":{"loc":{"start":{"line":217,"column":4},"end":{"line":219,"column":5}},"type":"if","locations":[{"start":{"line":217,"column":4},"end":{"line":219,"column":5}},{"start":{},"end":{}}]},"17":{"loc":{"start":{"line":228,"column":4},"end":{"line":233,"column":5}},"type":"if","locations":[{"start":{"line":228,"column":4},"end":{"line":233,"column":5}},{"start":{},"end":{}}]},"18":{"loc":{"start":{"line":230,"column":6},"end":{"line":232,"column":7}},"type":"if","locations":[{"start":{"line":230,"column":6},"end":{"line":232,"column":7}},{"start":{},"end":{}}]},"19":{"loc":{"start":{"line":241,"column":4},"end":{"line":243,"column":5}},"type":"if","locations":[{"start":{"line":241,"column":4},"end":{"line":243,"column":5}},{"start":{},"end":{}}]},"20":{"loc":{"start":{"line":250,"column":4},"end":{"line":250,"column":35}},"type":"if","locations":[{"start":{"line":250,"column":4},"end":{"line":250,"column":35}},{"start":{},"end":{}}]},"21":{"loc":{"start":{"line":255,"column":6},"end":{"line":267,"column":7}},"type":"if","locations":[{"start":{"line":255,"column":6},"end":{"line":267,"column":7}},{"start":{},"end":{}}]},"22":{"loc":{"start":{"line":262,"column":10},"end":{"line":265,"column":11}},"type":"if","locations":[{"start":{"line":262,"column":10},"end":{"line":265,"column":11}},{"start":{},"end":{}}]},"23":{"loc":{"start":{"line":262,"column":14},"end":{"line":262,"column":83}},"type":"binary-expr","locations":[{"start":{"line":262,"column":14},"end":{"line":262,"column":45}},{"start":{"line":262,"column":49},"end":{"line":262,"column":83}}]},"24":{"loc":{"start":{"line":287,"column":4},"end":{"line":287,"column":41}},"type":"if","locations":[{"start":{"line":287,"column":4},"end":{"line":287,"column":41}},{"start":{},"end":{}}]},"25":{"loc":{"start":{"line":298,"column":4},"end":{"line":301,"column":5}},"type":"if","locations":[{"start":{"line":298,"column":4},"end":{"line":301,"column":5}},{"start":{},"end":{}}]},"26":{"loc":{"start":{"line":327,"column":0},"end":{"line":335,"column":1}},"type":"if","locations":[{"start":{"line":327,"column":0},"end":{"line":335,"column":1}},{"start":{},"end":{}}]},"27":{"loc":{"start":{"line":327,"column":4},"end":{"line":327,"column":74}},"type":"binary-expr","locations":[{"start":{"line":327,"column":4},"end":{"line":327,"column":41}},{"start":{"line":327,"column":45},"end":{"line":327,"column":74}}]},"28":{"loc":{"start":{"line":330,"column":6},"end":{"line":332,"column":7}},"type":"if","locations":[{"start":{"line":330,"column":6},"end":{"line":332,"column":7}},{"start":{},"end":{}}]}},"s":{"0":0,"1":0,"2":0,"3":0,"4":0,"5":0,"6":0,"7":0,"8":0,"9":0,"10":0,"11":0,"12":0,"13":0,"14":0,"15":0,"16":0,"17":0,"18":0,"19":0,"20":0,"21":0,"22":0,"23":0,"24":0,"25":0,"26":0,"27":0,"28":0,"29":0,"30":0,"31":0,"32":0,"33":0,"34":0,"35":0,"36":0,"37":0,"38":0,"39":0,"40":0,"41":0,"42":0,"43":0,"44":0,"45":0,"46":0,"47":0,"48":0,"49":0,"50":0,"51":0,"52":0,"53":0,"54":0,"55":0,"56":0,"57":0,"58":0,"59":0,"60":0,"61":0,"62":0,"63":0,"64":0,"65":0,"66":0,"67":0,"68":0,"69":0,"70":0,"71":0,"72":0,"73":0,"74":0,"75":0,"76":0,"77":0,"78":0,"79":0,"80":0,"81":0,"82":0,"83":0,"84":0,"85":0,"86":0,"87":0,"88":0,"89":0,"90":0,"91":0,"92":0,"93":0,"94":0,"95":0,"96":0,"97":0,"98":0,"99":0,"100":0,"101":0,"102":0,"103":0,"104":0,"105":0,"106":0,"107":0,"108":0,"109":0,"110":0,"111":0,"112":0,"113":0,"114":0,"115":0,"116":0,"117":0},"f":{"0":0,"1":0,"2":0,"3":0,"4":0,"5":0,"6":0,"7":0,"8":0,"9":0,"10":0,"11":0,"12":0,"13":0,"14":0,"15":0,"16":0,"17":0,"18":0,"19":0,"20":0,"21":0,"22":0,"23":0,"24":0,"25":0,"26":0,"27":0},"b":{"0":[0],"1":[0,0],"2":[0,0],"3":[0,0],"4":[0,0],"5":[0,0],"6":[0,0],"7":[0,0],"8":[0,0],"9":[0,0],"10":[0,0],"11":[0,0],"12":[0,0],"13":[0,0],"14":[0,0],"15":[0,0],"16":[0,0],"17":[0,0],"18":[0,0],"19":[0,0],"20":[0,0],"21":[0,0],"22":[0,0],"23":[0,0],"24":[0,0],"25":[0,0],"26":[0,0],"27":[0,0],"28":[0,0]}}
,"C:\\my_projects\\benyamine-github\\optimum-solutions-group\\src\\shared\\utils\\treeShakingAnalyzer.ts": {"path":"C:\\my_projects\\benyamine-github\\optimum-solutions-group\\src\\shared\\utils\\treeShakingAnalyzer.ts","statementMap":{"0":{"start":{"line":25,"column":10},"end":{"line":25,"column":68}},"1":{"start":{"line":31,"column":31},"end":{"line":31,"column":59}},"2":{"start":{"line":32,"column":25},"end":{"line":32,"column":52}},"3":{"start":{"line":33,"column":37},"end":{"line":33,"column":76}},"4":{"start":{"line":35,"column":4},"end":{"line":41,"column":6}},"5":{"start":{"line":45,"column":4},"end":{"line":48,"column":6}},"6":{"start":{"line":52,"column":4},"end":{"line":58,"column":6}},"7":{"start":{"line":62,"column":4},"end":{"line":68,"column":6}},"8":{"start":{"line":72,"column":28},"end":{"line":84,"column":6}},"9":{"start":{"line":86,"column":4},"end":{"line":88,"column":5}},"10":{"start":{"line":87,"column":6},"end":{"line":87,"column":88}},"11":{"start":{"line":90,"column":4},"end":{"line":92,"column":5}},"12":{"start":{"line":91,"column":6},"end":{"line":91,"column":77}},"13":{"start":{"line":94,"column":4},"end":{"line":101,"column":6}},"14":{"start":{"line":103,"column":4},"end":{"line":103,"column":27}},"15":{"start":{"line":107,"column":4},"end":{"line":107,"column":55}},"16":{"start":{"line":107,"column":48},"end":{"line":107,"column":55}},"17":{"start":{"line":109,"column":21},"end":{"line":109,"column":42}},"18":{"start":{"line":111,"column":4},"end":{"line":111,"column":68}},"19":{"start":{"line":112,"column":4},"end":{"line":112,"column":69}},"20":{"start":{"line":113,"column":4},"end":{"line":113,"column":71}},"21":{"start":{"line":115,"column":4},"end":{"line":121,"column":5}},"22":{"start":{"line":116,"column":6},"end":{"line":116,"column":49}},"23":{"start":{"line":117,"column":6},"end":{"line":119,"column":9}},"24":{"start":{"line":118,"column":8},"end":{"line":118,"column":35}},"25":{"start":{"line":120,"column":6},"end":{"line":120,"column":25}},"26":{"start":{"line":123,"column":4},"end":{"line":129,"column":5}},"27":{"start":{"line":124,"column":6},"end":{"line":124,"column":53}},"28":{"start":{"line":125,"column":6},"end":{"line":127,"column":9}},"29":{"start":{"line":126,"column":8},"end":{"line":126,"column":40}},"30":{"start":{"line":128,"column":6},"end":{"line":128,"column":25}},"31":{"start":{"line":131,"column":4},"end":{"line":137,"column":5}},"32":{"start":{"line":132,"column":6},"end":{"line":132,"column":55}},"33":{"start":{"line":133,"column":6},"end":{"line":135,"column":9}},"34":{"start":{"line":134,"column":8},"end":{"line":134,"column":25}},"35":{"start":{"line":136,"column":6},"end":{"line":136,"column":25}},"36":{"start":{"line":139,"column":4},"end":{"line":139,"column":23}},"37":{"start":{"line":143,"column":4},"end":{"line":161,"column":6}},"38":{"start":{"line":165,"column":21},"end":{"line":165,"column":42}},"39":{"start":{"line":166,"column":33},"end":{"line":166,"column":63}},"40":{"start":{"line":168,"column":4},"end":{"line":172,"column":16}},"41":{"start":{"line":176,"column":13},"end":{"line":176,"column":61}},"42":{"start":{"line":178,"column":0},"end":{"line":184,"column":1}},"43":{"start":{"line":179,"column":3},"end":{"line":179,"column":82}},"44":{"start":{"line":181,"column":2},"end":{"line":183,"column":11}},"45":{"start":{"line":182,"column":4},"end":{"line":182,"column":43}},"46":{"start":{"line":186,"column":0},"end":{"line":186,"column":35}}},"fnMap":{"0":{"name":"(anonymous_0)","decl":{"start":{"line":24,"column":0},"end":{"line":24,"column":6}},"loc":{"start":{"line":24,"column":0},"end":{"line":174,"column":1}}},"1":{"name":"(anonymous_1)","decl":{"start":{"line":30,"column":2},"end":{"line":30,"column":16}},"loc":{"start":{"line":30,"column":16},"end":{"line":42,"column":3}}},"2":{"name":"(anonymous_2)","decl":{"start":{"line":44,"column":10},"end":{"line":44,"column":31}},"loc":{"start":{"line":44,"column":31},"end":{"line":49,"column":3}}},"3":{"name":"(anonymous_3)","decl":{"start":{"line":51,"column":10},"end":{"line":51,"column":30}},"loc":{"start":{"line":51,"column":30},"end":{"line":59,"column":3}}},"4":{"name":"(anonymous_4)","decl":{"start":{"line":61,"column":10},"end":{"line":61,"column":42}},"loc":{"start":{"line":61,"column":42},"end":{"line":69,"column":3}}},"5":{"name":"(anonymous_5)","decl":{"start":{"line":71,"column":10},"end":{"line":71,"column":33}},"loc":{"start":{"line":71,"column":81},"end":{"line":104,"column":3}}},"6":{"name":"(anonymous_6)","decl":{"start":{"line":106,"column":2},"end":{"line":106,"column":18}},"loc":{"start":{"line":106,"column":18},"end":{"line":140,"column":3}}},"7":{"name":"(anonymous_7)","decl":{"start":{"line":117,"column":36},"end":{"line":117,"column":42}},"loc":{"start":{"line":117,"column":45},"end":{"line":119,"column":7}}},"8":{"name":"(anonymous_8)","decl":{"start":{"line":125,"column":48},"end":{"line":125,"column":59}},"loc":{"start":{"line":125,"column":62},"end":{"line":127,"column":7}}},"9":{"name":"(anonymous_9)","decl":{"start":{"line":133,"column":39},"end":{"line":133,"column":42}},"loc":{"start":{"line":133,"column":45},"end":{"line":135,"column":7}}},"10":{"name":"(anonymous_10)","decl":{"start":{"line":142,"column":2},"end":{"line":142,"column":25}},"loc":{"start":{"line":142,"column":25},"end":{"line":162,"column":3}}},"11":{"name":"(anonymous_11)","decl":{"start":{"line":164,"column":2},"end":{"line":164,"column":16}},"loc":{"start":{"line":164,"column":16},"end":{"line":173,"column":3}}},"12":{"name":"(anonymous_12)","decl":{"start":{"line":181,"column":13},"end":{"line":181,"column":16}},"loc":{"start":{"line":181,"column":18},"end":{"line":183,"column":3}}}},"branchMap":{"0":{"loc":{"start":{"line":86,"column":4},"end":{"line":88,"column":5}},"type":"if","locations":[{"start":{"line":86,"column":4},"end":{"line":88,"column":5}},{"start":{},"end":{}}]},"1":{"loc":{"start":{"line":90,"column":4},"end":{"line":92,"column":5}},"type":"if","locations":[{"start":{"line":90,"column":4},"end":{"line":92,"column":5}},{"start":{},"end":{}}]},"2":{"loc":{"start":{"line":107,"column":4},"end":{"line":107,"column":55}},"type":"if","locations":[{"start":{"line":107,"column":4},"end":{"line":107,"column":55}},{"start":{},"end":{}}]},"3":{"loc":{"start":{"line":115,"column":4},"end":{"line":121,"column":5}},"type":"if","locations":[{"start":{"line":115,"column":4},"end":{"line":121,"column":5}},{"start":{},"end":{}}]},"4":{"loc":{"start":{"line":123,"column":4},"end":{"line":129,"column":5}},"type":"if","locations":[{"start":{"line":123,"column":4},"end":{"line":129,"column":5}},{"start":{},"end":{}}]},"5":{"loc":{"start":{"line":131,"column":4},"end":{"line":137,"column":5}},"type":"if","locations":[{"start":{"line":131,"column":4},"end":{"line":137,"column":5}},{"start":{},"end":{}}]},"6":{"loc":{"start":{"line":178,"column":0},"end":{"line":184,"column":1}},"type":"if","locations":[{"start":{"line":178,"column":0},"end":{"line":184,"column":1}},{"start":{},"end":{}}]},"7":{"loc":{"start":{"line":178,"column":4},"end":{"line":178,"column":75}},"type":"binary-expr","locations":[{"start":{"line":178,"column":4},"end":{"line":178,"column":42}},{"start":{"line":178,"column":46},"end":{"line":178,"column":75}}]}},"s":{"0":0,"1":0,"2":0,"3":0,"4":0,"5":0,"6":0,"7":0,"8":0,"9":0,"10":0,"11":0,"12":0,"13":0,"14":0,"15":0,"16":0,"17":0,"18":0,"19":0,"20":0,"21":0,"22":0,"23":0,"24":0,"25":0,"26":0,"27":0,"28":0,"29":0,"30":0,"31":0,"32":0,"33":0,"34":0,"35":0,"36":0,"37":0,"38":0,"39":0,"40":0,"41":0,"42":0,"43":0,"44":0,"45":0,"46":0},"f":{"0":0,"1":0,"2":0,"3":0,"4":0,"5":0,"6":0,"7":0,"8":0,"9":0,"10":0,"11":0,"12":0},"b":{"0":[0,0],"1":[0,0],"2":[0,0],"3":[0,0],"4":[0,0],"5":[0,0],"6":[0,0],"7":[0,0]}}
,"C:\\my_projects\\benyamine-github\\optimum-solutions-group\\src\\shared\\utils\\utils.ts": {"path":"C:\\my_projects\\benyamine-github\\optimum-solutions-group\\src\\shared\\utils\\utils.ts","statementMap":{"0":{"start":{"line":4,"column":0},"end":{"line":4,"column":16}},"1":{"start":{"line":1,"column":0},"end":{"line":1,"column":44}},"2":{"start":{"line":2,"column":0},"end":{"line":2,"column":40}},"3":{"start":{"line":5,"column":2},"end":{"line":5,"column":null}}},"fnMap":{"0":{"name":"cn","decl":{"start":{"line":4,"column":16},"end":{"line":4,"column":18}},"loc":{"start":{"line":4,"column":42},"end":{"line":6,"column":1}}}},"branchMap":{},"s":{"0":4,"1":4,"2":4,"3":328},"f":{"0":328},"b":{}}
}
