TN:
SF:src\App.tsx
FN:26,(anonymous_10)
FN:40,(anonymous_11)
FN:62,(anonymous_12)
FN:62,(anonymous_13)
FN:68,(anonymous_14)
FN:68,(anonymous_15)
FN:74,(anonymous_16)
FN:74,(anonymous_17)
FN:80,(anonymous_18)
FN:80,(anonymous_19)
FN:94,(anonymous_20)
FN:95,(anonymous_21)
FN:99,(anonymous_22)
FN:106,(anonymous_23)
FN:108,(anonymous_24)
FN:108,(anonymous_25)
FN:115,(anonymous_26)
FN:127,(anonymous_27)
FNF:18
FNH:0
FNDA:0,(anonymous_10)
FNDA:0,(anonymous_11)
FNDA:0,(anonymous_12)
FNDA:0,(anonymous_13)
FNDA:0,(anonymous_14)
FNDA:0,(anonymous_15)
FNDA:0,(anonymous_16)
FNDA:0,(anonymous_17)
FNDA:0,(anonymous_18)
FNDA:0,(anonymous_19)
FNDA:0,(anonymous_20)
FNDA:0,(anonymous_21)
FNDA:0,(anonymous_22)
FNDA:0,(anonymous_23)
FNDA:0,(anonymous_24)
FNDA:0,(anonymous_25)
FNDA:0,(anonymous_26)
FNDA:0,(anonymous_27)
DA:1,0
DA:2,0
DA:3,0
DA:4,0
DA:5,0
DA:6,0
DA:7,0
DA:8,0
DA:9,0
DA:10,0
DA:11,0
DA:12,0
DA:13,0
DA:14,0
DA:15,0
DA:17,0
DA:19,0
DA:25,0
DA:26,0
DA:29,0
DA:34,0
DA:36,0
DA:40,0
DA:43,0
DA:50,0
DA:51,0
DA:56,0
DA:59,0
DA:61,0
DA:62,0
DA:67,0
DA:68,0
DA:73,0
DA:74,0
DA:79,0
DA:80,0
DA:86,0
DA:88,0
DA:89,0
DA:93,0
DA:94,0
DA:95,0
DA:96,0
DA:97,0
DA:100,0
DA:106,0
DA:108,0
DA:115,0
DA:116,0
DA:125,0
DA:127,0
DA:128,0
DA:169,0
LF:53
LH:0
BRDA:25,0,0,0
BRDA:25,0,1,0
BRDA:25,1,0,0
BRDA:25,1,1,0
BRDA:29,2,0,0
BRDA:29,2,1,0
BRDA:31,3,0,0
BRDA:31,3,1,0
BRDA:43,4,0,0
BRDA:43,4,1,0
BRDA:43,5,0,0
BRDA:43,5,1,0
BRDA:44,6,0,0
BRDA:44,6,1,0
BRDA:46,7,0,0
BRDA:46,7,1,0
BRDA:86,8,0,0
BRDA:86,8,1,0
BRDA:88,9,0,0
BRDA:88,9,1,0
BRDA:88,10,0,0
BRDA:88,10,1,0
BRDA:93,11,0,0
BRDA:93,11,1,0
BRDA:96,12,0,0
BRDA:96,12,1,0
BRF:26
BRH:0
end_of_record
TN:
SF:src\features\about\AboutSection.tsx
FN:6,(anonymous_1)
FN:53,(anonymous_2)
FN:72,(anonymous_3)
FNF:3
FNH:0
FNDA:0,(anonymous_1)
FNDA:0,(anonymous_2)
FNDA:0,(anonymous_3)
DA:1,0
DA:2,0
DA:3,0
DA:4,0
DA:6,0
DA:7,0
DA:25,0
DA:34,0
DA:54,0
DA:73,0
DA:102,0
LF:11
LH:0
BRF:0
BRH:0
end_of_record
TN:
SF:src\features\contact\ContactSection.tsx
FN:12,(anonymous_10)
FN:26,(anonymous_11)
FN:33,(anonymous_12)
FN:39,(anonymous_13)
FN:272,(anonymous_14)
FN:292,(anonymous_15)
FN:315,(anonymous_16)
FNF:7
FNH:0
FNDA:0,(anonymous_10)
FNDA:0,(anonymous_11)
FNDA:0,(anonymous_12)
FNDA:0,(anonymous_13)
FNDA:0,(anonymous_14)
FNDA:0,(anonymous_15)
FNDA:0,(anonymous_16)
DA:1,0
DA:2,0
DA:3,0
DA:4,0
DA:5,0
DA:6,0
DA:7,0
DA:8,0
DA:9,0
DA:10,0
DA:12,0
DA:13,0
DA:14,0
DA:24,0
DA:26,0
DA:27,0
DA:33,0
DA:34,0
DA:35,0
DA:38,0
DA:39,0
DA:41,0
DA:47,0
DA:58,0
DA:64,0
DA:68,0
DA:95,0
DA:118,0
DA:273,0
DA:293,0
DA:316,0
DA:330,0
LF:32
LH:0
BRDA:259,0,0,0
BRDA:259,0,1,0
BRF:2
BRH:0
end_of_record
TN:
SF:src\features\hero\HeroSection.tsx
FN:9,(anonymous_10)
FN:12,(anonymous_11)
FN:27,(anonymous_12)
FNF:3
FNH:0
FNDA:0,(anonymous_10)
FNDA:0,(anonymous_11)
FNDA:0,(anonymous_12)
DA:1,0
DA:2,0
DA:4,0
DA:5,0
DA:6,0
DA:7,0
DA:9,0
DA:10,0
DA:12,0
DA:13,0
DA:14,0
DA:15,0
DA:16,0
DA:19,0
DA:20,0
DA:22,0
DA:23,0
DA:27,0
DA:28,0
DA:29,0
DA:30,0
DA:31,0
DA:34,0
DA:35,0
DA:37,0
DA:38,0
DA:42,0
DA:183,0
DA:185,0
LF:29
LH:0
BRDA:14,0,0,0
BRDA:14,0,1,0
BRDA:15,1,0,0
BRDA:15,1,1,0
BRDA:19,2,0,0
BRDA:19,2,1,0
BRDA:29,3,0,0
BRDA:29,3,1,0
BRDA:30,4,0,0
BRDA:30,4,1,0
BRDA:34,5,0,0
BRDA:34,5,1,0
BRDA:71,6,0,0
BRDA:71,6,1,0
BRF:14
BRH:0
end_of_record
TN:
SF:src\features\iot-solutions\IoTSection.tsx
FN:18,(anonymous_10)
FN:99,(anonymous_11)
FN:128,(anonymous_12)
FN:134,(anonymous_13)
FN:135,(anonymous_14)
FN:148,(anonymous_15)
FN:187,(anonymous_16)
FN:202,(anonymous_17)
FN:231,(anonymous_18)
FNF:9
FNH:0
FNDA:0,(anonymous_10)
FNDA:0,(anonymous_11)
FNDA:0,(anonymous_12)
FNDA:0,(anonymous_13)
FNDA:0,(anonymous_14)
FNDA:0,(anonymous_15)
FNDA:0,(anonymous_16)
FNDA:0,(anonymous_17)
FNDA:0,(anonymous_18)
DA:1,0
DA:2,0
DA:3,0
DA:4,0
DA:5,0
DA:6,0
DA:7,0
DA:8,0
DA:10,0
DA:11,0
DA:12,0
DA:13,0
DA:14,0
DA:15,0
DA:16,0
DA:18,0
DA:19,0
DA:20,0
DA:21,0
DA:22,0
DA:24,0
DA:72,0
DA:99,0
DA:100,0
DA:101,0
DA:102,0
DA:106,0
DA:129,0
DA:134,0
DA:135,0
DA:149,0
DA:188,0
DA:203,0
DA:231,0
DA:246,0
LF:35
LH:0
BRDA:101,0,0,0
BRDA:101,0,1,0
BRDA:132,1,0,0
BRDA:132,1,1,0
BRDA:231,2,0,0
BRDA:231,2,1,0
BRDA:231,3,0,0
BRDA:231,3,1,0
BRF:8
BRH:0
end_of_record
TN:
SF:src\features\navigation\Navigation.tsx
FN:10,(anonymous_10)
FN:33,(anonymous_11)
FN:37,(anonymous_12)
FN:39,(anonymous_13)
FN:43,(anonymous_14)
FN:53,(anonymous_15)
FN:75,(anonymous_16)
FN:76,(anonymous_17)
FN:85,(anonymous_18)
FN:97,(anonymous_19)
FN:101,(anonymous_20)
FN:108,(anonymous_21)
FN:109,(anonymous_22)
FN:120,(anonymous_23)
FN:137,(anonymous_24)
FN:138,(anonymous_25)
FN:181,(anonymous_26)
FN:184,(anonymous_27)
FN:193,(anonymous_28)
FN:229,(anonymous_29)
FN:232,(anonymous_30)
FN:242,(anonymous_31)
FNF:22
FNH:0
FNDA:0,(anonymous_10)
FNDA:0,(anonymous_11)
FNDA:0,(anonymous_12)
FNDA:0,(anonymous_13)
FNDA:0,(anonymous_14)
FNDA:0,(anonymous_15)
FNDA:0,(anonymous_16)
FNDA:0,(anonymous_17)
FNDA:0,(anonymous_18)
FNDA:0,(anonymous_19)
FNDA:0,(anonymous_20)
FNDA:0,(anonymous_21)
FNDA:0,(anonymous_22)
FNDA:0,(anonymous_23)
FNDA:0,(anonymous_24)
FNDA:0,(anonymous_25)
FNDA:0,(anonymous_26)
FNDA:0,(anonymous_27)
FNDA:0,(anonymous_28)
FNDA:0,(anonymous_29)
FNDA:0,(anonymous_30)
FNDA:0,(anonymous_31)
DA:1,0
DA:2,0
DA:3,0
DA:4,0
DA:5,0
DA:6,0
DA:7,0
DA:8,0
DA:10,0
DA:11,0
DA:12,0
DA:13,0
DA:14,0
DA:15,0
DA:18,0
DA:27,0
DA:33,0
DA:34,0
DA:37,0
DA:38,0
DA:39,0
DA:43,0
DA:53,0
DA:54,0
DA:55,0
DA:56,0
DA:57,0
DA:60,0
DA:61,0
DA:62,0
DA:64,0
DA:67,0
DA:68,0
DA:71,0
DA:75,0
DA:76,0
DA:77,0
DA:80,0
DA:83,0
DA:85,0
DA:86,0
DA:87,0
DA:92,0
DA:97,0
DA:98,0
DA:99,0
DA:101,0
DA:102,0
DA:103,0
DA:108,0
DA:109,0
DA:110,0
DA:111,0
DA:112,0
DA:116,0
DA:117,0
DA:120,0
DA:123,0
DA:137,0
DA:139,0
DA:140,0
DA:141,0
DA:182,0
DA:184,0
DA:193,0
DA:230,0
DA:232,0
DA:242,0
DA:257,0
DA:259,0
LF:70
LH:0
BRDA:55,0,0,0
BRDA:55,0,1,0
BRDA:56,1,0,0
BRDA:56,1,1,0
BRDA:61,2,0,0
BRDA:61,2,1,0
BRDA:67,3,0,0
BRDA:67,3,1,0
BRDA:80,4,0,0
BRDA:80,4,1,0
BRDA:83,5,0,0
BRDA:83,5,1,0
BRDA:86,6,0,0
BRDA:86,6,1,0
BRDA:110,7,0,0
BRDA:110,7,1,0
BRDA:110,8,0,0
BRDA:110,8,1,0
BRDA:116,9,0,0
BRDA:116,9,1,0
BRDA:127,10,0,0
BRDA:127,10,1,0
BRDA:139,11,0,0
BRDA:139,11,1,0
BRDA:139,12,0,0
BRDA:139,12,1,0
BRDA:207,13,0,0
BRDA:207,13,1,0
BRDA:210,14,0,0
BRDA:210,14,1,0
BRDA:212,15,0,0
BRDA:212,15,1,0
BRDA:220,16,0,0
BRDA:220,16,1,0
BRF:34
BRH:0
end_of_record
TN:
SF:src\features\portfolio\PortfolioSection.tsx
FN:10,(anonymous_1)
FN:41,(anonymous_2)
FN:111,(anonymous_3)
FN:135,(anonymous_4)
FN:150,(anonymous_5)
FNF:5
FNH:0
FNDA:0,(anonymous_1)
FNDA:0,(anonymous_2)
FNDA:0,(anonymous_3)
FNDA:0,(anonymous_4)
FNDA:0,(anonymous_5)
DA:1,0
DA:2,0
DA:3,0
DA:4,0
DA:5,0
DA:6,0
DA:7,0
DA:8,0
DA:10,0
DA:11,0
DA:41,0
DA:42,0
DA:43,0
DA:44,0
DA:48,0
DA:112,0
DA:136,0
DA:151,0
DA:187,0
LF:19
LH:0
BRDA:43,0,0,0
BRDA:43,0,1,0
BRF:2
BRH:0
end_of_record
TN:
SF:src\features\services\ServicesSection.tsx
FN:14,(anonymous_1)
FN:101,(anonymous_2)
FN:122,(anonymous_3)
FN:141,(anonymous_4)
FNF:4
FNH:0
FNDA:0,(anonymous_1)
FNDA:0,(anonymous_2)
FNDA:0,(anonymous_3)
FNDA:0,(anonymous_4)
DA:1,0
DA:2,0
DA:3,0
DA:4,0
DA:5,0
DA:6,0
DA:7,0
DA:8,0
DA:9,0
DA:10,0
DA:11,0
DA:12,0
DA:14,0
DA:15,0
DA:16,0
DA:18,0
DA:101,0
DA:102,0
DA:103,0
DA:104,0
DA:108,0
DA:123,0
DA:142,0
DA:175,0
LF:24
LH:0
BRDA:103,0,0,0
BRDA:103,0,1,0
BRF:2
BRH:0
end_of_record
TN:
SF:src\features\testimonials\TestimonialsSection.tsx
FN:4,(anonymous_1)
FN:70,(anonymous_2)
FN:73,(anonymous_3)
FN:111,(anonymous_4)
FNF:4
FNH:0
FNDA:0,(anonymous_1)
FNDA:0,(anonymous_2)
FNDA:0,(anonymous_3)
FNDA:0,(anonymous_4)
DA:1,0
DA:2,0
DA:4,0
DA:5,0
DA:56,0
DA:71,0
DA:74,0
DA:112,0
DA:128,0
LF:9
LH:0
BRF:0
BRH:0
end_of_record
TN:
SF:src\pages\AnalyticsPage.tsx
FN:15,(anonymous_1)
FN:25,(anonymous_2)
FNF:2
FNH:0
FNDA:0,(anonymous_1)
FNDA:0,(anonymous_2)
DA:8,0
DA:9,0
DA:10,0
DA:11,0
DA:12,0
DA:13,0
DA:15,0
DA:16,0
DA:19,0
DA:25,0
DA:26,0
DA:27,0
DA:30,0
DA:83,0
LF:14
LH:0
BRF:0
BRH:0
end_of_record
TN:
SF:src\pages\ComponentShowcase.tsx
FN:25,ComponentShowcase
FN:36,(anonymous_10)
FN:39,(anonymous_11)
FN:47,(anonymous_12)
FN:48,(anonymous_13)
FN:48,(anonymous_14)
FN:52,(anonymous_15)
FN:54,(anonymous_16)
FN:61,(anonymous_17)
FN:62,(anonymous_18)
FN:62,(anonymous_19)
FN:81,(anonymous_20)
FN:149,(anonymous_21)
FN:149,(anonymous_22)
FN:161,(anonymous_23)
FN:161,(anonymous_24)
FN:171,(anonymous_25)
FN:171,(anonymous_26)
FN:192,(anonymous_27)
FN:192,(anonymous_28)
FN:203,(anonymous_29)
FN:203,(anonymous_30)
FNF:22
FNH:0
FNDA:0,ComponentShowcase
FNDA:0,(anonymous_10)
FNDA:0,(anonymous_11)
FNDA:0,(anonymous_12)
FNDA:0,(anonymous_13)
FNDA:0,(anonymous_14)
FNDA:0,(anonymous_15)
FNDA:0,(anonymous_16)
FNDA:0,(anonymous_17)
FNDA:0,(anonymous_18)
FNDA:0,(anonymous_19)
FNDA:0,(anonymous_20)
FNDA:0,(anonymous_21)
FNDA:0,(anonymous_22)
FNDA:0,(anonymous_23)
FNDA:0,(anonymous_24)
FNDA:0,(anonymous_25)
FNDA:0,(anonymous_26)
FNDA:0,(anonymous_27)
FNDA:0,(anonymous_28)
FNDA:0,(anonymous_29)
FNDA:0,(anonymous_30)
DA:1,0
DA:2,0
DA:25,0
DA:26,0
DA:34,0
DA:36,0
DA:37,0
DA:38,0
DA:39,0
DA:47,0
DA:48,0
DA:52,0
DA:53,0
DA:54,0
DA:61,0
DA:62,0
DA:66,0
DA:82,0
DA:149,0
DA:161,0
DA:171,0
DA:192,0
DA:203,0
LF:23
LH:0
BRDA:212,0,0,0
BRDA:212,0,1,0
BRDA:212,0,2,0
BRF:3
BRH:0
end_of_record
TN:
SF:src\pages\Index.tsx
FN:21,(anonymous_10)
FN:21,(anonymous_11)
FN:26,(anonymous_12)
FN:26,(anonymous_13)
FN:31,(anonymous_14)
FN:31,(anonymous_15)
FN:36,(anonymous_16)
FN:36,(anonymous_17)
FN:41,(anonymous_18)
FN:41,(anonymous_19)
FN:46,(anonymous_20)
FN:46,(anonymous_21)
FN:51,(anonymous_22)
FN:51,(anonymous_23)
FN:56,(anonymous_24)
FN:56,(anonymous_25)
FN:61,(anonymous_26)
FN:61,(anonymous_27)
FN:66,(anonymous_28)
FN:77,(anonymous_29)
FNF:20
FNH:0
FNDA:0,(anonymous_10)
FNDA:0,(anonymous_11)
FNDA:0,(anonymous_12)
FNDA:0,(anonymous_13)
FNDA:0,(anonymous_14)
FNDA:0,(anonymous_15)
FNDA:0,(anonymous_16)
FNDA:0,(anonymous_17)
FNDA:0,(anonymous_18)
FNDA:0,(anonymous_19)
FNDA:0,(anonymous_20)
FNDA:0,(anonymous_21)
FNDA:0,(anonymous_22)
FNDA:0,(anonymous_23)
FNDA:0,(anonymous_24)
FNDA:0,(anonymous_25)
FNDA:0,(anonymous_26)
FNDA:0,(anonymous_27)
FNDA:0,(anonymous_28)
FNDA:0,(anonymous_29)
DA:1,0
DA:3,0
DA:4,0
DA:5,0
DA:6,0
DA:7,0
DA:8,0
DA:9,0
DA:10,0
DA:11,0
DA:13,0
DA:15,0
DA:18,0
DA:20,0
DA:21,0
DA:25,0
DA:26,0
DA:30,0
DA:31,0
DA:35,0
DA:36,0
DA:40,0
DA:41,0
DA:45,0
DA:46,0
DA:50,0
DA:51,0
DA:55,0
DA:56,0
DA:60,0
DA:61,0
DA:66,0
DA:67,0
DA:77,0
DA:78,0
DA:81,0
DA:97,0
DA:98,0
DA:101,0
DA:171,0
LF:40
LH:0
BRDA:97,0,0,0
BRDA:97,0,1,0
BRF:2
BRH:0
end_of_record
TN:
SF:src\pages\NotFound.tsx
FN:5,(anonymous_0)
FN:8,(anonymous_1)
FNF:2
FNH:0
FNDA:0,(anonymous_0)
FNDA:0,(anonymous_1)
DA:1,0
DA:2,0
DA:3,0
DA:5,0
DA:6,0
DA:8,0
DA:9,0
DA:12,0
DA:25,0
LF:9
LH:0
BRF:0
BRH:0
end_of_record
TN:
SF:src\pages\PWAPage.tsx
FN:43,(anonymous_10)
FN:55,(anonymous_11)
FN:56,(anonymous_12)
FN:61,(anonymous_13)
FN:69,(anonymous_14)
FN:167,(anonymous_15)
FN:199,(anonymous_16)
FN:211,(anonymous_17)
FNF:8
FNH:0
FNDA:0,(anonymous_10)
FNDA:0,(anonymous_11)
FNDA:0,(anonymous_12)
FNDA:0,(anonymous_13)
FNDA:0,(anonymous_14)
FNDA:0,(anonymous_15)
FNDA:0,(anonymous_16)
FNDA:0,(anonymous_17)
DA:8,0
DA:9,0
DA:10,0
DA:11,0
DA:12,0
DA:13,0
DA:14,0
DA:35,0
DA:36,0
DA:37,0
DA:38,0
DA:39,0
DA:43,0
DA:44,0
DA:45,0
DA:47,0
DA:55,0
DA:56,0
DA:57,0
DA:58,0
DA:61,0
DA:62,0
DA:63,0
DA:66,0
DA:67,0
DA:69,0
DA:70,0
DA:71,0
DA:77,0
DA:122,0
DA:167,0
DA:168,0
DA:169,0
DA:199,0
DA:200,0
DA:201,0
DA:212,0
DA:227,0
DA:476,0
LF:39
LH:0
BRDA:103,0,0,0
BRDA:103,0,1,0
BRDA:173,1,0,0
BRDA:173,1,1,0
BRDA:174,2,0,0
BRDA:174,2,1,0
BRDA:179,3,0,0
BRDA:179,3,1,0
BRDA:191,4,0,0
BRDA:191,4,1,0
BRDA:192,5,0,0
BRDA:192,5,1,0
BRDA:257,6,0,0
BRDA:257,6,1,0
BRDA:259,7,0,0
BRDA:259,7,1,0
BRDA:265,8,0,0
BRDA:265,8,1,0
BRDA:273,9,0,0
BRDA:273,9,1,0
BRDA:274,10,0,0
BRDA:274,10,1,0
BRDA:279,11,0,0
BRDA:279,11,1,0
BRDA:280,12,0,0
BRDA:280,12,1,0
BRDA:285,13,0,0
BRDA:285,13,1,0
BRDA:286,14,0,0
BRDA:286,14,1,0
BRDA:291,15,0,0
BRDA:291,15,1,0
BRDA:292,16,0,0
BRDA:292,16,1,0
BRF:34
BRH:0
end_of_record
TN:
SF:src\pages\TestIndex.tsx
FN:3,(anonymous_9)
FNF:1
FNH:0
FNDA:0,(anonymous_9)
DA:1,0
DA:3,0
DA:4,0
DA:12,0
LF:4
LH:0
BRF:0
BRH:0
end_of_record
TN:
SF:src\shared\components\AccessibilityProvider.tsx
FN:47,(anonymous_9)
FN:55,(anonymous_10)
FN:70,(anonymous_11)
FN:76,(anonymous_12)
FN:77,(anonymous_13)
FN:78,(anonymous_14)
FN:85,(anonymous_15)
FN:86,(anonymous_16)
FN:86,(anonymous_17)
FN:91,(anonymous_18)
FN:121,(anonymous_19)
FN:128,(anonymous_20)
FN:130,(anonymous_21)
FN:135,(anonymous_22)
FN:153,(anonymous_23)
FN:154,(anonymous_24)
FN:168,(anonymous_25)
FN:180,(anonymous_26)
FN:185,(anonymous_27)
FN:186,(anonymous_28)
FN:202,(anonymous_29)
FN:220,(anonymous_30)
FN:227,(anonymous_31)
FN:228,(anonymous_32)
FN:232,(anonymous_33)
FN:245,(anonymous_34)
FN:251,(anonymous_35)
FNF:27
FNH:0
FNDA:0,(anonymous_9)
FNDA:0,(anonymous_10)
FNDA:0,(anonymous_11)
FNDA:0,(anonymous_12)
FNDA:0,(anonymous_13)
FNDA:0,(anonymous_14)
FNDA:0,(anonymous_15)
FNDA:0,(anonymous_16)
FNDA:0,(anonymous_17)
FNDA:0,(anonymous_18)
FNDA:0,(anonymous_19)
FNDA:0,(anonymous_20)
FNDA:0,(anonymous_21)
FNDA:0,(anonymous_22)
FNDA:0,(anonymous_23)
FNDA:0,(anonymous_24)
FNDA:0,(anonymous_25)
FNDA:0,(anonymous_26)
FNDA:0,(anonymous_27)
FNDA:0,(anonymous_28)
FNDA:0,(anonymous_29)
FNDA:0,(anonymous_30)
FNDA:0,(anonymous_31)
FNDA:0,(anonymous_32)
FNDA:0,(anonymous_33)
FNDA:0,(anonymous_34)
FNDA:0,(anonymous_35)
DA:1,0
DA:2,0
DA:8,0
DA:38,0
DA:47,0
DA:51,0
DA:52,0
DA:53,0
DA:55,0
DA:63,0
DA:64,0
DA:65,0
DA:66,0
DA:69,0
DA:70,0
DA:71,0
DA:75,0
DA:76,0
DA:77,0
DA:78,0
DA:79,0
DA:84,0
DA:85,0
DA:86,0
DA:90,0
DA:91,0
DA:93,0
DA:98,0
DA:99,0
DA:100,0
DA:114,0
DA:115,0
DA:116,0
DA:117,0
DA:121,0
DA:123,0
DA:124,0
DA:128,0
DA:129,0
DA:130,0
DA:131,0
DA:132,0
DA:135,0
DA:139,0
DA:153,0
DA:154,0
DA:155,0
DA:157,0
DA:158,0
DA:160,0
DA:161,0
DA:164,0
DA:165,0
DA:168,0
DA:169,0
DA:170,0
DA:176,0
DA:178,0
DA:181,0
DA:185,0
DA:187,0
DA:188,0
DA:189,0
DA:202,0
DA:203,0
DA:205,0
DA:206,0
DA:209,0
DA:220,0
DA:225,0
DA:227,0
DA:228,0
DA:229,0
DA:232,0
DA:235,0
DA:245,0
DA:249,0
DA:251,0
DA:253,0
DA:256,0
DA:257,0
DA:261,0
LF:82
LH:0
BRDA:49,0,0,0
BRDA:69,1,0,0
BRDA:69,1,1,0
BRDA:70,2,0,0
BRDA:75,3,0,0
BRDA:75,3,1,0
BRDA:84,4,0,0
BRDA:84,4,1,0
BRDA:90,5,0,0
BRDA:90,5,1,0
BRDA:99,6,0,0
BRDA:99,6,1,0
BRDA:129,7,0,0
BRDA:129,7,1,0
BRDA:131,8,0,0
BRDA:131,8,1,0
BRDA:158,9,0,0
BRDA:158,9,1,0
BRDA:160,10,0,0
BRDA:160,10,1,0
BRDA:169,11,0,0
BRDA:169,11,1,0
BRDA:176,12,0,0
BRDA:176,12,1,0
BRDA:187,13,0,0
BRDA:187,13,1,0
BRDA:187,14,0,0
BRDA:187,14,1,0
BRDA:205,15,0,0
BRDA:205,15,1,0
BRDA:222,16,0,0
BRDA:223,17,0,0
BRDA:247,18,0,0
BRDA:256,19,0,0
BRDA:256,19,1,0
BRDA:256,20,0,0
BRDA:256,20,1,0
BRF:37
BRH:0
end_of_record
TN:
SF:src\shared\components\AnalyticsDashboard.tsx
FN:92,(anonymous_10)
FN:107,(anonymous_11)
FN:166,(anonymous_12)
FN:171,(anonymous_13)
FN:174,(anonymous_14)
FN:178,(anonymous_15)
FN:185,(anonymous_16)
FN:191,(anonymous_17)
FN:197,(anonymous_18)
FN:216,(anonymous_19)
FN:293,(anonymous_20)
FN:297,(anonymous_21)
FN:336,(anonymous_22)
FN:341,(anonymous_23)
FN:360,(anonymous_24)
FN:386,(anonymous_25)
FN:428,(anonymous_26)
FN:453,(anonymous_27)
FN:468,(anonymous_28)
FN:502,(anonymous_29)
FNF:20
FNH:0
FNDA:0,(anonymous_10)
FNDA:0,(anonymous_11)
FNDA:0,(anonymous_12)
FNDA:0,(anonymous_13)
FNDA:0,(anonymous_14)
FNDA:0,(anonymous_15)
FNDA:0,(anonymous_16)
FNDA:0,(anonymous_17)
FNDA:0,(anonymous_18)
FNDA:0,(anonymous_19)
FNDA:0,(anonymous_20)
FNDA:0,(anonymous_21)
FNDA:0,(anonymous_22)
FNDA:0,(anonymous_23)
FNDA:0,(anonymous_24)
FNDA:0,(anonymous_25)
FNDA:0,(anonymous_26)
FNDA:0,(anonymous_27)
FNDA:0,(anonymous_28)
FNDA:0,(anonymous_29)
DA:8,0
DA:9,0
DA:10,0
DA:11,0
DA:12,0
DA:13,0
DA:16,0
DA:33,0
DA:54,0
DA:92,0
DA:99,0
DA:100,0
DA:101,0
DA:102,0
DA:103,0
DA:107,0
DA:108,0
DA:109,0
DA:110,0
DA:114,0
DA:117,0
DA:119,0
DA:156,0
DA:157,0
DA:159,0
DA:161,0
DA:166,0
DA:167,0
DA:171,0
DA:172,0
DA:174,0
DA:175,0
DA:178,0
DA:183,0
DA:185,0
DA:186,0
DA:187,0
DA:188,0
DA:191,0
DA:192,0
DA:193,0
DA:194,0
DA:197,0
DA:198,0
DA:206,0
DA:207,0
DA:209,0
DA:210,0
DA:211,0
DA:216,0
DA:217,0
DA:219,0
DA:293,0
DA:297,0
DA:336,0
DA:342,0
DA:361,0
DA:386,0
DA:387,0
DA:389,0
DA:429,0
DA:453,0
DA:454,0
DA:456,0
DA:464,0
DA:469,0
DA:503,0
DA:529,0
DA:530,0
DA:538,0
DA:539,0
DA:547,0
DA:548,0
DA:557,0
DA:623,0
LF:75
LH:0
BRDA:93,0,0,0
BRDA:94,1,0,0
BRDA:95,2,0,0
BRDA:96,3,0,0
BRDA:97,4,0,0
BRDA:123,5,0,0
BRDA:123,5,1,0
BRDA:126,6,0,0
BRDA:126,6,1,0
BRDA:136,7,0,0
BRDA:136,7,1,0
BRDA:139,8,0,0
BRDA:139,8,1,0
BRDA:140,9,0,0
BRDA:140,9,1,0
BRDA:159,10,0,0
BRDA:159,10,1,0
BRDA:172,11,0,0
BRDA:172,11,1,0
BRDA:186,12,0,0
BRDA:186,12,1,0
BRDA:187,13,0,0
BRDA:187,13,1,0
BRDA:192,14,0,0
BRDA:192,14,1,0
BRDA:193,15,0,0
BRDA:193,15,1,0
BRDA:207,16,0,0
BRDA:207,16,1,0
BRDA:209,17,0,0
BRDA:209,17,1,0
BRDA:210,18,0,0
BRDA:210,18,1,0
BRDA:217,19,0,0
BRDA:217,19,1,0
BRDA:387,20,0,0
BRDA:387,20,1,0
BRDA:421,21,0,0
BRDA:421,21,1,0
BRDA:433,22,0,0
BRDA:433,22,1,0
BRDA:454,23,0,0
BRDA:454,23,1,0
BRDA:473,24,0,0
BRDA:473,24,1,0
BRDA:474,25,0,0
BRDA:474,25,1,0
BRDA:475,26,0,0
BRDA:475,26,1,0
BRDA:480,27,0,0
BRDA:480,27,1,0
BRDA:484,28,0,0
BRDA:484,28,1,0
BRDA:484,29,0,0
BRDA:484,29,1,0
BRDA:487,30,0,0
BRDA:487,30,1,0
BRDA:487,31,0,0
BRDA:487,31,1,0
BRDA:507,32,0,0
BRDA:507,32,1,0
BRDA:508,33,0,0
BRDA:508,33,1,0
BRDA:514,34,0,0
BRDA:514,34,1,0
BRDA:514,35,0,0
BRDA:514,35,1,0
BRDA:517,36,0,0
BRDA:517,36,1,0
BRDA:517,37,0,0
BRDA:517,37,1,0
BRDA:529,38,0,0
BRDA:529,38,1,0
BRDA:529,39,0,0
BRDA:529,39,1,0
BRDA:538,40,0,0
BRDA:538,40,1,0
BRDA:547,41,0,0
BRDA:547,41,1,0
BRDA:558,42,0,0
BRDA:558,42,1,0
BRDA:568,43,0,0
BRDA:568,43,1,0
BRDA:580,44,0,0
BRDA:580,44,1,0
BRDA:590,45,0,0
BRDA:590,45,1,0
BRDA:592,46,0,0
BRDA:592,46,1,0
BRF:89
BRH:0
end_of_record
TN:
SF:src\shared\components\AnalyticsTracker.tsx
FN:48,(anonymous_1)
FN:60,(anonymous_2)
FN:86,(anonymous_3)
FN:98,(anonymous_4)
FN:119,(anonymous_5)
FN:132,(anonymous_6)
FN:137,(anonymous_7)
FN:160,(anonymous_8)
FN:175,(anonymous_9)
FN:179,(anonymous_10)
FN:195,(anonymous_11)
FN:220,(anonymous_12)
FN:233,(anonymous_13)
FN:261,(anonymous_14)
FN:273,(anonymous_15)
FN:276,(anonymous_16)
FN:291,(anonymous_17)
FN:305,(anonymous_18)
FN:329,(anonymous_19)
FN:342,(anonymous_20)
FN:348,(anonymous_21)
FN:352,(anonymous_22)
FN:387,(anonymous_23)
FNF:23
FNH:0
FNDA:0,(anonymous_1)
FNDA:0,(anonymous_2)
FNDA:0,(anonymous_3)
FNDA:0,(anonymous_4)
FNDA:0,(anonymous_5)
FNDA:0,(anonymous_6)
FNDA:0,(anonymous_7)
FNDA:0,(anonymous_8)
FNDA:0,(anonymous_9)
FNDA:0,(anonymous_10)
FNDA:0,(anonymous_11)
FNDA:0,(anonymous_12)
FNDA:0,(anonymous_13)
FNDA:0,(anonymous_14)
FNDA:0,(anonymous_15)
FNDA:0,(anonymous_16)
FNDA:0,(anonymous_17)
FNDA:0,(anonymous_18)
FNDA:0,(anonymous_19)
FNDA:0,(anonymous_20)
FNDA:0,(anonymous_21)
FNDA:0,(anonymous_22)
FNDA:0,(anonymous_23)
DA:8,0
DA:9,0
DA:48,0
DA:58,0
DA:60,0
DA:61,0
DA:62,0
DA:74,0
DA:86,0
DA:96,0
DA:98,0
DA:99,0
DA:102,0
DA:103,0
DA:107,0
DA:119,0
DA:129,0
DA:130,0
DA:132,0
DA:134,0
DA:137,0
DA:138,0
DA:140,0
DA:141,0
DA:143,0
DA:144,0
DA:148,0
DA:160,0
DA:171,0
DA:172,0
DA:173,0
DA:175,0
DA:176,0
DA:178,0
DA:180,0
DA:181,0
DA:182,0
DA:183,0
DA:192,0
DA:193,0
DA:195,0
DA:196,0
DA:197,0
DA:202,0
DA:220,0
DA:231,0
DA:233,0
DA:234,0
DA:241,0
DA:244,0
DA:261,0
DA:269,0
DA:270,0
DA:271,0
DA:273,0
DA:274,0
DA:276,0
DA:277,0
DA:279,0
DA:280,0
DA:281,0
DA:282,0
DA:285,0
DA:286,0
DA:287,0
DA:288,0
DA:291,0
DA:292,0
DA:293,0
DA:294,0
DA:299,0
DA:300,0
DA:303,0
DA:305,0
DA:306,0
DA:307,0
DA:311,0
DA:329,0
DA:339,0
DA:340,0
DA:342,0
DA:343,0
DA:344,0
DA:348,0
DA:349,0
DA:352,0
DA:353,0
DA:354,0
DA:355,0
DA:356,0
DA:360,0
DA:387,0
DA:398,0
DA:400,0
DA:401,0
DA:408,0
DA:409,0
DA:416,0
DA:417,0
DA:424,0
DA:425,0
DA:432,0
DA:435,0
LF:103
LH:0
BRDA:50,0,0,0
BRDA:51,1,0,0
BRDA:55,2,0,0
BRDA:56,3,0,0
BRDA:61,4,0,0
BRDA:61,4,1,0
BRDA:88,5,0,0
BRDA:89,6,0,0
BRDA:94,7,0,0
BRDA:99,8,0,0
BRDA:99,8,1,0
BRDA:102,9,0,0
BRDA:102,9,1,0
BRDA:102,10,0,0
BRDA:102,10,1,0
BRDA:102,10,2,0
BRDA:122,11,0,0
BRDA:123,12,0,0
BRDA:140,13,0,0
BRDA:140,13,1,0
BRDA:140,14,0,0
BRDA:140,14,1,0
BRDA:143,15,0,0
BRDA:143,15,1,0
BRDA:163,16,0,0
BRDA:164,17,0,0
BRDA:168,18,0,0
BRDA:169,19,0,0
BRDA:176,20,0,0
BRDA:176,20,1,0
BRDA:176,21,0,0
BRDA:176,21,1,0
BRDA:180,22,0,0
BRDA:180,22,1,0
BRDA:180,23,0,0
BRDA:180,23,1,0
BRDA:182,24,0,0
BRDA:182,24,1,0
BRDA:196,25,0,0
BRDA:196,25,1,0
BRDA:224,26,0,0
BRDA:225,27,0,0
BRDA:226,28,0,0
BRDA:234,29,0,0
BRDA:234,29,1,0
BRDA:241,30,0,0
BRDA:241,30,1,0
BRDA:241,31,0,0
BRDA:241,31,1,0
BRDA:264,32,0,0
BRDA:265,33,0,0
BRDA:266,34,0,0
BRDA:274,35,0,0
BRDA:274,35,1,0
BRDA:277,36,0,0
BRDA:277,36,1,0
BRDA:292,37,0,0
BRDA:292,37,1,0
BRDA:292,38,0,0
BRDA:292,38,1,0
BRDA:333,39,0,0
BRDA:334,40,0,0
BRDA:337,41,0,0
BRDA:343,42,0,0
BRDA:343,42,1,0
BRDA:353,43,0,0
BRDA:353,43,1,0
BRDA:355,44,0,0
BRDA:355,44,1,0
BRDA:362,45,0,0
BRDA:362,45,1,0
BRDA:363,46,0,0
BRDA:363,46,1,0
BRDA:364,47,0,0
BRDA:364,47,1,0
BRDA:389,48,0,0
BRDA:390,49,0,0
BRDA:391,50,0,0
BRDA:392,51,0,0
BRDA:395,52,0,0
BRDA:400,53,0,0
BRDA:400,53,1,0
BRDA:400,54,0,0
BRDA:400,54,1,0
BRDA:408,55,0,0
BRDA:408,55,1,0
BRDA:416,56,0,0
BRDA:416,56,1,0
BRDA:416,57,0,0
BRDA:416,57,1,0
BRDA:424,58,0,0
BRDA:424,58,1,0
BRF:92
BRH:0
end_of_record
TN:
SF:src\shared\components\BackToTop.tsx
FN:5,(anonymous_0)
FN:6,(anonymous_1)
FNF:2
FNH:2
FNDA:20,(anonymous_0)
FNDA:9,(anonymous_1)
DA:2,1
DA:3,1
DA:5,1
DA:6,20
DA:7,9
DA:13,20
DA:25,1
LF:7
LH:7
BRF:0
BRH:0
end_of_record
TN:
SF:src\shared\components\CoreWebVitalsDashboard.tsx
FN:23,(anonymous_9)
FN:31,(anonymous_10)
FN:40,(anonymous_11)
FN:49,(anonymous_12)
FN:59,(anonymous_13)
FN:112,(anonymous_14)
FN:116,(anonymous_15)
FN:171,(anonymous_16)
FN:191,(anonymous_17)
FN:194,(anonymous_18)
FN:199,(anonymous_19)
FN:203,(anonymous_20)
FN:204,(anonymous_21)
FN:209,(anonymous_22)
FN:321,(anonymous_23)
FN:343,(anonymous_24)
FNF:16
FNH:0
FNDA:0,(anonymous_9)
FNDA:0,(anonymous_10)
FNDA:0,(anonymous_11)
FNDA:0,(anonymous_12)
FNDA:0,(anonymous_13)
FNDA:0,(anonymous_14)
FNDA:0,(anonymous_15)
FNDA:0,(anonymous_16)
FNDA:0,(anonymous_17)
FNDA:0,(anonymous_18)
FNDA:0,(anonymous_19)
FNDA:0,(anonymous_20)
FNDA:0,(anonymous_21)
FNDA:0,(anonymous_22)
FNDA:0,(anonymous_23)
FNDA:0,(anonymous_24)
DA:1,0
DA:2,0
DA:23,0
DA:31,0
DA:32,0
DA:33,0
DA:34,0
DA:35,0
DA:36,0
DA:40,0
DA:41,0
DA:42,0
DA:43,0
DA:44,0
DA:45,0
DA:49,0
DA:50,0
DA:51,0
DA:53,0
DA:54,0
DA:56,0
DA:59,0
DA:60,0
DA:63,0
DA:64,0
DA:77,0
DA:112,0
DA:116,0
DA:117,0
DA:118,0
DA:119,0
DA:120,0
DA:123,0
DA:129,0
DA:130,0
DA:131,0
DA:132,0
DA:133,0
DA:135,0
DA:171,0
DA:180,0
DA:187,0
DA:188,0
DA:191,0
DA:192,0
DA:194,0
DA:195,0
DA:196,0
DA:199,0
DA:203,0
DA:204,0
DA:205,0
DA:208,0
DA:209,0
DA:212,0
DA:263,0
DA:264,0
DA:266,0
DA:267,0
DA:280,0
DA:322,0
DA:344,0
DA:401,0
LF:63
LH:0
BRDA:29,0,0,0
BRDA:32,1,0,0
BRDA:32,1,1,0
BRDA:32,1,2,0
BRDA:32,1,3,0
BRDA:41,2,0,0
BRDA:41,2,1,0
BRDA:41,2,2,0
BRDA:41,2,3,0
BRDA:50,3,0,0
BRDA:50,3,1,0
BRDA:53,4,0,0
BRDA:53,4,1,0
BRDA:63,5,0,0
BRDA:63,5,1,0
BRDA:65,6,0,0
BRDA:65,6,1,0
BRDA:66,7,0,0
BRDA:66,7,1,0
BRDA:66,8,0,0
BRDA:66,8,1,0
BRDA:66,9,0,0
BRDA:66,9,1,0
BRDA:70,10,0,0
BRDA:70,10,1,0
BRDA:78,11,0,0
BRDA:78,11,1,0
BRDA:81,12,0,0
BRDA:81,12,1,0
BRDA:81,13,0,0
BRDA:81,13,1,0
BRDA:81,14,0,0
BRDA:81,14,1,0
BRDA:86,15,0,0
BRDA:86,15,1,0
BRDA:89,16,0,0
BRDA:89,16,1,0
BRDA:97,17,0,0
BRDA:97,17,1,0
BRDA:114,18,0,0
BRDA:117,19,0,0
BRDA:117,19,1,0
BRDA:118,20,0,0
BRDA:118,20,1,0
BRDA:119,21,0,0
BRDA:119,21,1,0
BRDA:172,22,0,0
BRDA:174,23,0,0
BRDA:175,24,0,0
BRDA:176,25,0,0
BRDA:177,26,0,0
BRDA:178,27,0,0
BRDA:192,28,0,0
BRDA:192,28,1,0
BRDA:266,29,0,0
BRDA:266,29,1,0
BRDA:285,30,0,0
BRDA:285,30,1,0
BRDA:298,31,0,0
BRDA:298,31,1,0
BRDA:320,32,0,0
BRDA:320,32,1,0
BRDA:324,33,0,0
BRDA:324,33,1,0
BRDA:336,34,0,0
BRDA:336,34,1,0
BRDA:342,35,0,0
BRDA:342,35,1,0
BRDA:346,36,0,0
BRDA:346,36,1,0
BRDA:359,37,0,0
BRDA:359,37,1,0
BRDA:366,38,0,0
BRDA:366,38,1,0
BRDA:369,39,0,0
BRDA:369,39,1,0
BRDA:375,40,0,0
BRDA:375,40,1,0
BRDA:391,41,0,0
BRDA:391,41,1,0
BRF:80
BRH:0
end_of_record
TN:
SF:src\shared\components\CoreWebVitalsProvider.tsx
FN:15,CoreWebVitalsProvider
FNF:1
FNH:0
FNDA:0,CoreWebVitalsProvider
DA:7,0
DA:8,0
DA:10,0
DA:15,0
DA:22,0
DA:24,0
DA:32,0
LF:7
LH:0
BRDA:17,0,0,0
BRF:1
BRH:0
end_of_record
TN:
SF:src\shared\components\CriticalCSS.tsx
FN:2,(anonymous_0)
FNF:1
FNH:0
FNDA:0,(anonymous_0)
DA:2,0
DA:3,0
DA:6,0
LF:3
LH:0
BRF:0
BRH:0
end_of_record
TN:
SF:src\shared\components\CustomCursor.tsx
FN:2,(anonymous_0)
FNF:1
FNH:0
FNDA:0,(anonymous_0)
DA:2,0
DA:3,0
DA:6,0
LF:3
LH:0
BRF:0
BRH:0
end_of_record
TN:
SF:src\shared\components\ErrorBoundary.tsx
FN:28,(anonymous_9)
FN:100,(anonymous_10)
FN:116,(anonymous_11)
FN:125,(anonymous_12)
FN:130,(anonymous_13)
FN:37,(anonymous_14)
FN:45,(anonymous_15)
FN:48,(anonymous_16)
FN:63,(anonymous_17)
FN:158,(anonymous_18)
FN:164,(anonymous_19)
FN:301,(anonymous_20)
FN:310,(anonymous_21)
FN:335,(anonymous_22)
FNF:14
FNH:6
FNDA:34,(anonymous_9)
FNDA:0,(anonymous_10)
FNDA:0,(anonymous_11)
FNDA:0,(anonymous_12)
FNDA:0,(anonymous_13)
FNDA:32,(anonymous_14)
FNDA:16,(anonymous_15)
FNDA:0,(anonymous_16)
FNDA:16,(anonymous_17)
FNDA:17,(anonymous_18)
FNDA:81,(anonymous_19)
FNDA:0,(anonymous_20)
FNDA:0,(anonymous_21)
FNDA:0,(anonymous_22)
DA:1,3
DA:2,3
DA:3,3
DA:4,3
DA:29,34
DA:30,33
DA:38,32
DA:47,16
DA:48,0
DA:49,0
DA:50,0
DA:56,16
DA:57,0
DA:58,0
DA:65,16
DA:67,16
DA:73,16
DA:91,16
DA:100,33
DA:101,0
DA:110,0
DA:111,0
DA:112,0
DA:116,33
DA:117,0
DA:119,0
DA:125,0
DA:126,0
DA:130,33
DA:131,0
DA:133,0
DA:144,0
DA:145,0
DA:149,0
DA:150,0
DA:151,0
DA:152,0
DA:153,0
DA:154,0
DA:159,17
DA:160,0
DA:165,81
DA:166,48
DA:167,3
DA:171,45
DA:172,6
DA:212,39
DA:218,39
DA:301,0
DA:310,0
DA:335,0
DA:349,33
DA:353,3
LF:53
LH:26
BRDA:110,0,0,0
BRDA:110,0,1,0
BRDA:131,1,0,0
BRDA:131,1,1,0
BRDA:131,2,0,0
BRDA:131,2,1,0
BRDA:47,3,0,0
BRDA:47,3,1,16
BRDA:47,4,0,16
BRDA:47,4,1,0
BRDA:48,5,0,0
BRDA:48,5,1,0
BRDA:49,6,0,0
BRDA:49,6,1,0
BRDA:56,7,0,0
BRDA:56,7,1,16
BRDA:56,8,0,16
BRDA:56,8,1,0
BRDA:57,9,0,0
BRDA:57,9,1,0
BRDA:73,10,0,16
BRDA:73,10,1,12
BRDA:76,11,0,16
BRDA:76,11,1,12
BRDA:91,12,0,14
BRDA:91,12,1,2
BRDA:91,13,0,16
BRDA:91,13,1,16
BRDA:159,14,0,0
BRDA:159,14,1,17
BRDA:165,15,0,48
BRDA:165,15,1,33
BRDA:166,16,0,3
BRDA:166,16,1,45
BRDA:171,17,0,6
BRDA:171,17,1,39
BRDA:188,18,0,0
BRDA:188,18,1,6
BRDA:195,19,0,6
BRDA:195,19,1,0
BRDA:212,20,0,3
BRDA:212,20,1,36
BRDA:214,21,0,3
BRDA:214,21,1,33
BRDA:231,22,0,39
BRDA:231,22,1,13
BRDA:242,23,0,39
BRDA:242,23,1,0
BRDA:251,24,0,39
BRDA:251,24,1,3
BRDA:251,24,2,3
BRDA:265,25,0,3
BRDA:265,25,1,3
BRDA:274,26,0,3
BRDA:274,26,1,1
BRDA:274,27,0,2
BRDA:274,27,1,1
BRDA:274,28,0,3
BRDA:274,28,1,3
BRDA:292,29,0,0
BRDA:292,29,1,39
BRDA:297,30,0,0
BRDA:297,30,1,39
BRDA:319,31,0,39
BRDA:319,31,1,3
BRF:65
BRH:43
end_of_record
TN:
SF:src\shared\components\FAQSection.tsx
FN:12,(anonymous_10)
FN:111,(anonymous_11)
FN:133,(anonymous_12)
FN:136,(anonymous_13)
FN:151,(anonymous_14)
FN:154,(anonymous_15)
FNF:6
FNH:0
FNDA:0,(anonymous_10)
FNDA:0,(anonymous_11)
FNDA:0,(anonymous_12)
FNDA:0,(anonymous_13)
FNDA:0,(anonymous_14)
FNDA:0,(anonymous_15)
DA:1,0
DA:3,0
DA:4,0
DA:5,0
DA:6,0
DA:7,0
DA:8,0
DA:9,0
DA:10,0
DA:12,0
DA:13,0
DA:15,0
DA:24,0
DA:111,0
DA:112,0
DA:113,0
DA:114,0
DA:118,0
DA:134,0
DA:136,0
DA:151,0
DA:155,0
DA:187,0
LF:23
LH:0
BRDA:113,0,0,0
BRDA:113,0,1,0
BRDA:138,1,0,0
BRDA:138,1,1,0
BRDA:151,2,0,0
BRDA:151,2,1,0
BRDA:151,3,0,0
BRDA:151,3,1,0
BRF:8
BRH:0
end_of_record
TN:
SF:src\shared\components\Footer.tsx
FN:10,(anonymous_1)
FN:37,(anonymous_2)
FN:124,(anonymous_3)
FN:127,(anonymous_4)
FN:141,(anonymous_5)
FN:144,(anonymous_6)
FN:158,(anonymous_7)
FN:161,(anonymous_8)
FN:176,(anonymous_9)
FNF:9
FNH:0
FNDA:0,(anonymous_1)
FNDA:0,(anonymous_2)
FNDA:0,(anonymous_3)
FNDA:0,(anonymous_4)
FNDA:0,(anonymous_5)
FNDA:0,(anonymous_6)
FNDA:0,(anonymous_7)
FNDA:0,(anonymous_8)
FNDA:0,(anonymous_9)
DA:1,0
DA:2,0
DA:3,0
DA:4,0
DA:5,0
DA:6,0
DA:7,0
DA:8,0
DA:10,0
DA:11,0
DA:13,0
DA:37,0
DA:38,0
DA:39,0
DA:40,0
DA:44,0
DA:125,0
DA:127,0
DA:142,0
DA:144,0
DA:159,0
DA:161,0
DA:176,0
DA:212,0
LF:24
LH:0
BRDA:39,0,0,0
BRDA:39,0,1,0
BRF:2
BRH:0
end_of_record
TN:
SF:src\shared\components\LazyImage.tsx
FN:21,(anonymous_9)
FN:46,(anonymous_10)
FN:54,(anonymous_11)
FN:68,(anonymous_12)
FN:76,(anonymous_13)
FN:83,(anonymous_14)
FN:90,(anonymous_15)
FN:93,(anonymous_16)
FN:95,(anonymous_17)
FN:110,(anonymous_18)
FNF:10
FNH:5
FNDA:44,(anonymous_9)
FNDA:0,(anonymous_10)
FNDA:42,(anonymous_11)
FNDA:42,(anonymous_12)
FNDA:21,(anonymous_13)
FNDA:0,(anonymous_14)
FNDA:0,(anonymous_15)
FNDA:0,(anonymous_16)
FNDA:0,(anonymous_17)
FNDA:44,(anonymous_18)
DA:1,1
DA:2,1
DA:21,1
DA:38,44
DA:39,44
DA:40,44
DA:41,44
DA:42,44
DA:43,44
DA:46,44
DA:47,0
DA:48,0
DA:49,0
DA:54,44
DA:57,42
DA:58,19
DA:65,19
DA:68,42
DA:69,42
DA:70,19
DA:76,44
DA:77,21
DA:78,2
DA:83,44
DA:84,0
DA:85,0
DA:86,0
DA:90,44
DA:91,0
DA:93,0
DA:95,0
DA:96,0
DA:98,0
DA:100,0
DA:101,0
DA:104,0
DA:105,0
DA:110,44
DA:114,44
DA:137,44
DA:138,2
DA:141,44
DA:148,44
DA:149,0
DA:167,44
DA:193,1
DA:195,1
LF:47
LH:31
BRDA:24,0,0,42
BRDA:27,1,0,34
BRDA:28,2,0,40
BRDA:29,3,0,44
BRDA:31,4,0,44
BRDA:33,5,0,44
BRDA:38,6,0,44
BRDA:38,6,1,42
BRDA:48,7,0,0
BRDA:48,7,1,0
BRDA:57,8,0,19
BRDA:57,8,1,23
BRDA:57,9,0,42
BRDA:57,9,1,21
BRDA:57,9,2,19
BRDA:69,10,0,19
BRDA:69,10,1,23
BRDA:69,11,0,42
BRDA:69,11,1,19
BRDA:77,12,0,2
BRDA:77,12,1,19
BRDA:77,13,0,21
BRDA:77,13,1,19
BRDA:86,14,0,0
BRDA:86,14,1,0
BRDA:86,15,0,0
BRDA:86,15,1,0
BRDA:91,16,0,0
BRDA:91,16,1,0
BRDA:98,17,0,0
BRDA:98,17,1,0
BRDA:98,18,0,0
BRDA:98,18,1,0
BRDA:105,19,0,0
BRDA:105,19,1,0
BRDA:105,20,0,0
BRDA:105,20,1,0
BRDA:121,21,0,44
BRDA:121,21,1,44
BRDA:121,21,2,44
BRDA:122,22,0,44
BRDA:122,22,1,0
BRDA:122,22,2,0
BRDA:123,23,0,44
BRDA:123,23,1,0
BRDA:124,24,0,44
BRDA:124,24,1,2
BRDA:124,24,2,2
BRDA:125,25,0,44
BRDA:125,25,1,2
BRDA:125,25,2,0
BRDA:137,26,0,2
BRDA:137,26,1,42
BRDA:148,27,0,0
BRDA:148,27,1,44
BRDA:148,28,0,44
BRDA:148,28,1,0
BRDA:170,29,0,44
BRDA:170,29,1,44
BRDA:170,29,2,44
BRDA:174,30,0,44
BRDA:174,30,1,2
BRDA:181,31,0,44
BRDA:181,31,1,0
BRDA:181,31,2,0
BRDA:181,31,3,0
BRF:66
BRH:41
end_of_record
TN:
SF:src\shared\components\LoadingScreen.tsx
FN:2,(anonymous_0)
FN:33,(anonymous_1)
FNF:2
FNH:0
FNDA:0,(anonymous_0)
FNDA:0,(anonymous_1)
DA:2,0
DA:3,0
DA:33,0
DA:34,0
DA:37,0
LF:5
LH:0
BRF:0
BRH:0
end_of_record
TN:
SF:src\shared\components\PWAInstallPrompt.tsx
FN:58,(anonymous_9)
FN:92,(anonymous_10)
FN:122,(anonymous_11)
FN:139,(anonymous_12)
FN:147,(anonymous_13)
FN:157,(anonymous_14)
FN:162,(anonymous_15)
FN:194,(anonymous_16)
FN:200,(anonymous_17)
FN:212,(anonymous_18)
FN:227,(anonymous_19)
FN:232,(anonymous_20)
FN:241,(anonymous_21)
FN:242,(anonymous_22)
FN:249,(anonymous_23)
FN:261,(anonymous_24)
FN:295,(anonymous_25)
FN:316,(anonymous_26)
FNF:18
FNH:0
FNDA:0,(anonymous_9)
FNDA:0,(anonymous_10)
FNDA:0,(anonymous_11)
FNDA:0,(anonymous_12)
FNDA:0,(anonymous_13)
FNDA:0,(anonymous_14)
FNDA:0,(anonymous_15)
FNDA:0,(anonymous_16)
FNDA:0,(anonymous_17)
FNDA:0,(anonymous_18)
FNDA:0,(anonymous_19)
FNDA:0,(anonymous_20)
FNDA:0,(anonymous_21)
FNDA:0,(anonymous_22)
FNDA:0,(anonymous_23)
FNDA:0,(anonymous_24)
FNDA:0,(anonymous_25)
FNDA:0,(anonymous_26)
DA:8,0
DA:9,0
DA:10,0
DA:11,0
DA:12,0
DA:13,0
DA:25,0
DA:58,0
DA:68,0
DA:69,0
DA:70,0
DA:71,0
DA:72,0
DA:82,0
DA:92,0
DA:93,0
DA:94,0
DA:105,0
DA:109,0
DA:122,0
DA:123,0
DA:126,0
DA:128,0
DA:130,0
DA:134,0
DA:135,0
DA:138,0
DA:139,0
DA:140,0
DA:141,0
DA:147,0
DA:148,0
DA:150,0
DA:151,0
DA:152,0
DA:154,0
DA:157,0
DA:158,0
DA:162,0
DA:163,0
DA:165,0
DA:166,0
DA:168,0
DA:169,0
DA:171,0
DA:173,0
DA:174,0
DA:175,0
DA:176,0
DA:178,0
DA:179,0
DA:182,0
DA:183,0
DA:186,0
DA:187,0
DA:188,0
DA:190,0
DA:191,0
DA:194,0
DA:195,0
DA:200,0
DA:201,0
DA:202,0
DA:204,0
DA:207,0
DA:209,0
DA:212,0
DA:214,0
DA:217,0
DA:218,0
DA:221,0
DA:222,0
DA:227,0
DA:228,0
DA:229,0
DA:232,0
DA:233,0
DA:236,0
DA:237,0
DA:240,0
DA:241,0
DA:242,0
DA:245,0
DA:246,0
DA:249,0
DA:250,0
DA:251,0
DA:253,0
DA:254,0
DA:261,0
DA:262,0
DA:295,0
DA:296,0
DA:316,0
DA:317,0
DA:330,0
DA:331,0
DA:335,0
DA:336,0
DA:344,0
DA:345,0
DA:353,0
DA:354,0
DA:360,0
DA:361,0
DA:363,0
DA:371,0
DA:372,0
DA:376,0
DA:377,0
DA:399,0
DA:400,0
DA:427,0
DA:428,0
DA:469,0
DA:475,0
LF:116
LH:0
BRDA:59,0,0,0
BRDA:60,1,0,0
BRDA:61,2,0,0
BRDA:62,3,0,0
BRDA:63,4,0,0
BRDA:93,5,0,0
BRDA:93,5,1,0
BRDA:105,6,0,0
BRDA:105,6,1,0
BRDA:105,6,2,0
BRDA:112,7,0,0
BRDA:112,7,1,0
BRDA:114,8,0,0
BRDA:114,8,1,0
BRDA:115,9,0,0
BRDA:115,9,1,0
BRDA:116,10,0,0
BRDA:116,10,1,0
BRDA:116,11,0,0
BRDA:116,11,1,0
BRDA:134,12,0,0
BRDA:134,12,1,0
BRDA:135,13,0,0
BRDA:135,13,1,0
BRDA:138,14,0,0
BRDA:138,14,1,0
BRDA:154,15,0,0
BRDA:154,15,1,0
BRDA:154,16,0,0
BRDA:154,16,1,0
BRDA:163,17,0,0
BRDA:163,17,1,0
BRDA:173,18,0,0
BRDA:173,18,1,0
BRDA:178,19,0,0
BRDA:178,19,1,0
BRDA:209,20,0,0
BRDA:209,20,1,0
BRDA:209,21,0,0
BRDA:209,21,1,0
BRDA:214,22,0,0
BRDA:214,22,1,0
BRDA:217,23,0,0
BRDA:217,23,1,0
BRDA:217,24,0,0
BRDA:217,24,1,0
BRDA:233,25,0,0
BRDA:233,25,1,0
BRDA:245,26,0,0
BRDA:245,26,1,0
BRDA:253,27,0,0
BRDA:253,27,1,0
BRDA:267,28,0,0
BRDA:267,28,1,0
BRDA:279,29,0,0
BRDA:279,29,1,0
BRDA:298,30,0,0
BRDA:298,30,1,0
BRDA:302,31,0,0
BRDA:302,31,1,0
BRDA:330,32,0,0
BRDA:330,32,1,0
BRDA:330,33,0,0
BRDA:330,33,1,0
BRDA:335,34,0,0
BRDA:335,34,1,0
BRDA:344,35,0,0
BRDA:344,35,1,0
BRDA:344,36,0,0
BRDA:344,36,1,0
BRDA:353,37,0,0
BRDA:353,37,1,0
BRDA:371,38,0,0
BRDA:371,38,1,0
BRDA:376,39,0,0
BRDA:376,39,1,0
BRDA:399,40,0,0
BRDA:399,40,1,0
BRDA:427,41,0,0
BRDA:427,41,1,0
BRF:80
BRH:0
end_of_record
TN:
SF:src\shared\components\ParticleSystem.tsx
FN:12,(anonymous_9)
FN:19,(anonymous_10)
FN:27,(anonymous_11)
FN:35,(anonymous_12)
FN:40,(anonymous_13)
FN:58,(anonymous_14)
FN:61,(anonymous_15)
FN:120,(anonymous_16)
FN:126,(anonymous_17)
FNF:9
FNH:0
FNDA:0,(anonymous_9)
FNDA:0,(anonymous_10)
FNDA:0,(anonymous_11)
FNDA:0,(anonymous_12)
FNDA:0,(anonymous_13)
FNDA:0,(anonymous_14)
FNDA:0,(anonymous_15)
FNDA:0,(anonymous_16)
FNDA:0,(anonymous_17)
DA:1,0
DA:12,0
DA:13,0
DA:14,0
DA:15,0
DA:16,0
DA:19,0
DA:20,0
DA:21,0
DA:22,0
DA:23,0
DA:24,0
DA:27,0
DA:28,0
DA:29,0
DA:31,0
DA:32,0
DA:35,0
DA:36,0
DA:37,0
DA:40,0
DA:41,0
DA:43,0
DA:45,0
DA:46,0
DA:55,0
DA:58,0
DA:59,0
DA:61,0
DA:63,0
DA:64,0
DA:67,0
DA:68,0
DA:69,0
DA:71,0
DA:72,0
DA:73,0
DA:74,0
DA:78,0
DA:79,0
DA:80,0
DA:81,0
DA:84,0
DA:85,0
DA:88,0
DA:89,0
DA:90,0
DA:91,0
DA:94,0
DA:95,0
DA:96,0
DA:97,0
DA:98,0
DA:100,0
DA:101,0
DA:102,0
DA:103,0
DA:104,0
DA:105,0
DA:106,0
DA:111,0
DA:116,0
DA:117,0
DA:118,0
DA:120,0
DA:121,0
DA:122,0
DA:124,0
DA:126,0
DA:127,0
DA:128,0
DA:130,0
DA:131,0
DA:135,0
DA:145,0
DA:147,0
LF:76
LH:0
BRDA:21,0,0,0
BRDA:21,0,1,0
BRDA:29,1,0,0
BRDA:29,1,1,0
BRDA:32,2,0,0
BRDA:32,2,1,0
BRDA:71,3,0,0
BRDA:71,3,1,0
BRDA:78,4,0,0
BRDA:78,4,1,0
BRDA:79,5,0,0
BRDA:79,5,1,0
BRDA:80,6,0,0
BRDA:80,6,1,0
BRDA:81,7,0,0
BRDA:81,7,1,0
BRDA:100,8,0,0
BRDA:100,8,1,0
BRDA:127,9,0,0
BRDA:127,9,1,0
BRF:20
BRH:0
end_of_record
TN:
SF:src\shared\components\PerformanceDashboard.tsx
FN:77,(anonymous_9)
FN:100,(anonymous_10)
FN:110,(anonymous_11)
FN:145,(anonymous_12)
FN:185,(anonymous_13)
FN:224,(anonymous_14)
FN:235,(anonymous_15)
FN:260,(anonymous_16)
FN:282,(anonymous_17)
FN:377,(anonymous_18)
FN:381,(anonymous_19)
FN:383,(anonymous_20)
FN:384,(anonymous_21)
FN:419,(anonymous_22)
FN:432,(anonymous_23)
FN:450,(anonymous_24)
FN:458,(anonymous_25)
FN:460,(anonymous_26)
FN:460,(anonymous_27)
FN:462,(anonymous_28)
FN:502,(anonymous_29)
FN:515,(anonymous_30)
FN:536,(anonymous_31)
FN:610,(anonymous_32)
FN:632,(anonymous_33)
FN:653,(anonymous_34)
FN:671,(anonymous_35)
FN:691,(anonymous_36)
FN:711,(anonymous_37)
FN:725,(anonymous_38)
FN:730,(anonymous_39)
FNF:31
FNH:0
FNDA:0,(anonymous_9)
FNDA:0,(anonymous_10)
FNDA:0,(anonymous_11)
FNDA:0,(anonymous_12)
FNDA:0,(anonymous_13)
FNDA:0,(anonymous_14)
FNDA:0,(anonymous_15)
FNDA:0,(anonymous_16)
FNDA:0,(anonymous_17)
FNDA:0,(anonymous_18)
FNDA:0,(anonymous_19)
FNDA:0,(anonymous_20)
FNDA:0,(anonymous_21)
FNDA:0,(anonymous_22)
FNDA:0,(anonymous_23)
FNDA:0,(anonymous_24)
FNDA:0,(anonymous_25)
FNDA:0,(anonymous_26)
FNDA:0,(anonymous_27)
FNDA:0,(anonymous_28)
FNDA:0,(anonymous_29)
FNDA:0,(anonymous_30)
FNDA:0,(anonymous_31)
FNDA:0,(anonymous_32)
FNDA:0,(anonymous_33)
FNDA:0,(anonymous_34)
FNDA:0,(anonymous_35)
FNDA:0,(anonymous_36)
FNDA:0,(anonymous_37)
FNDA:0,(anonymous_38)
FNDA:0,(anonymous_39)
DA:1,0
DA:2,0
DA:3,0
DA:4,0
DA:5,0
DA:6,0
DA:7,0
DA:14,0
DA:77,0
DA:83,0
DA:90,0
DA:91,0
DA:92,0
DA:95,0
DA:100,0
DA:101,0
DA:104,0
DA:105,0
DA:110,0
DA:111,0
DA:114,0
DA:146,0
DA:147,0
DA:148,0
DA:149,0
DA:150,0
DA:151,0
DA:152,0
DA:185,0
DA:224,0
DA:225,0
DA:233,0
DA:236,0
DA:237,0
DA:239,0
DA:260,0
DA:261,0
DA:268,0
DA:270,0
DA:282,0
DA:283,0
DA:284,0
DA:296,0
DA:297,0
DA:309,0
DA:377,0
DA:378,0
DA:379,0
DA:381,0
DA:382,0
DA:383,0
DA:384,0
DA:386,0
DA:387,0
DA:388,0
DA:393,0
DA:395,0
DA:396,0
DA:408,0
DA:420,0
DA:433,0
DA:451,0
DA:459,0
DA:460,0
DA:461,0
DA:462,0
DA:503,0
DA:516,0
DA:536,0
DA:537,0
DA:611,0
DA:632,0
DA:633,0
DA:653,0
DA:672,0
DA:692,0
DA:711,0
DA:712,0
DA:714,0
DA:719,0
DA:721,0
DA:725,0
DA:726,0
DA:727,0
DA:730,0
DA:731,0
DA:732,0
DA:733,0
DA:734,0
DA:735,0
DA:738,0
LF:91
LH:0
BRDA:78,0,0,0
BRDA:79,1,0,0
BRDA:80,2,0,0
BRDA:104,3,0,0
BRDA:104,3,1,0
BRDA:104,4,0,0
BRDA:104,4,1,0
BRDA:129,5,0,0
BRDA:129,5,1,0
BRDA:142,6,0,0
BRDA:142,6,1,0
BRDA:170,7,0,0
BRDA:170,7,1,0
BRDA:171,8,0,0
BRDA:171,8,1,0
BRDA:190,9,0,0
BRDA:190,9,1,0
BRDA:202,10,0,0
BRDA:202,10,1,0
BRDA:250,11,0,0
BRDA:250,11,1,0
BRDA:268,12,0,0
BRDA:268,12,1,0
BRDA:283,13,0,0
BRDA:283,13,1,0
BRDA:296,14,0,0
BRDA:296,14,1,0
BRDA:296,15,0,0
BRDA:296,15,1,0
BRDA:312,16,0,0
BRDA:312,16,1,0
BRDA:345,17,0,0
BRDA:345,17,1,0
BRDA:360,18,0,0
BRDA:360,18,1,0
BRDA:382,19,0,0
BRDA:382,19,1,0
BRDA:386,20,0,0
BRDA:386,20,1,0
BRDA:386,21,0,0
BRDA:386,21,1,0
BRDA:395,22,0,0
BRDA:395,22,1,0
BRDA:411,23,0,0
BRDA:411,23,1,0
BRDA:423,24,0,0
BRDA:423,24,1,0
BRDA:424,25,0,0
BRDA:424,25,1,0
BRDA:425,26,0,0
BRDA:425,26,1,0
BRDA:454,27,0,0
BRDA:454,27,1,0
BRDA:459,28,0,0
BRDA:459,28,1,0
BRDA:461,29,0,0
BRDA:461,29,1,0
BRDA:480,30,0,0
BRDA:480,30,1,0
BRDA:491,31,0,0
BRDA:491,31,1,0
BRDA:498,32,0,0
BRDA:498,32,1,0
BRDA:511,33,0,0
BRDA:511,33,1,0
BRDA:550,34,0,0
BRDA:550,34,1,0
BRDA:557,35,0,0
BRDA:557,35,1,0
BRDA:558,36,0,0
BRDA:558,36,1,0
BRDA:560,37,0,0
BRDA:560,37,1,0
BRDA:581,38,0,0
BRDA:581,38,1,0
BRDA:581,39,0,0
BRDA:581,39,1,0
BRDA:581,40,0,0
BRDA:581,40,1,0
BRDA:581,41,0,0
BRDA:581,41,1,0
BRDA:581,42,0,0
BRDA:581,42,1,0
BRDA:587,43,0,0
BRDA:587,43,1,0
BRDA:587,44,0,0
BRDA:587,44,1,0
BRDA:587,45,0,0
BRDA:587,45,1,0
BRDA:587,46,0,0
BRDA:587,46,1,0
BRDA:587,47,0,0
BRDA:587,47,1,0
BRDA:595,48,0,0
BRDA:595,48,1,0
BRDA:606,49,0,0
BRDA:606,49,1,0
BRDA:606,50,0,0
BRDA:606,50,1,0
BRDA:606,51,0,0
BRDA:606,51,1,0
BRDA:646,52,0,0
BRDA:646,52,1,0
BRDA:653,53,0,0
BRDA:653,53,1,0
BRDA:662,54,0,0
BRDA:662,54,1,0
BRDA:662,54,2,0
BRDA:664,55,0,0
BRDA:664,55,1,0
BRDA:684,56,0,0
BRDA:684,56,1,0
BRDA:712,57,0,0
BRDA:712,57,1,0
BRDA:712,57,2,0
BRDA:712,57,3,0
BRDA:712,57,4,0
BRDA:712,57,5,0
BRDA:726,58,0,0
BRDA:726,58,1,0
BRDA:731,59,0,0
BRDA:731,59,1,0
BRF:122
BRH:0
end_of_record
TN:
SF:src\shared\components\PerformanceMonitor.tsx
FN:31,(anonymous_9)
FN:43,(anonymous_10)
FN:48,(anonymous_11)
FN:49,(anonymous_12)
FN:50,(anonymous_13)
FN:55,(anonymous_14)
FN:61,(anonymous_15)
FN:64,(anonymous_16)
FN:69,(anonymous_17)
FN:72,(anonymous_18)
FN:81,(anonymous_19)
FN:99,(anonymous_20)
FN:211,(anonymous_21)
FNF:13
FNH:0
FNDA:0,(anonymous_9)
FNDA:0,(anonymous_10)
FNDA:0,(anonymous_11)
FNDA:0,(anonymous_12)
FNDA:0,(anonymous_13)
FNDA:0,(anonymous_14)
FNDA:0,(anonymous_15)
FNDA:0,(anonymous_16)
FNDA:0,(anonymous_17)
FNDA:0,(anonymous_18)
FNDA:0,(anonymous_19)
FNDA:0,(anonymous_20)
FNDA:0,(anonymous_21)
DA:6,0
DA:7,0
DA:8,0
DA:9,0
DA:10,0
DA:21,0
DA:22,0
DA:31,0
DA:37,0
DA:38,0
DA:40,0
DA:43,0
DA:46,0
DA:48,0
DA:49,0
DA:50,0
DA:52,0
DA:53,0
DA:55,0
DA:56,0
DA:57,0
DA:61,0
DA:62,0
DA:64,0
DA:65,0
DA:66,0
DA:69,0
DA:72,0
DA:73,0
DA:74,0
DA:75,0
DA:76,0
DA:77,0
DA:81,0
DA:82,0
DA:84,0
DA:86,0
DA:91,0
DA:93,0
DA:95,0
DA:99,0
DA:100,0
DA:101,0
DA:102,0
DA:103,0
DA:105,0
DA:119,0
DA:212,0
DA:213,0
DA:225,0
LF:50
LH:0
BRDA:32,0,0,0
BRDA:33,1,0,0
BRDA:34,2,0,0
BRDA:35,3,0,0
BRDA:62,4,0,0
BRDA:62,4,1,0
BRDA:73,5,0,0
BRDA:73,5,1,0
BRDA:73,5,2,0
BRDA:73,5,3,0
BRDA:82,6,0,0
BRDA:82,6,1,0
BRDA:84,7,0,0
BRDA:84,7,1,0
BRDA:84,7,2,0
BRDA:84,7,3,0
BRDA:84,7,4,0
BRDA:84,7,5,0
BRDA:84,7,6,0
BRDA:128,8,0,0
BRDA:128,8,1,0
BRDA:133,9,0,0
BRDA:133,9,1,0
BRDA:134,10,0,0
BRDA:134,10,1,0
BRDA:157,11,0,0
BRDA:157,11,1,0
BRDA:158,12,0,0
BRDA:158,12,1,0
BRDA:164,13,0,0
BRDA:164,13,1,0
BRDA:165,14,0,0
BRDA:165,14,1,0
BRDA:170,15,0,0
BRDA:170,15,1,0
BRDA:181,16,0,0
BRDA:181,16,1,0
BRF:37
BRH:0
end_of_record
TN:
SF:src\shared\components\PerformanceOptimizer.tsx
FN:5,(anonymous_9)
FN:6,(anonymous_10)
FN:8,(anonymous_11)
FN:10,(anonymous_12)
FN:13,(anonymous_13)
FN:41,(anonymous_14)
FNF:6
FNH:0
FNDA:0,(anonymous_9)
FNDA:0,(anonymous_10)
FNDA:0,(anonymous_11)
FNDA:0,(anonymous_12)
FNDA:0,(anonymous_13)
FNDA:0,(anonymous_14)
DA:1,0
DA:5,0
DA:6,0
DA:8,0
DA:9,0
DA:10,0
DA:13,0
DA:14,0
DA:15,0
DA:23,0
DA:24,0
DA:25,0
DA:26,0
DA:29,0
DA:30,0
DA:33,0
DA:37,0
DA:40,0
DA:41,0
DA:42,0
DA:43,0
DA:48,0
DA:51,0
LF:23
LH:0
BRDA:14,0,0,0
BRDA:14,0,1,0
BRDA:29,1,0,0
BRDA:29,1,1,0
BRDA:42,2,0,0
BRDA:42,2,1,0
BRF:6
BRH:0
end_of_record
TN:
SF:src\shared\components\ProjectEstimator.tsx
FN:11,(anonymous_10)
FN:49,(anonymous_11)
FN:53,(anonymous_12)
FN:57,(anonymous_13)
FN:64,(anonymous_14)
FN:65,(anonymous_15)
FN:79,(anonymous_16)
FN:126,(anonymous_17)
FN:140,(anonymous_18)
FN:152,(anonymous_19)
FN:157,(anonymous_20)
FN:180,(anonymous_21)
FNF:12
FNH:0
FNDA:0,(anonymous_10)
FNDA:0,(anonymous_11)
FNDA:0,(anonymous_12)
FNDA:0,(anonymous_13)
FNDA:0,(anonymous_14)
FNDA:0,(anonymous_15)
FNDA:0,(anonymous_16)
FNDA:0,(anonymous_17)
FNDA:0,(anonymous_18)
FNDA:0,(anonymous_19)
FNDA:0,(anonymous_20)
FNDA:0,(anonymous_21)
DA:1,0
DA:2,0
DA:3,0
DA:4,0
DA:5,0
DA:6,0
DA:7,0
DA:8,0
DA:9,0
DA:11,0
DA:12,0
DA:13,0
DA:14,0
DA:15,0
DA:16,0
DA:18,0
DA:29,0
DA:37,0
DA:43,0
DA:49,0
DA:50,0
DA:51,0
DA:53,0
DA:57,0
DA:58,0
DA:60,0
DA:61,0
DA:62,0
DA:64,0
DA:65,0
DA:66,0
DA:69,0
DA:71,0
DA:77,0
DA:79,0
DA:80,0
DA:81,0
DA:86,0
DA:89,0
DA:95,0
DA:127,0
DA:141,0
DA:153,0
DA:158,0
DA:181,0
DA:232,0
LF:46
LH:0
BRDA:50,0,0,0
BRDA:50,0,1,0
BRDA:58,1,0,0
BRDA:58,1,1,0
BRDA:58,2,0,0
BRDA:58,2,1,0
BRDA:58,2,2,0
BRDA:60,3,0,0
BRDA:60,3,1,0
BRDA:60,4,0,0
BRDA:60,4,1,0
BRDA:60,5,0,0
BRDA:60,5,1,0
BRDA:61,6,0,0
BRDA:61,6,1,0
BRDA:61,7,0,0
BRDA:61,7,1,0
BRDA:61,8,0,0
BRDA:61,8,1,0
BRDA:62,9,0,0
BRDA:62,9,1,0
BRDA:62,10,0,0
BRDA:62,10,1,0
BRDA:62,11,0,0
BRDA:62,11,1,0
BRDA:66,12,0,0
BRDA:66,12,1,0
BRDA:66,13,0,0
BRDA:66,13,1,0
BRDA:66,14,0,0
BRDA:66,14,1,0
BRDA:80,15,0,0
BRDA:80,15,1,0
BRDA:80,16,0,0
BRDA:80,16,1,0
BRDA:80,16,2,0
BRDA:187,17,0,0
BRDA:187,17,1,0
BRDA:199,18,0,0
BRDA:199,18,1,0
BRDA:199,18,2,0
BRF:41
BRH:0
end_of_record
TN:
SF:src\shared\components\ResourcePrefetcher.tsx
FN:2,(anonymous_0)
FNF:1
FNH:0
FNDA:0,(anonymous_0)
DA:2,0
DA:3,0
DA:6,0
LF:3
LH:0
BRF:0
BRH:0
end_of_record
TN:
SF:src\shared\components\SEODashboard.tsx
FN:67,(anonymous_9)
FN:74,(anonymous_10)
FN:81,(anonymous_11)
FN:88,(anonymous_12)
FN:96,(anonymous_13)
FN:107,(anonymous_14)
FN:162,(anonymous_15)
FN:196,(anonymous_16)
FN:202,(anonymous_17)
FN:212,(anonymous_18)
FN:253,(anonymous_19)
FN:255,(anonymous_20)
FN:261,(anonymous_21)
FN:262,(anonymous_22)
FN:273,(anonymous_23)
FN:300,(anonymous_24)
FN:331,(anonymous_25)
FN:332,(anonymous_26)
FN:352,(anonymous_27)
FN:367,(anonymous_28)
FN:370,(anonymous_29)
FN:433,(anonymous_30)
FN:435,(anonymous_31)
FN:461,(anonymous_32)
FN:465,(anonymous_33)
FN:493,(anonymous_34)
FN:592,(anonymous_35)
FN:605,(anonymous_36)
FNF:28
FNH:0
FNDA:0,(anonymous_9)
FNDA:0,(anonymous_10)
FNDA:0,(anonymous_11)
FNDA:0,(anonymous_12)
FNDA:0,(anonymous_13)
FNDA:0,(anonymous_14)
FNDA:0,(anonymous_15)
FNDA:0,(anonymous_16)
FNDA:0,(anonymous_17)
FNDA:0,(anonymous_18)
FNDA:0,(anonymous_19)
FNDA:0,(anonymous_20)
FNDA:0,(anonymous_21)
FNDA:0,(anonymous_22)
FNDA:0,(anonymous_23)
FNDA:0,(anonymous_24)
FNDA:0,(anonymous_25)
FNDA:0,(anonymous_26)
FNDA:0,(anonymous_27)
FNDA:0,(anonymous_28)
FNDA:0,(anonymous_29)
FNDA:0,(anonymous_30)
FNDA:0,(anonymous_31)
FNDA:0,(anonymous_32)
FNDA:0,(anonymous_33)
FNDA:0,(anonymous_34)
FNDA:0,(anonymous_35)
FNDA:0,(anonymous_36)
DA:6,0
DA:7,0
DA:8,0
DA:9,0
DA:10,0
DA:11,0
DA:12,0
DA:13,0
DA:35,0
DA:36,0
DA:67,0
DA:68,0
DA:69,0
DA:70,0
DA:71,0
DA:74,0
DA:75,0
DA:76,0
DA:77,0
DA:78,0
DA:81,0
DA:82,0
DA:88,0
DA:89,0
DA:90,0
DA:91,0
DA:92,0
DA:93,0
DA:96,0
DA:97,0
DA:98,0
DA:99,0
DA:100,0
DA:107,0
DA:117,0
DA:125,0
DA:162,0
DA:185,0
DA:192,0
DA:193,0
DA:196,0
DA:197,0
DA:198,0
DA:202,0
DA:203,0
DA:204,0
DA:212,0
DA:213,0
DA:214,0
DA:215,0
DA:216,0
DA:217,0
DA:219,0
DA:253,0
DA:254,0
DA:255,0
DA:256,0
DA:257,0
DA:261,0
DA:262,0
DA:273,0
DA:274,0
DA:300,0
DA:331,0
DA:332,0
DA:353,0
DA:367,0
DA:368,0
DA:371,0
DA:433,0
DA:434,0
DA:436,0
DA:461,0
DA:462,0
DA:466,0
DA:493,0
DA:494,0
DA:495,0
DA:550,0
DA:551,0
DA:578,0
DA:592,0
DA:605,0
DA:671,0
LF:84
LH:0
BRDA:68,0,0,0
BRDA:68,0,1,0
BRDA:69,1,0,0
BRDA:69,1,1,0
BRDA:70,2,0,0
BRDA:70,2,1,0
BRDA:75,3,0,0
BRDA:75,3,1,0
BRDA:76,4,0,0
BRDA:76,4,1,0
BRDA:77,5,0,0
BRDA:77,5,1,0
BRDA:81,6,0,0
BRDA:89,7,0,0
BRDA:89,7,1,0
BRDA:97,8,0,0
BRDA:97,8,1,0
BRDA:98,9,0,0
BRDA:98,9,1,0
BRDA:99,10,0,0
BRDA:99,10,1,0
BRDA:114,11,0,0
BRDA:127,12,0,0
BRDA:127,12,1,0
BRDA:132,13,0,0
BRDA:132,13,1,0
BRDA:136,14,0,0
BRDA:136,14,1,0
BRDA:139,15,0,0
BRDA:139,15,1,0
BRDA:139,15,2,0
BRDA:141,16,0,0
BRDA:141,16,1,0
BRDA:143,17,0,0
BRDA:143,17,1,0
BRDA:148,18,0,0
BRDA:148,18,1,0
BRDA:148,19,0,0
BRDA:148,19,1,0
BRDA:163,20,0,0
BRDA:164,21,0,0
BRDA:165,22,0,0
BRDA:166,23,0,0
BRDA:167,24,0,0
BRDA:197,25,0,0
BRDA:197,25,1,0
BRDA:203,26,0,0
BRDA:203,26,1,0
BRDA:203,27,0,0
BRDA:203,27,1,0
BRDA:203,27,2,0
BRDA:213,28,0,0
BRDA:213,28,1,0
BRDA:213,29,0,0
BRDA:213,29,1,0
BRDA:213,30,0,0
BRDA:213,30,1,0
BRDA:214,31,0,0
BRDA:214,31,1,0
BRDA:214,32,0,0
BRDA:214,32,1,0
BRDA:214,33,0,0
BRDA:214,33,1,0
BRDA:215,34,0,0
BRDA:215,34,1,0
BRDA:215,35,0,0
BRDA:215,35,1,0
BRDA:215,36,0,0
BRDA:215,36,1,0
BRDA:216,37,0,0
BRDA:216,37,1,0
BRDA:216,38,0,0
BRDA:216,38,1,0
BRDA:216,39,0,0
BRDA:216,39,1,0
BRDA:217,40,0,0
BRDA:217,40,1,0
BRDA:217,41,0,0
BRDA:217,41,1,0
BRDA:217,42,0,0
BRDA:217,42,1,0
BRDA:254,43,0,0
BRDA:254,43,1,0
BRDA:256,44,0,0
BRDA:256,44,1,0
BRDA:282,45,0,0
BRDA:282,45,1,0
BRDA:282,46,0,0
BRDA:282,46,1,0
BRDA:283,47,0,0
BRDA:283,47,1,0
BRDA:283,48,0,0
BRDA:283,48,1,0
BRDA:284,49,0,0
BRDA:284,49,1,0
BRDA:292,50,0,0
BRDA:292,50,1,0
BRDA:292,51,0,0
BRDA:292,51,1,0
BRDA:297,52,0,0
BRDA:297,52,1,0
BRDA:297,53,0,0
BRDA:297,53,1,0
BRDA:297,54,0,0
BRDA:297,54,1,0
BRDA:300,55,0,0
BRDA:300,55,1,0
BRDA:300,56,0,0
BRDA:300,56,1,0
BRDA:300,57,0,0
BRDA:300,57,1,0
BRDA:300,58,0,0
BRDA:300,58,1,0
BRDA:308,59,0,0
BRDA:308,59,1,0
BRDA:313,60,0,0
BRDA:313,60,1,0
BRDA:342,61,0,0
BRDA:342,61,1,0
BRDA:342,61,2,0
BRDA:355,62,0,0
BRDA:355,62,1,0
BRDA:355,63,0,0
BRDA:355,63,1,0
BRDA:372,64,0,0
BRDA:372,64,1,0
BRDA:373,65,0,0
BRDA:373,65,1,0
BRDA:374,66,0,0
BRDA:374,66,1,0
BRDA:381,67,0,0
BRDA:381,67,1,0
BRDA:381,68,0,0
BRDA:381,68,1,0
BRDA:384,69,0,0
BRDA:384,69,1,0
BRDA:384,70,0,0
BRDA:384,70,1,0
BRDA:387,71,0,0
BRDA:387,71,1,0
BRDA:387,72,0,0
BRDA:387,72,1,0
BRDA:387,73,0,0
BRDA:387,73,1,0
BRDA:395,74,0,0
BRDA:395,74,1,0
BRDA:395,75,0,0
BRDA:395,75,1,0
BRDA:395,76,0,0
BRDA:395,76,1,0
BRDA:402,77,0,0
BRDA:402,77,1,0
BRDA:410,78,0,0
BRDA:410,78,1,0
BRDA:418,79,0,0
BRDA:418,79,1,0
BRDA:435,80,0,0
BRDA:435,80,1,0
BRDA:435,81,0,0
BRDA:435,81,1,0
BRDA:435,82,0,0
BRDA:435,82,1,0
BRDA:436,83,0,0
BRDA:436,83,1,0
BRDA:437,84,0,0
BRDA:437,84,1,0
BRDA:444,85,0,0
BRDA:444,85,1,0
BRDA:444,86,0,0
BRDA:444,86,1,0
BRDA:463,87,0,0
BRDA:463,87,1,0
BRDA:471,88,0,0
BRDA:471,88,1,0
BRDA:474,89,0,0
BRDA:474,89,1,0
BRDA:550,90,0,0
BRDA:550,90,1,0
BRDA:563,91,0,0
BRDA:563,91,1,0
BRDA:570,92,0,0
BRDA:570,92,1,0
BRDA:570,93,0,0
BRDA:570,93,1,0
BRDA:570,94,0,0
BRDA:570,94,1,0
BRDA:595,95,0,0
BRDA:595,95,1,0
BRDA:607,96,0,0
BRDA:607,96,1,0
BRDA:608,97,0,0
BRDA:608,97,1,0
BRDA:662,98,0,0
BRDA:662,98,1,0
BRF:194
BRH:0
end_of_record
TN:
SF:src\shared\components\StructuredData.tsx
FN:33,(anonymous_9)
FN:40,(anonymous_10)
FN:57,(anonymous_11)
FN:96,(anonymous_12)
FN:136,(anonymous_13)
FN:166,(anonymous_14)
FN:203,(anonymous_15)
FN:241,(anonymous_16)
FN:314,(anonymous_17)
FN:318,(anonymous_18)
FN:340,(anonymous_19)
FN:344,(anonymous_20)
FN:389,(anonymous_21)
FN:425,(anonymous_22)
FN:472,(anonymous_23)
FN:505,(anonymous_24)
FN:560,(anonymous_25)
FN:599,(anonymous_26)
FN:628,(anonymous_27)
FN:649,(anonymous_28)
FNF:20
FNH:0
FNDA:0,(anonymous_9)
FNDA:0,(anonymous_10)
FNDA:0,(anonymous_11)
FNDA:0,(anonymous_12)
FNDA:0,(anonymous_13)
FNDA:0,(anonymous_14)
FNDA:0,(anonymous_15)
FNDA:0,(anonymous_16)
FNDA:0,(anonymous_17)
FNDA:0,(anonymous_18)
FNDA:0,(anonymous_19)
FNDA:0,(anonymous_20)
FNDA:0,(anonymous_21)
FNDA:0,(anonymous_22)
FNDA:0,(anonymous_23)
FNDA:0,(anonymous_24)
FNDA:0,(anonymous_25)
FNDA:0,(anonymous_26)
FNDA:0,(anonymous_27)
FNDA:0,(anonymous_28)
DA:6,0
DA:21,0
DA:33,0
DA:38,0
DA:40,0
DA:42,0
DA:43,0
DA:47,0
DA:48,0
DA:49,0
DA:50,0
DA:53,0
DA:54,0
DA:57,0
DA:58,0
DA:59,0
DA:64,0
DA:96,0
DA:109,0
DA:136,0
DA:147,0
DA:166,0
DA:177,0
DA:179,0
DA:203,0
DA:213,0
DA:241,0
DA:255,0
DA:256,0
DA:258,0
DA:300,0
DA:314,0
DA:315,0
DA:318,0
DA:326,0
DA:340,0
DA:341,0
DA:344,0
DA:354,0
DA:389,0
DA:402,0
DA:425,0
DA:442,0
DA:472,0
DA:486,0
DA:505,0
DA:529,0
DA:560,0
DA:572,0
DA:599,0
DA:616,0
DA:628,0
DA:632,0
DA:634,0
DA:649,0
DA:656,0
DA:677,0
LF:57
LH:0
BRDA:35,0,0,0
BRDA:36,1,0,0
BRDA:42,2,0,0
BRDA:42,2,1,0
BRDA:42,3,0,0
BRDA:42,3,1,0
BRDA:58,4,0,0
BRDA:58,4,1,0
BRDA:58,5,0,0
BRDA:58,5,1,0
BRDA:97,6,0,0
BRDA:98,7,0,0
BRDA:99,8,0,0
BRDA:103,9,0,0
BRDA:115,10,0,0
BRDA:115,10,1,0
BRDA:116,11,0,0
BRDA:116,11,1,0
BRDA:122,12,0,0
BRDA:122,12,1,0
BRDA:129,13,0,0
BRDA:129,13,1,0
BRDA:130,14,0,0
BRDA:130,14,1,0
BRDA:131,15,0,0
BRDA:131,15,1,0
BRDA:132,16,0,0
BRDA:132,16,1,0
BRDA:174,17,0,0
BRDA:177,18,0,0
BRDA:177,18,1,0
BRDA:191,19,0,0
BRDA:191,19,1,0
BRDA:197,20,0,0
BRDA:197,20,1,0
BRDA:198,21,0,0
BRDA:198,21,1,0
BRDA:199,22,0,0
BRDA:199,22,1,0
BRDA:200,23,0,0
BRDA:200,23,1,0
BRDA:255,24,0,0
BRDA:255,24,1,0
BRDA:256,25,0,0
BRDA:256,25,1,0
BRDA:256,26,0,0
BRDA:256,26,1,0
BRDA:256,27,0,0
BRDA:256,27,1,0
BRDA:264,28,0,0
BRDA:264,28,1,0
BRDA:271,29,0,0
BRDA:271,29,1,0
BRDA:272,30,0,0
BRDA:272,30,1,0
BRDA:273,31,0,0
BRDA:273,31,1,0
BRDA:275,32,0,0
BRDA:275,32,1,0
BRDA:280,33,0,0
BRDA:280,33,1,0
BRDA:288,34,0,0
BRDA:288,34,1,0
BRDA:289,35,0,0
BRDA:289,35,1,0
BRDA:290,36,0,0
BRDA:290,36,1,0
BRDA:291,37,0,0
BRDA:291,37,1,0
BRDA:322,38,0,0
BRDA:322,38,1,0
BRDA:406,39,0,0
BRDA:406,39,1,0
BRDA:411,40,0,0
BRDA:411,40,1,0
BRDA:412,41,0,0
BRDA:412,41,1,0
BRDA:413,42,0,0
BRDA:413,42,1,0
BRDA:414,43,0,0
BRDA:414,43,1,0
BRDA:415,44,0,0
BRDA:415,44,1,0
BRDA:416,45,0,0
BRDA:416,45,1,0
BRDA:417,46,0,0
BRDA:417,46,1,0
BRDA:424,47,0,0
BRDA:424,47,1,0
BRDA:480,48,0,0
BRDA:481,49,0,0
BRDA:482,50,0,0
BRDA:491,51,0,0
BRDA:491,51,1,0
BRDA:492,52,0,0
BRDA:492,52,1,0
BRDA:493,53,0,0
BRDA:493,53,1,0
BRDA:494,54,0,0
BRDA:494,54,1,0
BRDA:495,55,0,0
BRDA:495,55,1,0
BRDA:504,56,0,0
BRDA:504,56,1,0
BRDA:520,57,0,0
BRDA:520,57,1,0
BRDA:578,58,0,0
BRDA:578,58,1,0
BRDA:581,59,0,0
BRDA:581,59,1,0
BRDA:587,60,0,0
BRDA:587,60,1,0
BRDA:588,61,0,0
BRDA:588,61,1,0
BRDA:589,62,0,0
BRDA:589,62,1,0
BRDA:590,63,0,0
BRDA:590,63,1,0
BRDA:591,64,0,0
BRDA:591,64,1,0
BRDA:598,65,0,0
BRDA:598,65,1,0
BRDA:630,66,0,0
BRDA:632,67,0,0
BRDA:632,67,1,0
BRDA:654,68,0,0
BRDA:658,69,0,0
BRDA:658,69,1,0
BRDA:659,70,0,0
BRDA:659,70,1,0
BRDA:659,70,2,0
BRDA:666,71,0,0
BRDA:666,71,1,0
BRDA:666,71,2,0
BRF:134
BRH:0
end_of_record
TN:
SF:src\shared\components\optimized\LazyLoad.tsx
FN:10,(anonymous_9)
FN:16,(anonymous_10)
FN:24,(anonymous_11)
FN:26,(anonymous_12)
FN:29,(anonymous_13)
FNF:5
FNH:0
FNDA:0,(anonymous_9)
FNDA:0,(anonymous_10)
FNDA:0,(anonymous_11)
FNDA:0,(anonymous_12)
FNDA:0,(anonymous_13)
DA:1,0
DA:2,0
DA:10,0
DA:11,0
DA:16,0
DA:21,0
DA:22,0
DA:24,0
DA:25,0
DA:26,0
DA:27,0
DA:29,0
DA:30,0
DA:31,0
DA:35,0
DA:39,0
DA:46,0
LF:17
LH:0
BRDA:18,0,0,0
BRDA:19,1,0,0
BRDA:25,2,0,0
BRDA:25,2,1,0
BRDA:30,3,0,0
BRDA:30,3,1,0
BRDA:40,4,0,0
BRDA:40,4,1,0
BRF:8
BRH:0
end_of_record
TN:
SF:src\shared\components\optimized\LazySection.tsx
FN:12,(anonymous_1)
FN:22,(anonymous_2)
FN:24,(anonymous_3)
FN:37,(anonymous_4)
FNF:4
FNH:0
FNDA:0,(anonymous_1)
FNDA:0,(anonymous_2)
FNDA:0,(anonymous_3)
FNDA:0,(anonymous_4)
DA:1,0
DA:2,0
DA:12,0
DA:19,0
DA:20,0
DA:22,0
DA:23,0
DA:25,0
DA:26,0
DA:27,0
DA:33,0
DA:34,0
DA:37,0
DA:40,0
DA:47,0
LF:15
LH:0
BRDA:15,0,0,0
BRDA:16,1,0,0
BRDA:17,2,0,0
BRDA:25,3,0,0
BRDA:25,3,1,0
BRDA:33,4,0,0
BRDA:33,4,1,0
BRDA:42,5,0,0
BRDA:42,5,1,0
BRF:9
BRH:0
end_of_record
TN:
SF:src\shared\components\optimized\MemoizedButton.tsx
FN:12,(anonymous_9)
FN:23,(anonymous_10)
FN:29,(anonymous_11)
FNF:3
FNH:0
FNDA:0,(anonymous_9)
FNDA:0,(anonymous_10)
FNDA:0,(anonymous_11)
DA:1,0
DA:2,0
DA:3,0
DA:12,0
DA:23,0
DA:24,0
DA:26,0
DA:27,0
DA:28,0
DA:29,0
DA:30,0
DA:34,0
DA:37,0
DA:59,0
DA:61,0
LF:15
LH:0
BRDA:14,0,0,0
BRDA:15,1,0,0
BRDA:16,2,0,0
BRDA:24,3,0,0
BRDA:24,3,1,0
BRDA:24,4,0,0
BRDA:24,4,1,0
BRDA:24,4,2,0
BRDA:26,5,0,0
BRDA:26,5,1,0
BRDA:30,6,0,0
BRDA:30,6,1,0
BRDA:41,7,0,0
BRDA:41,7,1,0
BRDA:43,8,0,0
BRDA:43,8,1,0
BRDA:47,9,0,0
BRDA:47,9,1,0
BRF:18
BRH:0
end_of_record
TN:
SF:src\shared\components\optimized\MemoizedCard.tsx
FN:13,(anonymous_1)
FNF:1
FNH:0
FNDA:0,(anonymous_1)
DA:1,0
DA:2,0
DA:3,0
DA:13,0
DA:20,0
DA:26,0
DA:41,0
DA:43,0
LF:8
LH:0
BRDA:18,0,0,0
BRDA:30,1,0,0
BRDA:30,1,1,0
BRF:3
BRH:0
end_of_record
TN:
SF:src\shared\components\optimized\OptimizedImage.tsx
FN:27,(anonymous_9)
FN:53,(anonymous_10)
FN:61,(anonymous_11)
FN:108,(anonymous_12)
FN:115,(anonymous_13)
FN:181,(anonymous_14)
FNF:6
FNH:0
FNDA:0,(anonymous_9)
FNDA:0,(anonymous_10)
FNDA:0,(anonymous_11)
FNDA:0,(anonymous_12)
FNDA:0,(anonymous_13)
FNDA:0,(anonymous_14)
DA:1,0
DA:2,0
DA:3,0
DA:27,0
DA:48,0
DA:49,0
DA:50,0
DA:53,0
DA:54,0
DA:55,0
DA:57,0
DA:61,0
DA:62,0
DA:69,0
DA:71,0
DA:72,0
DA:73,0
DA:77,0
DA:78,0
DA:80,0
DA:82,0
DA:83,0
DA:87,0
DA:93,0
DA:94,0
DA:98,0
DA:105,0
DA:108,0
DA:109,0
DA:110,0
DA:111,0
DA:112,0
DA:115,0
DA:116,0
DA:117,0
DA:121,0
DA:122,0
DA:141,0
DA:166,0
DA:167,0
DA:182,0
DA:201,0
DA:224,0
DA:226,0
LF:44
LH:0
BRDA:33,0,0,0
BRDA:34,1,0,0
BRDA:35,2,0,0
BRDA:38,3,0,0
BRDA:39,4,0,0
BRDA:40,5,0,0
BRDA:41,6,0,0
BRDA:42,7,0,0
BRDA:44,8,0,0
BRDA:45,9,0,0
BRDA:50,10,0,0
BRDA:50,10,1,0
BRDA:54,11,0,0
BRDA:54,11,1,0
BRDA:54,12,0,0
BRDA:54,12,1,0
BRDA:63,13,0,0
BRDA:63,13,1,0
BRDA:64,14,0,0
BRDA:64,14,1,0
BRDA:72,15,0,0
BRDA:72,15,1,0
BRDA:80,16,0,0
BRDA:80,16,1,0
BRDA:82,17,0,0
BRDA:82,17,1,0
BRDA:83,18,0,0
BRDA:83,18,1,0
BRDA:93,19,0,0
BRDA:93,19,1,0
BRDA:94,20,0,0
BRDA:94,20,1,0
BRDA:112,21,0,0
BRDA:112,21,1,0
BRDA:112,22,0,0
BRDA:112,22,1,0
BRDA:117,23,0,0
BRDA:117,23,1,0
BRDA:117,24,0,0
BRDA:117,24,1,0
BRDA:121,25,0,0
BRDA:121,25,1,0
BRDA:143,26,0,0
BRDA:143,26,1,0
BRDA:148,27,0,0
BRDA:148,27,1,0
BRDA:149,28,0,0
BRDA:149,28,1,0
BRDA:149,28,2,0
BRDA:150,29,0,0
BRDA:150,29,1,0
BRDA:150,29,2,0
BRDA:161,30,0,0
BRDA:161,30,1,0
BRDA:166,31,0,0
BRDA:166,31,1,0
BRDA:170,32,0,0
BRDA:170,32,1,0
BRDA:174,33,0,0
BRDA:174,33,1,0
BRDA:186,34,0,0
BRDA:186,34,1,0
BRDA:192,35,0,0
BRDA:192,35,1,0
BRDA:193,36,0,0
BRDA:193,36,1,0
BRDA:204,37,0,0
BRDA:204,37,1,0
BRDA:204,37,2,0
BRDA:208,38,0,0
BRDA:208,38,1,0
BRDA:217,39,0,0
BRDA:217,39,1,0
BRDA:218,40,0,0
BRDA:218,40,1,0
BRF:75
BRH:0
end_of_record
TN:
SF:src\shared\components\optimized\SEOHead.tsx
FN:12,(anonymous_0)
FN:20,(anonymous_1)
FN:25,(anonymous_2)
FNF:3
FNH:0
FNDA:0,(anonymous_0)
FNDA:0,(anonymous_1)
FNDA:0,(anonymous_2)
DA:1,0
DA:12,0
DA:20,0
DA:22,0
DA:25,0
DA:26,0
DA:27,0
DA:29,0
DA:30,0
DA:31,0
DA:32,0
DA:34,0
DA:36,0
DA:39,0
DA:43,0
DA:44,0
DA:47,0
DA:48,0
DA:49,0
DA:50,0
DA:51,0
DA:54,0
DA:55,0
DA:56,0
DA:57,0
DA:60,0
DA:61,0
DA:62,0
DA:63,0
DA:64,0
DA:66,0
DA:69,0
DA:70,0
DA:71,0
DA:72,0
DA:73,0
DA:74,0
DA:76,0
DA:80,0
DA:83,0
LF:40
LH:0
BRDA:13,0,0,0
BRDA:14,1,0,0
BRDA:15,2,0,0
BRDA:16,3,0,0
BRDA:17,4,0,0
BRDA:25,5,0,0
BRDA:26,6,0,0
BRDA:26,6,1,0
BRDA:29,7,0,0
BRDA:29,7,1,0
BRDA:31,8,0,0
BRDA:31,8,1,0
BRDA:61,9,0,0
BRDA:61,9,1,0
BRDA:69,10,0,0
BRDA:69,10,1,0
BRDA:71,11,0,0
BRDA:71,11,1,0
BRF:18
BRH:0
end_of_record
TN:
SF:src\shared\contexts\CoreWebVitalsContext.ts
FNF:0
FNH:0
DA:6,0
DA:12,0
LF:2
LH:0
BRF:0
BRH:0
end_of_record
TN:
SF:src\shared\hocs\withCoreWebVitals.tsx
FN:13,withCoreWebVitals
FN:17,(anonymous_2)
FNF:2
FNH:0
FNDA:0,withCoreWebVitals
FNDA:0,(anonymous_2)
DA:6,0
DA:7,0
DA:13,0
DA:17,0
DA:18,0
DA:20,0
DA:23,0
DA:26,0
LF:8
LH:0
BRDA:15,0,0,0
BRDA:24,1,0,0
BRDA:24,1,1,0
BRF:3
BRH:0
end_of_record
TN:
SF:src\shared\hooks\use-mobile.tsx
FN:5,useIsMobile
FN:8,(anonymous_10)
FN:10,(anonymous_11)
FN:15,(anonymous_12)
FNF:4
FNH:0
FNDA:0,useIsMobile
FNDA:0,(anonymous_10)
FNDA:0,(anonymous_11)
FNDA:0,(anonymous_12)
DA:1,0
DA:3,0
DA:5,0
DA:6,0
DA:8,0
DA:9,0
DA:10,0
DA:11,0
DA:13,0
DA:14,0
DA:15,0
DA:18,0
LF:12
LH:0
BRF:0
BRH:0
end_of_record
TN:
SF:src\shared\hooks\use-toast.ts
FN:9,useToast
FN:12,(anonymous_1)
FN:13,(anonymous_2)
FN:17,(anonymous_3)
FNF:4
FNH:0
FNDA:0,useToast
FNDA:0,(anonymous_1)
FNDA:0,(anonymous_2)
FNDA:0,(anonymous_3)
DA:9,0
DA:10,0
DA:17,0
LF:3
LH:0
BRF:0
BRH:0
end_of_record
TN:
SF:src\shared\hooks\useAccessibility.ts
FN:18,(anonymous_0)
FN:22,(anonymous_1)
FN:35,(anonymous_2)
FN:50,(anonymous_3)
FN:51,(anonymous_4)
FN:55,(anonymous_5)
FN:69,(anonymous_6)
FN:73,(anonymous_7)
FN:90,(anonymous_8)
FN:91,(anonymous_9)
FN:98,(anonymous_10)
FN:102,(anonymous_11)
FN:106,(anonymous_12)
FN:110,(anonymous_13)
FN:114,(anonymous_14)
FN:142,(anonymous_15)
FN:150,(anonymous_16)
FN:163,(anonymous_17)
FN:164,(anonymous_18)
FN:169,(anonymous_19)
FN:170,(anonymous_20)
FN:187,(anonymous_21)
FN:188,(anonymous_22)
FN:192,(anonymous_23)
FN:196,(anonymous_24)
FN:212,(anonymous_25)
FN:216,(anonymous_26)
FN:220,(anonymous_27)
FN:237,(anonymous_28)
FN:241,(anonymous_29)
FN:250,(anonymous_30)
FN:258,(anonymous_31)
FN:263,(anonymous_32)
FN:267,(anonymous_33)
FN:288,(anonymous_34)
FN:294,(anonymous_35)
FN:295,(anonymous_36)
FN:304,(anonymous_37)
FN:316,(anonymous_38)
FN:331,(anonymous_39)
FN:334,(anonymous_40)
FN:342,(anonymous_41)
FN:376,(anonymous_42)
FN:407,(anonymous_43)
FN:414,(anonymous_44)
FN:430,(anonymous_45)
FN:431,(anonymous_46)
FN:432,(anonymous_47)
FN:440,(anonymous_48)
FN:466,(anonymous_49)
FN:467,(anonymous_50)
FNF:51
FNH:0
FNDA:0,(anonymous_0)
FNDA:0,(anonymous_1)
FNDA:0,(anonymous_2)
FNDA:0,(anonymous_3)
FNDA:0,(anonymous_4)
FNDA:0,(anonymous_5)
FNDA:0,(anonymous_6)
FNDA:0,(anonymous_7)
FNDA:0,(anonymous_8)
FNDA:0,(anonymous_9)
FNDA:0,(anonymous_10)
FNDA:0,(anonymous_11)
FNDA:0,(anonymous_12)
FNDA:0,(anonymous_13)
FNDA:0,(anonymous_14)
FNDA:0,(anonymous_15)
FNDA:0,(anonymous_16)
FNDA:0,(anonymous_17)
FNDA:0,(anonymous_18)
FNDA:0,(anonymous_19)
FNDA:0,(anonymous_20)
FNDA:0,(anonymous_21)
FNDA:0,(anonymous_22)
FNDA:0,(anonymous_23)
FNDA:0,(anonymous_24)
FNDA:0,(anonymous_25)
FNDA:0,(anonymous_26)
FNDA:0,(anonymous_27)
FNDA:0,(anonymous_28)
FNDA:0,(anonymous_29)
FNDA:0,(anonymous_30)
FNDA:0,(anonymous_31)
FNDA:0,(anonymous_32)
FNDA:0,(anonymous_33)
FNDA:0,(anonymous_34)
FNDA:0,(anonymous_35)
FNDA:0,(anonymous_36)
FNDA:0,(anonymous_37)
FNDA:0,(anonymous_38)
FNDA:0,(anonymous_39)
FNDA:0,(anonymous_40)
FNDA:0,(anonymous_41)
FNDA:0,(anonymous_42)
FNDA:0,(anonymous_43)
FNDA:0,(anonymous_44)
FNDA:0,(anonymous_45)
FNDA:0,(anonymous_46)
FNDA:0,(anonymous_47)
FNDA:0,(anonymous_48)
FNDA:0,(anonymous_49)
FNDA:0,(anonymous_50)
DA:1,0
DA:2,0
DA:18,0
DA:19,0
DA:20,0
DA:22,0
DA:23,0
DA:25,0
DA:26,0
DA:29,0
DA:30,0
DA:32,0
DA:35,0
DA:36,0
DA:37,0
DA:42,0
DA:50,0
DA:51,0
DA:52,0
DA:55,0
DA:56,0
DA:57,0
DA:61,0
DA:62,0
DA:63,0
DA:64,0
DA:66,0
DA:69,0
DA:70,0
DA:73,0
DA:74,0
DA:77,0
DA:90,0
DA:91,0
DA:98,0
DA:99,0
DA:102,0
DA:103,0
DA:106,0
DA:107,0
DA:110,0
DA:111,0
DA:114,0
DA:115,0
DA:118,0
DA:142,0
DA:150,0
DA:151,0
DA:158,0
DA:159,0
DA:163,0
DA:164,0
DA:165,0
DA:169,0
DA:170,0
DA:171,0
DA:175,0
DA:187,0
DA:188,0
DA:189,0
DA:192,0
DA:193,0
DA:196,0
DA:197,0
DA:200,0
DA:212,0
DA:213,0
DA:214,0
DA:216,0
DA:217,0
DA:218,0
DA:220,0
DA:221,0
DA:222,0
DA:226,0
DA:237,0
DA:238,0
DA:239,0
DA:241,0
DA:242,0
DA:244,0
DA:245,0
DA:248,0
DA:249,0
DA:250,0
DA:251,0
DA:253,0
DA:258,0
DA:259,0
DA:263,0
DA:264,0
DA:266,0
DA:267,0
DA:270,0
DA:288,0
DA:294,0
DA:295,0
DA:296,0
DA:297,0
DA:299,0
DA:304,0
DA:305,0
DA:311,0
DA:312,0
DA:316,0
DA:317,0
DA:320,0
DA:331,0
DA:332,0
DA:334,0
DA:335,0
DA:337,0
DA:338,0
DA:339,0
DA:340,0
DA:342,0
DA:343,0
DA:344,0
DA:345,0
DA:346,0
DA:347,0
DA:351,0
DA:354,0
DA:376,0
DA:382,0
DA:385,0
DA:388,0
DA:391,0
DA:394,0
DA:397,0
DA:400,0
DA:403,0
DA:404,0
DA:411,0
DA:414,0
DA:415,0
DA:416,0
DA:417,0
DA:419,0
DA:420,0
DA:425,0
DA:466,0
DA:467,0
DA:468,0
DA:469,0
DA:470,0
DA:471,0
DA:472,0
DA:473,0
DA:474,0
DA:476,0
DA:477,0
DA:481,0
LF:153
LH:0
BRDA:18,0,0,0
BRDA:23,1,0,0
BRDA:23,1,1,0
BRDA:25,2,0,0
BRDA:25,2,1,0
BRDA:29,3,0,0
BRDA:29,3,1,0
BRDA:36,4,0,0
BRDA:36,4,1,0
BRDA:56,5,0,0
BRDA:56,5,1,0
BRDA:62,6,0,0
BRDA:62,6,1,0
BRDA:111,7,0,0
BRDA:111,7,1,0
BRDA:115,8,0,0
BRDA:115,8,1,0
BRDA:146,9,0,0
BRDA:147,10,0,0
BRDA:148,11,0,0
BRDA:158,12,0,0
BRDA:158,12,1,0
BRDA:188,13,0,0
BRDA:237,14,0,0
BRDA:242,15,0,0
BRDA:242,15,1,0
BRDA:242,16,0,0
BRDA:242,16,1,0
BRDA:248,17,0,0
BRDA:248,17,1,0
BRDA:264,18,0,0
BRDA:264,18,1,0
BRDA:296,19,0,0
BRDA:296,19,1,0
BRDA:311,20,0,0
BRDA:311,20,1,0
BRDA:335,21,0,0
BRDA:335,21,1,0
BRDA:345,22,0,0
BRDA:345,22,1,0
BRDA:376,23,0,0
BRDA:378,24,0,0
BRDA:379,25,0,0
BRDA:380,26,0,0
BRDA:403,27,0,0
BRDA:403,27,1,0
BRDA:403,28,0,0
BRDA:403,28,1,0
BRDA:403,29,0,0
BRDA:403,29,1,0
BRDA:403,30,0,0
BRDA:403,30,1,0
BRDA:403,31,0,0
BRDA:403,31,1,0
BRDA:405,32,0,0
BRDA:405,32,1,0
BRDA:405,33,0,0
BRDA:405,33,1,0
BRDA:405,34,0,0
BRDA:405,34,1,0
BRDA:406,35,0,0
BRDA:406,35,1,0
BRDA:406,36,0,0
BRDA:406,36,1,0
BRDA:406,37,0,0
BRDA:406,37,1,0
BRDA:407,38,0,0
BRDA:407,38,1,0
BRDA:407,39,0,0
BRDA:407,39,1,0
BRDA:407,40,0,0
BRDA:407,40,1,0
BRDA:411,41,0,0
BRDA:411,41,1,0
BRDA:415,42,0,0
BRDA:415,42,1,0
BRDA:416,43,0,0
BRDA:416,43,1,0
BRDA:419,44,0,0
BRDA:419,44,1,0
BRDA:430,45,0,0
BRDA:430,45,1,0
BRDA:431,46,0,0
BRDA:431,46,1,0
BRDA:432,47,0,0
BRDA:432,47,1,0
BRDA:439,48,0,0
BRDA:439,48,1,0
BRDA:440,49,0,0
BRDA:440,49,1,0
BRDA:469,50,0,0
BRDA:469,50,1,0
BRF:92
BRH:0
end_of_record
TN:
SF:src\shared\hooks\useAnalytics.ts
FN:63,useAnalytics
FN:69,(anonymous_2)
FN:72,(anonymous_3)
FN:89,(anonymous_4)
FN:95,(anonymous_5)
FN:104,(anonymous_6)
FN:110,(anonymous_7)
FN:120,(anonymous_8)
FN:130,(anonymous_9)
FN:138,(anonymous_10)
FN:142,(anonymous_11)
FN:145,(anonymous_12)
FN:175,(anonymous_13)
FN:179,(anonymous_14)
FN:182,(anonymous_15)
FN:192,(anonymous_16)
FN:203,(anonymous_17)
FN:211,(anonymous_18)
FN:220,(anonymous_19)
FN:240,(anonymous_20)
FN:244,(anonymous_21)
FN:264,(anonymous_22)
FN:273,(anonymous_23)
FN:280,(anonymous_24)
FN:284,(anonymous_25)
FN:288,(anonymous_26)
FN:292,(anonymous_27)
FN:296,(anonymous_28)
FN:300,(anonymous_29)
FN:325,useFormAnalytics
FN:328,(anonymous_31)
FN:332,(anonymous_32)
FN:340,(anonymous_33)
FN:344,(anonymous_34)
FN:359,useEcommerceAnalytics
FN:362,(anonymous_36)
FN:371,(anonymous_37)
FN:376,(anonymous_38)
FN:385,(anonymous_39)
FN:394,(anonymous_40)
FN:409,useMediaAnalytics
FN:412,(anonymous_42)
FN:416,(anonymous_43)
FN:420,(anonymous_44)
FN:424,(anonymous_45)
FNF:45
FNH:0
FNDA:0,useAnalytics
FNDA:0,(anonymous_2)
FNDA:0,(anonymous_3)
FNDA:0,(anonymous_4)
FNDA:0,(anonymous_5)
FNDA:0,(anonymous_6)
FNDA:0,(anonymous_7)
FNDA:0,(anonymous_8)
FNDA:0,(anonymous_9)
FNDA:0,(anonymous_10)
FNDA:0,(anonymous_11)
FNDA:0,(anonymous_12)
FNDA:0,(anonymous_13)
FNDA:0,(anonymous_14)
FNDA:0,(anonymous_15)
FNDA:0,(anonymous_16)
FNDA:0,(anonymous_17)
FNDA:0,(anonymous_18)
FNDA:0,(anonymous_19)
FNDA:0,(anonymous_20)
FNDA:0,(anonymous_21)
FNDA:0,(anonymous_22)
FNDA:0,(anonymous_23)
FNDA:0,(anonymous_24)
FNDA:0,(anonymous_25)
FNDA:0,(anonymous_26)
FNDA:0,(anonymous_27)
FNDA:0,(anonymous_28)
FNDA:0,(anonymous_29)
FNDA:0,useFormAnalytics
FNDA:0,(anonymous_31)
FNDA:0,(anonymous_32)
FNDA:0,(anonymous_33)
FNDA:0,(anonymous_34)
FNDA:0,useEcommerceAnalytics
FNDA:0,(anonymous_36)
FNDA:0,(anonymous_37)
FNDA:0,(anonymous_38)
FNDA:0,(anonymous_39)
FNDA:0,(anonymous_40)
FNDA:0,useMediaAnalytics
FNDA:0,(anonymous_42)
FNDA:0,(anonymous_43)
FNDA:0,(anonymous_44)
FNDA:0,(anonymous_45)
DA:8,0
DA:9,0
DA:10,0
DA:63,0
DA:64,0
DA:65,0
DA:69,0
DA:70,0
DA:72,0
DA:73,0
DA:74,0
DA:75,0
DA:76,0
DA:85,0
DA:86,0
DA:88,0
DA:89,0
DA:95,0
DA:96,0
DA:97,0
DA:98,0
DA:99,0
DA:104,0
DA:105,0
DA:107,0
DA:108,0
DA:110,0
DA:111,0
DA:115,0
DA:116,0
DA:119,0
DA:120,0
DA:122,0
DA:123,0
DA:127,0
DA:130,0
DA:131,0
DA:132,0
DA:133,0
DA:137,0
DA:138,0
DA:142,0
DA:143,0
DA:145,0
DA:146,0
DA:149,0
DA:150,0
DA:151,0
DA:156,0
DA:157,0
DA:162,0
DA:163,0
DA:164,0
DA:166,0
DA:174,0
DA:175,0
DA:179,0
DA:180,0
DA:182,0
DA:183,0
DA:192,0
DA:193,0
DA:200,0
DA:201,0
DA:203,0
DA:204,0
DA:205,0
DA:211,0
DA:217,0
DA:220,0
DA:225,0
DA:240,0
DA:241,0
DA:244,0
DA:249,0
DA:264,0
DA:270,0
DA:273,0
DA:274,0
DA:280,0
DA:281,0
DA:284,0
DA:285,0
DA:288,0
DA:289,0
DA:292,0
DA:293,0
DA:296,0
DA:297,0
DA:300,0
DA:301,0
DA:304,0
DA:325,0
DA:326,0
DA:328,0
DA:329,0
DA:332,0
DA:333,0
DA:335,0
DA:336,0
DA:340,0
DA:341,0
DA:344,0
DA:345,0
DA:348,0
DA:359,0
DA:360,0
DA:362,0
DA:368,0
DA:371,0
DA:372,0
DA:376,0
DA:382,0
DA:385,0
DA:391,0
DA:394,0
DA:395,0
DA:398,0
DA:409,0
DA:410,0
DA:412,0
DA:413,0
DA:416,0
DA:417,0
DA:420,0
DA:421,0
DA:424,0
DA:425,0
DA:428,0
DA:436,0
LF:130
LH:0
BRDA:63,0,0,0
BRDA:70,1,0,0
BRDA:70,1,1,0
BRDA:70,2,0,0
BRDA:70,2,1,0
BRDA:73,3,0,0
BRDA:73,3,1,0
BRDA:73,4,0,0
BRDA:73,4,1,0
BRDA:75,5,0,0
BRDA:75,5,1,0
BRDA:85,6,0,0
BRDA:85,6,1,0
BRDA:96,7,0,0
BRDA:96,7,1,0
BRDA:96,8,0,0
BRDA:96,8,1,0
BRDA:97,9,0,0
BRDA:97,9,1,0
BRDA:105,10,0,0
BRDA:105,10,1,0
BRDA:115,11,0,0
BRDA:115,11,1,0
BRDA:120,12,0,0
BRDA:120,12,1,0
BRDA:122,13,0,0
BRDA:122,13,1,0
BRDA:131,14,0,0
BRDA:131,14,1,0
BRDA:143,15,0,0
BRDA:143,15,1,0
BRDA:149,16,0,0
BRDA:149,16,1,0
BRDA:156,17,0,0
BRDA:156,17,1,0
BRDA:157,18,0,0
BRDA:157,18,1,0
BRDA:162,19,0,0
BRDA:162,19,1,0
BRDA:166,20,0,0
BRDA:166,20,1,0
BRDA:180,21,0,0
BRDA:180,21,1,0
BRDA:183,22,0,0
BRDA:183,22,1,0
BRDA:333,23,0,0
BRDA:333,23,1,0
BRDA:335,24,0,0
BRDA:335,24,1,0
BRDA:335,25,0,0
BRDA:335,25,1,0
BRDA:380,26,0,0
BRDA:389,27,0,0
BRDA:409,28,0,0
BRF:54
BRH:0
end_of_record
TN:
SF:src\shared\hooks\useCoreWebVitals.ts
FN:25,useCoreWebVitals
FN:44,(anonymous_1)
FN:69,(anonymous_2)
FN:87,(anonymous_3)
FN:106,(anonymous_4)
FN:131,(anonymous_5)
FN:143,(anonymous_6)
FN:164,(anonymous_7)
FN:173,(anonymous_8)
FN:201,(anonymous_9)
FN:204,(anonymous_10)
FN:214,(anonymous_11)
FN:218,(anonymous_12)
FN:227,(anonymous_13)
FN:242,(anonymous_14)
FN:276,(anonymous_15)
FN:281,(anonymous_16)
FN:286,(anonymous_17)
FN:290,(anonymous_18)
FNF:19
FNH:0
FNDA:0,useCoreWebVitals
FNDA:0,(anonymous_1)
FNDA:0,(anonymous_2)
FNDA:0,(anonymous_3)
FNDA:0,(anonymous_4)
FNDA:0,(anonymous_5)
FNDA:0,(anonymous_6)
FNDA:0,(anonymous_7)
FNDA:0,(anonymous_8)
FNDA:0,(anonymous_9)
FNDA:0,(anonymous_10)
FNDA:0,(anonymous_11)
FNDA:0,(anonymous_12)
FNDA:0,(anonymous_13)
FNDA:0,(anonymous_14)
FNDA:0,(anonymous_15)
FNDA:0,(anonymous_16)
FNDA:0,(anonymous_17)
FNDA:0,(anonymous_18)
DA:6,0
DA:7,0
DA:8,0
DA:25,0
DA:26,0
DA:40,0
DA:41,0
DA:44,0
DA:45,0
DA:46,0
DA:54,0
DA:56,0
DA:58,0
DA:61,0
DA:69,0
DA:70,0
DA:71,0
DA:73,0
DA:74,0
DA:75,0
DA:76,0
DA:77,0
DA:81,0
DA:88,0
DA:91,0
DA:95,0
DA:97,0
DA:106,0
DA:107,0
DA:109,0
DA:110,0
DA:111,0
DA:124,0
DA:126,0
DA:131,0
DA:132,0
DA:134,0
DA:135,0
DA:143,0
DA:144,0
DA:151,0
DA:154,0
DA:155,0
DA:156,0
DA:159,0
DA:164,0
DA:165,0
DA:166,0
DA:167,0
DA:170,0
DA:171,0
DA:173,0
DA:180,0
DA:182,0
DA:183,0
DA:184,0
DA:185,0
DA:188,0
DA:189,0
DA:191,0
DA:195,0
DA:196,0
DA:201,0
DA:202,0
DA:204,0
DA:205,0
DA:206,0
DA:207,0
DA:208,0
DA:209,0
DA:214,0
DA:218,0
DA:219,0
DA:227,0
DA:228,0
DA:229,0
DA:230,0
DA:231,0
DA:232,0
DA:233,0
DA:238,0
DA:242,0
DA:243,0
DA:245,0
DA:247,0
DA:248,0
DA:249,0
DA:250,0
DA:252,0
DA:253,0
DA:258,0
DA:262,0
DA:277,0
DA:278,0
DA:282,0
DA:283,0
DA:287,0
DA:291,0
DA:292,0
LF:99
LH:0
BRDA:25,0,0,0
BRDA:34,1,0,0
BRDA:34,1,1,0
BRDA:35,2,0,0
BRDA:35,2,1,0
BRDA:45,3,0,0
BRDA:45,3,1,0
BRDA:54,4,0,0
BRDA:54,4,1,0
BRDA:54,5,0,0
BRDA:54,5,1,0
BRDA:56,6,0,0
BRDA:56,6,1,0
BRDA:56,6,2,0
BRDA:58,7,0,0
BRDA:58,7,1,0
BRDA:58,7,2,0
BRDA:58,7,3,0
BRDA:58,7,4,0
BRDA:64,8,0,0
BRDA:64,8,1,0
BRDA:64,9,0,0
BRDA:64,9,1,0
BRDA:64,10,0,0
BRDA:64,10,1,0
BRDA:73,11,0,0
BRDA:73,11,1,0
BRDA:74,12,0,0
BRDA:74,12,1,0
BRDA:76,13,0,0
BRDA:76,13,1,0
BRDA:88,14,0,0
BRDA:88,14,1,0
BRDA:88,14,2,0
BRDA:88,14,3,0
BRDA:88,14,4,0
BRDA:88,14,5,0
BRDA:107,15,0,0
BRDA:107,15,1,0
BRDA:107,16,0,0
BRDA:107,16,1,0
BRDA:134,17,0,0
BRDA:134,17,1,0
BRDA:151,18,0,0
BRDA:151,18,1,0
BRDA:151,19,0,0
BRDA:151,19,1,0
BRDA:154,20,0,0
BRDA:154,20,1,0
BRDA:154,21,0,0
BRDA:154,21,1,0
BRDA:154,21,2,0
BRDA:154,21,3,0
BRDA:155,22,0,0
BRDA:155,22,1,0
BRDA:155,23,0,0
BRDA:155,23,1,0
BRDA:165,24,0,0
BRDA:165,24,1,0
BRDA:180,25,0,0
BRDA:180,25,1,0
BRDA:180,26,0,0
BRDA:180,26,1,0
BRDA:205,27,0,0
BRDA:205,27,1,0
BRDA:205,28,0,0
BRDA:205,28,1,0
BRDA:205,28,2,0
BRDA:206,29,0,0
BRDA:206,29,1,0
BRDA:206,29,2,0
BRDA:214,30,0,0
BRDA:214,30,1,0
BRDA:228,31,0,0
BRDA:228,31,1,0
BRDA:228,32,0,0
BRDA:228,32,1,0
BRDA:228,32,2,0
BRDA:230,33,0,0
BRDA:230,33,1,0
BRDA:230,33,2,0
BRDA:243,34,0,0
BRDA:243,34,1,0
BRDA:278,35,0,0
BRDA:278,35,1,0
BRDA:278,36,0,0
BRDA:278,36,1,0
BRDA:278,36,2,0
BRDA:283,37,0,0
BRDA:283,37,1,0
BRDA:283,38,0,0
BRDA:283,38,1,0
BRDA:283,38,2,0
BRDA:287,39,0,0
BRDA:287,39,1,0
BRDA:292,40,0,0
BRDA:292,40,1,0
BRDA:292,40,2,0
BRDA:292,40,3,0
BRF:99
BRH:0
end_of_record
TN:
SF:src\shared\hooks\useCoreWebVitalsContext.ts
FN:12,useCoreWebVitalsContext
FNF:1
FNH:0
FNDA:0,useCoreWebVitalsContext
DA:6,0
DA:7,0
DA:12,0
DA:13,0
DA:14,0
DA:15,0
DA:17,0
LF:7
LH:0
BRDA:14,0,0,0
BRDA:14,0,1,0
BRF:2
BRH:0
end_of_record
TN:
SF:src\shared\hooks\useCoreWebVitalsIndex.ts
FN:12,(anonymous_0)
FN:20,(anonymous_1)
FNF:2
FNH:0
FNDA:0,(anonymous_0)
FNDA:0,(anonymous_1)
DA:11,0
DA:12,0
DA:20,0
LF:3
LH:0
BRF:0
BRH:0
end_of_record
TN:
SF:src\shared\hooks\useErrorHandler.ts
FN:15,(anonymous_0)
FN:19,(anonymous_1)
FN:36,(anonymous_2)
FN:50,(anonymous_3)
FN:64,(anonymous_4)
FN:65,(anonymous_5)
FN:72,(anonymous_6)
FN:86,(anonymous_7)
FN:106,(anonymous_8)
FN:107,(anonymous_9)
FN:120,(anonymous_10)
FNF:11
FNH:0
FNDA:0,(anonymous_0)
FNDA:0,(anonymous_1)
FNDA:0,(anonymous_2)
FNDA:0,(anonymous_3)
FNDA:0,(anonymous_4)
FNDA:0,(anonymous_5)
FNDA:0,(anonymous_6)
FNDA:0,(anonymous_7)
FNDA:0,(anonymous_8)
FNDA:0,(anonymous_9)
FNDA:0,(anonymous_10)
DA:1,0
DA:2,0
DA:15,0
DA:16,0
DA:19,0
DA:20,0
DA:21,0
DA:23,0
DA:32,0
DA:36,0
DA:41,0
DA:50,0
DA:55,0
DA:64,0
DA:65,0
DA:66,0
DA:72,0
DA:73,0
DA:82,0
DA:83,0
DA:84,0
DA:86,0
DA:87,0
DA:88,0
DA:93,0
DA:106,0
DA:107,0
DA:111,0
DA:112,0
DA:114,0
DA:115,0
DA:119,0
DA:120,0
DA:122,0
DA:126,0
DA:129,0
LF:36
LH:0
BRDA:15,0,0,0
BRDA:16,1,0,0
BRDA:20,2,0,0
BRDA:20,2,1,0
BRDA:21,3,0,0
BRDA:21,3,1,0
BRDA:32,4,0,0
BRDA:32,4,1,0
BRDA:32,5,0,0
BRDA:32,5,1,0
BRDA:43,6,0,0
BRDA:43,6,1,0
BRDA:57,7,0,0
BRDA:57,7,1,0
BRDA:67,8,0,0
BRDA:67,8,1,0
BRDA:73,9,0,0
BRDA:73,9,1,0
BRDA:82,10,0,0
BRDA:82,10,1,0
BRDA:106,11,0,0
BRDA:106,12,0,0
BRDA:109,13,0,0
BRDA:114,14,0,0
BRDA:114,14,1,0
BRF:25
BRH:0
end_of_record
TN:
SF:src\shared\hooks\usePWAStatus.ts
FN:19,(anonymous_0)
FN:30,(anonymous_1)
FN:33,(anonymous_2)
FN:54,(anonymous_3)
FNF:4
FNH:0
FNDA:0,(anonymous_0)
FNDA:0,(anonymous_1)
FNDA:0,(anonymous_2)
FNDA:0,(anonymous_3)
DA:6,0
DA:19,0
DA:20,0
DA:30,0
DA:31,0
DA:33,0
DA:34,0
DA:38,0
DA:49,0
DA:51,0
DA:52,0
DA:53,0
DA:54,0
DA:58,0
LF:14
LH:0
BRDA:31,0,0,0
BRDA:31,0,1,0
BRDA:34,1,0,0
BRDA:34,1,1,0
BRDA:34,1,2,0
BRDA:41,2,0,0
BRDA:41,2,1,0
BRDA:43,3,0,0
BRDA:43,3,1,0
BRDA:44,4,0,0
BRDA:44,4,1,0
BRDA:45,5,0,0
BRDA:45,5,1,0
BRDA:45,6,0,0
BRDA:45,6,1,0
BRDA:52,7,0,0
BRDA:52,7,1,0
BRF:17
BRH:0
end_of_record
TN:
SF:src\shared\hooks\usePerformanceBenchmark.ts
FN:54,(anonymous_0)
FN:70,(anonymous_1)
FN:75,(anonymous_2)
FN:85,(anonymous_3)
FN:87,(anonymous_4)
FN:96,(anonymous_5)
FN:104,(anonymous_6)
FN:124,(anonymous_7)
FN:129,(anonymous_8)
FN:134,(anonymous_9)
FN:141,(anonymous_10)
FN:174,(anonymous_11)
FN:190,(anonymous_12)
FN:193,(anonymous_13)
FN:200,(anonymous_14)
FN:209,(anonymous_15)
FN:221,(anonymous_16)
FN:230,(anonymous_17)
FN:235,(anonymous_18)
FN:242,(anonymous_19)
FN:273,(anonymous_20)
FN:277,(anonymous_21)
FN:282,(anonymous_22)
FN:283,(anonymous_23)
FN:290,(anonymous_24)
FN:297,(anonymous_25)
FN:299,(anonymous_26)
FN:302,(anonymous_27)
FN:348,(anonymous_28)
FN:364,(anonymous_29)
FN:370,(anonymous_30)
FN:380,(anonymous_31)
FN:384,(anonymous_32)
FN:402,(anonymous_33)
FN:430,(anonymous_34)
FN:434,(anonymous_35)
FN:450,(anonymous_36)
FNF:37
FNH:0
FNDA:0,(anonymous_0)
FNDA:0,(anonymous_1)
FNDA:0,(anonymous_2)
FNDA:0,(anonymous_3)
FNDA:0,(anonymous_4)
FNDA:0,(anonymous_5)
FNDA:0,(anonymous_6)
FNDA:0,(anonymous_7)
FNDA:0,(anonymous_8)
FNDA:0,(anonymous_9)
FNDA:0,(anonymous_10)
FNDA:0,(anonymous_11)
FNDA:0,(anonymous_12)
FNDA:0,(anonymous_13)
FNDA:0,(anonymous_14)
FNDA:0,(anonymous_15)
FNDA:0,(anonymous_16)
FNDA:0,(anonymous_17)
FNDA:0,(anonymous_18)
FNDA:0,(anonymous_19)
FNDA:0,(anonymous_20)
FNDA:0,(anonymous_21)
FNDA:0,(anonymous_22)
FNDA:0,(anonymous_23)
FNDA:0,(anonymous_24)
FNDA:0,(anonymous_25)
FNDA:0,(anonymous_26)
FNDA:0,(anonymous_27)
FNDA:0,(anonymous_28)
FNDA:0,(anonymous_29)
FNDA:0,(anonymous_30)
FNDA:0,(anonymous_31)
FNDA:0,(anonymous_32)
FNDA:0,(anonymous_33)
FNDA:0,(anonymous_34)
FNDA:0,(anonymous_35)
FNDA:0,(anonymous_36)
DA:1,0
DA:2,0
DA:54,0
DA:59,0
DA:61,0
DA:62,0
DA:63,0
DA:64,0
DA:66,0
DA:67,0
DA:70,0
DA:71,0
DA:75,0
DA:76,0
DA:77,0
DA:85,0
DA:86,0
DA:87,0
DA:88,0
DA:89,0
DA:90,0
DA:92,0
DA:96,0
DA:97,0
DA:98,0
DA:104,0
DA:105,0
DA:107,0
DA:108,0
DA:110,0
DA:111,0
DA:112,0
DA:113,0
DA:114,0
DA:116,0
DA:117,0
DA:118,0
DA:120,0
DA:124,0
DA:125,0
DA:126,0
DA:129,0
DA:130,0
DA:131,0
DA:134,0
DA:135,0
DA:136,0
DA:137,0
DA:141,0
DA:142,0
DA:143,0
DA:146,0
DA:174,0
DA:181,0
DA:183,0
DA:184,0
DA:185,0
DA:187,0
DA:190,0
DA:191,0
DA:193,0
DA:194,0
DA:195,0
DA:200,0
DA:201,0
DA:207,0
DA:209,0
DA:210,0
DA:211,0
DA:212,0
DA:214,0
DA:217,0
DA:218,0
DA:221,0
DA:222,0
DA:223,0
DA:224,0
DA:228,0
DA:230,0
DA:231,0
DA:235,0
DA:236,0
DA:237,0
DA:238,0
DA:242,0
DA:243,0
DA:246,0
DA:273,0
DA:274,0
DA:275,0
DA:277,0
DA:278,0
DA:280,0
DA:282,0
DA:283,0
DA:290,0
DA:291,0
DA:297,0
DA:298,0
DA:299,0
DA:302,0
DA:303,0
DA:304,0
DA:307,0
DA:315,0
DA:316,0
DA:318,0
DA:319,0
DA:320,0
DA:323,0
DA:348,0
DA:356,0
DA:358,0
DA:359,0
DA:360,0
DA:362,0
DA:364,0
DA:365,0
DA:366,0
DA:367,0
DA:370,0
DA:371,0
DA:372,0
DA:373,0
DA:376,0
DA:379,0
DA:380,0
DA:383,0
DA:384,0
DA:387,0
DA:388,0
DA:391,0
DA:392,0
DA:395,0
DA:396,0
DA:399,0
DA:402,0
DA:403,0
DA:404,0
DA:405,0
DA:408,0
DA:430,0
DA:431,0
DA:432,0
DA:434,0
DA:435,0
DA:437,0
DA:438,0
DA:439,0
DA:440,0
DA:442,0
DA:443,0
DA:445,0
DA:450,0
DA:451,0
DA:454,0
LF:156
LH:0
BRDA:54,0,0,0
BRDA:56,1,0,0
BRDA:57,2,0,0
BRDA:58,3,0,0
BRDA:76,4,0,0
BRDA:76,4,1,0
BRDA:76,5,0,0
BRDA:76,5,1,0
BRDA:86,6,0,0
BRDA:86,6,1,0
BRDA:97,7,0,0
BRDA:97,7,1,0
BRDA:105,8,0,0
BRDA:105,8,1,0
BRDA:116,9,0,0
BRDA:116,9,1,0
BRDA:125,10,0,0
BRDA:125,10,1,0
BRDA:129,11,0,0
BRDA:130,12,0,0
BRDA:130,12,1,0
BRDA:135,13,0,0
BRDA:135,13,1,0
BRDA:142,14,0,0
BRDA:142,14,1,0
BRDA:162,15,0,0
BRDA:162,15,1,0
BRDA:175,16,0,0
BRDA:178,17,0,0
BRDA:179,18,0,0
BRDA:194,19,0,0
BRDA:194,19,1,0
BRDA:201,20,0,0
BRDA:201,20,1,0
BRDA:211,21,0,0
BRDA:211,21,1,0
BRDA:222,22,0,0
BRDA:222,22,1,0
BRDA:236,23,0,0
BRDA:236,23,1,0
BRDA:243,24,0,0
BRDA:243,24,1,0
BRDA:243,25,0,0
BRDA:243,25,1,0
BRDA:243,26,0,0
BRDA:243,26,1,0
BRDA:258,27,0,0
BRDA:258,27,1,0
BRDA:258,28,0,0
BRDA:258,28,1,0
BRDA:258,29,0,0
BRDA:258,29,1,0
BRDA:258,30,0,0
BRDA:258,30,1,0
BRDA:258,31,0,0
BRDA:258,31,1,0
BRDA:259,32,0,0
BRDA:259,32,1,0
BRDA:259,33,0,0
BRDA:259,33,1,0
BRDA:259,34,0,0
BRDA:259,34,1,0
BRDA:259,35,0,0
BRDA:259,35,1,0
BRDA:259,36,0,0
BRDA:259,36,1,0
BRDA:278,37,0,0
BRDA:278,37,1,0
BRDA:304,38,0,0
BRDA:304,38,1,0
BRDA:316,39,0,0
BRDA:316,39,1,0
BRDA:318,40,0,0
BRDA:318,40,1,0
BRDA:319,41,0,0
BRDA:319,41,1,0
BRDA:349,42,0,0
BRDA:352,43,0,0
BRDA:353,44,0,0
BRDA:371,45,0,0
BRDA:371,45,1,0
BRDA:380,46,0,0
BRDA:380,46,1,0
BRDA:384,47,0,0
BRDA:384,47,1,0
BRDA:391,48,0,0
BRDA:391,48,1,0
BRDA:391,49,0,0
BRDA:391,49,1,0
BRDA:395,50,0,0
BRDA:395,50,1,0
BRDA:395,51,0,0
BRDA:395,51,1,0
BRF:93
BRH:0
end_of_record
TN:
SF:src\shared\hooks\usePerformanceMonitor.ts
FN:27,(anonymous_0)
FN:37,(anonymous_1)
FN:38,(anonymous_2)
FN:39,(anonymous_3)
FN:46,(anonymous_4)
FN:47,(anonymous_5)
FN:55,(anonymous_6)
FN:63,(anonymous_7)
FN:68,(anonymous_8)
FN:75,(anonymous_9)
FN:80,(anonymous_10)
FN:90,(anonymous_11)
FN:95,(anonymous_12)
FN:100,(anonymous_13)
FN:109,(anonymous_14)
FN:113,(anonymous_15)
FN:132,(anonymous_16)
FN:158,(anonymous_17)
FN:165,(anonymous_18)
FNF:19
FNH:0
FNDA:0,(anonymous_0)
FNDA:0,(anonymous_1)
FNDA:0,(anonymous_2)
FNDA:0,(anonymous_3)
FNDA:0,(anonymous_4)
FNDA:0,(anonymous_5)
FNDA:0,(anonymous_6)
FNDA:0,(anonymous_7)
FNDA:0,(anonymous_8)
FNDA:0,(anonymous_9)
FNDA:0,(anonymous_10)
FNDA:0,(anonymous_11)
FNDA:0,(anonymous_12)
FNDA:0,(anonymous_13)
FNDA:0,(anonymous_14)
FNDA:0,(anonymous_15)
FNDA:0,(anonymous_16)
FNDA:0,(anonymous_17)
FNDA:0,(anonymous_18)
DA:1,0
DA:2,0
DA:27,0
DA:35,0
DA:37,0
DA:38,0
DA:39,0
DA:40,0
DA:42,0
DA:43,0
DA:46,0
DA:47,0
DA:48,0
DA:49,0
DA:50,0
DA:53,0
DA:55,0
DA:56,0
DA:57,0
DA:63,0
DA:64,0
DA:65,0
DA:68,0
DA:69,0
DA:70,0
DA:75,0
DA:76,0
DA:77,0
DA:80,0
DA:81,0
DA:82,0
DA:84,0
DA:85,0
DA:86,0
DA:90,0
DA:91,0
DA:92,0
DA:95,0
DA:96,0
DA:100,0
DA:101,0
DA:109,0
DA:111,0
DA:113,0
DA:116,0
DA:132,0
DA:133,0
DA:138,0
DA:146,0
DA:154,0
DA:158,0
DA:165,0
DA:166,0
DA:171,0
DA:174,0
DA:182,0
LF:56
LH:0
BRDA:28,0,0,0
BRDA:31,1,0,0
BRDA:32,2,0,0
BRDA:33,3,0,0
BRDA:34,4,0,0
BRDA:56,5,0,0
BRDA:56,5,1,0
BRDA:64,6,0,0
BRDA:64,6,1,0
BRDA:64,7,0,0
BRDA:64,7,1,0
BRDA:69,8,0,0
BRDA:69,8,1,0
BRDA:84,9,0,0
BRDA:84,9,1,0
BRDA:102,10,0,0
BRDA:102,10,1,0
BRDA:103,11,0,0
BRDA:103,11,1,0
BRDA:104,12,0,0
BRDA:104,12,1,0
BRDA:105,13,0,0
BRDA:105,13,1,0
BRDA:106,14,0,0
BRDA:106,14,1,0
BRDA:111,15,0,0
BRDA:111,15,1,0
BRDA:147,16,0,0
BRDA:147,16,1,0
BRDA:147,17,0,0
BRDA:147,17,1,0
BRDA:147,18,0,0
BRDA:147,18,1,0
BRDA:148,19,0,0
BRDA:148,19,1,0
BRDA:148,20,0,0
BRDA:148,20,1,0
BRDA:148,21,0,0
BRDA:148,21,1,0
BRDA:149,22,0,0
BRDA:149,22,1,0
BRDA:149,23,0,0
BRDA:149,23,1,0
BRDA:149,24,0,0
BRDA:149,24,1,0
BRDA:150,25,0,0
BRDA:150,25,1,0
BRDA:150,26,0,0
BRDA:150,26,1,0
BRDA:150,27,0,0
BRDA:150,27,1,0
BRDA:151,28,0,0
BRDA:151,28,1,0
BRDA:151,29,0,0
BRDA:151,29,1,0
BRDA:151,30,0,0
BRDA:151,30,1,0
BRDA:171,31,0,0
BRDA:171,31,1,0
BRDA:172,32,0,0
BRDA:172,32,1,0
BRF:61
BRH:0
end_of_record
TN:
SF:src\shared\hooks\useSEO.ts
FN:98,(anonymous_0)
FN:112,(anonymous_1)
FN:138,(anonymous_2)
FN:142,(anonymous_3)
FN:143,(anonymous_4)
FN:161,(anonymous_5)
FN:181,(anonymous_6)
FN:185,(anonymous_7)
FN:196,(anonymous_8)
FN:233,(anonymous_9)
FN:239,(anonymous_10)
FN:268,(anonymous_11)
FN:270,(anonymous_12)
FN:274,(anonymous_13)
FN:286,(anonymous_14)
FN:298,(anonymous_15)
FN:306,(anonymous_16)
FN:308,(anonymous_17)
FN:328,(anonymous_18)
FN:345,(anonymous_19)
FN:346,(anonymous_20)
FN:380,(anonymous_21)
FN:406,(anonymous_22)
FN:423,(anonymous_23)
FN:480,(anonymous_24)
FN:483,(anonymous_25)
FN:490,(anonymous_26)
FN:493,(anonymous_27)
FN:496,(anonymous_28)
FN:497,(anonymous_29)
FN:507,(anonymous_30)
FN:508,(anonymous_31)
FNF:32
FNH:0
FNDA:0,(anonymous_0)
FNDA:0,(anonymous_1)
FNDA:0,(anonymous_2)
FNDA:0,(anonymous_3)
FNDA:0,(anonymous_4)
FNDA:0,(anonymous_5)
FNDA:0,(anonymous_6)
FNDA:0,(anonymous_7)
FNDA:0,(anonymous_8)
FNDA:0,(anonymous_9)
FNDA:0,(anonymous_10)
FNDA:0,(anonymous_11)
FNDA:0,(anonymous_12)
FNDA:0,(anonymous_13)
FNDA:0,(anonymous_14)
FNDA:0,(anonymous_15)
FNDA:0,(anonymous_16)
FNDA:0,(anonymous_17)
FNDA:0,(anonymous_18)
FNDA:0,(anonymous_19)
[...]
BRDA:594,44,0,0
BRDA:594,44,1,0
BRDA:594,45,0,0
BRDA:594,45,1,0
BRDA:596,46,0,0
BRDA:596,46,1,0
BRDA:596,47,0,0
BRDA:596,47,1,0
BRDA:625,48,0,0
BRDA:625,48,1,0
BRDA:625,49,0,0
BRDA:625,49,1,0
BRDA:631,50,0,0
BRDA:631,50,1,0
BRDA:632,51,0,0
BRDA:632,51,1,0
BRDA:635,52,0,0
BRDA:635,52,1,0
BRDA:636,53,0,0
BRDA:636,53,1,0
BRDA:645,54,0,0
BRDA:646,55,0,0
BRDA:646,55,1,0
BRDA:651,56,0,0
BRDA:651,56,1,0
BRDA:662,57,0,0
BRDA:662,57,1,0
BRDA:663,58,0,0
BRDA:663,58,1,0
BRDA:664,59,0,0
BRDA:664,59,1,0
BRDA:664,60,0,0
BRDA:664,60,1,0
BRDA:665,61,0,0
BRDA:665,61,1,0
BRDA:666,62,0,0
BRDA:666,62,1,0
BRDA:697,63,0,0
BRDA:697,63,1,0
BRDA:713,64,0,0
BRDA:713,64,1,0
BRDA:718,65,0,0
BRDA:718,65,1,0
BRDA:720,66,0,0
BRDA:720,66,1,0
BRDA:720,67,0,0
BRDA:720,67,1,0
BRDA:720,67,2,0
BRDA:720,67,3,0
BRDA:729,68,0,0
BRDA:729,68,1,0
BRDA:750,69,0,0
BRDA:751,70,0,0
BRDA:751,70,1,0
BRDA:762,71,0,0
BRDA:762,71,1,0
BRDA:768,72,0,0
BRDA:768,72,1,0
BRDA:785,73,0,0
BRDA:785,73,1,0
BRDA:831,74,0,0
BRDA:831,74,1,0
BRDA:840,75,0,0
BRDA:840,75,1,0
BRDA:861,76,0,0
BRDA:861,76,1,0
BRDA:861,77,0,0
BRDA:861,77,1,0
BRDA:866,78,0,0
BRDA:866,78,1,0
BRF:162
BRH:0
end_of_record
TN:
SF:src\shared\utils\performanceBudget.ts
FN:13,(anonymous_0)
FN:30,(anonymous_1)
FN:33,(anonymous_2)
FNF:3
FNH:0
FNDA:0,(anonymous_0)
FNDA:0,(anonymous_1)
FNDA:0,(anonymous_2)
DA:1,0
DA:4,0
DA:13,0
DA:14,0
DA:17,0
DA:18,0
DA:19,0
DA:20,0
DA:27,0
DA:30,0
DA:31,0
DA:33,0
DA:34,0
DA:35,0
DA:36,0
DA:43,0
DA:44,0
DA:52,0
LF:18
LH:0
BRDA:18,0,0,0
BRDA:18,0,1,0
BRDA:18,1,0,0
BRDA:18,1,1,0
BRDA:19,2,0,0
BRDA:19,2,1,0
BRDA:34,3,0,0
BRDA:34,3,1,0
BRDA:35,4,0,0
BRDA:35,4,1,0
BRDA:43,5,0,0
BRDA:43,5,1,0
BRF:12
BRH:0
end_of_record
TN:
SF:src\shared\utils\performanceMonitor.ts
FN:125,(anonymous_0)
FN:134,(anonymous_1)
FN:158,(anonymous_2)
FN:166,(anonymous_3)
FN:173,(anonymous_4)
FN:180,(anonymous_5)
FN:187,(anonymous_6)
FN:194,(anonymous_7)
FN:196,(anonymous_8)
FN:202,(anonymous_9)
FN:238,(anonymous_10)
FN:250,(anonymous_11)
FN:254,(anonymous_12)
FN:278,(anonymous_13)
FN:284,(anonymous_14)
FN:287,(anonymous_15)
FN:295,(anonymous_16)
FN:311,(anonymous_17)
FN:326,(anonymous_18)
FN:437,(anonymous_19)
FN:477,(anonymous_20)
FN:480,(anonymous_21)
FN:485,(anonymous_22)
FN:492,(anonymous_23)
FN:498,(anonymous_24)
FN:503,(anonymous_25)
FN:510,(anonymous_26)
FN:517,(anonymous_27)
FN:558,(anonymous_28)
FN:571,(anonymous_29)
FN:589,(anonymous_30)
FN:594,(anonymous_31)
FN:614,(anonymous_32)
FN:618,(anonymous_33)
FN:624,(anonymous_34)
FN:648,(anonymous_35)
FN:651,(anonymous_36)
FN:665,(anonymous_37)
FN:673,(anonymous_38)
FN:676,(anonymous_39)
FN:683,(anonymous_40)
FN:689,(anonymous_41)
FN:690,(anonymous_42)
FN:693,(anonymous_43)
FN:709,(anonymous_44)
FNF:45
FNH:0
FNDA:0,(anonymous_0)
FNDA:0,(anonymous_1)
FNDA:0,(anonymous_2)
FNDA:0,(anonymous_3)
FNDA:0,(anonymous_4)
FNDA:0,(anonymous_5)
FNDA:0,(anonymous_6)
FNDA:0,(anonymous_7)
FNDA:0,(anonymous_8)
FNDA:0,(anonymous_9)
FNDA:0,(anonymous_10)
FNDA:0,(anonymous_11)
FNDA:0,(anonymous_12)
FNDA:0,(anonymous_13)
FNDA:0,(anonymous_14)
FNDA:0,(anonymous_15)
FNDA:0,(anonymous_16)
FNDA:0,(anonymous_17)
FNDA:0,(anonymous_18)
FNDA:0,(anonymous_19)
FNDA:0,(anonymous_20)
FNDA:0,(anonymous_21)
FNDA:0,(anonymous_22)
FNDA:0,(anonymous_23)
FNDA:0,(anonymous_24)
FNDA:0,(anonymous_25)
FNDA:0,(anonymous_26)
FNDA:0,(anonymous_27)
FNDA:0,(anonymous_28)
FNDA:0,(anonymous_29)
FNDA:0,(anonymous_30)
FNDA:0,(anonymous_31)
FNDA:0,(anonymous_32)
FNDA:0,(anonymous_33)
FNDA:0,(anonymous_34)
FNDA:0,(anonymous_35)
FNDA:0,(anonymous_36)
FNDA:0,(anonymous_37)
FNDA:0,(anonymous_38)
FNDA:0,(anonymous_39)
FNDA:0,(anonymous_40)
FNDA:0,(anonymous_41)
FNDA:0,(anonymous_42)
FNDA:0,(anonymous_43)
FNDA:0,(anonymous_44)
DA:13,0
DA:20,0
DA:76,0
DA:100,0
DA:108,0
DA:109,0
DA:110,0
DA:111,0
DA:114,0
DA:126,0
DA:127,0
DA:135,0
DA:137,0
DA:138,0
DA:141,0
DA:144,0
DA:147,0
DA:150,0
DA:152,0
DA:159,0
DA:160,0
DA:167,0
DA:174,0
DA:181,0
DA:188,0
DA:195,0
DA:196,0
DA:203,0
DA:205,0
DA:208,0
DA:209,0
DA:210,0
DA:211,0
DA:212,0
DA:213,0
DA:214,0
DA:215,0
DA:216,0
DA:217,0
DA:220,0
DA:221,0
DA:222,0
DA:223,0
DA:224,0
DA:225,0
DA:228,0
DA:229,0
DA:230,0
DA:231,0
DA:232,0
DA:233,0
DA:236,0
DA:237,0
DA:238,0
DA:239,0
DA:241,0
DA:244,0
DA:252,0
DA:254,0
DA:255,0
DA:256,0
DA:266,0
DA:267,0
DA:279,0
DA:286,0
DA:287,0
DA:288,0
DA:291,0
DA:297,0
DA:298,0
DA:299,0
DA:300,0
DA:301,0
DA:304,0
DA:305,0
DA:307,0
DA:313,0
DA:314,0
DA:317,0
DA:320,0
DA:321,0
DA:322,0
DA:325,0
DA:326,0
DA:327,0
DA:329,0
DA:331,0
DA:332,0
DA:336,0
DA:339,0
DA:342,0
DA:347,0
DA:351,0
DA:352,0
DA:353,0
DA:356,0
DA:357,0
DA:363,0
DA:367,0
DA:368,0
DA:370,0
DA:371,0
DA:372,0
DA:373,0
DA:374,0
DA:378,0
DA:390,0
DA:391,0
DA:392,0
DA:393,0
DA:396,0
DA:408,0
DA:409,0
DA:413,0
DA:414,0
DA:419,0
DA:420,0
DA:422,0
DA:423,0
DA:425,0
DA:429,0
DA:433,0
DA:439,0
DA:440,0
DA:441,0
DA:442,0
DA:443,0
DA:444,0
DA:448,0
DA:449,0
DA:450,0
DA:451,0
DA:452,0
DA:457,0
DA:458,0
DA:459,0
DA:463,0
DA:464,0
DA:465,0
DA:466,0
DA:467,0
DA:468,0
DA:471,0
DA:472,0
DA:479,0
DA:480,0
DA:481,0
DA:482,0
DA:483,0
DA:484,0
DA:485,0
DA:490,0
DA:491,0
DA:492,0
DA:493,0
DA:494,0
DA:495,0
DA:496,0
DA:497,0
DA:498,0
DA:503,0
DA:504,0
DA:505,0
DA:510,0
DA:511,0
DA:512,0
DA:519,0
DA:520,0
DA:522,0
DA:523,0
DA:524,0
DA:525,0
DA:526,0
DA:530,0
DA:541,0
DA:544,0
DA:547,0
DA:550,0
DA:553,0
DA:554,0
DA:559,0
DA:560,0
DA:562,0
DA:563,0
DA:565,0
DA:566,0
DA:572,0
DA:581,0
DA:584,0
DA:585,0
DA:590,0
DA:591,0
DA:594,0
DA:595,0
DA:596,0
DA:597,0
DA:598,0
DA:599,0
DA:600,0
DA:601,0
DA:603,0
DA:606,0
DA:607,0
DA:613,0
DA:614,0
DA:617,0
DA:618,0
DA:625,0
DA:649,0
DA:651,0
DA:652,0
DA:653,0
DA:654,0
DA:655,0
DA:656,0
DA:658,0
DA:662,0
DA:666,0
DA:667,0
DA:668,0
DA:670,0
DA:675,0
DA:676,0
DA:677,0
DA:682,0
DA:683,0
DA:684,0
DA:690,0
DA:694,0
DA:695,0
DA:696,0
DA:699,0
DA:704,0
DA:706,0
DA:710,0
DA:711,0
DA:712,0
DA:713,0
DA:714,0
DA:719,0
DA:722,0
DA:723,0
DA:724,0
DA:727,0
LF:244
LH:0
BRDA:126,0,0,0
BRDA:126,0,1,0
BRDA:135,1,0,0
BRDA:135,1,1,0
BRDA:203,2,0,0
BRDA:203,2,1,0
BRDA:224,3,0,0
BRDA:224,3,1,0
BRDA:224,4,0,0
BRDA:224,4,1,0
BRDA:224,5,0,0
BRDA:224,5,1,0
BRDA:236,6,0,0
BRDA:236,6,1,0
BRDA:252,7,0,0
BRDA:252,7,1,0
BRDA:252,8,0,0
BRDA:252,8,1,0
BRDA:255,9,0,0
BRDA:255,9,1,0
BRDA:255,10,0,0
BRDA:255,10,1,0
BRDA:255,10,2,0
BRDA:266,11,0,0
BRDA:266,11,1,0
BRDA:286,12,0,0
BRDA:286,12,1,0
BRDA:314,13,0,0
BRDA:314,13,1,0
BRDA:314,13,2,0
BRDA:320,14,0,0
BRDA:320,14,1,0
BRDA:320,15,0,0
BRDA:320,15,1,0
BRDA:320,15,2,0
BRDA:331,16,0,0
BRDA:331,16,1,0
BRDA:339,17,0,0
BRDA:339,17,1,0
BRDA:339,18,0,0
BRDA:339,18,1,0
BRDA:339,18,2,0
BRDA:344,19,0,0
BRDA:344,19,1,0
BRDA:344,20,0,0
BRDA:344,20,1,0
BRDA:345,21,0,0
BRDA:345,21,1,0
BRDA:345,22,0,0
BRDA:345,22,1,0
BRDA:356,23,0,0
BRDA:356,23,1,0
BRDA:356,24,0,0
BRDA:356,24,1,0
BRDA:356,24,2,0
BRDA:370,25,0,0
BRDA:370,25,1,0
BRDA:371,26,0,0
BRDA:371,26,1,0
BRDA:373,27,0,0
BRDA:373,27,1,0
BRDA:382,28,0,0
BRDA:382,28,1,0
BRDA:399,29,0,0
BRDA:399,29,1,0
BRDA:401,30,0,0
BRDA:401,30,1,0
BRDA:403,31,0,0
BRDA:403,31,1,0
BRDA:404,32,0,0
BRDA:404,32,1,0
BRDA:404,33,0,0
BRDA:404,33,1,0
BRDA:404,34,0,0
BRDA:404,34,1,0
BRDA:405,35,0,0
BRDA:405,35,1,0
BRDA:408,36,0,0
BRDA:408,36,1,0
BRDA:409,37,0,0
BRDA:409,37,1,0
BRDA:409,38,0,0
BRDA:409,38,1,0
BRDA:409,39,0,0
BRDA:409,39,1,0
BRDA:409,40,0,0
BRDA:409,40,1,0
BRDA:439,41,0,0
BRDA:439,41,1,0
BRDA:448,42,0,0
BRDA:448,42,1,0
BRDA:450,43,0,0
BRDA:450,43,1,0
BRDA:457,44,0,0
BRDA:457,44,1,0
BRDA:458,45,0,0
BRDA:458,45,1,0
BRDA:458,46,0,0
BRDA:458,46,1,0
BRDA:459,47,0,0
BRDA:459,47,1,0
BRDA:463,48,0,0
BRDA:463,48,1,0
BRDA:465,49,0,0
BRDA:465,49,1,0
BRDA:465,50,0,0
BRDA:465,50,1,0
BRDA:465,51,0,0
BRDA:465,51,1,0
BRDA:465,52,0,0
BRDA:465,52,1,0
BRDA:466,53,0,0
BRDA:466,53,1,0
BRDA:466,54,0,0
BRDA:466,54,1,0
BRDA:466,55,0,0
BRDA:466,55,1,0
BRDA:466,56,0,0
BRDA:466,56,1,0
BRDA:467,57,0,0
BRDA:467,57,1,0
BRDA:467,58,0,0
BRDA:467,58,1,0
BRDA:467,59,0,0
BRDA:467,59,1,0
BRDA:467,60,0,0
BRDA:467,60,1,0
BRDA:468,61,0,0
BRDA:468,61,1,0
BRDA:468,62,0,0
BRDA:468,62,1,0
BRDA:468,63,0,0
BRDA:468,63,1,0
BRDA:468,64,0,0
BRDA:468,64,1,0
BRDA:471,65,0,0
BRDA:471,65,1,0
BRDA:471,66,0,0
BRDA:471,66,1,0
BRDA:471,67,0,0
BRDA:471,67,1,0
BRDA:471,68,0,0
BRDA:471,68,1,0
BRDA:471,69,0,0
BRDA:471,69,1,0
BRDA:471,70,0,0
BRDA:471,70,1,0
BRDA:481,71,0,0
BRDA:481,71,1,0
BRDA:493,72,0,0
BRDA:493,72,1,0
BRDA:504,73,0,0
BRDA:504,73,1,0
BRDA:511,74,0,0
BRDA:511,74,1,0
BRDA:522,75,0,0
BRDA:522,75,1,0
BRDA:523,76,0,0
BRDA:523,76,1,0
BRDA:525,77,0,0
BRDA:525,77,1,0
BRDA:536,78,0,0
BRDA:536,78,1,0
BRDA:553,79,0,0
BRDA:553,79,1,0
BRDA:560,80,0,0
BRDA:560,80,1,0
BRDA:562,81,0,0
BRDA:562,81,1,0
BRDA:565,82,0,0
BRDA:565,82,1,0
BRDA:584,83,0,0
BRDA:584,83,1,0
BRDA:596,84,0,0
BRDA:596,84,1,0
BRDA:596,85,0,0
BRDA:596,85,1,0
BRDA:598,86,0,0
BRDA:598,86,1,0
BRDA:598,86,2,0
BRDA:606,87,0,0
BRDA:606,87,1,0
BRDA:613,88,0,0
BRDA:613,88,1,0
BRDA:617,89,0,0
BRDA:617,89,1,0
BRDA:633,90,0,0
BRDA:633,90,1,0
BRDA:634,91,0,0
BRDA:634,91,1,0
BRDA:635,92,0,0
BRDA:635,92,1,0
BRDA:636,93,0,0
BRDA:636,93,1,0
BRDA:637,94,0,0
BRDA:637,94,1,0
BRDA:638,95,0,0
BRDA:638,95,1,0
BRDA:639,96,0,0
BRDA:639,96,1,0
BRDA:641,97,0,0
BRDA:641,97,1,0
BRDA:653,98,0,0
BRDA:653,98,1,0
BRDA:653,99,0,0
BRDA:653,99,1,0
BRDA:653,99,2,0
BRDA:655,100,0,0
BRDA:655,100,1,0
BRDA:675,101,0,0
BRDA:675,101,1,0
BRDA:682,102,0,0
BRDA:682,102,1,0
BRDA:693,103,0,0
BRDA:694,104,0,0
BRDA:694,104,1,0
BRDA:704,105,0,0
BRDA:704,105,1,0
BRDA:710,106,0,0
BRDA:710,106,1,0
BRDA:712,107,0,0
BRDA:712,107,1,0
BRDA:722,108,0,0
BRDA:722,108,1,0
BRDA:722,109,0,0
BRDA:722,109,1,0
BRF:226
BRH:0
end_of_record
TN:
SF:src\shared\utils\seo.ts
FN:137,(anonymous_0)
FN:151,(anonymous_1)
FN:162,(anonymous_2)
FN:163,(anonymous_3)
FN:220,(anonymous_4)
FN:234,(anonymous_5)
FN:243,(anonymous_6)
FN:277,(anonymous_7)
FN:284,(anonymous_8)
FN:288,(anonymous_9)
FN:299,(anonymous_10)
FN:301,(anonymous_11)
FN:314,(anonymous_12)
FN:318,(anonymous_13)
FN:322,(anonymous_14)
FN:332,(anonymous_15)
FN:388,(anonymous_16)
FN:522,(anonymous_17)
FN:531,(anonymous_18)
FN:548,(anonymous_19)
FN:582,(anonymous_20)
FN:617,(anonymous_21)
FN:620,(anonymous_22)
FN:628,(anonymous_23)
FN:631,(anonymous_24)
FN:645,(anonymous_25)
FN:650,(anonymous_26)
FN:655,(anonymous_27)
FN:663,(anonymous_28)
FNF:29
FNH:0
FNDA:0,(anonymous_0)
FNDA:0,(anonymous_1)
FNDA:0,(anonymous_2)
FNDA:0,(anonymous_3)
FNDA:0,(anonymous_4)
FNDA:0,(anonymous_5)
FNDA:0,(anonymous_6)
FNDA:0,(anonymous_7)
FNDA:0,(anonymous_8)
FNDA:0,(anonymous_9)
FNDA:0,(anonymous_10)
FNDA:0,(anonymous_11)
FNDA:0,(anonymous_12)
FNDA:0,(anonymous_13)
FNDA:0,(anonymous_14)
FNDA:0,(anonymous_15)
FNDA:0,(anonymous_16)
FNDA:0,(anonymous_17)
FNDA:0,(anonymous_18)
FNDA:0,(anonymous_19)
FNDA:0,(anonymous_20)
FNDA:0,(anonymous_21)
FNDA:0,(anonymous_22)
FNDA:0,(anonymous_23)
FNDA:0,(anonymous_24)
FNDA:0,(anonymous_25)
FNDA:0,(anonymous_26)
FNDA:0,(anonymous_27)
FNDA:0,(anonymous_28)
DA:23,0
DA:24,0
DA:95,0
DA:119,0
DA:137,0
DA:143,0
DA:144,0
DA:145,0
DA:146,0
DA:149,0
DA:151,0
DA:152,0
DA:153,0
DA:154,0
DA:156,0
DA:157,0
DA:162,0
DA:163,0
DA:164,0
DA:168,0
DA:169,0
DA:170,0
DA:179,0
DA:180,0
DA:181,0
DA:190,0
DA:191,0
DA:200,0
DA:201,0
DA:213,0
DA:220,0
DA:226,0
DA:227,0
DA:228,0
DA:229,0
DA:232,0
DA:234,0
DA:235,0
DA:236,0
DA:237,0
DA:240,0
DA:241,0
DA:242,0
DA:243,0
DA:244,0
DA:249,0
DA:250,0
DA:251,0
DA:254,0
DA:255,0
DA:256,0
DA:260,0
DA:261,0
DA:265,0
DA:272,0
DA:274,0
DA:275,0
DA:278,0
DA:279,0
DA:281,0
DA:285,0
DA:289,0
DA:290,0
DA:291,0
DA:292,0
DA:293,0
DA:295,0
DA:300,0
DA:301,0
DA:304,0
DA:305,0
DA:315,0
DA:319,0
DA:323,0
DA:324,0
DA:332,0
DA:338,0
DA:339,0
DA:340,0
DA:341,0
DA:344,0
DA:345,0
DA:348,0
DA:349,0
DA:350,0
DA:352,0
DA:355,0
DA:356,0
DA:357,0
DA:359,0
DA:362,0
DA:363,0
DA:365,0
DA:375,0
DA:376,0
DA:378,0
DA:388,0
DA:389,0
DA:390,0
DA:391,0
DA:392,0
DA:402,0
DA:403,0
DA:404,0
DA:406,0
DA:415,0
DA:418,0
DA:421,0
DA:422,0
DA:423,0
DA:427,0
DA:428,0
DA:429,0
DA:431,0
DA:441,0
DA:442,0
DA:443,0
DA:445,0
DA:455,0
DA:456,0
DA:460,0
DA:461,0
DA:462,0
DA:465,0
DA:468,0
DA:469,0
DA:471,0
DA:472,0
DA:473,0
DA:474,0
DA:475,0
DA:477,0
DA:478,0
DA:479,0
DA:481,0
DA:484,0
DA:485,0
DA:487,0
DA:488,0
DA:490,0
DA:491,0
DA:493,0
DA:494,0
DA:497,0
DA:522,0
DA:531,0
DA:535,0
DA:548,0
DA:555,0
DA:582,0
DA:617,0
DA:620,0
DA:628,0
DA:631,0
DA:645,0
DA:646,0
DA:647,0
DA:650,0
DA:651,0
DA:652,0
DA:655,0
DA:656,0
DA:657,0
DA:659,0
DA:663,0
DA:664,0
DA:679,0
DA:680,0
DA:683,0
DA:686,0
LF:170
LH:0
BRDA:154,0,0,0
BRDA:154,0,1,0
BRDA:156,1,0,0
BRDA:156,1,1,0
BRDA:156,2,0,0
BRDA:156,2,1,0
BRDA:157,3,0,0
BRDA:157,3,1,0
BRDA:157,4,0,0
BRDA:157,4,1,0
BRDA:164,5,0,0
BRDA:164,5,1,0
BRDA:164,5,2,0
BRDA:164,5,3,0
BRDA:168,6,0,0
BRDA:168,6,1,0
BRDA:173,7,0,0
BRDA:173,7,1,0
BRDA:174,8,0,0
BRDA:174,8,1,0
BRDA:174,9,0,0
BRDA:174,9,1,0
BRDA:179,10,0,0
BRDA:179,10,1,0
BRDA:179,11,0,0
BRDA:179,11,1,0
BRDA:184,12,0,0
BRDA:184,12,1,0
BRDA:190,13,0,0
BRDA:190,13,1,0
BRDA:190,14,0,0
BRDA:190,14,1,0
BRDA:200,15,0,0
BRDA:200,15,1,0
BRDA:200,16,0,0
BRDA:200,16,1,0
BRDA:200,16,2,0
BRDA:236,17,0,0
BRDA:236,17,1,0
BRDA:240,18,0,0
BRDA:240,18,1,0
BRDA:242,19,0,0
BRDA:242,19,1,0
BRDA:244,20,0,0
BRDA:244,20,1,0
BRDA:249,21,0,0
BRDA:249,21,1,0
BRDA:254,22,0,0
BRDA:254,22,1,0
BRDA:278,23,0,0
BRDA:278,23,1,0
BRDA:304,24,0,0
BRDA:304,24,1,0
BRDA:304,25,0,0
BRDA:304,25,1,0
BRDA:306,26,0,0
BRDA:306,26,1,0
BRDA:324,27,0,0
BRDA:324,27,1,0
BRDA:349,28,0,0
BRDA:349,28,1,0
BRDA:350,29,0,0
BRDA:350,29,1,0
BRDA:355,30,0,0
BRDA:355,30,1,0
BRDA:355,31,0,0
BRDA:355,31,1,0
BRDA:355,32,0,0
BRDA:355,32,1,0
BRDA:362,33,0,0
BRDA:362,33,1,0
BRDA:362,34,0,0
BRDA:362,34,1,0
BRDA:366,35,0,0
BRDA:366,35,1,0
BRDA:368,36,0,0
BRDA:368,36,1,0
BRDA:375,37,0,0
BRDA:375,37,1,0
BRDA:379,38,0,0
BRDA:379,38,1,0
BRDA:381,39,0,0
BRDA:381,39,1,0
BRDA:389,40,0,0
BRDA:389,40,1,0
BRDA:389,41,0,0
BRDA:389,41,1,0
BRDA:391,42,0,0
BRDA:391,42,1,0
BRDA:402,43,0,0
BRDA:402,43,1,0
BRDA:402,44,0,0
BRDA:402,44,1,0
BRDA:402,45,0,0
BRDA:402,45,1,0
BRDA:403,46,0,0
BRDA:403,46,1,0
BRDA:422,47,0,0
BRDA:422,47,1,0
BRDA:422,48,0,0
BRDA:422,48,1,0
BRDA:422,49,0,0
BRDA:422,49,1,0
BRDA:422,50,0,0
BRDA:422,50,1,0
BRDA:428,51,0,0
BRDA:428,51,1,0
BRDA:442,52,0,0
BRDA:442,52,1,0
BRDA:455,53,0,0
BRDA:455,53,1,0
BRDA:461,54,0,0
BRDA:461,54,1,0
BRDA:461,55,0,0
BRDA:461,55,1,0
BRDA:461,56,0,0
BRDA:461,56,1,0
BRDA:461,57,0,0
BRDA:461,57,1,0
BRDA:461,58,0,0
BRDA:461,58,1,0
BRDA:471,59,0,0
BRDA:471,59,1,0
BRDA:471,60,0,0
BRDA:471,60,1,0
BRDA:471,61,0,0
BRDA:471,61,1,0
BRDA:472,62,0,0
BRDA:472,62,1,0
BRDA:472,63,0,0
BRDA:472,63,1,0
BRDA:472,64,0,0
BRDA:472,64,1,0
BRDA:473,65,0,0
BRDA:473,65,1,0
BRDA:473,66,0,0
BRDA:473,66,1,0
BRDA:473,67,0,0
BRDA:473,67,1,0
BRDA:474,68,0,0
BRDA:474,68,1,0
BRDA:474,69,0,0
BRDA:474,69,1,0
BRDA:474,70,0,0
BRDA:474,70,1,0
BRDA:475,71,0,0
BRDA:475,71,1,0
BRDA:475,72,0,0
BRDA:475,72,1,0
BRDA:475,73,0,0
BRDA:475,73,1,0
BRDA:477,74,0,0
BRDA:477,74,1,0
BRDA:477,75,0,0
BRDA:477,75,1,0
BRDA:478,76,0,0
BRDA:478,76,1,0
BRDA:478,77,0,0
BRDA:478,77,1,0
BRDA:479,78,0,0
BRDA:479,78,1,0
BRDA:479,79,0,0
BRDA:479,79,1,0
BRDA:484,80,0,0
BRDA:484,80,1,0
BRDA:487,81,0,0
BRDA:487,81,1,0
BRDA:487,82,0,0
BRDA:487,82,1,0
BRDA:490,83,0,0
BRDA:490,83,1,0
BRDA:493,84,0,0
BRDA:493,84,1,0
BRDA:512,85,0,0
BRDA:512,85,1,0
BRDA:513,86,0,0
BRDA:513,86,1,0
BRDA:563,87,0,0
BRDA:563,87,1,0
BRDA:645,88,0,0
BRDA:646,89,0,0
BRDA:646,89,1,0
BRDA:650,90,0,0
BRDA:651,91,0,0
BRDA:651,91,1,0
BRDA:679,92,0,0
BRDA:679,92,1,0
BRF:187
BRH:0
end_of_record
TN:
SF:src\shared\utils\serviceWorkerManager.ts
FN:30,(anonymous_0)
FN:44,(anonymous_1)
FN:77,(anonymous_2)
FN:98,(anonymous_3)
FN:115,(anonymous_4)
FN:124,(anonymous_5)
FN:125,(anonymous_6)
FN:134,(anonymous_7)
FN:149,(anonymous_8)
FN:158,(anonymous_9)
FN:176,(anonymous_10)
FN:199,(anonymous_11)
FN:212,(anonymous_12)
FN:219,(anonymous_13)
FN:229,(anonymous_14)
FN:242,(anonymous_15)
FN:245,(anonymous_16)
FN:252,(anonymous_17)
FN:256,(anonymous_18)
FN:262,(anonymous_19)
FN:274,(anonymous_20)
FN:280,(anonymous_21)
FN:289,(anonymous_22)
FN:292,(anonymous_23)
FN:300,(anonymous_24)
FN:310,(anonymous_25)
FN:332,(anonymous_26)
FN:333,(anonymous_27)
FNF:28
FNH:0
FNDA:0,(anonymous_0)
FNDA:0,(anonymous_1)
FNDA:0,(anonymous_2)
FNDA:0,(anonymous_3)
FNDA:0,(anonymous_4)
FNDA:0,(anonymous_5)
FNDA:0,(anonymous_6)
FNDA:0,(anonymous_7)
FNDA:0,(anonymous_8)
FNDA:0,(anonymous_9)
FNDA:0,(anonymous_10)
FNDA:0,(anonymous_11)
FNDA:0,(anonymous_12)
FNDA:0,(anonymous_13)
FNDA:0,(anonymous_14)
FNDA:0,(anonymous_15)
FNDA:0,(anonymous_16)
FNDA:0,(anonymous_17)
FNDA:0,(anonymous_18)
FNDA:0,(anonymous_19)
FNDA:0,(anonymous_20)
FNDA:0,(anonymous_21)
FNDA:0,(anonymous_22)
FNDA:0,(anonymous_23)
FNDA:0,(anonymous_24)
FNDA:0,(anonymous_25)
FNDA:0,(anonymous_26)
FNDA:0,(anonymous_27)
DA:1,0
DA:25,0
DA:27,0
DA:28,0
DA:31,0
DA:45,0
DA:46,0
DA:49,0
DA:50,0
DA:55,0
DA:58,0
DA:61,0
DA:64,0
DA:66,0
DA:68,0
DA:69,0
DA:70,0
DA:78,0
DA:80,0
DA:81,0
DA:82,0
DA:83,0
DA:85,0
DA:86,0
DA:88,0
DA:90,0
DA:91,0
DA:99,0
DA:100,0
DA:103,0
DA:104,0
DA:105,0
DA:107,0
DA:108,0
DA:116,0
DA:117,0
DA:121,0
DA:124,0
DA:125,0
DA:126,0
DA:135,0
DA:137,0
DA:138,0
DA:139,0
DA:141,0
DA:142,0
DA:150,0
DA:151,0
DA:159,0
DA:160,0
DA:163,0
DA:164,0
DA:167,0
DA:168,0
DA:170,0
DA:177,0
DA:178,0
DA:181,0
DA:182,0
DA:183,0
DA:188,0
DA:189,0
DA:191,0
DA:192,0
DA:200,0
DA:213,0
DA:220,0
DA:221,0
DA:223,0
DA:230,0
DA:231,0
DA:232,0
DA:233,0
DA:234,0
DA:243,0
DA:244,0
DA:245,0
DA:253,0
DA:256,0
DA:257,0
DA:258,0
DA:259,0
DA:260,0
DA:262,0
DA:263,0
DA:265,0
DA:266,0
DA:267,0
DA:274,0
DA:275,0
DA:276,0
DA:280,0
DA:281,0
DA:282,0
DA:290,0
DA:292,0
DA:293,0
DA:301,0
DA:302,0
DA:303,0
DA:311,0
DA:312,0
DA:316,0
DA:317,0
DA:318,0
DA:320,0
DA:321,0
DA:323,0
DA:328,0
DA:331,0
DA:332,0
DA:333,0
DA:334,0
DA:335,0
DA:341,0
LF:115
LH:0
BRDA:30,0,0,0
BRDA:45,1,0,0
BRDA:45,1,1,0
BRDA:78,2,0,0
BRDA:78,2,1,0
BRDA:99,3,0,0
BRDA:99,3,1,0
BRDA:116,4,0,0
BRDA:116,4,1,0
BRDA:116,5,0,0
BRDA:116,5,1,0
BRDA:116,6,0,0
BRDA:116,6,1,0
BRDA:135,7,0,0
BRDA:135,7,1,0
BRDA:150,8,0,0
BRDA:150,8,1,0
BRDA:159,9,0,0
BRDA:159,9,1,0
BRDA:163,10,0,0
BRDA:163,10,1,0
BRDA:177,11,0,0
BRDA:177,11,1,0
BRDA:203,12,0,0
BRDA:203,12,1,0
BRDA:203,13,0,0
BRDA:203,13,1,0
BRDA:204,14,0,0
BRDA:204,14,1,0
BRDA:204,15,0,0
BRDA:204,15,1,0
BRDA:220,16,0,0
BRDA:220,16,1,0
BRDA:231,17,0,0
BRDA:231,17,1,0
BRDA:233,18,0,0
BRDA:233,18,1,0
BRDA:244,19,0,0
BRDA:244,19,1,0
BRDA:253,20,0,0
BRDA:253,20,1,0
BRDA:258,21,0,0
BRDA:258,21,1,0
BRDA:265,22,0,0
BRDA:265,22,1,0
BRDA:265,23,0,0
BRDA:265,23,1,0
BRDA:290,24,0,0
BRDA:290,24,1,0
BRDA:301,25,0,0
BRDA:301,25,1,0
BRDA:331,26,0,0
BRDA:331,26,1,0
BRDA:331,27,0,0
BRDA:331,27,1,0
BRDA:334,28,0,0
BRDA:334,28,1,0
BRF:57
BRH:0
end_of_record
TN:
SF:src\shared\utils\treeShakingAnalyzer.ts
FN:24,(anonymous_0)
FN:30,(anonymous_1)
FN:44,(anonymous_2)
FN:51,(anonymous_3)
FN:61,(anonymous_4)
FN:71,(anonymous_5)
FN:106,(anonymous_6)
FN:117,(anonymous_7)
FN:125,(anonymous_8)
FN:133,(anonymous_9)
FN:142,(anonymous_10)
FN:164,(anonymous_11)
FN:181,(anonymous_12)
FNF:13
FNH:0
FNDA:0,(anonymous_0)
FNDA:0,(anonymous_1)
FNDA:0,(anonymous_2)
FNDA:0,(anonymous_3)
FNDA:0,(anonymous_4)
FNDA:0,(anonymous_5)
FNDA:0,(anonymous_6)
FNDA:0,(anonymous_7)
FNDA:0,(anonymous_8)
FNDA:0,(anonymous_9)
FNDA:0,(anonymous_10)
FNDA:0,(anonymous_11)
FNDA:0,(anonymous_12)
DA:25,0
DA:31,0
DA:32,0
DA:33,0
DA:35,0
DA:45,0
DA:52,0
DA:62,0
DA:72,0
DA:86,0
DA:87,0
DA:90,0
DA:91,0
DA:94,0
DA:103,0
DA:107,0
DA:109,0
DA:111,0
DA:112,0
DA:113,0
DA:115,0
DA:116,0
DA:117,0
DA:118,0
DA:120,0
DA:123,0
DA:124,0
DA:125,0
DA:126,0
DA:128,0
DA:131,0
DA:132,0
DA:133,0
DA:134,0
DA:136,0
DA:139,0
DA:143,0
DA:165,0
DA:166,0
DA:168,0
DA:176,0
DA:178,0
DA:179,0
DA:181,0
DA:182,0
DA:186,0
LF:46
LH:0
BRDA:86,0,0,0
BRDA:86,0,1,0
BRDA:90,1,0,0
BRDA:90,1,1,0
BRDA:107,2,0,0
BRDA:107,2,1,0
BRDA:115,3,0,0
BRDA:115,3,1,0
BRDA:123,4,0,0
BRDA:123,4,1,0
BRDA:131,5,0,0
BRDA:131,5,1,0
BRDA:178,6,0,0
BRDA:178,6,1,0
BRDA:178,7,0,0
BRDA:178,7,1,0
BRF:16
BRH:0
end_of_record
TN:
SF:src\shared\utils\utils.ts
FN:4,cn
FNF:1
FNH:1
FNDA:4053,cn
DA:1,13
DA:2,13
DA:4,13
DA:5,4053
LF:4
LH:4
BRF:0
BRH:0
end_of_record
